[0.012s] Invoking command in '/home/redi/ros2_ws/build/catch_turtles': CMAKE_PREFIX_PATH=${CMAKE_PREFIX_PATH}:/home/redi/ros2_ws/install/my_py_pkg:/opt/ros/foxy /usr/bin/cmake --build /home/redi/ros2_ws/build/catch_turtles -- -j8 -l8
[0.039s] -- Found ament_cmake: 0.9.9 (/opt/ros/foxy/share/ament_cmake/cmake)
[0.061s] -- Using PYTHON_EXECUTABLE: /usr/bin/python3
[0.212s] -- Override CMake install command with custom implementation using symlinks instead of copying resources
[0.222s] -- Found rclcpp: 2.4.1 (/opt/ros/foxy/share/rclcpp/cmake)
[0.260s] -- Using all available rosidl_typesupport_c: rosidl_typesupport_fastrtps_c;rosidl_typesupport_introspection_c
[0.263s] -- Found rosidl_adapter: 1.2.1 (/opt/ros/foxy/share/rosidl_adapter/cmake)
[0.367s] -- Using all available rosidl_typesupport_cpp: rosidl_typesupport_fastrtps_cpp;rosidl_typesupport_introspection_cpp
[0.418s] -- Found rmw_implementation_cmake: 1.0.3 (/opt/ros/foxy/share/rmw_implementation_cmake/cmake)
[0.421s] -- Using RMW implementation 'rmw_fastrtps_cpp' as default
[0.564s] -- Found turtlesim: 1.2.5 (/opt/ros/foxy/share/turtlesim/cmake)
[0.665s] -- Found geometry_msgs: 2.0.5 (/opt/ros/foxy/share/geometry_msgs/cmake)
[0.698s] -- Found my_robot_interfaces: 0.0.0 (/home/redi/ros2_ws/install/my_robot_interfaces/share/my_robot_interfaces/cmake)
[0.764s] -- Configuring done
[0.778s] -- Generating done
[0.780s] -- Build files have been written to: /home/redi/ros2_ws/build/catch_turtles
[0.809s] [35m[1mScanning dependencies of target turtle_controller[0m
[0.809s] [35m[1mScanning dependencies of target turtle_spawner[0m
[0.838s] [ 25%] [32mBuilding CXX object CMakeFiles/turtle_controller.dir/src/turtle_controller.cpp.o[0m
[0.838s] [ 50%] [32mBuilding CXX object CMakeFiles/turtle_spawner.dir/src/turtle_spawner.cpp.o[0m
[6.007s] [ 75%] [32m[1mLinking CXX executable turtle_spawner[0m
[6.299s] [ 75%] Built target turtle_spawner
[8.317s] [100%] [32m[1mLinking CXX executable turtle_controller[0m
[8.780s] [100%] Built target turtle_controller
[8.798s] Invoked command in '/home/redi/ros2_ws/build/catch_turtles' returned '0': CMAKE_PREFIX_PATH=${CMAKE_PREFIX_PATH}:/home/redi/ros2_ws/install/my_py_pkg:/opt/ros/foxy /usr/bin/cmake --build /home/redi/ros2_ws/build/catch_turtles -- -j8 -l8
[8.860s] Invoking command in '/home/redi/ros2_ws/build/catch_turtles': CMAKE_PREFIX_PATH=${CMAKE_PREFIX_PATH}:/home/redi/ros2_ws/install/my_py_pkg:/opt/ros/foxy /usr/bin/cmake --install /home/redi/ros2_ws/build/catch_turtles
[8.874s] -- Install configuration: ""
[8.875s] -- Execute custom install script
[8.875s] -- Up-to-date symlink: /home/redi/ros2_ws/install/catch_turtles/lib/catch_turtles/turtle_spawner
[8.876s] -- Up-to-date symlink: /home/redi/ros2_ws/install/catch_turtles/lib/catch_turtles/turtle_controller
[8.876s] -- Up-to-date symlink: /home/redi/ros2_ws/install/catch_turtles/share/ament_index/resource_index/package_run_dependencies/catch_turtles
[8.877s] -- Up-to-date symlink: /home/redi/ros2_ws/install/catch_turtles/share/ament_index/resource_index/parent_prefix_path/catch_turtles
[8.877s] -- Up-to-date symlink: /home/redi/ros2_ws/install/catch_turtles/share/catch_turtles/environment/ament_prefix_path.sh
[8.878s] -- Up-to-date symlink: /home/redi/ros2_ws/install/catch_turtles/share/catch_turtles/environment/ament_prefix_path.dsv
[8.878s] -- Up-to-date symlink: /home/redi/ros2_ws/install/catch_turtles/share/catch_turtles/environment/path.sh
[8.879s] -- Up-to-date symlink: /home/redi/ros2_ws/install/catch_turtles/share/catch_turtles/environment/path.dsv
[8.879s] -- Up-to-date symlink: /home/redi/ros2_ws/install/catch_turtles/share/catch_turtles/local_setup.bash
[8.880s] -- Up-to-date symlink: /home/redi/ros2_ws/install/catch_turtles/share/catch_turtles/local_setup.sh
[8.880s] -- Up-to-date symlink: /home/redi/ros2_ws/install/catch_turtles/share/catch_turtles/local_setup.zsh
[8.881s] -- Up-to-date symlink: /home/redi/ros2_ws/install/catch_turtles/share/catch_turtles/local_setup.dsv
[8.881s] -- Symlinking: /home/redi/ros2_ws/install/catch_turtles/share/catch_turtles/package.dsv
[8.896s] -- Up-to-date symlink: /home/redi/ros2_ws/install/catch_turtles/share/ament_index/resource_index/packages/catch_turtles
[8.897s] -- Up-to-date symlink: /home/redi/ros2_ws/install/catch_turtles/share/catch_turtles/cmake/catch_turtlesConfig.cmake
[8.897s] -- Up-to-date symlink: /home/redi/ros2_ws/install/catch_turtles/share/catch_turtles/cmake/catch_turtlesConfig-version.cmake
[8.898s] -- Up-to-date symlink: /home/redi/ros2_ws/install/catch_turtles/share/catch_turtles/package.xml
[8.901s] Invoked command in '/home/redi/ros2_ws/build/catch_turtles' returned '0': CMAKE_PREFIX_PATH=${CMAKE_PREFIX_PATH}:/home/redi/ros2_ws/install/my_py_pkg:/opt/ros/foxy /usr/bin/cmake --install /home/redi/ros2_ws/build/catch_turtles
