[35m[1mScanning dependencies of target number_counter[0m
[35m[1mScanning dependencies of target number_publisher[0m
[35m[1mScanning dependencies of target add_two_ints_client[0m
[ 12%] Built target robot_news_station
[ 25%] Built target add_two_ints_client_no_oop
[ 37%] Built target cpp_node
[ 43%] [32mBuilding CXX object CMakeFiles/number_counter.dir/src/number_counter.cpp.o[0m
[ 56%] Built target smartphone
[ 62%] [32mBuilding CXX object CMakeFiles/number_publisher.dir/src/number_publisher.cpp.o[0m
[ 75%] Built target add_two_ints_server
[ 81%] [32mBuilding CXX object CMakeFiles/add_two_ints_client.dir/src/add_two_ints_client.cpp.o[0m
[01m[K/home/redi/ros2_ws/src/my_cpp_pkg/src/number_publisher.cpp:[m[K In constructor ‘[01m[KNumberPublisherNode::NumberPublisherNode()[m[K’:
[01m[K/home/redi/ros2_ws/src/my_cpp_pkg/src/number_publisher.cpp:19:17:[m[K [01;35m[Kwarning: [m[K‘[01m[KNumberPublisherNode::robot_name[m[K’ will be initialized after [[01;35m[K-Wreorder[m[K]
   19 |     std::string [01;35m[Krobot_name[m[K;
      |                 [01;35m[K^~~~~~~~~~[m[K
[01m[K/home/redi/ros2_ws/src/my_cpp_pkg/src/number_publisher.cpp:18:9:[m[K [01;35m[Kwarning: [m[K  ‘[01m[Kint NumberPublisherNode::number[m[K’ [[01;35m[K-Wreorder[m[K]
   18 |     int [01;35m[Knumber[m[K;
      |         [01;35m[K^~~~~~[m[K
[01m[K/home/redi/ros2_ws/src/my_cpp_pkg/src/number_publisher.cpp:7:5:[m[K [01;35m[Kwarning: [m[K  when initialized here [[01;35m[K-Wreorder[m[K]
    7 |     [01;35m[KNumberPublisherNode[m[K() : Node("number_publisher"), robot_name("R2D2"), number(2)
      |     [01;35m[K^~~~~~~~~~~~~~~~~~~[m[K
In file included from [01m[K/opt/ros/foxy/include/rclcpp/context.hpp:19[m[K,
                 from [01m[K/opt/ros/foxy/include/rclcpp/contexts/default_context.hpp:18[m[K,
                 from [01m[K/opt/ros/foxy/include/rclcpp/executor.hpp:32[m[K,
                 from [01m[K/opt/ros/foxy/include/rclcpp/executors/multi_threaded_executor.hpp:26[m[K,
                 from [01m[K/opt/ros/foxy/include/rclcpp/executors.hpp:21[m[K,
                 from [01m[K/opt/ros/foxy/include/rclcpp/rclcpp.hpp:146[m[K,
                 from [01m[K/home/redi/ros2_ws/src/my_cpp_pkg/src/number_counter.cpp:1[m[K:
/usr/include/c++/9/functional: In instantiation of ‘[01m[Kstruct std::_Bind_check_arity<void (NumberCounterNode::*)(), NumberCounterNode*, const std::_Placeholder<1>&>[m[K’:
[01m[K/usr/include/c++/9/functional:787:12:[m[K   required from ‘[01m[Kstruct std::_Bind_helper<false, void (NumberCounterNode::*)(), NumberCounterNode*, const std::_Placeholder<1>&>[m[K’
[01m[K/usr/include/c++/9/functional:808:5:[m[K   required by substitution of ‘[01m[Ktemplate<class _Func, class ... _BoundArgs> typename std::_Bind_helper<std::__is_socketlike<_Func>::value, _Func, _BoundArgs ...>::type std::bind(_Func&&, _BoundArgs&& ...) [with _Func = void (NumberCounterNode::*)(); _BoundArgs = {NumberCounterNode*, const std::_Placeholder<1>&}][m[K’
[01m[K/home/redi/ros2_ws/src/my_cpp_pkg/src/number_counter.cpp:23:73:[m[K   required from here
[01m[K/usr/include/c++/9/functional:775:7:[m[K [01;31m[Kerror: [m[Kstatic assertion failed: Wrong number of arguments for pointer-to-member
  774 |       static_assert(_Varargs::[01;31m[Kvalue[m[K
      |                               [01;31m[K~~~~~[m[K
  775 | [01;31m[K      ? sizeof...(_BoundArgs) >= _Arity::value + 1[m[K
      |       [01;31m[K^~~~~~~~~~~~~~~~~~~~~~~~~~~~~~~~~~~~~~~~~~~~[m[K
  776 | [01;31m[K      : sizeof...(_BoundArgs) == _Arity::value + 1[m[K,
      |       [01;31m[K~~~~~~~~~~~~~~~~~~~~~~~~~~~~~~~~~~~~~~~~~~~~[m[K
In file included from [01m[K/opt/ros/foxy/include/rclcpp/node_impl.hpp:40[m[K,
                 from [01m[K/opt/ros/foxy/include/rclcpp/node.hpp:1224[m[K,
                 from [01m[K/opt/ros/foxy/include/rclcpp/executors/single_threaded_executor.hpp:28[m[K,
                 from [01m[K/opt/ros/foxy/include/rclcpp/executors.hpp:22[m[K,
                 from [01m[K/opt/ros/foxy/include/rclcpp/rclcpp.hpp:146[m[K,
                 from [01m[K/home/redi/ros2_ws/src/my_cpp_pkg/src/number_counter.cpp:1[m[K:
/opt/ros/foxy/include/rclcpp/create_service.hpp: In instantiation of ‘[01m[Ktypename rclcpp::Service<ServiceT>::SharedPtr rclcpp::create_service(std::shared_ptr<rclcpp::node_interfaces::NodeBaseInterface>, std::shared_ptr<rclcpp::node_interfaces::NodeServicesInterface>, const string&, CallbackT&&, const rmw_qos_profile_t&, rclcpp::CallbackGroup::SharedPtr) [with ServiceT = example_interfaces::srv::AddTwoInts; CallbackT = std::_Bind<void (NumberCounterNode::*(NumberCounterNode*, std::_Placeholder<1>))()>; typename rclcpp::Service<ServiceT>::SharedPtr = std::shared_ptr<rclcpp::Service<example_interfaces::srv::AddTwoInts> >; std::string = std::__cxx11::basic_string<char>; rmw_qos_profile_t = rmw_qos_profile_t; rclcpp::CallbackGroup::SharedPtr = std::shared_ptr<rclcpp::CallbackGroup>][m[K’:
[01m[K/opt/ros/foxy/include/rclcpp/node_impl.hpp:146:53:[m[K   required from ‘[01m[Ktypename rclcpp::Service<ServiceT>::SharedPtr rclcpp::Node::create_service(const string&, CallbackT&&, const rmw_qos_profile_t&, rclcpp::CallbackGroup::SharedPtr) [with ServiceT = example_interfaces::srv::AddTwoInts; CallbackT = std::_Bind<void (NumberCounterNode::*(NumberCounterNode*, std::_Placeholder<1>))()>; typename rclcpp::Service<ServiceT>::SharedPtr = std::shared_ptr<rclcpp::Service<example_interfaces::srv::AddTwoInts> >; std::string = std::__cxx11::basic_string<char>; rmw_qos_profile_t = rmw_qos_profile_t; rclcpp::CallbackGroup::SharedPtr = std::shared_ptr<rclcpp::CallbackGroup>][m[K’
[01m[K/home/redi/ros2_ws/src/my_cpp_pkg/src/number_counter.cpp:23:74:[m[K   required from here
[01m[K/opt/ros/foxy/include/rclcpp/create_service.hpp:43:3:[m[K [01;31m[Kerror: [m[Kno matching function for call to ‘[01m[Krclcpp::AnyServiceCallback<example_interfaces::srv::AddTwoInts>::set(std::_Bind<void (NumberCounterNode::*(NumberCounterNode*, std::_Placeholder<1>))()>)[m[K’
   43 |   [01;31m[Kany_service_callback[m[K.set(std::forward<CallbackT>(callback));
      |   [01;31m[K^~~~~~~~~~~~~~~~~~~~[m[K
In file included from [01m[K/opt/ros/foxy/include/rclcpp/service.hpp:28[m[K,
                 from [01m[K/opt/ros/foxy/include/rclcpp/callback_group.hpp:25[m[K,
                 from [01m[K/opt/ros/foxy/include/rclcpp/any_executable.hpp:20[m[K,
                 from [01m[K/opt/ros/foxy/include/rclcpp/memory_strategy.hpp:24[m[K,
                 from [01m[K/opt/ros/foxy/include/rclcpp/memory_strategies.hpp:18[m[K,
                 from [01m[K/opt/ros/foxy/include/rclcpp/executor_options.hpp:20[m[K,
                 from [01m[K/opt/ros/foxy/include/rclcpp/executor.hpp:33[m[K,
                 from [01m[K/opt/ros/foxy/include/rclcpp/executors/multi_threaded_executor.hpp:26[m[K,
                 from [01m[K/opt/ros/foxy/include/rclcpp/executors.hpp:21[m[K,
                 from [01m[K/opt/ros/foxy/include/rclcpp/rclcpp.hpp:146[m[K,
                 from [01m[K/home/redi/ros2_ws/src/my_cpp_pkg/src/number_counter.cpp:1[m[K:
[01m[K/opt/ros/foxy/include/rclcpp/any_service_callback.hpp:67:8:[m[K [01;36m[Knote: [m[Kcandidate: ‘[01m[Ktemplate<class CallbackT, typename std::enable_if<rclcpp::function_traits::same_arguments<CallbackT, std::function<void(std::shared_ptr<example_interfaces::srv::AddTwoInts_Request_<std::allocator<void> > >, std::shared_ptr<example_interfaces::srv::AddTwoInts_Response_<std::allocator<void> > >)> >::value, void>::type* <anonymous> > void rclcpp::AnyServiceCallback<ServiceT>::set(CallbackT) [with CallbackT = CallbackT; typename std::enable_if<rclcpp::function_traits::same_arguments<CallbackT, std::function<void(std::shared_ptr<typename ServiceT::Request>, std::shared_ptr<typename ServiceT::Response>)> >::value>::type* <anonymous> = <enumerator>; ServiceT = example_interfaces::srv::AddTwoInts][m[K’
   67 |   void [01;36m[Kset[m[K(CallbackT callback)
      |        [01;36m[K^~~[m[K
[01m[K/opt/ros/foxy/include/rclcpp/any_service_callback.hpp:67:8:[m[K [01;36m[Knote: [m[K  template argument deduction/substitution failed:
[01m[K/opt/ros/foxy/include/rclcpp/any_service_callback.hpp:65:17:[m[K [01;31m[Kerror: [m[Kno type named ‘[01m[Ktype[m[K’ in ‘[01m[Kstruct std::enable_if<false, void>[m[K’
   65 |     >::type * = [01;31m[Knullptr[m[K
      |                 [01;31m[K^~~~~~~[m[K
[01m[K/opt/ros/foxy/include/rclcpp/any_service_callback.hpp:81:8:[m[K [01;36m[Knote: [m[Kcandidate: ‘[01m[Ktemplate<class CallbackT, typename std::enable_if<rclcpp::function_traits::same_arguments<CallbackT, std::function<void(std::shared_ptr<rmw_request_id_t>, std::shared_ptr<example_interfaces::srv::AddTwoInts_Request_<std::allocator<void> > >, std::shared_ptr<example_interfaces::srv::AddTwoInts_Response_<std::allocator<void> > >)> >::value, void>::type* <anonymous> > void rclcpp::AnyServiceCallback<ServiceT>::set(CallbackT) [with CallbackT = CallbackT; typename std::enable_if<rclcpp::function_traits::same_arguments<CallbackT, std::function<void(std::shared_ptr<rmw_request_id_t>, std::shared_ptr<typename ServiceT::Request>, std::shared_ptr<typename ServiceT::Response>)> >::value>::type* <anonymous> = <enumerator>; ServiceT = example_interfaces::srv::AddTwoInts][m[K’
   81 |   void [01;36m[Kset[m[K(CallbackT callback)
      |        [01;36m[K^~~[m[K
[01m[K/opt/ros/foxy/include/rclcpp/any_service_callback.hpp:81:8:[m[K [01;36m[Knote: [m[K  template argument deduction/substitution failed:
[01m[K/opt/ros/foxy/include/rclcpp/any_service_callback.hpp:79:17:[m[K [01;31m[Kerror: [m[Kno type named ‘[01m[Ktype[m[K’ in ‘[01m[Kstruct std::enable_if<false, void>[m[K’
   79 |     >::type * = [01;31m[Knullptr[m[K
      |                 [01;31m[K^~~~~~~[m[K
[ 87%] [32m[1mLinking CXX executable add_two_ints_client[0m
[ 87%] Built target add_two_ints_client
make[2]: *** [CMakeFiles/number_counter.dir/build.make:63: CMakeFiles/number_counter.dir/src/number_counter.cpp.o] Error 1
make[1]: *** [CMakeFiles/Makefile2:119: CMakeFiles/number_counter.dir/all] Error 2
make[1]: *** Waiting for unfinished jobs....
[ 93%] [32m[1mLinking CXX executable number_publisher[0m
[ 93%] Built target number_publisher
make: *** [Makefile:141: all] Error 2
