[0.264s] DEBUG:colcon:Command line arguments: ['/usr/bin/colcon', 'build']
[0.264s] DEBUG:colcon:Parsed command line arguments: Namespace(allow_overriding=[], ament_cmake_args=None, base_paths=['.'], build_base='build', catkin_cmake_args=None, catkin_skip_building_tests=False, cmake_args=None, cmake_clean_cache=False, cmake_clean_first=False, cmake_force_configure=False, cmake_target=None, cmake_target_skip_unavailable=False, continue_on_error=False, event_handlers=None, executor='parallel', ignore_user_meta=False, install_base='install', log_base=None, log_level=None, main=<bound method BuildVerb.main of <colcon_core.verb.build.BuildVerb object at 0x7f47c214a940>>, merge_install=False, metas=['./colcon.meta'], packages_above=None, packages_above_and_dependencies=None, packages_above_depth=None, packages_end=None, packages_ignore=None, packages_ignore_regex=None, packages_select=None, packages_select_build_failed=False, packages_select_by_dep=None, packages_select_regex=None, packages_select_test_failures=False, packages_skip=None, packages_skip_build_finished=False, packages_skip_by_dep=None, packages_skip_regex=None, packages_skip_test_passed=False, packages_skip_up_to=None, packages_start=None, packages_up_to=None, packages_up_to_regex=None, parallel_workers=8, paths=None, symlink_install=False, test_result_base=None, verb_extension=<colcon_core.verb.build.BuildVerb object at 0x7f47c214a940>, verb_name='build', verb_parser=<colcon_defaults.argument_parser.defaults.DefaultArgumentsDecorator object at 0x7f47c214aeb0>)
[0.306s] Level 1:colcon.colcon_core.package_discovery:discover_packages(colcon_meta) check parameters
[0.307s] Level 1:colcon.colcon_core.package_discovery:discover_packages(recursive) check parameters
[0.307s] Level 1:colcon.colcon_core.package_discovery:discover_packages(ignore) check parameters
[0.307s] Level 1:colcon.colcon_core.package_discovery:discover_packages(path) check parameters
[0.307s] Level 1:colcon.colcon_core.package_discovery:discover_packages(colcon_meta) discover
[0.307s] Level 1:colcon.colcon_core.package_discovery:discover_packages(recursive) discover
[0.307s] INFO:colcon.colcon_core.package_discovery:Crawling recursively for packages in '/home/redi/ros2_ws'
[0.307s] Level 1:colcon.colcon_core.package_identification:_identify(.) by extensions ['ignore', 'ignore_ament_install']
[0.307s] Level 1:colcon.colcon_core.package_identification:_identify(.) by extension 'ignore'
[0.308s] Level 1:colcon.colcon_core.package_identification:_identify(.) by extension 'ignore_ament_install'
[0.308s] Level 1:colcon.colcon_core.package_identification:_identify(.) by extensions ['colcon_pkg']
[0.308s] Level 1:colcon.colcon_core.package_identification:_identify(.) by extension 'colcon_pkg'
[0.308s] Level 1:colcon.colcon_core.package_identification:_identify(.) by extensions ['colcon_meta']
[0.308s] Level 1:colcon.colcon_core.package_identification:_identify(.) by extension 'colcon_meta'
[0.308s] Level 1:colcon.colcon_core.package_identification:_identify(.) by extensions ['ros']
[0.308s] Level 1:colcon.colcon_core.package_identification:_identify(.) by extension 'ros'
[0.327s] Level 1:colcon.colcon_core.package_identification:_identify(.) by extensions ['cmake', 'python']
[0.328s] Level 1:colcon.colcon_core.package_identification:_identify(.) by extension 'cmake'
[0.328s] Level 1:colcon.colcon_core.package_identification:_identify(.) by extension 'python'
[0.328s] Level 1:colcon.colcon_core.package_identification:_identify(.) by extensions ['python_setup_py']
[0.328s] Level 1:colcon.colcon_core.package_identification:_identify(.) by extension 'python_setup_py'
[0.328s] Level 1:colcon.colcon_core.package_identification:_identify(build) by extensions ['ignore', 'ignore_ament_install']
[0.328s] Level 1:colcon.colcon_core.package_identification:_identify(build) by extension 'ignore'
[0.328s] Level 1:colcon.colcon_core.package_identification:_identify(build) ignored
[0.329s] Level 1:colcon.colcon_core.package_identification:_identify(install) by extensions ['ignore', 'ignore_ament_install']
[0.329s] Level 1:colcon.colcon_core.package_identification:_identify(install) by extension 'ignore'
[0.329s] Level 1:colcon.colcon_core.package_identification:_identify(install) ignored
[0.329s] Level 1:colcon.colcon_core.package_identification:_identify(log) by extensions ['ignore', 'ignore_ament_install']
[0.329s] Level 1:colcon.colcon_core.package_identification:_identify(log) by extension 'ignore'
[0.329s] Level 1:colcon.colcon_core.package_identification:_identify(log) ignored
[0.330s] Level 1:colcon.colcon_core.package_identification:_identify(src) by extensions ['ignore', 'ignore_ament_install']
[0.330s] Level 1:colcon.colcon_core.package_identification:_identify(src) by extension 'ignore'
[0.330s] Level 1:colcon.colcon_core.package_identification:_identify(src) by extension 'ignore_ament_install'
[0.330s] Level 1:colcon.colcon_core.package_identification:_identify(src) by extensions ['colcon_pkg']
[0.330s] Level 1:colcon.colcon_core.package_identification:_identify(src) by extension 'colcon_pkg'
[0.330s] Level 1:colcon.colcon_core.package_identification:_identify(src) by extensions ['colcon_meta']
[0.330s] Level 1:colcon.colcon_core.package_identification:_identify(src) by extension 'colcon_meta'
[0.330s] Level 1:colcon.colcon_core.package_identification:_identify(src) by extensions ['ros']
[0.330s] Level 1:colcon.colcon_core.package_identification:_identify(src) by extension 'ros'
[0.330s] Level 1:colcon.colcon_core.package_identification:_identify(src) by extensions ['cmake', 'python']
[0.330s] Level 1:colcon.colcon_core.package_identification:_identify(src) by extension 'cmake'
[0.331s] Level 1:colcon.colcon_core.package_identification:_identify(src) by extension 'python'
[0.331s] Level 1:colcon.colcon_core.package_identification:_identify(src) by extensions ['python_setup_py']
[0.331s] Level 1:colcon.colcon_core.package_identification:_identify(src) by extension 'python_setup_py'
[0.331s] Level 1:colcon.colcon_core.package_identification:_identify(src/build) by extensions ['ignore', 'ignore_ament_install']
[0.331s] Level 1:colcon.colcon_core.package_identification:_identify(src/build) by extension 'ignore'
[0.331s] Level 1:colcon.colcon_core.package_identification:_identify(src/build) ignored
[0.331s] Level 1:colcon.colcon_core.package_identification:_identify(src/install) by extensions ['ignore', 'ignore_ament_install']
[0.332s] Level 1:colcon.colcon_core.package_identification:_identify(src/install) by extension 'ignore'
[0.332s] Level 1:colcon.colcon_core.package_identification:_identify(src/install) ignored
[0.332s] Level 1:colcon.colcon_core.package_identification:_identify(src/log) by extensions ['ignore', 'ignore_ament_install']
[0.332s] Level 1:colcon.colcon_core.package_identification:_identify(src/log) by extension 'ignore'
[0.332s] Level 1:colcon.colcon_core.package_identification:_identify(src/log) ignored
[0.332s] Level 1:colcon.colcon_core.package_identification:_identify(src/my_cpp_pkg) by extensions ['ignore', 'ignore_ament_install']
[0.332s] Level 1:colcon.colcon_core.package_identification:_identify(src/my_cpp_pkg) by extension 'ignore'
[0.332s] Level 1:colcon.colcon_core.package_identification:_identify(src/my_cpp_pkg) by extension 'ignore_ament_install'
[0.333s] Level 1:colcon.colcon_core.package_identification:_identify(src/my_cpp_pkg) by extensions ['colcon_pkg']
[0.333s] Level 1:colcon.colcon_core.package_identification:_identify(src/my_cpp_pkg) by extension 'colcon_pkg'
[0.333s] Level 1:colcon.colcon_core.package_identification:_identify(src/my_cpp_pkg) by extensions ['colcon_meta']
[0.333s] Level 1:colcon.colcon_core.package_identification:_identify(src/my_cpp_pkg) by extension 'colcon_meta'
[0.333s] Level 1:colcon.colcon_core.package_identification:_identify(src/my_cpp_pkg) by extensions ['ros']
[0.333s] Level 1:colcon.colcon_core.package_identification:_identify(src/my_cpp_pkg) by extension 'ros'
[0.337s] DEBUG:colcon.colcon_core.package_identification:Package 'src/my_cpp_pkg' with type 'ros.ament_cmake' and name 'my_cpp_pkg'
[0.338s] Level 1:colcon.colcon_core.package_identification:_identify(src/my_py_pkg) by extensions ['ignore', 'ignore_ament_install']
[0.338s] Level 1:colcon.colcon_core.package_identification:_identify(src/my_py_pkg) by extension 'ignore'
[0.338s] Level 1:colcon.colcon_core.package_identification:_identify(src/my_py_pkg) by extension 'ignore_ament_install'
[0.338s] Level 1:colcon.colcon_core.package_identification:_identify(src/my_py_pkg) by extensions ['colcon_pkg']
[0.338s] Level 1:colcon.colcon_core.package_identification:_identify(src/my_py_pkg) by extension 'colcon_pkg'
[0.338s] Level 1:colcon.colcon_core.package_identification:_identify(src/my_py_pkg) by extensions ['colcon_meta']
[0.338s] Level 1:colcon.colcon_core.package_identification:_identify(src/my_py_pkg) by extension 'colcon_meta'
[0.338s] Level 1:colcon.colcon_core.package_identification:_identify(src/my_py_pkg) by extensions ['ros']
[0.338s] Level 1:colcon.colcon_core.package_identification:_identify(src/my_py_pkg) by extension 'ros'
[0.339s] DEBUG:colcon.colcon_core.package_identification:Package 'src/my_py_pkg' with type 'ros.ament_python' and name 'my_py_pkg'
[0.339s] Level 1:colcon.colcon_core.package_discovery:discover_packages(recursive) using defaults
[0.340s] Level 1:colcon.colcon_core.package_discovery:discover_packages(ignore) discover
[0.340s] Level 1:colcon.colcon_core.package_discovery:discover_packages(ignore) using defaults
[0.340s] Level 1:colcon.colcon_core.package_discovery:discover_packages(path) discover
[0.340s] Level 1:colcon.colcon_core.package_discovery:discover_packages(path) using defaults
[0.372s] Level 1:colcon.colcon_core.package_discovery:discover_packages(prefix_path) check parameters
[0.372s] Level 1:colcon.colcon_core.package_discovery:discover_packages(prefix_path) discover
[0.375s] DEBUG:colcon.colcon_installed_package_information.package_discovery:Found 2 installed packages in /home/redi/ros2_ws/install
[0.377s] DEBUG:colcon.colcon_installed_package_information.package_discovery:Found 256 installed packages in /opt/ros/foxy
[0.380s] Level 1:colcon.colcon_core.package_discovery:discover_packages(prefix_path) using defaults
[0.522s] Level 5:colcon.colcon_core.verb:set package 'my_cpp_pkg' build argument 'cmake_args' from command line to 'None'
[0.522s] Level 5:colcon.colcon_core.verb:set package 'my_cpp_pkg' build argument 'cmake_target' from command line to 'None'
[0.522s] Level 5:colcon.colcon_core.verb:set package 'my_cpp_pkg' build argument 'cmake_target_skip_unavailable' from command line to 'False'
[0.522s] Level 5:colcon.colcon_core.verb:set package 'my_cpp_pkg' build argument 'cmake_clean_cache' from command line to 'False'
[0.522s] Level 5:colcon.colcon_core.verb:set package 'my_cpp_pkg' build argument 'cmake_clean_first' from command line to 'False'
[0.522s] Level 5:colcon.colcon_core.verb:set package 'my_cpp_pkg' build argument 'cmake_force_configure' from command line to 'False'
[0.522s] Level 5:colcon.colcon_core.verb:set package 'my_cpp_pkg' build argument 'ament_cmake_args' from command line to 'None'
[0.522s] Level 5:colcon.colcon_core.verb:set package 'my_cpp_pkg' build argument 'catkin_cmake_args' from command line to 'None'
[0.522s] Level 5:colcon.colcon_core.verb:set package 'my_cpp_pkg' build argument 'catkin_skip_building_tests' from command line to 'False'
[0.522s] DEBUG:colcon.colcon_core.verb:Building package 'my_cpp_pkg' with the following arguments: {'ament_cmake_args': None, 'build_base': '/home/redi/ros2_ws/build/my_cpp_pkg', 'catkin_cmake_args': None, 'catkin_skip_building_tests': False, 'cmake_args': None, 'cmake_clean_cache': False, 'cmake_clean_first': False, 'cmake_force_configure': False, 'cmake_target': None, 'cmake_target_skip_unavailable': False, 'install_base': '/home/redi/ros2_ws/install/my_cpp_pkg', 'merge_install': False, 'path': '/home/redi/ros2_ws/src/my_cpp_pkg', 'symlink_install': False, 'test_result_base': None}
[0.524s] Level 5:colcon.colcon_core.verb:set package 'my_py_pkg' build argument 'cmake_args' from command line to 'None'
[0.524s] Level 5:colcon.colcon_core.verb:set package 'my_py_pkg' build argument 'cmake_target' from command line to 'None'
[0.524s] Level 5:colcon.colcon_core.verb:set package 'my_py_pkg' build argument 'cmake_target_skip_unavailable' from command line to 'False'
[0.524s] Level 5:colcon.colcon_core.verb:set package 'my_py_pkg' build argument 'cmake_clean_cache' from command line to 'False'
[0.524s] Level 5:colcon.colcon_core.verb:set package 'my_py_pkg' build argument 'cmake_clean_first' from command line to 'False'
[0.524s] Level 5:colcon.colcon_core.verb:set package 'my_py_pkg' build argument 'cmake_force_configure' from command line to 'False'
[0.524s] Level 5:colcon.colcon_core.verb:set package 'my_py_pkg' build argument 'ament_cmake_args' from command line to 'None'
[0.524s] Level 5:colcon.colcon_core.verb:set package 'my_py_pkg' build argument 'catkin_cmake_args' from command line to 'None'
[0.524s] Level 5:colcon.colcon_core.verb:set package 'my_py_pkg' build argument 'catkin_skip_building_tests' from command line to 'False'
[0.524s] DEBUG:colcon.colcon_core.verb:Building package 'my_py_pkg' with the following arguments: {'ament_cmake_args': None, 'build_base': '/home/redi/ros2_ws/build/my_py_pkg', 'catkin_cmake_args': None, 'catkin_skip_building_tests': False, 'cmake_args': None, 'cmake_clean_cache': False, 'cmake_clean_first': False, 'cmake_force_configure': False, 'cmake_target': None, 'cmake_target_skip_unavailable': False, 'install_base': '/home/redi/ros2_ws/install/my_py_pkg', 'merge_install': False, 'path': '/home/redi/ros2_ws/src/my_py_pkg', 'symlink_install': False, 'test_result_base': None}
[0.525s] INFO:colcon.colcon_core.executor:Executing jobs using 'parallel' executor
[0.528s] DEBUG:colcon.colcon_parallel_executor.executor.parallel:run_until_complete
[0.528s] INFO:colcon.colcon_ros.task.ament_cmake.build:Building ROS package in '/home/redi/ros2_ws/src/my_cpp_pkg' with build type 'ament_cmake'
[0.528s] INFO:colcon.colcon_cmake.task.cmake.build:Building CMake package in '/home/redi/ros2_ws/src/my_cpp_pkg'
[0.534s] INFO:colcon.colcon_core.plugin_system:Skipping extension 'colcon_core.shell.bat': Not used on non-Windows systems
[0.535s] INFO:colcon.colcon_core.shell:Skip shell extension 'powershell' for command environment: Not usable outside of PowerShell
[0.535s] DEBUG:colcon.colcon_core.shell:Skip shell extension 'dsv' for command environment
[0.543s] INFO:colcon.colcon_ros.task.ament_python.build:Building ROS package in '/home/redi/ros2_ws/src/my_py_pkg' with build type 'ament_python'
[0.544s] Level 1:colcon.colcon_core.shell:create_environment_hook('my_py_pkg', 'ament_prefix_path')
[0.545s] INFO:colcon.colcon_core.shell:Creating environment hook '/home/redi/ros2_ws/install/my_py_pkg/share/my_py_pkg/hook/ament_prefix_path.ps1'
[0.547s] INFO:colcon.colcon_core.shell:Creating environment descriptor '/home/redi/ros2_ws/install/my_py_pkg/share/my_py_pkg/hook/ament_prefix_path.dsv'
[0.548s] INFO:colcon.colcon_core.shell:Creating environment hook '/home/redi/ros2_ws/install/my_py_pkg/share/my_py_pkg/hook/ament_prefix_path.sh'
[0.550s] INFO:colcon.colcon_core.shell:Skip shell extension 'powershell' for command environment: Not usable outside of PowerShell
[0.550s] DEBUG:colcon.colcon_core.shell:Skip shell extension 'dsv' for command environment
[0.571s] DEBUG:colcon.colcon_core.event_handler.log_command:Invoking command in '/home/redi/ros2_ws/build/my_cpp_pkg': CMAKE_PREFIX_PATH=${CMAKE_PREFIX_PATH}:/home/redi/ros2_ws/install/my_py_pkg:/opt/ros/foxy /usr/bin/cmake --build /home/redi/ros2_ws/build/my_cpp_pkg -- -j8 -l8
[0.991s] INFO:colcon.colcon_core.task.python.build:Building Python package in '/home/redi/ros2_ws/src/my_py_pkg'
[0.992s] INFO:colcon.colcon_core.shell:Skip shell extension 'powershell' for command environment: Not usable outside of PowerShell
[0.993s] DEBUG:colcon.colcon_core.shell:Skip shell extension 'dsv' for command environment
[1.658s] DEBUG:colcon.colcon_core.event_handler.log_command:Invoking command in '/home/redi/ros2_ws/src/my_py_pkg': PYTHONPATH=/home/redi/ros2_ws/install/my_py_pkg/lib/python3.8/site-packages:${PYTHONPATH} /usr/bin/python3 setup.py egg_info --egg-base ../../build/my_py_pkg build --build-base /home/redi/ros2_ws/build/my_py_pkg/build install --prefix /home/redi/ros2_ws/install/my_py_pkg --record /home/redi/ros2_ws/build/my_py_pkg/install.log --single-version-externally-managed
[2.152s] DEBUG:colcon.colcon_core.event_handler.log_command:Invoked command in '/home/redi/ros2_ws/src/my_py_pkg' returned '0': PYTHONPATH=/home/redi/ros2_ws/install/my_py_pkg/lib/python3.8/site-packages:${PYTHONPATH} /usr/bin/python3 setup.py egg_info --egg-base ../../build/my_py_pkg build --build-base /home/redi/ros2_ws/build/my_py_pkg/build install --prefix /home/redi/ros2_ws/install/my_py_pkg --record /home/redi/ros2_ws/build/my_py_pkg/install.log --single-version-externally-managed
[2.157s] Level 1:colcon.colcon_core.environment:checking '/home/redi/ros2_ws/install/my_py_pkg' for CMake module files
[2.158s] Level 1:colcon.colcon_core.environment:checking '/home/redi/ros2_ws/install/my_py_pkg' for CMake config files
[2.159s] Level 1:colcon.colcon_core.environment:checking '/home/redi/ros2_ws/install/my_py_pkg/lib'
[2.160s] Level 1:colcon.colcon_core.environment:checking '/home/redi/ros2_ws/install/my_py_pkg/bin'
[2.160s] Level 1:colcon.colcon_core.environment:checking '/home/redi/ros2_ws/install/my_py_pkg/lib/pkgconfig/my_py_pkg.pc'
[2.160s] Level 1:colcon.colcon_core.environment:checking '/home/redi/ros2_ws/install/my_py_pkg/lib/python3.8/site-packages'
[2.161s] Level 1:colcon.colcon_core.shell:create_environment_hook('my_py_pkg', 'pythonpath')
[2.162s] INFO:colcon.colcon_core.shell:Creating environment hook '/home/redi/ros2_ws/install/my_py_pkg/share/my_py_pkg/hook/pythonpath.ps1'
[2.162s] INFO:colcon.colcon_core.shell:Creating environment descriptor '/home/redi/ros2_ws/install/my_py_pkg/share/my_py_pkg/hook/pythonpath.dsv'
[2.163s] INFO:colcon.colcon_core.shell:Creating environment hook '/home/redi/ros2_ws/install/my_py_pkg/share/my_py_pkg/hook/pythonpath.sh'
[2.164s] Level 1:colcon.colcon_core.environment:checking '/home/redi/ros2_ws/install/my_py_pkg/bin'
[2.164s] Level 1:colcon.colcon_core.environment:create_environment_scripts_only(my_py_pkg)
[2.165s] INFO:colcon.colcon_core.shell:Creating package script '/home/redi/ros2_ws/install/my_py_pkg/share/my_py_pkg/package.ps1'
[2.166s] INFO:colcon.colcon_core.shell:Creating package descriptor '/home/redi/ros2_ws/install/my_py_pkg/share/my_py_pkg/package.dsv'
[2.167s] INFO:colcon.colcon_core.shell:Creating package script '/home/redi/ros2_ws/install/my_py_pkg/share/my_py_pkg/package.sh'
[2.169s] INFO:colcon.colcon_core.shell:Creating package script '/home/redi/ros2_ws/install/my_py_pkg/share/my_py_pkg/package.bash'
[2.170s] INFO:colcon.colcon_core.shell:Creating package script '/home/redi/ros2_ws/install/my_py_pkg/share/my_py_pkg/package.zsh'
[2.171s] Level 1:colcon.colcon_core.environment:create_file_with_runtime_dependencies(/home/redi/ros2_ws/install/my_py_pkg/share/colcon-core/packages/my_py_pkg)
[5.406s] DEBUG:colcon.colcon_core.event_handler.log_command:Invoked command in '/home/redi/ros2_ws/build/my_cpp_pkg' returned '0': CMAKE_PREFIX_PATH=${CMAKE_PREFIX_PATH}:/home/redi/ros2_ws/install/my_py_pkg:/opt/ros/foxy /usr/bin/cmake --build /home/redi/ros2_ws/build/my_cpp_pkg -- -j8 -l8
[5.490s] DEBUG:colcon.colcon_core.event_handler.log_command:Invoking command in '/home/redi/ros2_ws/build/my_cpp_pkg': CMAKE_PREFIX_PATH=${CMAKE_PREFIX_PATH}:/home/redi/ros2_ws/install/my_py_pkg:/opt/ros/foxy /usr/bin/cmake --install /home/redi/ros2_ws/build/my_cpp_pkg
[5.513s] Level 1:colcon.colcon_core.environment:create_environment_scripts_only(my_cpp_pkg)
[5.514s] DEBUG:colcon.colcon_core.event_handler.log_command:Invoked command in '/home/redi/ros2_ws/build/my_cpp_pkg' returned '0': CMAKE_PREFIX_PATH=${CMAKE_PREFIX_PATH}:/home/redi/ros2_ws/install/my_py_pkg:/opt/ros/foxy /usr/bin/cmake --install /home/redi/ros2_ws/build/my_cpp_pkg
[5.516s] Level 1:colcon.colcon_core.environment:checking '/home/redi/ros2_ws/install/my_cpp_pkg' for CMake module files
[5.518s] Level 1:colcon.colcon_core.environment:checking '/home/redi/ros2_ws/install/my_cpp_pkg' for CMake config files
[5.518s] Level 1:colcon.colcon_core.shell:create_environment_hook('my_cpp_pkg', 'cmake_prefix_path')
[5.519s] INFO:colcon.colcon_core.shell:Creating environment hook '/home/redi/ros2_ws/install/my_cpp_pkg/share/my_cpp_pkg/hook/cmake_prefix_path.ps1'
[5.520s] INFO:colcon.colcon_core.shell:Creating environment descriptor '/home/redi/ros2_ws/install/my_cpp_pkg/share/my_cpp_pkg/hook/cmake_prefix_path.dsv'
[5.521s] INFO:colcon.colcon_core.shell:Creating environment hook '/home/redi/ros2_ws/install/my_cpp_pkg/share/my_cpp_pkg/hook/cmake_prefix_path.sh'
[5.522s] Level 1:colcon.colcon_core.environment:checking '/home/redi/ros2_ws/install/my_cpp_pkg/lib'
[5.522s] Level 1:colcon.colcon_core.environment:checking '/home/redi/ros2_ws/install/my_cpp_pkg/bin'
[5.522s] Level 1:colcon.colcon_core.environment:checking '/home/redi/ros2_ws/install/my_cpp_pkg/lib/pkgconfig/my_cpp_pkg.pc'
[5.522s] Level 1:colcon.colcon_core.environment:checking '/home/redi/ros2_ws/install/my_cpp_pkg/lib/python3.8/site-packages'
[5.523s] Level 1:colcon.colcon_core.environment:checking '/home/redi/ros2_ws/install/my_cpp_pkg/bin'
[5.524s] INFO:colcon.colcon_core.shell:Creating package script '/home/redi/ros2_ws/install/my_cpp_pkg/share/my_cpp_pkg/package.ps1'
[5.524s] INFO:colcon.colcon_core.shell:Creating package descriptor '/home/redi/ros2_ws/install/my_cpp_pkg/share/my_cpp_pkg/package.dsv'
[5.525s] INFO:colcon.colcon_core.shell:Creating package script '/home/redi/ros2_ws/install/my_cpp_pkg/share/my_cpp_pkg/package.sh'
[5.526s] INFO:colcon.colcon_core.shell:Creating package script '/home/redi/ros2_ws/install/my_cpp_pkg/share/my_cpp_pkg/package.bash'
[5.526s] INFO:colcon.colcon_core.shell:Creating package script '/home/redi/ros2_ws/install/my_cpp_pkg/share/my_cpp_pkg/package.zsh'
[5.527s] Level 1:colcon.colcon_core.environment:create_file_with_runtime_dependencies(/home/redi/ros2_ws/install/my_cpp_pkg/share/colcon-core/packages/my_cpp_pkg)
[5.591s] Level 1:colcon.colcon_core.environment:create_environment_scripts_only(my_cpp_pkg)
[5.592s] Level 1:colcon.colcon_core.environment:checking '/home/redi/ros2_ws/install/my_cpp_pkg' for CMake module files
[5.593s] Level 1:colcon.colcon_core.environment:checking '/home/redi/ros2_ws/install/my_cpp_pkg' for CMake config files
[5.594s] Level 1:colcon.colcon_core.shell:create_environment_hook('my_cpp_pkg', 'cmake_prefix_path')
[5.594s] INFO:colcon.colcon_core.shell:Creating environment hook '/home/redi/ros2_ws/install/my_cpp_pkg/share/my_cpp_pkg/hook/cmake_prefix_path.ps1'
[5.595s] INFO:colcon.colcon_core.shell:Creating environment descriptor '/home/redi/ros2_ws/install/my_cpp_pkg/share/my_cpp_pkg/hook/cmake_prefix_path.dsv'
[5.596s] INFO:colcon.colcon_core.shell:Creating environment hook '/home/redi/ros2_ws/install/my_cpp_pkg/share/my_cpp_pkg/hook/cmake_prefix_path.sh'
[5.597s] Level 1:colcon.colcon_core.environment:checking '/home/redi/ros2_ws/install/my_cpp_pkg/lib'
[5.597s] Level 1:colcon.colcon_core.environment:checking '/home/redi/ros2_ws/install/my_cpp_pkg/bin'
[5.597s] Level 1:colcon.colcon_core.environment:checking '/home/redi/ros2_ws/install/my_cpp_pkg/lib/pkgconfig/my_cpp_pkg.pc'
[5.598s] Level 1:colcon.colcon_core.environment:checking '/home/redi/ros2_ws/install/my_cpp_pkg/lib/python3.8/site-packages'
[5.598s] Level 1:colcon.colcon_core.environment:checking '/home/redi/ros2_ws/install/my_cpp_pkg/bin'
[5.599s] INFO:colcon.colcon_core.shell:Creating package script '/home/redi/ros2_ws/install/my_cpp_pkg/share/my_cpp_pkg/package.ps1'
[5.600s] INFO:colcon.colcon_core.shell:Creating package descriptor '/home/redi/ros2_ws/install/my_cpp_pkg/share/my_cpp_pkg/package.dsv'
[5.601s] INFO:colcon.colcon_core.shell:Creating package script '/home/redi/ros2_ws/install/my_cpp_pkg/share/my_cpp_pkg/package.sh'
[5.601s] INFO:colcon.colcon_core.shell:Creating package script '/home/redi/ros2_ws/install/my_cpp_pkg/share/my_cpp_pkg/package.bash'
[5.602s] INFO:colcon.colcon_core.shell:Creating package script '/home/redi/ros2_ws/install/my_cpp_pkg/share/my_cpp_pkg/package.zsh'
[5.603s] Level 1:colcon.colcon_core.environment:create_file_with_runtime_dependencies(/home/redi/ros2_ws/install/my_cpp_pkg/share/colcon-core/packages/my_cpp_pkg)
[5.603s] DEBUG:colcon.colcon_parallel_executor.executor.parallel:closing loop
[5.604s] DEBUG:colcon.colcon_parallel_executor.executor.parallel:loop closed
[5.604s] DEBUG:colcon.colcon_parallel_executor.executor.parallel:run_until_complete finished with '0'
[5.604s] DEBUG:colcon.colcon_core.event_reactor:joining thread
[5.614s] INFO:colcon.colcon_core.plugin_system:Skipping extension 'colcon_notification.desktop_notification.terminal_notifier': Not used on non-Darwin systems
[5.614s] INFO:colcon.colcon_core.plugin_system:Skipping extension 'colcon_notification.desktop_notification.win32': Not used on non-Windows systems
[5.614s] INFO:colcon.colcon_notification.desktop_notification:Sending desktop notification using 'notify2'
[5.637s] DEBUG:colcon.colcon_core.event_reactor:joined thread
[5.638s] INFO:colcon.colcon_core.shell:Creating prefix script '/home/redi/ros2_ws/install/local_setup.ps1'
[5.640s] INFO:colcon.colcon_core.shell:Creating prefix util module '/home/redi/ros2_ws/install/_local_setup_util_ps1.py'
[5.642s] INFO:colcon.colcon_core.shell:Creating prefix chain script '/home/redi/ros2_ws/install/setup.ps1'
[5.644s] INFO:colcon.colcon_core.shell:Creating prefix script '/home/redi/ros2_ws/install/local_setup.sh'
[5.645s] INFO:colcon.colcon_core.shell:Creating prefix util module '/home/redi/ros2_ws/install/_local_setup_util_sh.py'
[5.646s] INFO:colcon.colcon_core.shell:Creating prefix chain script '/home/redi/ros2_ws/install/setup.sh'
[5.648s] INFO:colcon.colcon_core.shell:Creating prefix script '/home/redi/ros2_ws/install/local_setup.bash'
[5.648s] INFO:colcon.colcon_core.shell:Creating prefix chain script '/home/redi/ros2_ws/install/setup.bash'
[5.650s] INFO:colcon.colcon_core.shell:Creating prefix script '/home/redi/ros2_ws/install/local_setup.zsh'
[5.651s] INFO:colcon.colcon_core.shell:Creating prefix chain script '/home/redi/ros2_ws/install/setup.zsh'
