[0.042s] Invoking command in '/home/redi/ros2_ws/build/my_cpp_pkg': CMAKE_PREFIX_PATH=${CMAKE_PREFIX_PATH}:/home/redi/ros2_ws/install/my_py_pkg:/opt/ros/foxy /usr/bin/cmake --build /home/redi/ros2_ws/build/my_cpp_pkg -- -j8 -l8
[0.469s] [35m[1mScanning dependencies of target number_counter[0m
[0.469s] [ 12%] Built target cpp_node
[0.471s] [ 25%] Built target smartphone
[0.473s] [ 37%] Built target add_two_ints_server
[0.475s] [ 50%] Built target number_publisher
[0.475s] [ 62%] Built target add_two_ints_client_no_oop
[0.476s] [ 75%] Built target robot_news_station
[0.477s] [ 87%] Built target add_two_ints_client
[0.478s] [ 93%] [32mBuilding CXX object CMakeFiles/number_counter.dir/src/number_counter.cpp.o[0m
[2.469s] [01m[K/home/redi/ros2_ws/src/my_cpp_pkg/src/number_counter.cpp:[m[K In member function ‘[01m[Kvoid NumberCounterNode::callBackResetCounter(example_interfaces::srv::SetBool_Request_<std::allocator<void> >::SharedPtr, example_interfaces::srv::SetBool_Response_<std::allocator<void> >::SharedPtr)[m[K’:
[2.469s] [01m[K/home/redi/ros2_ws/src/my_cpp_pkg/src/number_counter.cpp:49:91:[m[K [01;35m[Kwarning: [m[Kunused parameter ‘[01m[Kresponse[m[K’ [[01;35m[K-Wunused-parameter[m[K]
[2.469s]    49 |                               [01;35m[Kconst example_interfaces::srv::SetBool::Response::SharedPtr response[m[K)
[2.469s]       |                               [01;35m[K~~~~~~~~~~~~~~~~~~~~~~~~~~~~~~~~~~~~~~~~~~~~~~~~~~~~~~~~~~~~^~~~~~~~[m[K
[9.193s] [100%] [32m[1mLinking CXX executable number_counter[0m
[9.652s] [100%] Built target number_counter
[9.673s] Invoked command in '/home/redi/ros2_ws/build/my_cpp_pkg' returned '0': CMAKE_PREFIX_PATH=${CMAKE_PREFIX_PATH}:/home/redi/ros2_ws/install/my_py_pkg:/opt/ros/foxy /usr/bin/cmake --build /home/redi/ros2_ws/build/my_cpp_pkg -- -j8 -l8
[9.753s] Invoking command in '/home/redi/ros2_ws/build/my_cpp_pkg': CMAKE_PREFIX_PATH=${CMAKE_PREFIX_PATH}:/home/redi/ros2_ws/install/my_py_pkg:/opt/ros/foxy /usr/bin/cmake --install /home/redi/ros2_ws/build/my_cpp_pkg
[9.766s] -- Install configuration: ""
[9.767s] -- Up-to-date: /home/redi/ros2_ws/install/my_cpp_pkg/lib/my_cpp_pkg/cpp_node
[9.767s] -- Up-to-date: /home/redi/ros2_ws/install/my_cpp_pkg/lib/my_cpp_pkg/robot_news_station
[9.768s] -- Up-to-date: /home/redi/ros2_ws/install/my_cpp_pkg/lib/my_cpp_pkg/smartphone
[9.769s] -- Up-to-date: /home/redi/ros2_ws/install/my_cpp_pkg/lib/my_cpp_pkg/number_publisher
[9.769s] -- Installing: /home/redi/ros2_ws/install/my_cpp_pkg/lib/my_cpp_pkg/number_counter
[9.773s] -- Set runtime path of "/home/redi/ros2_ws/install/my_cpp_pkg/lib/my_cpp_pkg/number_counter" to ""
[9.774s] -- Up-to-date: /home/redi/ros2_ws/install/my_cpp_pkg/lib/my_cpp_pkg/add_two_ints_server
[9.774s] -- Up-to-date: /home/redi/ros2_ws/install/my_cpp_pkg/lib/my_cpp_pkg/add_two_ints_client_no_oop
[9.775s] -- Up-to-date: /home/redi/ros2_ws/install/my_cpp_pkg/lib/my_cpp_pkg/add_two_ints_client
[9.776s] -- Up-to-date: /home/redi/ros2_ws/install/my_cpp_pkg/share/ament_index/resource_index/package_run_dependencies/my_cpp_pkg
[9.776s] -- Up-to-date: /home/redi/ros2_ws/install/my_cpp_pkg/share/ament_index/resource_index/parent_prefix_path/my_cpp_pkg
[9.776s] -- Up-to-date: /home/redi/ros2_ws/install/my_cpp_pkg/share/my_cpp_pkg/environment/ament_prefix_path.sh
[9.776s] -- Up-to-date: /home/redi/ros2_ws/install/my_cpp_pkg/share/my_cpp_pkg/environment/ament_prefix_path.dsv
[9.777s] -- Up-to-date: /home/redi/ros2_ws/install/my_cpp_pkg/share/my_cpp_pkg/environment/path.sh
[9.777s] -- Up-to-date: /home/redi/ros2_ws/install/my_cpp_pkg/share/my_cpp_pkg/environment/path.dsv
[9.777s] -- Up-to-date: /home/redi/ros2_ws/install/my_cpp_pkg/share/my_cpp_pkg/local_setup.bash
[9.777s] -- Up-to-date: /home/redi/ros2_ws/install/my_cpp_pkg/share/my_cpp_pkg/local_setup.sh
[9.777s] -- Up-to-date: /home/redi/ros2_ws/install/my_cpp_pkg/share/my_cpp_pkg/local_setup.zsh
[9.777s] -- Up-to-date: /home/redi/ros2_ws/install/my_cpp_pkg/share/my_cpp_pkg/local_setup.dsv
[9.777s] -- Installing: /home/redi/ros2_ws/install/my_cpp_pkg/share/my_cpp_pkg/package.dsv
[9.777s] -- Up-to-date: /home/redi/ros2_ws/install/my_cpp_pkg/share/ament_index/resource_index/packages/my_cpp_pkg
[9.778s] -- Up-to-date: /home/redi/ros2_ws/install/my_cpp_pkg/share/my_cpp_pkg/cmake/my_cpp_pkgConfig.cmake
[9.778s] -- Up-to-date: /home/redi/ros2_ws/install/my_cpp_pkg/share/my_cpp_pkg/cmake/my_cpp_pkgConfig-version.cmake
[9.778s] -- Up-to-date: /home/redi/ros2_ws/install/my_cpp_pkg/share/my_cpp_pkg/package.xml
[9.780s] Invoked command in '/home/redi/ros2_ws/build/my_cpp_pkg' returned '0': CMAKE_PREFIX_PATH=${CMAKE_PREFIX_PATH}:/home/redi/ros2_ws/install/my_py_pkg:/opt/ros/foxy /usr/bin/cmake --install /home/redi/ros2_ws/build/my_cpp_pkg
