[0.012s] Invoking command in '/home/redi/ros2_ws/build/my_cpp_pkg': CMAKE_PREFIX_PATH=${CMAKE_PREFIX_PATH}:/home/redi/ros2_ws/install/my_py_pkg:/opt/ros/foxy /usr/bin/cmake --build /home/redi/ros2_ws/build/my_cpp_pkg -- -j8 -l8
[0.038s] -- Found ament_cmake: 0.9.9 (/opt/ros/foxy/share/ament_cmake/cmake)
[0.060s] -- Using PYTHON_EXECUTABLE: /usr/bin/python3
[0.245s] -- Found rclcpp: 2.4.1 (/opt/ros/foxy/share/rclcpp/cmake)
[0.285s] -- Using all available rosidl_typesupport_c: rosidl_typesupport_fastrtps_c;rosidl_typesupport_introspection_c
[0.288s] -- Found rosidl_adapter: 1.2.1 (/opt/ros/foxy/share/rosidl_adapter/cmake)
[0.409s] -- Using all available rosidl_typesupport_cpp: rosidl_typesupport_fastrtps_cpp;rosidl_typesupport_introspection_cpp
[0.463s] -- Found rmw_implementation_cmake: 1.0.3 (/opt/ros/foxy/share/rmw_implementation_cmake/cmake)
[0.465s] -- Using RMW implementation 'rmw_fastrtps_cpp' as default
[0.598s] -- Found example_interfaces: 0.9.1 (/opt/ros/foxy/share/example_interfaces/cmake)
[0.700s] -- Found my_robot_interfaces: 0.0.0 (/home/redi/ros2_ws/install/my_robot_interfaces/share/my_robot_interfaces/cmake)
[0.769s] -- Configuring done
[0.809s] -- Generating done
[0.811s] -- Build files have been written to: /home/redi/ros2_ws/build/my_cpp_pkg
[0.841s] [35m[1mScanning dependencies of target LED_node[0m
[0.863s] [  9%] Built target cpp_node
[0.868s] [ 40%] Built target add_two_ints_client
[0.868s] [ 45%] Built target smartphone
[0.869s] [ 45%] Built target number_publisher
[0.869s] [ 45%] Built target number_counter
[0.869s] [ 54%] Built target robot_news_station
[0.878s] [ 63%] Built target add_two_ints_client_no_oop
[0.881s] [35m[1mScanning dependencies of target battery_node[0m
[0.890s] [ 68%] [32mBuilding CXX object CMakeFiles/LED_node.dir/src/LEDNode.cpp.o[0m
[0.897s] [ 77%] Built target add_two_ints_server
[0.897s] [ 86%] Built target hardware_status_publisher
[0.913s] [ 90%] [32mBuilding CXX object CMakeFiles/battery_node.dir/src/batteryNode.cpp.o[0m
[2.207s] [01m[K/home/redi/ros2_ws/src/my_cpp_pkg/src/batteryNode.cpp:[m[K In member function ‘[01m[Kvoid BatteryNode::emptyBatteryCallBack()[m[K’:
[2.207s] [01m[K/home/redi/ros2_ws/src/my_cpp_pkg/src/batteryNode.cpp:16:13:[m[K [01;31m[Kerror: [m[K‘[01m[Kstruct my_robot_interfaces::srv::SetLed[m[K’ has no member named ‘[01m[Kled_number[m[K’
[2.207s]    16 |         msg.[01;31m[Kled_number[m[K = 3;
[2.207s]       |             [01;31m[K^~~~~~~~~~[m[K
[2.604s] make[2]: *** [CMakeFiles/battery_node.dir/build.make:63: CMakeFiles/battery_node.dir/src/batteryNode.cpp.o] Error 1
[2.604s] make[1]: *** [CMakeFiles/Makefile2:422: CMakeFiles/battery_node.dir/all] Error 2
[2.604s] make[1]: *** Waiting for unfinished jobs....
[2.695s] [ 95%] [32m[1mLinking CXX executable LED_node[0m
[2.818s] [ 95%] Built target LED_node
[2.819s] make: *** [Makefile:141: all] Error 2
[2.821s] Invoked command in '/home/redi/ros2_ws/build/my_cpp_pkg' returned '2': CMAKE_PREFIX_PATH=${CMAKE_PREFIX_PATH}:/home/redi/ros2_ws/install/my_py_pkg:/opt/ros/foxy /usr/bin/cmake --build /home/redi/ros2_ws/build/my_cpp_pkg -- -j8 -l8
