[35m[1mScanning dependencies of target LED_node[0m
[  9%] Built target number_publisher
[ 18%] Built target cpp_node
[ 27%] Built target number_counter
[ 36%] Built target robot_news_station
[ 40%] [32mBuilding CXX object CMakeFiles/LED_node.dir/src/LEDNode.cpp.o[0m
[ 50%] Built target smartphone
[ 59%] Built target add_two_ints_client_no_oop
[ 68%] Built target add_two_ints_client
[ 77%] Built target battery_node
[ 95%] Built target hardware_status_publisher
[ 95%] Built target add_two_ints_server
[01m[K/home/redi/ros2_ws/src/my_cpp_pkg/src/LEDNode.cpp:[m[K In member function ‘[01m[Kvoid LEDNode::publishLEDPanelState()[m[K’:
[01m[K/home/redi/ros2_ws/src/my_cpp_pkg/src/LEDNode.cpp:40:14:[m[K [01;35m[Kwarning: [m[Kvariable ‘[01m[Kmsg[m[K’ set but not used [[01;35m[K-Wunused-but-set-variable[m[K]
   40 |         auto [01;35m[Kmsg[m[K = my_robot_interfaces::msg::LedStates();
      |              [01;35m[K^~~[m[K
[100%] [32m[1mLinking CXX executable LED_node[0m
[100%] Built target LED_node
-- Install configuration: ""
-- Up-to-date: /home/redi/ros2_ws/install/my_cpp_pkg/lib/my_cpp_pkg/cpp_node
-- Up-to-date: /home/redi/ros2_ws/install/my_cpp_pkg/lib/my_cpp_pkg/robot_news_station
-- Up-to-date: /home/redi/ros2_ws/install/my_cpp_pkg/lib/my_cpp_pkg/smartphone
-- Up-to-date: /home/redi/ros2_ws/install/my_cpp_pkg/lib/my_cpp_pkg/number_publisher
-- Up-to-date: /home/redi/ros2_ws/install/my_cpp_pkg/lib/my_cpp_pkg/number_counter
-- Up-to-date: /home/redi/ros2_ws/install/my_cpp_pkg/lib/my_cpp_pkg/add_two_ints_server
-- Up-to-date: /home/redi/ros2_ws/install/my_cpp_pkg/lib/my_cpp_pkg/add_two_ints_client_no_oop
-- Up-to-date: /home/redi/ros2_ws/install/my_cpp_pkg/lib/my_cpp_pkg/add_two_ints_client
-- Up-to-date: /home/redi/ros2_ws/install/my_cpp_pkg/lib/my_cpp_pkg/hardware_status_publisher
-- Up-to-date: /home/redi/ros2_ws/install/my_cpp_pkg/lib/my_cpp_pkg/battery_node
-- Installing: /home/redi/ros2_ws/install/my_cpp_pkg/lib/my_cpp_pkg/LED_node
-- Set runtime path of "/home/redi/ros2_ws/install/my_cpp_pkg/lib/my_cpp_pkg/LED_node" to ""
-- Up-to-date: /home/redi/ros2_ws/install/my_cpp_pkg/share/ament_index/resource_index/package_run_dependencies/my_cpp_pkg
-- Up-to-date: /home/redi/ros2_ws/install/my_cpp_pkg/share/ament_index/resource_index/parent_prefix_path/my_cpp_pkg
-- Up-to-date: /home/redi/ros2_ws/install/my_cpp_pkg/share/my_cpp_pkg/environment/ament_prefix_path.sh
-- Up-to-date: /home/redi/ros2_ws/install/my_cpp_pkg/share/my_cpp_pkg/environment/ament_prefix_path.dsv
-- Up-to-date: /home/redi/ros2_ws/install/my_cpp_pkg/share/my_cpp_pkg/environment/path.sh
-- Up-to-date: /home/redi/ros2_ws/install/my_cpp_pkg/share/my_cpp_pkg/environment/path.dsv
-- Up-to-date: /home/redi/ros2_ws/install/my_cpp_pkg/share/my_cpp_pkg/local_setup.bash
-- Up-to-date: /home/redi/ros2_ws/install/my_cpp_pkg/share/my_cpp_pkg/local_setup.sh
-- Up-to-date: /home/redi/ros2_ws/install/my_cpp_pkg/share/my_cpp_pkg/local_setup.zsh
-- Up-to-date: /home/redi/ros2_ws/install/my_cpp_pkg/share/my_cpp_pkg/local_setup.dsv
-- Installing: /home/redi/ros2_ws/install/my_cpp_pkg/share/my_cpp_pkg/package.dsv
-- Up-to-date: /home/redi/ros2_ws/install/my_cpp_pkg/share/ament_index/resource_index/packages/my_cpp_pkg
-- Up-to-date: /home/redi/ros2_ws/install/my_cpp_pkg/share/my_cpp_pkg/cmake/my_cpp_pkgConfig.cmake
-- Up-to-date: /home/redi/ros2_ws/install/my_cpp_pkg/share/my_cpp_pkg/cmake/my_cpp_pkgConfig-version.cmake
-- Up-to-date: /home/redi/ros2_ws/install/my_cpp_pkg/share/my_cpp_pkg/package.xml
