[0.020s] Invoking command in '/home/redi/ros2_ws/build/turtle_catcher_interfaces': CMAKE_PREFIX_PATH=${CMAKE_PREFIX_PATH}:/home/redi/ros2_ws/install/my_py_pkg:/opt/ros/foxy /usr/bin/cmake /home/redi/ros2_ws/src/turtle_catcher_interfaces -DCMAKE_INSTALL_PREFIX=/home/redi/ros2_ws/install/turtle_catcher_interfaces
[0.132s] -- The C compiler identification is GNU 9.4.0
[0.236s] -- The CXX compiler identification is GNU 9.4.0
[0.247s] -- Check for working C compiler: /usr/bin/cc
[0.371s] -- Check for working C compiler: /usr/bin/cc -- works
[0.372s] -- Detecting C compiler ABI info
[0.496s] -- Detecting C compiler ABI info - done
[0.521s] -- Detecting C compile features
[0.521s] -- Detecting C compile features - done
[0.527s] -- Check for working CXX compiler: /usr/bin/c++
[0.669s] -- Check for working CXX compiler: /usr/bin/c++ -- works
[0.671s] -- Detecting CXX compiler ABI info
[0.811s] -- Detecting CXX compiler ABI info - done
[0.834s] -- Detecting CXX compile features
[0.835s] -- Detecting CXX compile features - done
[0.839s] -- Found ament_cmake: 0.9.9 (/opt/ros/foxy/share/ament_cmake/cmake)
[0.885s] -- Found PythonInterp: /usr/bin/python3 (found suitable version "3.8.10", minimum required is "3") 
[0.885s] -- Using PYTHON_EXECUTABLE: /usr/bin/python3
[1.243s] -- Found rosidl_default_generators: 1.0.1 (/opt/ros/foxy/share/rosidl_default_generators/cmake)
[1.251s] -- Using all available rosidl_typesupport_c: rosidl_typesupport_fastrtps_c;rosidl_typesupport_introspection_c
[1.264s] -- Found rosidl_adapter: 1.2.1 (/opt/ros/foxy/share/rosidl_adapter/cmake)
[1.431s] -- Found OpenSSL: /usr/lib/x86_64-linux-gnu/libcrypto.so (found version "1.1.1f")  
[1.483s] -- Found FastRTPS: /opt/ros/foxy/include  
[1.634s] -- Using all available rosidl_typesupport_cpp: rosidl_typesupport_fastrtps_cpp;rosidl_typesupport_introspection_cpp
[1.729s] -- Found PythonInterp: /usr/bin/python3 (found version "3.8.10") 
[1.970s] -- Found ament_cmake_ros: 0.9.2 (/opt/ros/foxy/share/ament_cmake_ros/cmake)
[2.162s] -- Using all available rosidl_typesupport_c: rosidl_typesupport_fastrtps_c;rosidl_typesupport_introspection_c
[2.179s] -- Using all available rosidl_typesupport_cpp: rosidl_typesupport_fastrtps_cpp;rosidl_typesupport_introspection_cpp
[2.223s] -- Found PythonInterp: /usr/bin/python3 (found suitable version "3.8.10", minimum required is "3.5") 
[2.226s] -- Found python_cmake_module: 0.8.1 (/opt/ros/foxy/share/python_cmake_module/cmake)
[2.277s] -- Found PythonLibs: /usr/lib/x86_64-linux-gnu/libpython3.8.so (found suitable version "3.8.10", minimum required is "3.5") 
[2.278s] -- Using PYTHON_EXECUTABLE: /usr/bin/python3
[2.278s] -- Using PYTHON_INCLUDE_DIRS: /usr/include/python3.8
[2.278s] -- Using PYTHON_LIBRARIES: /usr/lib/x86_64-linux-gnu/libpython3.8.so
[2.316s] -- Found PythonExtra: .so  
[2.410s] -- Configuring done
[2.473s] -- Generating done
[2.478s] -- Build files have been written to: /home/redi/ros2_ws/build/turtle_catcher_interfaces
[2.490s] Invoked command in '/home/redi/ros2_ws/build/turtle_catcher_interfaces' returned '0': CMAKE_PREFIX_PATH=${CMAKE_PREFIX_PATH}:/home/redi/ros2_ws/install/my_py_pkg:/opt/ros/foxy /usr/bin/cmake /home/redi/ros2_ws/src/turtle_catcher_interfaces -DCMAKE_INSTALL_PREFIX=/home/redi/ros2_ws/install/turtle_catcher_interfaces
[2.495s] Invoking command in '/home/redi/ros2_ws/build/turtle_catcher_interfaces': CMAKE_PREFIX_PATH=${CMAKE_PREFIX_PATH}:/home/redi/ros2_ws/install/my_py_pkg:/opt/ros/foxy /usr/bin/cmake --build /home/redi/ros2_ws/build/turtle_catcher_interfaces -- -j8 -l8
[2.567s] [  2%] [34m[1mGenerating C code for ROS interfaces[0m
[2.567s] [35m[1mScanning dependencies of target turtle_catcher_interfaces__cpp[0m
[2.586s] [  4%] [34m[1mGenerating C++ code for ROS interfaces[0m
[3.189s] [  4%] Built target turtle_catcher_interfaces__cpp
[3.205s] [35m[1mScanning dependencies of target turtle_catcher_interfaces__rosidl_generator_c[0m
[3.207s] [  8%] [34m[1mGenerating C++ type support for eProsima Fast-RTPS[0m
[3.207s] [  8%] [34m[1mGenerating C++ type support dispatch for ROS interfaces[0m
[3.209s] [ 10%] [34m[1mGenerating C++ introspection for ROS interfaces[0m
[3.234s] [ 12%] [32mBuilding C object CMakeFiles/turtle_catcher_interfaces__rosidl_generator_c.dir/rosidl_generator_c/turtle_catcher_interfaces/msg/detail/turtle__functions.c.o[0m
[3.235s] [ 14%] [32mBuilding C object CMakeFiles/turtle_catcher_interfaces__rosidl_generator_c.dir/rosidl_generator_c/turtle_catcher_interfaces/msg/detail/alive_turtles__functions.c.o[0m
[3.236s] [ 17%] [32mBuilding C object CMakeFiles/turtle_catcher_interfaces__rosidl_generator_c.dir/rosidl_generator_c/turtle_catcher_interfaces/srv/detail/catch_turtle__functions.c.o[0m
[3.345s] [ 19%] [32m[1mLinking C shared library libturtle_catcher_interfaces__rosidl_generator_c.so[0m
[3.410s] [ 19%] Built target turtle_catcher_interfaces__rosidl_generator_c
[3.430s] [ 21%] [34m[1mGenerating C introspection for ROS interfaces[0m
[3.436s] [ 23%] [34m[1mGenerating C type support dispatch for ROS interfaces[0m
[3.731s] [35m[1mScanning dependencies of target turtle_catcher_interfaces__rosidl_typesupport_cpp[0m
[3.767s] [35m[1mScanning dependencies of target turtle_catcher_interfaces__rosidl_typesupport_introspection_cpp[0m
[3.768s] [ 25%] [32mBuilding CXX object CMakeFiles/turtle_catcher_interfaces__rosidl_typesupport_cpp.dir/rosidl_typesupport_cpp/turtle_catcher_interfaces/msg/alive_turtles__type_support.cpp.o[0m
[3.768s] [ 27%] [32mBuilding CXX object CMakeFiles/turtle_catcher_interfaces__rosidl_typesupport_cpp.dir/rosidl_typesupport_cpp/turtle_catcher_interfaces/msg/turtle__type_support.cpp.o[0m
[3.771s] [ 29%] [32mBuilding CXX object CMakeFiles/turtle_catcher_interfaces__rosidl_typesupport_cpp.dir/rosidl_typesupport_cpp/turtle_catcher_interfaces/srv/catch_turtle__type_support.cpp.o[0m
[3.806s] [ 31%] [32mBuilding CXX object CMakeFiles/turtle_catcher_interfaces__rosidl_typesupport_introspection_cpp.dir/rosidl_typesupport_introspection_cpp/turtle_catcher_interfaces/msg/detail/alive_turtles__type_support.cpp.o[0m
[3.810s] [ 34%] [32mBuilding CXX object CMakeFiles/turtle_catcher_interfaces__rosidl_typesupport_introspection_cpp.dir/rosidl_typesupport_introspection_cpp/turtle_catcher_interfaces/msg/detail/turtle__type_support.cpp.o[0m
[4.202s] [35m[1mScanning dependencies of target turtle_catcher_interfaces__rosidl_typesupport_fastrtps_cpp[0m
[4.245s] [35m[1mScanning dependencies of target turtle_catcher_interfaces__rosidl_typesupport_c[0m
[4.270s] [ 36%] [32mBuilding CXX object CMakeFiles/turtle_catcher_interfaces__rosidl_typesupport_fastrtps_cpp.dir/rosidl_typesupport_fastrtps_cpp/turtle_catcher_interfaces/msg/detail/dds_fastrtps/turtle__type_support.cpp.o[0m
[4.287s] [ 38%] [32mBuilding CXX object CMakeFiles/turtle_catcher_interfaces__rosidl_typesupport_c.dir/rosidl_typesupport_c/turtle_catcher_interfaces/msg/turtle__type_support.cpp.o[0m
[4.346s] [35m[1mScanning dependencies of target turtle_catcher_interfaces__rosidl_typesupport_introspection_c[0m
[4.399s] [ 40%] [32mBuilding C object CMakeFiles/turtle_catcher_interfaces__rosidl_typesupport_introspection_c.dir/rosidl_typesupport_introspection_c/turtle_catcher_interfaces/msg/detail/turtle__type_support.c.o[0m
[4.410s] [ 42%] [32mBuilding CXX object CMakeFiles/turtle_catcher_interfaces__rosidl_typesupport_c.dir/rosidl_typesupport_c/turtle_catcher_interfaces/msg/alive_turtles__type_support.cpp.o[0m
[4.499s] [ 44%] [32mBuilding CXX object CMakeFiles/turtle_catcher_interfaces__rosidl_typesupport_c.dir/rosidl_typesupport_c/turtle_catcher_interfaces/srv/catch_turtle__type_support.cpp.o[0m
[4.541s] [ 46%] [32mBuilding C object CMakeFiles/turtle_catcher_interfaces__rosidl_typesupport_introspection_c.dir/rosidl_typesupport_introspection_c/turtle_catcher_interfaces/msg/detail/alive_turtles__type_support.c.o[0m
[4.560s] [ 48%] [32mBuilding C object CMakeFiles/turtle_catcher_interfaces__rosidl_typesupport_introspection_c.dir/rosidl_typesupport_introspection_c/turtle_catcher_interfaces/srv/detail/catch_turtle__type_support.c.o[0m
[4.592s] [ 51%] [32m[1mLinking CXX shared library libturtle_catcher_interfaces__rosidl_typesupport_c.so[0m
[4.643s] [ 53%] [32mBuilding CXX object CMakeFiles/turtle_catcher_interfaces__rosidl_typesupport_introspection_cpp.dir/rosidl_typesupport_introspection_cpp/turtle_catcher_interfaces/srv/detail/catch_turtle__type_support.cpp.o[0m
[4.679s] [ 55%] [32m[1mLinking C shared library libturtle_catcher_interfaces__rosidl_typesupport_introspection_c.so[0m
[4.688s] [ 57%] [32mBuilding CXX object CMakeFiles/turtle_catcher_interfaces__rosidl_typesupport_fastrtps_cpp.dir/rosidl_typesupport_fastrtps_cpp/turtle_catcher_interfaces/msg/detail/dds_fastrtps/alive_turtles__type_support.cpp.o[0m
[4.706s] [ 57%] Built target turtle_catcher_interfaces__rosidl_typesupport_c
[4.706s] [ 59%] [32mBuilding CXX object CMakeFiles/turtle_catcher_interfaces__rosidl_typesupport_fastrtps_cpp.dir/rosidl_typesupport_fastrtps_cpp/turtle_catcher_interfaces/srv/detail/dds_fastrtps/catch_turtle__type_support.cpp.o[0m
[4.706s] [ 61%] [32m[1mLinking CXX shared library libturtle_catcher_interfaces__rosidl_typesupport_cpp.so[0m
[4.761s] [ 61%] Built target turtle_catcher_interfaces__rosidl_typesupport_introspection_c
[4.818s] [ 61%] Built target turtle_catcher_interfaces__rosidl_typesupport_cpp
[5.246s] [ 63%] [32m[1mLinking CXX shared library libturtle_catcher_interfaces__rosidl_typesupport_introspection_cpp.so[0m
[5.378s] [ 63%] Built target turtle_catcher_interfaces__rosidl_typesupport_introspection_cpp
[5.618s] [ 65%] [32m[1mLinking CXX shared library libturtle_catcher_interfaces__rosidl_typesupport_fastrtps_cpp.so[0m
[5.770s] [ 65%] Built target turtle_catcher_interfaces__rosidl_typesupport_fastrtps_cpp
[5.788s] [ 68%] [34m[1mGenerating C type support for eProsima Fast-RTPS[0m
[6.318s] [35m[1mScanning dependencies of target turtle_catcher_interfaces__rosidl_typesupport_fastrtps_c[0m
[6.350s] [ 70%] [32mBuilding CXX object CMakeFiles/turtle_catcher_interfaces__rosidl_typesupport_fastrtps_c.dir/rosidl_typesupport_fastrtps_c/turtle_catcher_interfaces/msg/detail/turtle__type_support_c.cpp.o[0m
[6.350s] [ 72%] [32mBuilding CXX object CMakeFiles/turtle_catcher_interfaces__rosidl_typesupport_fastrtps_c.dir/rosidl_typesupport_fastrtps_c/turtle_catcher_interfaces/msg/detail/alive_turtles__type_support_c.cpp.o[0m
[6.351s] [ 74%] [32mBuilding CXX object CMakeFiles/turtle_catcher_interfaces__rosidl_typesupport_fastrtps_c.dir/rosidl_typesupport_fastrtps_c/turtle_catcher_interfaces/srv/detail/catch_turtle__type_support_c.cpp.o[0m
[7.013s] [ 76%] [32m[1mLinking CXX shared library libturtle_catcher_interfaces__rosidl_typesupport_fastrtps_c.so[0m
[7.159s] [ 76%] Built target turtle_catcher_interfaces__rosidl_typesupport_fastrtps_c
[7.176s] [35m[1mScanning dependencies of target turtle_catcher_interfaces[0m
[7.194s] [ 76%] Built target turtle_catcher_interfaces
[7.212s] [35m[1mScanning dependencies of target turtle_catcher_interfaces__py[0m
[7.231s] [ 78%] [34m[1mGenerating Python code for ROS interfaces[0m
[8.281s] [ 78%] Built target turtle_catcher_interfaces__py
[8.299s] [35m[1mScanning dependencies of target turtle_catcher_interfaces__python[0m
[8.353s] [ 80%] [32mBuilding C object CMakeFiles/turtle_catcher_interfaces__python.dir/rosidl_generator_py/turtle_catcher_interfaces/msg/_turtle_s.c.o[0m
[8.353s] [ 82%] [32mBuilding C object CMakeFiles/turtle_catcher_interfaces__python.dir/rosidl_generator_py/turtle_catcher_interfaces/msg/_alive_turtles_s.c.o[0m
[8.353s] [ 85%] [32mBuilding C object CMakeFiles/turtle_catcher_interfaces__python.dir/rosidl_generator_py/turtle_catcher_interfaces/srv/_catch_turtle_s.c.o[0m
[8.536s] [ 87%] [32m[1mLinking C shared library rosidl_generator_py/turtle_catcher_interfaces/libturtle_catcher_interfaces__python.so[0m
[8.605s] [ 87%] Built target turtle_catcher_interfaces__python
[8.623s] [35m[1mScanning dependencies of target turtle_catcher_interfaces__rosidl_typesupport_c__pyext[0m
[8.623s] [35m[1mScanning dependencies of target turtle_catcher_interfaces__rosidl_typesupport_introspection_c__pyext[0m
[8.624s] [35m[1mScanning dependencies of target turtle_catcher_interfaces__rosidl_typesupport_fastrtps_c__pyext[0m
[8.656s] [ 89%] [32mBuilding C object CMakeFiles/turtle_catcher_interfaces__rosidl_typesupport_c__pyext.dir/rosidl_generator_py/turtle_catcher_interfaces/_turtle_catcher_interfaces_s.ep.rosidl_typesupport_c.c.o[0m
[8.657s] [ 93%] [32mBuilding C object CMakeFiles/turtle_catcher_interfaces__rosidl_typesupport_fastrtps_c__pyext.dir/rosidl_generator_py/turtle_catcher_interfaces/_turtle_catcher_interfaces_s.ep.rosidl_typesupport_fastrtps_c.c.o[0m
[8.658s] [ 93%] [32mBuilding C object CMakeFiles/turtle_catcher_interfaces__rosidl_typesupport_introspection_c__pyext.dir/rosidl_generator_py/turtle_catcher_interfaces/_turtle_catcher_interfaces_s.ep.rosidl_typesupport_introspection_c.c.o[0m
[8.818s] [ 97%] [32m[1mLinking C shared library rosidl_generator_py/turtle_catcher_interfaces/turtle_catcher_interfaces_s__rosidl_typesupport_c.cpython-38-x86_64-linux-gnu.so[0m
[8.818s] [ 97%] [32m[1mLinking C shared library rosidl_generator_py/turtle_catcher_interfaces/turtle_catcher_interfaces_s__rosidl_typesupport_introspection_c.cpython-38-x86_64-linux-gnu.so[0m
[8.825s] [100%] [32m[1mLinking CXX shared library rosidl_generator_py/turtle_catcher_interfaces/turtle_catcher_interfaces_s__rosidl_typesupport_fastrtps_c.cpython-38-x86_64-linux-gnu.so[0m
[8.880s] [100%] Built target turtle_catcher_interfaces__rosidl_typesupport_c__pyext
[8.880s] [100%] Built target turtle_catcher_interfaces__rosidl_typesupport_introspection_c__pyext
[8.942s] [100%] Built target turtle_catcher_interfaces__rosidl_typesupport_fastrtps_c__pyext
[8.962s] Invoked command in '/home/redi/ros2_ws/build/turtle_catcher_interfaces' returned '0': CMAKE_PREFIX_PATH=${CMAKE_PREFIX_PATH}:/home/redi/ros2_ws/install/my_py_pkg:/opt/ros/foxy /usr/bin/cmake --build /home/redi/ros2_ws/build/turtle_catcher_interfaces -- -j8 -l8
[9.113s] Invoking command in '/home/redi/ros2_ws/build/turtle_catcher_interfaces': CMAKE_PREFIX_PATH=${CMAKE_PREFIX_PATH}:/home/redi/ros2_ws/install/my_py_pkg:/opt/ros/foxy /usr/bin/cmake --install /home/redi/ros2_ws/build/turtle_catcher_interfaces
[9.128s] -- Install configuration: ""
[9.129s] -- Installing: /home/redi/ros2_ws/install/turtle_catcher_interfaces/share/ament_index/resource_index/rosidl_interfaces/turtle_catcher_interfaces
[9.129s] -- Installing: /home/redi/ros2_ws/install/turtle_catcher_interfaces/include/turtle_catcher_interfaces
[9.129s] -- Installing: /home/redi/ros2_ws/install/turtle_catcher_interfaces/include/turtle_catcher_interfaces/msg
[9.129s] -- Installing: /home/redi/ros2_ws/install/turtle_catcher_interfaces/include/turtle_catcher_interfaces/msg/detail
[9.130s] -- Installing: /home/redi/ros2_ws/install/turtle_catcher_interfaces/include/turtle_catcher_interfaces/msg/detail/turtle__type_support.h
[9.130s] -- Installing: /home/redi/ros2_ws/install/turtle_catcher_interfaces/include/turtle_catcher_interfaces/msg/detail/turtle__functions.h
[9.130s] -- Installing: /home/redi/ros2_ws/install/turtle_catcher_interfaces/include/turtle_catcher_interfaces/msg/detail/alive_turtles__functions.h
[9.130s] -- Installing: /home/redi/ros2_ws/install/turtle_catcher_interfaces/include/turtle_catcher_interfaces/msg/detail/alive_turtles__struct.h
[9.130s] -- Installing: /home/redi/ros2_ws/install/turtle_catcher_interfaces/include/turtle_catcher_interfaces/msg/detail/turtle__struct.h
[9.130s] -- Installing: /home/redi/ros2_ws/install/turtle_catcher_interfaces/include/turtle_catcher_interfaces/msg/detail/alive_turtles__type_support.h
[9.131s] -- Installing: /home/redi/ros2_ws/install/turtle_catcher_interfaces/include/turtle_catcher_interfaces/msg/detail/alive_turtles__functions.c
[9.131s] -- Installing: /home/redi/ros2_ws/install/turtle_catcher_interfaces/include/turtle_catcher_interfaces/msg/detail/turtle__functions.c
[9.131s] -- Installing: /home/redi/ros2_ws/install/turtle_catcher_interfaces/include/turtle_catcher_interfaces/msg/rosidl_generator_c__visibility_control.h
[9.131s] -- Installing: /home/redi/ros2_ws/install/turtle_catcher_interfaces/include/turtle_catcher_interfaces/msg/turtle.h
[9.132s] -- Installing: /home/redi/ros2_ws/install/turtle_catcher_interfaces/include/turtle_catcher_interfaces/msg/alive_turtles.h
[9.132s] -- Installing: /home/redi/ros2_ws/install/turtle_catcher_interfaces/include/turtle_catcher_interfaces/srv
[9.132s] -- Installing: /home/redi/ros2_ws/install/turtle_catcher_interfaces/include/turtle_catcher_interfaces/srv/detail
[9.132s] -- Installing: /home/redi/ros2_ws/install/turtle_catcher_interfaces/include/turtle_catcher_interfaces/srv/detail/catch_turtle__functions.c
[9.132s] -- Installing: /home/redi/ros2_ws/install/turtle_catcher_interfaces/include/turtle_catcher_interfaces/srv/detail/catch_turtle__struct.h
[9.132s] -- Installing: /home/redi/ros2_ws/install/turtle_catcher_interfaces/include/turtle_catcher_interfaces/srv/detail/catch_turtle__type_support.h
[9.133s] -- Installing: /home/redi/ros2_ws/install/turtle_catcher_interfaces/include/turtle_catcher_interfaces/srv/detail/catch_turtle__functions.h
[9.133s] -- Installing: /home/redi/ros2_ws/install/turtle_catcher_interfaces/include/turtle_catcher_interfaces/srv/catch_turtle.h
[9.133s] -- Installing: /home/redi/ros2_ws/install/turtle_catcher_interfaces/share/turtle_catcher_interfaces/environment/library_path.sh
[9.133s] -- Installing: /home/redi/ros2_ws/install/turtle_catcher_interfaces/share/turtle_catcher_interfaces/environment/library_path.dsv
[9.133s] -- Installing: /home/redi/ros2_ws/install/turtle_catcher_interfaces/lib/libturtle_catcher_interfaces__rosidl_generator_c.so
[9.134s] -- Set runtime path of "/home/redi/ros2_ws/install/turtle_catcher_interfaces/lib/libturtle_catcher_interfaces__rosidl_generator_c.so" to ""
[9.134s] -- Up-to-date: /home/redi/ros2_ws/install/turtle_catcher_interfaces/include/turtle_catcher_interfaces
[9.134s] -- Up-to-date: /home/redi/ros2_ws/install/turtle_catcher_interfaces/include/turtle_catcher_interfaces/msg
[9.134s] -- Up-to-date: /home/redi/ros2_ws/install/turtle_catcher_interfaces/include/turtle_catcher_interfaces/msg/detail
[9.135s] -- Installing: /home/redi/ros2_ws/install/turtle_catcher_interfaces/include/turtle_catcher_interfaces/msg/detail/alive_turtles__rosidl_typesupport_fastrtps_c.h
[9.135s] -- Installing: /home/redi/ros2_ws/install/turtle_catcher_interfaces/include/turtle_catcher_interfaces/msg/detail/turtle__rosidl_typesupport_fastrtps_c.h
[9.135s] -- Installing: /home/redi/ros2_ws/install/turtle_catcher_interfaces/include/turtle_catcher_interfaces/msg/rosidl_typesupport_fastrtps_c__visibility_control.h
[9.135s] -- Up-to-date: /home/redi/ros2_ws/install/turtle_catcher_interfaces/include/turtle_catcher_interfaces/srv
[9.135s] -- Up-to-date: /home/redi/ros2_ws/install/turtle_catcher_interfaces/include/turtle_catcher_interfaces/srv/detail
[9.135s] -- Installing: /home/redi/ros2_ws/install/turtle_catcher_interfaces/include/turtle_catcher_interfaces/srv/detail/catch_turtle__rosidl_typesupport_fastrtps_c.h
[9.135s] -- Installing: /home/redi/ros2_ws/install/turtle_catcher_interfaces/lib/libturtle_catcher_interfaces__rosidl_typesupport_fastrtps_c.so
[9.136s] -- Set runtime path of "/home/redi/ros2_ws/install/turtle_catcher_interfaces/lib/libturtle_catcher_interfaces__rosidl_typesupport_fastrtps_c.so" to ""
[9.136s] -- Up-to-date: /home/redi/ros2_ws/install/turtle_catcher_interfaces/include/turtle_catcher_interfaces
[9.136s] -- Up-to-date: /home/redi/ros2_ws/install/turtle_catcher_interfaces/include/turtle_catcher_interfaces/msg
[9.136s] -- Installing: /home/redi/ros2_ws/install/turtle_catcher_interfaces/include/turtle_catcher_interfaces/msg/rosidl_typesupport_fastrtps_cpp__visibility_control.h
[9.137s] -- Up-to-date: /home/redi/ros2_ws/install/turtle_catcher_interfaces/include/turtle_catcher_interfaces/msg/detail
[9.137s] -- Installing: /home/redi/ros2_ws/install/turtle_catcher_interfaces/include/turtle_catcher_interfaces/msg/detail/dds_fastrtps
[9.137s] -- Installing: /home/redi/ros2_ws/install/turtle_catcher_interfaces/include/turtle_catcher_interfaces/msg/detail/turtle__rosidl_typesupport_fastrtps_cpp.hpp
[9.137s] -- Installing: /home/redi/ros2_ws/install/turtle_catcher_interfaces/include/turtle_catcher_interfaces/msg/detail/alive_turtles__rosidl_typesupport_fastrtps_cpp.hpp
[9.137s] -- Up-to-date: /home/redi/ros2_ws/install/turtle_catcher_interfaces/include/turtle_catcher_interfaces/srv
[9.137s] -- Up-to-date: /home/redi/ros2_ws/install/turtle_catcher_interfaces/include/turtle_catcher_interfaces/srv/detail
[9.138s] -- Installing: /home/redi/ros2_ws/install/turtle_catcher_interfaces/include/turtle_catcher_interfaces/srv/detail/dds_fastrtps
[9.138s] -- Installing: /home/redi/ros2_ws/install/turtle_catcher_interfaces/include/turtle_catcher_interfaces/srv/detail/catch_turtle__rosidl_typesupport_fastrtps_cpp.hpp
[9.138s] -- Installing: /home/redi/ros2_ws/install/turtle_catcher_interfaces/lib/libturtle_catcher_interfaces__rosidl_typesupport_fastrtps_cpp.so
[9.138s] -- Set runtime path of "/home/redi/ros2_ws/install/turtle_catcher_interfaces/lib/libturtle_catcher_interfaces__rosidl_typesupport_fastrtps_cpp.so" to ""
[9.138s] -- Up-to-date: /home/redi/ros2_ws/install/turtle_catcher_interfaces/include/turtle_catcher_interfaces
[9.139s] -- Up-to-date: /home/redi/ros2_ws/install/turtle_catcher_interfaces/include/turtle_catcher_interfaces/msg
[9.139s] -- Up-to-date: /home/redi/ros2_ws/install/turtle_catcher_interfaces/include/turtle_catcher_interfaces/msg/detail
[9.139s] -- Installing: /home/redi/ros2_ws/install/turtle_catcher_interfaces/include/turtle_catcher_interfaces/msg/detail/alive_turtles__rosidl_typesupport_introspection_c.h
[9.139s] -- Installing: /home/redi/ros2_ws/install/turtle_catcher_interfaces/include/turtle_catcher_interfaces/msg/detail/alive_turtles__type_support.c
[9.139s] -- Installing: /home/redi/ros2_ws/install/turtle_catcher_interfaces/include/turtle_catcher_interfaces/msg/detail/turtle__rosidl_typesupport_introspection_c.h
[9.139s] -- Installing: /home/redi/ros2_ws/install/turtle_catcher_interfaces/include/turtle_catcher_interfaces/msg/detail/turtle__type_support.c
[9.140s] -- Installing: /home/redi/ros2_ws/install/turtle_catcher_interfaces/include/turtle_catcher_interfaces/msg/rosidl_typesupport_introspection_c__visibility_control.h
[9.140s] -- Up-to-date: /home/redi/ros2_ws/install/turtle_catcher_interfaces/include/turtle_catcher_interfaces/srv
[9.140s] -- Up-to-date: /home/redi/ros2_ws/install/turtle_catcher_interfaces/include/turtle_catcher_interfaces/srv/detail
[9.140s] -- Installing: /home/redi/ros2_ws/install/turtle_catcher_interfaces/include/turtle_catcher_interfaces/srv/detail/catch_turtle__rosidl_typesupport_introspection_c.h
[9.140s] -- Installing: /home/redi/ros2_ws/install/turtle_catcher_interfaces/include/turtle_catcher_interfaces/srv/detail/catch_turtle__type_support.c
[9.140s] -- Installing: /home/redi/ros2_ws/install/turtle_catcher_interfaces/lib/libturtle_catcher_interfaces__rosidl_typesupport_introspection_c.so
[9.141s] -- Set runtime path of "/home/redi/ros2_ws/install/turtle_catcher_interfaces/lib/libturtle_catcher_interfaces__rosidl_typesupport_introspection_c.so" to ""
[9.141s] -- Installing: /home/redi/ros2_ws/install/turtle_catcher_interfaces/lib/libturtle_catcher_interfaces__rosidl_typesupport_c.so
[9.141s] -- Set runtime path of "/home/redi/ros2_ws/install/turtle_catcher_interfaces/lib/libturtle_catcher_interfaces__rosidl_typesupport_c.so" to ""
[9.142s] -- Up-to-date: /home/redi/ros2_ws/install/turtle_catcher_interfaces/include/turtle_catcher_interfaces
[9.142s] -- Up-to-date: /home/redi/ros2_ws/install/turtle_catcher_interfaces/include/turtle_catcher_interfaces/msg
[9.142s] -- Installing: /home/redi/ros2_ws/install/turtle_catcher_interfaces/include/turtle_catcher_interfaces/msg/alive_turtles.hpp
[9.142s] -- Up-to-date: /home/redi/ros2_ws/install/turtle_catcher_interfaces/include/turtle_catcher_interfaces/msg/detail
[9.142s] -- Installing: /home/redi/ros2_ws/install/turtle_catcher_interfaces/include/turtle_catcher_interfaces/msg/detail/turtle__traits.hpp
[9.143s] -- Installing: /home/redi/ros2_ws/install/turtle_catcher_interfaces/include/turtle_catcher_interfaces/msg/detail/alive_turtles__builder.hpp
[9.143s] -- Installing: /home/redi/ros2_ws/install/turtle_catcher_interfaces/include/turtle_catcher_interfaces/msg/detail/alive_turtles__traits.hpp
[9.143s] -- Installing: /home/redi/ros2_ws/install/turtle_catcher_interfaces/include/turtle_catcher_interfaces/msg/detail/turtle__struct.hpp
[9.143s] -- Installing: /home/redi/ros2_ws/install/turtle_catcher_interfaces/include/turtle_catcher_interfaces/msg/detail/turtle__builder.hpp
[9.143s] -- Installing: /home/redi/ros2_ws/install/turtle_catcher_interfaces/include/turtle_catcher_interfaces/msg/detail/alive_turtles__struct.hpp
[9.144s] -- Installing: /home/redi/ros2_ws/install/turtle_catcher_interfaces/include/turtle_catcher_interfaces/msg/turtle.hpp
[9.144s] -- Up-to-date: /home/redi/ros2_ws/install/turtle_catcher_interfaces/include/turtle_catcher_interfaces/srv
[9.144s] -- Installing: /home/redi/ros2_ws/install/turtle_catcher_interfaces/include/turtle_catcher_interfaces/srv/catch_turtle.hpp
[9.144s] -- Up-to-date: /home/redi/ros2_ws/install/turtle_catcher_interfaces/include/turtle_catcher_interfaces/srv/detail
[9.144s] -- Installing: /home/redi/ros2_ws/install/turtle_catcher_interfaces/include/turtle_catcher_interfaces/srv/detail/catch_turtle__builder.hpp
[9.145s] -- Installing: /home/redi/ros2_ws/install/turtle_catcher_interfaces/include/turtle_catcher_interfaces/srv/detail/catch_turtle__traits.hpp
[9.145s] -- Installing: /home/redi/ros2_ws/install/turtle_catcher_interfaces/include/turtle_catcher_interfaces/srv/detail/catch_turtle__struct.hpp
[9.145s] -- Up-to-date: /home/redi/ros2_ws/install/turtle_catcher_interfaces/include/turtle_catcher_interfaces
[9.145s] -- Up-to-date: /home/redi/ros2_ws/install/turtle_catcher_interfaces/include/turtle_catcher_interfaces/msg
[9.145s] -- Up-to-date: /home/redi/ros2_ws/install/turtle_catcher_interfaces/include/turtle_catcher_interfaces/msg/detail
[9.145s] -- Installing: /home/redi/ros2_ws/install/turtle_catcher_interfaces/include/turtle_catcher_interfaces/msg/detail/alive_turtles__type_support.cpp
[9.146s] -- Installing: /home/redi/ros2_ws/install/turtle_catcher_interfaces/include/turtle_catcher_interfaces/msg/detail/alive_turtles__rosidl_typesupport_introspection_cpp.hpp
[9.146s] -- Installing: /home/redi/ros2_ws/install/turtle_catcher_interfaces/include/turtle_catcher_interfaces/msg/detail/turtle__type_support.cpp
[9.146s] -- Installing: /home/redi/ros2_ws/install/turtle_catcher_interfaces/include/turtle_catcher_interfaces/msg/detail/turtle__rosidl_typesupport_introspection_cpp.hpp
[9.146s] -- Up-to-date: /home/redi/ros2_ws/install/turtle_catcher_interfaces/include/turtle_catcher_interfaces/srv
[9.146s] -- Up-to-date: /home/redi/ros2_ws/install/turtle_catcher_interfaces/include/turtle_catcher_interfaces/srv/detail
[9.146s] -- Installing: /home/redi/ros2_ws/install/turtle_catcher_interfaces/include/turtle_catcher_interfaces/srv/detail/catch_turtle__type_support.cpp
[9.146s] -- Installing: /home/redi/ros2_ws/install/turtle_catcher_interfaces/include/turtle_catcher_interfaces/srv/detail/catch_turtle__rosidl_typesupport_introspection_cpp.hpp
[9.146s] -- Installing: /home/redi/ros2_ws/install/turtle_catcher_interfaces/lib/libturtle_catcher_interfaces__rosidl_typesupport_introspection_cpp.so
[9.147s] -- Set runtime path of "/home/redi/ros2_ws/install/turtle_catcher_interfaces/lib/libturtle_catcher_interfaces__rosidl_typesupport_introspection_cpp.so" to ""
[9.147s] -- Installing: /home/redi/ros2_ws/install/turtle_catcher_interfaces/lib/libturtle_catcher_interfaces__rosidl_typesupport_cpp.so
[9.147s] -- Set runtime path of "/home/redi/ros2_ws/install/turtle_catcher_interfaces/lib/libturtle_catcher_interfaces__rosidl_typesupport_cpp.so" to ""
[9.147s] -- Installing: /home/redi/ros2_ws/install/turtle_catcher_interfaces/share/turtle_catcher_interfaces/environment/pythonpath.sh
[9.147s] -- Installing: /home/redi/ros2_ws/install/turtle_catcher_interfaces/share/turtle_catcher_interfaces/environment/pythonpath.dsv
[9.148s] -- Installing: /home/redi/ros2_ws/install/turtle_catcher_interfaces/lib/python3.8/site-packages/turtle_catcher_interfaces/__init__.py
[9.205s] Compiling '/home/redi/ros2_ws/install/turtle_catcher_interfaces/lib/python3.8/site-packages/turtle_catcher_interfaces/__init__.py'...
[9.212s] -- Installing: /home/redi/ros2_ws/install/turtle_catcher_interfaces/lib/python3.8/site-packages/turtle_catcher_interfaces/msg
[9.212s] -- Installing: /home/redi/ros2_ws/install/turtle_catcher_interfaces/lib/python3.8/site-packages/turtle_catcher_interfaces/msg/__init__.py
[9.212s] -- Installing: /home/redi/ros2_ws/install/turtle_catcher_interfaces/lib/python3.8/site-packages/turtle_catcher_interfaces/msg/_turtle.py
[9.213s] -- Installing: /home/redi/ros2_ws/install/turtle_catcher_interfaces/lib/python3.8/site-packages/turtle_catcher_interfaces/msg/_alive_turtles_s.c
[9.213s] -- Installing: /home/redi/ros2_ws/install/turtle_catcher_interfaces/lib/python3.8/site-packages/turtle_catcher_interfaces/msg/_alive_turtles.py
[9.213s] -- Installing: /home/redi/ros2_ws/install/turtle_catcher_interfaces/lib/python3.8/site-packages/turtle_catcher_interfaces/msg/_turtle_s.c
[9.213s] -- Installing: /home/redi/ros2_ws/install/turtle_catcher_interfaces/lib/python3.8/site-packages/turtle_catcher_interfaces/srv
[9.213s] -- Installing: /home/redi/ros2_ws/install/turtle_catcher_interfaces/lib/python3.8/site-packages/turtle_catcher_interfaces/srv/__init__.py
[9.213s] -- Installing: /home/redi/ros2_ws/install/turtle_catcher_interfaces/lib/python3.8/site-packages/turtle_catcher_interfaces/srv/_catch_turtle_s.c
[9.213s] -- Installing: /home/redi/ros2_ws/install/turtle_catcher_interfaces/lib/python3.8/site-packages/turtle_catcher_interfaces/srv/_catch_turtle.py
[9.214s] -- Installing: /home/redi/ros2_ws/install/turtle_catcher_interfaces/lib/python3.8/site-packages/turtle_catcher_interfaces/turtle_catcher_interfaces_s__rosidl_typesupport_fastrtps_c.cpython-38-x86_64-linux-gnu.so
[9.215s] -- Set runtime path of "/home/redi/ros2_ws/install/turtle_catcher_interfaces/lib/python3.8/site-packages/turtle_catcher_interfaces/turtle_catcher_interfaces_s__rosidl_typesupport_fastrtps_c.cpython-38-x86_64-linux-gnu.so" to ""
[9.215s] -- Installing: /home/redi/ros2_ws/install/turtle_catcher_interfaces/lib/python3.8/site-packages/turtle_catcher_interfaces/turtle_catcher_interfaces_s__rosidl_typesupport_introspection_c.cpython-38-x86_64-linux-gnu.so
[9.217s] -- Set runtime path of "/home/redi/ros2_ws/install/turtle_catcher_interfaces/lib/python3.8/site-packages/turtle_catcher_interfaces/turtle_catcher_interfaces_s__rosidl_typesupport_introspection_c.cpython-38-x86_64-linux-gnu.so" to ""
[9.217s] -- Installing: /home/redi/ros2_ws/install/turtle_catcher_interfaces/lib/python3.8/site-packages/turtle_catcher_interfaces/turtle_catcher_interfaces_s__rosidl_typesupport_c.cpython-38-x86_64-linux-gnu.so
[9.218s] -- Set runtime path of "/home/redi/ros2_ws/install/turtle_catcher_interfaces/lib/python3.8/site-packages/turtle_catcher_interfaces/turtle_catcher_interfaces_s__rosidl_typesupport_c.cpython-38-x86_64-linux-gnu.so" to ""
[9.218s] -- Installing: /home/redi/ros2_ws/install/turtle_catcher_interfaces/lib/libturtle_catcher_interfaces__python.so
[9.219s] -- Set runtime path of "/home/redi/ros2_ws/install/turtle_catcher_interfaces/lib/libturtle_catcher_interfaces__python.so" to ""
[9.219s] -- Installing: /home/redi/ros2_ws/install/turtle_catcher_interfaces/share/turtle_catcher_interfaces/msg/Turtle.idl
[9.219s] -- Installing: /home/redi/ros2_ws/install/turtle_catcher_interfaces/share/turtle_catcher_interfaces/msg/AliveTurtles.idl
[9.220s] -- Installing: /home/redi/ros2_ws/install/turtle_catcher_interfaces/share/turtle_catcher_interfaces/srv/CatchTurtle.idl
[9.220s] -- Installing: /home/redi/ros2_ws/install/turtle_catcher_interfaces/share/turtle_catcher_interfaces/msg/Turtle.msg
[9.220s] -- Installing: /home/redi/ros2_ws/install/turtle_catcher_interfaces/share/turtle_catcher_interfaces/msg/AliveTurtles.msg
[9.221s] -- Installing: /home/redi/ros2_ws/install/turtle_catcher_interfaces/share/turtle_catcher_interfaces/srv/CatchTurtle.srv
[9.221s] -- Installing: /home/redi/ros2_ws/install/turtle_catcher_interfaces/share/turtle_catcher_interfaces/srv/CatchTurtle_Request.msg
[9.221s] -- Installing: /home/redi/ros2_ws/install/turtle_catcher_interfaces/share/turtle_catcher_interfaces/srv/CatchTurtle_Response.msg
[9.222s] -- Installing: /home/redi/ros2_ws/install/turtle_catcher_interfaces/share/ament_index/resource_index/package_run_dependencies/turtle_catcher_interfaces
[9.222s] -- Installing: /home/redi/ros2_ws/install/turtle_catcher_interfaces/share/ament_index/resource_index/parent_prefix_path/turtle_catcher_interfaces
[9.223s] -- Installing: /home/redi/ros2_ws/install/turtle_catcher_interfaces/share/turtle_catcher_interfaces/environment/ament_prefix_path.sh
[9.223s] -- Installing: /home/redi/ros2_ws/install/turtle_catcher_interfaces/share/turtle_catcher_interfaces/environment/ament_prefix_path.dsv
[9.223s] -- Installing: /home/redi/ros2_ws/install/turtle_catcher_interfaces/share/turtle_catcher_interfaces/environment/path.sh
[9.223s] -- Installing: /home/redi/ros2_ws/install/turtle_catcher_interfaces/share/turtle_catcher_interfaces/environment/path.dsv
[9.223s] -- Installing: /home/redi/ros2_ws/install/turtle_catcher_interfaces/share/turtle_catcher_interfaces/local_setup.bash
[9.224s] -- Installing: /home/redi/ros2_ws/install/turtle_catcher_interfaces/share/turtle_catcher_interfaces/local_setup.sh
[9.224s] -- Installing: /home/redi/ros2_ws/install/turtle_catcher_interfaces/share/turtle_catcher_interfaces/local_setup.zsh
[9.224s] -- Installing: /home/redi/ros2_ws/install/turtle_catcher_interfaces/share/turtle_catcher_interfaces/local_setup.dsv
[9.224s] -- Installing: /home/redi/ros2_ws/install/turtle_catcher_interfaces/share/turtle_catcher_interfaces/package.dsv
[9.225s] -- Installing: /home/redi/ros2_ws/install/turtle_catcher_interfaces/share/ament_index/resource_index/packages/turtle_catcher_interfaces
[9.225s] -- Installing: /home/redi/ros2_ws/install/turtle_catcher_interfaces/share/turtle_catcher_interfaces/cmake/turtle_catcher_interfaces__rosidl_generator_cExport.cmake
[9.225s] -- Installing: /home/redi/ros2_ws/install/turtle_catcher_interfaces/share/turtle_catcher_interfaces/cmake/turtle_catcher_interfaces__rosidl_generator_cExport-noconfig.cmake
[9.226s] -- Installing: /home/redi/ros2_ws/install/turtle_catcher_interfaces/share/turtle_catcher_interfaces/cmake/turtle_catcher_interfaces__rosidl_typesupport_introspection_cExport.cmake
[9.226s] -- Installing: /home/redi/ros2_ws/install/turtle_catcher_interfaces/share/turtle_catcher_interfaces/cmake/turtle_catcher_interfaces__rosidl_typesupport_introspection_cExport-noconfig.cmake
[9.226s] -- Installing: /home/redi/ros2_ws/install/turtle_catcher_interfaces/share/turtle_catcher_interfaces/cmake/turtle_catcher_interfaces__rosidl_typesupport_cExport.cmake
[9.227s] -- Installing: /home/redi/ros2_ws/install/turtle_catcher_interfaces/share/turtle_catcher_interfaces/cmake/turtle_catcher_interfaces__rosidl_typesupport_cExport-noconfig.cmake
[9.227s] -- Installing: /home/redi/ros2_ws/install/turtle_catcher_interfaces/share/turtle_catcher_interfaces/cmake/turtle_catcher_interfaces__rosidl_generator_cppExport.cmake
[9.227s] -- Installing: /home/redi/ros2_ws/install/turtle_catcher_interfaces/share/turtle_catcher_interfaces/cmake/turtle_catcher_interfaces__rosidl_typesupport_introspection_cppExport.cmake
[9.228s] -- Installing: /home/redi/ros2_ws/install/turtle_catcher_interfaces/share/turtle_catcher_interfaces/cmake/turtle_catcher_interfaces__rosidl_typesupport_introspection_cppExport-noconfig.cmake
[9.228s] -- Installing: /home/redi/ros2_ws/install/turtle_catcher_interfaces/share/turtle_catcher_interfaces/cmake/turtle_catcher_interfaces__rosidl_typesupport_cppExport.cmake
[9.228s] -- Installing: /home/redi/ros2_ws/install/turtle_catcher_interfaces/share/turtle_catcher_interfaces/cmake/turtle_catcher_interfaces__rosidl_typesupport_cppExport-noconfig.cmake
[9.228s] -- Installing: /home/redi/ros2_ws/install/turtle_catcher_interfaces/share/turtle_catcher_interfaces/cmake/rosidl_cmake-extras.cmake
[9.229s] -- Installing: /home/redi/ros2_ws/install/turtle_catcher_interfaces/share/turtle_catcher_interfaces/cmake/ament_cmake_export_dependencies-extras.cmake
[9.229s] -- Installing: /home/redi/ros2_ws/install/turtle_catcher_interfaces/share/turtle_catcher_interfaces/cmake/ament_cmake_export_libraries-extras.cmake
[9.229s] -- Installing: /home/redi/ros2_ws/install/turtle_catcher_interfaces/share/turtle_catcher_interfaces/cmake/ament_cmake_export_targets-extras.cmake
[9.229s] -- Installing: /home/redi/ros2_ws/install/turtle_catcher_interfaces/share/turtle_catcher_interfaces/cmake/ament_cmake_export_include_directories-extras.cmake
[9.230s] -- Installing: /home/redi/ros2_ws/install/turtle_catcher_interfaces/share/turtle_catcher_interfaces/cmake/rosidl_cmake_export_typesupport_libraries-extras.cmake
[9.230s] -- Installing: /home/redi/ros2_ws/install/turtle_catcher_interfaces/share/turtle_catcher_interfaces/cmake/rosidl_cmake_export_typesupport_targets-extras.cmake
[9.230s] -- Installing: /home/redi/ros2_ws/install/turtle_catcher_interfaces/share/turtle_catcher_interfaces/cmake/turtle_catcher_interfacesConfig.cmake
[9.230s] -- Installing: /home/redi/ros2_ws/install/turtle_catcher_interfaces/share/turtle_catcher_interfaces/cmake/turtle_catcher_interfacesConfig-version.cmake
[9.230s] -- Installing: /home/redi/ros2_ws/install/turtle_catcher_interfaces/share/turtle_catcher_interfaces/package.xml
[9.235s] Invoked command in '/home/redi/ros2_ws/build/turtle_catcher_interfaces' returned '0': CMAKE_PREFIX_PATH=${CMAKE_PREFIX_PATH}:/home/redi/ros2_ws/install/my_py_pkg:/opt/ros/foxy /usr/bin/cmake --install /home/redi/ros2_ws/build/turtle_catcher_interfaces
