[0.022s] Invoking command in '/home/redi/ros2_ws/build/my_robot_interfaces': CMAKE_PREFIX_PATH=${CMAKE_PREFIX_PATH}:/home/redi/ros2_ws/install/my_py_pkg:/opt/ros/foxy /usr/bin/cmake --build /home/redi/ros2_ws/build/my_robot_interfaces -- -j8 -l8
[0.110s] [  3%] Built target my_robot_interfaces__cpp
[0.111s] [ 12%] Built target my_robot_interfaces__rosidl_generator_c
[0.149s] [ 22%] Built target my_robot_interfaces__rosidl_typesupport_introspection_cpp
[0.152s] [ 32%] Built target my_robot_interfaces__rosidl_typesupport_introspection_c
[0.154s] [ 41%] Built target my_robot_interfaces__rosidl_typesupport_fastrtps_cpp
[0.155s] [ 51%] Built target my_robot_interfaces__rosidl_typesupport_c
[0.158s] [ 61%] Built target my_robot_interfaces__rosidl_typesupport_cpp
[0.196s] [ 70%] Built target my_robot_interfaces__rosidl_typesupport_fastrtps_c
[0.229s] [ 70%] Built target my_robot_interfaces
[0.263s] [ 74%] Built target my_robot_interfaces__py
[0.305s] [ 80%] Built target my_robot_interfaces__python
[0.349s] [100%] Built target my_robot_interfaces__rosidl_typesupport_c__pyext
[0.349s] [100%] Built target my_robot_interfaces__rosidl_typesupport_introspection_c__pyext
[0.349s] [100%] Built target my_robot_interfaces__rosidl_typesupport_fastrtps_c__pyext
[0.368s] Invoked command in '/home/redi/ros2_ws/build/my_robot_interfaces' returned '0': CMAKE_PREFIX_PATH=${CMAKE_PREFIX_PATH}:/home/redi/ros2_ws/install/my_py_pkg:/opt/ros/foxy /usr/bin/cmake --build /home/redi/ros2_ws/build/my_robot_interfaces -- -j8 -l8
[0.466s] Invoking command in '/home/redi/ros2_ws/build/my_robot_interfaces': CMAKE_PREFIX_PATH=${CMAKE_PREFIX_PATH}:/home/redi/ros2_ws/install/my_py_pkg:/opt/ros/foxy /usr/bin/cmake --install /home/redi/ros2_ws/build/my_robot_interfaces
[0.480s] -- Install configuration: ""
[0.480s] -- Up-to-date: /home/redi/ros2_ws/install/my_robot_interfaces/share/ament_index/resource_index/rosidl_interfaces/my_robot_interfaces
[0.481s] -- Up-to-date: /home/redi/ros2_ws/install/my_robot_interfaces/include/my_robot_interfaces
[0.481s] -- Up-to-date: /home/redi/ros2_ws/install/my_robot_interfaces/include/my_robot_interfaces/msg
[0.481s] -- Up-to-date: /home/redi/ros2_ws/install/my_robot_interfaces/include/my_robot_interfaces/msg/detail
[0.481s] -- Up-to-date: /home/redi/ros2_ws/install/my_robot_interfaces/include/my_robot_interfaces/msg/detail/hardware_status__type_support.h
[0.481s] -- Up-to-date: /home/redi/ros2_ws/install/my_robot_interfaces/include/my_robot_interfaces/msg/detail/hardware_status__functions.c
[0.481s] -- Up-to-date: /home/redi/ros2_ws/install/my_robot_interfaces/include/my_robot_interfaces/msg/detail/hardware_status__struct.h
[0.482s] -- Up-to-date: /home/redi/ros2_ws/install/my_robot_interfaces/include/my_robot_interfaces/msg/detail/hardware_status__functions.h
[0.482s] -- Up-to-date: /home/redi/ros2_ws/install/my_robot_interfaces/include/my_robot_interfaces/msg/hardware_status.h
[0.482s] -- Up-to-date: /home/redi/ros2_ws/install/my_robot_interfaces/include/my_robot_interfaces/msg/rosidl_generator_c__visibility_control.h
[0.482s] -- Up-to-date: /home/redi/ros2_ws/install/my_robot_interfaces/share/my_robot_interfaces/environment/library_path.sh
[0.482s] -- Up-to-date: /home/redi/ros2_ws/install/my_robot_interfaces/share/my_robot_interfaces/environment/library_path.dsv
[0.482s] -- Up-to-date: /home/redi/ros2_ws/install/my_robot_interfaces/lib/libmy_robot_interfaces__rosidl_generator_c.so
[0.483s] -- Up-to-date: /home/redi/ros2_ws/install/my_robot_interfaces/include/my_robot_interfaces
[0.483s] -- Up-to-date: /home/redi/ros2_ws/install/my_robot_interfaces/include/my_robot_interfaces/msg
[0.483s] -- Up-to-date: /home/redi/ros2_ws/install/my_robot_interfaces/include/my_robot_interfaces/msg/detail
[0.483s] -- Up-to-date: /home/redi/ros2_ws/install/my_robot_interfaces/include/my_robot_interfaces/msg/detail/hardware_status__rosidl_typesupport_fastrtps_c.h
[0.483s] -- Up-to-date: /home/redi/ros2_ws/install/my_robot_interfaces/include/my_robot_interfaces/msg/rosidl_typesupport_fastrtps_c__visibility_control.h
[0.483s] -- Up-to-date: /home/redi/ros2_ws/install/my_robot_interfaces/lib/libmy_robot_interfaces__rosidl_typesupport_fastrtps_c.so
[0.483s] -- Up-to-date: /home/redi/ros2_ws/install/my_robot_interfaces/include/my_robot_interfaces
[0.484s] -- Up-to-date: /home/redi/ros2_ws/install/my_robot_interfaces/include/my_robot_interfaces/msg
[0.484s] -- Up-to-date: /home/redi/ros2_ws/install/my_robot_interfaces/include/my_robot_interfaces/msg/rosidl_typesupport_fastrtps_cpp__visibility_control.h
[0.484s] -- Up-to-date: /home/redi/ros2_ws/install/my_robot_interfaces/include/my_robot_interfaces/msg/detail
[0.484s] -- Up-to-date: /home/redi/ros2_ws/install/my_robot_interfaces/include/my_robot_interfaces/msg/detail/dds_fastrtps
[0.484s] -- Up-to-date: /home/redi/ros2_ws/install/my_robot_interfaces/include/my_robot_interfaces/msg/detail/hardware_status__rosidl_typesupport_fastrtps_cpp.hpp
[0.484s] -- Up-to-date: /home/redi/ros2_ws/install/my_robot_interfaces/lib/libmy_robot_interfaces__rosidl_typesupport_fastrtps_cpp.so
[0.485s] -- Up-to-date: /home/redi/ros2_ws/install/my_robot_interfaces/include/my_robot_interfaces
[0.485s] -- Up-to-date: /home/redi/ros2_ws/install/my_robot_interfaces/include/my_robot_interfaces/msg
[0.485s] -- Up-to-date: /home/redi/ros2_ws/install/my_robot_interfaces/include/my_robot_interfaces/msg/detail
[0.485s] -- Up-to-date: /home/redi/ros2_ws/install/my_robot_interfaces/include/my_robot_interfaces/msg/detail/hardware_status__type_support.c
[0.485s] -- Up-to-date: /home/redi/ros2_ws/install/my_robot_interfaces/include/my_robot_interfaces/msg/detail/hardware_status__rosidl_typesupport_introspection_c.h
[0.485s] -- Up-to-date: /home/redi/ros2_ws/install/my_robot_interfaces/include/my_robot_interfaces/msg/rosidl_typesupport_introspection_c__visibility_control.h
[0.486s] -- Up-to-date: /home/redi/ros2_ws/install/my_robot_interfaces/lib/libmy_robot_interfaces__rosidl_typesupport_introspection_c.so
[0.486s] -- Up-to-date: /home/redi/ros2_ws/install/my_robot_interfaces/lib/libmy_robot_interfaces__rosidl_typesupport_c.so
[0.486s] -- Up-to-date: /home/redi/ros2_ws/install/my_robot_interfaces/include/my_robot_interfaces
[0.486s] -- Up-to-date: /home/redi/ros2_ws/install/my_robot_interfaces/include/my_robot_interfaces/msg
[0.486s] -- Up-to-date: /home/redi/ros2_ws/install/my_robot_interfaces/include/my_robot_interfaces/msg/detail
[0.486s] -- Up-to-date: /home/redi/ros2_ws/install/my_robot_interfaces/include/my_robot_interfaces/msg/detail/hardware_status__struct.hpp
[0.486s] -- Up-to-date: /home/redi/ros2_ws/install/my_robot_interfaces/include/my_robot_interfaces/msg/detail/hardware_status__traits.hpp
[0.487s] -- Up-to-date: /home/redi/ros2_ws/install/my_robot_interfaces/include/my_robot_interfaces/msg/detail/hardware_status__builder.hpp
[0.487s] -- Up-to-date: /home/redi/ros2_ws/install/my_robot_interfaces/include/my_robot_interfaces/msg/hardware_status.hpp
[0.487s] -- Up-to-date: /home/redi/ros2_ws/install/my_robot_interfaces/include/my_robot_interfaces
[0.487s] -- Up-to-date: /home/redi/ros2_ws/install/my_robot_interfaces/include/my_robot_interfaces/msg
[0.487s] -- Up-to-date: /home/redi/ros2_ws/install/my_robot_interfaces/include/my_robot_interfaces/msg/detail
[0.487s] -- Up-to-date: /home/redi/ros2_ws/install/my_robot_interfaces/include/my_robot_interfaces/msg/detail/hardware_status__type_support.cpp
[0.487s] -- Up-to-date: /home/redi/ros2_ws/install/my_robot_interfaces/include/my_robot_interfaces/msg/detail/hardware_status__rosidl_typesupport_introspection_cpp.hpp
[0.488s] -- Up-to-date: /home/redi/ros2_ws/install/my_robot_interfaces/lib/libmy_robot_interfaces__rosidl_typesupport_introspection_cpp.so
[0.488s] -- Up-to-date: /home/redi/ros2_ws/install/my_robot_interfaces/lib/libmy_robot_interfaces__rosidl_typesupport_cpp.so
[0.488s] -- Up-to-date: /home/redi/ros2_ws/install/my_robot_interfaces/share/my_robot_interfaces/environment/pythonpath.sh
[0.488s] -- Up-to-date: /home/redi/ros2_ws/install/my_robot_interfaces/share/my_robot_interfaces/environment/pythonpath.dsv
[0.488s] -- Up-to-date: /home/redi/ros2_ws/install/my_robot_interfaces/lib/python3.8/site-packages/my_robot_interfaces/__init__.py
[0.546s] -- Up-to-date: /home/redi/ros2_ws/install/my_robot_interfaces/lib/python3.8/site-packages/my_robot_interfaces/msg
[0.546s] -- Up-to-date: /home/redi/ros2_ws/install/my_robot_interfaces/lib/python3.8/site-packages/my_robot_interfaces/msg/__init__.py
[0.546s] -- Up-to-date: /home/redi/ros2_ws/install/my_robot_interfaces/lib/python3.8/site-packages/my_robot_interfaces/msg/_hardware_status.py
[0.546s] -- Up-to-date: /home/redi/ros2_ws/install/my_robot_interfaces/lib/python3.8/site-packages/my_robot_interfaces/msg/_hardware_status_s.c
[0.547s] -- Up-to-date: /home/redi/ros2_ws/install/my_robot_interfaces/lib/python3.8/site-packages/my_robot_interfaces/my_robot_interfaces_s__rosidl_typesupport_fastrtps_c.cpython-38-x86_64-linux-gnu.so
[0.548s] -- Up-to-date: /home/redi/ros2_ws/install/my_robot_interfaces/lib/python3.8/site-packages/my_robot_interfaces/my_robot_interfaces_s__rosidl_typesupport_introspection_c.cpython-38-x86_64-linux-gnu.so
[0.549s] -- Up-to-date: /home/redi/ros2_ws/install/my_robot_interfaces/lib/python3.8/site-packages/my_robot_interfaces/my_robot_interfaces_s__rosidl_typesupport_c.cpython-38-x86_64-linux-gnu.so
[0.550s] -- Up-to-date: /home/redi/ros2_ws/install/my_robot_interfaces/lib/libmy_robot_interfaces__python.so
[0.551s] -- Up-to-date: /home/redi/ros2_ws/install/my_robot_interfaces/share/my_robot_interfaces/msg/HardwareStatus.idl
[0.551s] -- Up-to-date: /home/redi/ros2_ws/install/my_robot_interfaces/share/my_robot_interfaces/msg/HardwareStatus.msg
[0.551s] -- Up-to-date: /home/redi/ros2_ws/install/my_robot_interfaces/share/ament_index/resource_index/package_run_dependencies/my_robot_interfaces
[0.552s] -- Up-to-date: /home/redi/ros2_ws/install/my_robot_interfaces/share/ament_index/resource_index/parent_prefix_path/my_robot_interfaces
[0.552s] -- Up-to-date: /home/redi/ros2_ws/install/my_robot_interfaces/share/my_robot_interfaces/environment/ament_prefix_path.sh
[0.552s] -- Up-to-date: /home/redi/ros2_ws/install/my_robot_interfaces/share/my_robot_interfaces/environment/ament_prefix_path.dsv
[0.552s] -- Up-to-date: /home/redi/ros2_ws/install/my_robot_interfaces/share/my_robot_interfaces/environment/path.sh
[0.552s] -- Up-to-date: /home/redi/ros2_ws/install/my_robot_interfaces/share/my_robot_interfaces/environment/path.dsv
[0.552s] -- Up-to-date: /home/redi/ros2_ws/install/my_robot_interfaces/share/my_robot_interfaces/local_setup.bash
[0.553s] -- Up-to-date: /home/redi/ros2_ws/install/my_robot_interfaces/share/my_robot_interfaces/local_setup.sh
[0.553s] -- Up-to-date: /home/redi/ros2_ws/install/my_robot_interfaces/share/my_robot_interfaces/local_setup.zsh
[0.553s] -- Up-to-date: /home/redi/ros2_ws/install/my_robot_interfaces/share/my_robot_interfaces/local_setup.dsv
[0.553s] -- Installing: /home/redi/ros2_ws/install/my_robot_interfaces/share/my_robot_interfaces/package.dsv
[0.553s] -- Up-to-date: /home/redi/ros2_ws/install/my_robot_interfaces/share/ament_index/resource_index/packages/my_robot_interfaces
[0.553s] -- Up-to-date: /home/redi/ros2_ws/install/my_robot_interfaces/share/my_robot_interfaces/cmake/my_robot_interfaces__rosidl_generator_cExport.cmake
[0.554s] -- Up-to-date: /home/redi/ros2_ws/install/my_robot_interfaces/share/my_robot_interfaces/cmake/my_robot_interfaces__rosidl_generator_cExport-noconfig.cmake
[0.554s] -- Up-to-date: /home/redi/ros2_ws/install/my_robot_interfaces/share/my_robot_interfaces/cmake/my_robot_interfaces__rosidl_typesupport_introspection_cExport.cmake
[0.554s] -- Up-to-date: /home/redi/ros2_ws/install/my_robot_interfaces/share/my_robot_interfaces/cmake/my_robot_interfaces__rosidl_typesupport_introspection_cExport-noconfig.cmake
[0.554s] -- Up-to-date: /home/redi/ros2_ws/install/my_robot_interfaces/share/my_robot_interfaces/cmake/my_robot_interfaces__rosidl_typesupport_cExport.cmake
[0.554s] -- Up-to-date: /home/redi/ros2_ws/install/my_robot_interfaces/share/my_robot_interfaces/cmake/my_robot_interfaces__rosidl_typesupport_cExport-noconfig.cmake
[0.554s] -- Up-to-date: /home/redi/ros2_ws/install/my_robot_interfaces/share/my_robot_interfaces/cmake/my_robot_interfaces__rosidl_generator_cppExport.cmake
[0.555s] -- Up-to-date: /home/redi/ros2_ws/install/my_robot_interfaces/share/my_robot_interfaces/cmake/my_robot_interfaces__rosidl_typesupport_introspection_cppExport.cmake
[0.555s] -- Up-to-date: /home/redi/ros2_ws/install/my_robot_interfaces/share/my_robot_interfaces/cmake/my_robot_interfaces__rosidl_typesupport_introspection_cppExport-noconfig.cmake
[0.555s] -- Up-to-date: /home/redi/ros2_ws/install/my_robot_interfaces/share/my_robot_interfaces/cmake/my_robot_interfaces__rosidl_typesupport_cppExport.cmake
[0.555s] -- Up-to-date: /home/redi/ros2_ws/install/my_robot_interfaces/share/my_robot_interfaces/cmake/my_robot_interfaces__rosidl_typesupport_cppExport-noconfig.cmake
[0.555s] -- Up-to-date: /home/redi/ros2_ws/install/my_robot_interfaces/share/my_robot_interfaces/cmake/rosidl_cmake-extras.cmake
[0.556s] -- Up-to-date: /home/redi/ros2_ws/install/my_robot_interfaces/share/my_robot_interfaces/cmake/ament_cmake_export_dependencies-extras.cmake
[0.556s] -- Up-to-date: /home/redi/ros2_ws/install/my_robot_interfaces/share/my_robot_interfaces/cmake/ament_cmake_export_libraries-extras.cmake
[0.556s] -- Up-to-date: /home/redi/ros2_ws/install/my_robot_interfaces/share/my_robot_interfaces/cmake/ament_cmake_export_targets-extras.cmake
[0.556s] -- Up-to-date: /home/redi/ros2_ws/install/my_robot_interfaces/share/my_robot_interfaces/cmake/ament_cmake_export_include_directories-extras.cmake
[0.556s] -- Up-to-date: /home/redi/ros2_ws/install/my_robot_interfaces/share/my_robot_interfaces/cmake/rosidl_cmake_export_typesupport_libraries-extras.cmake
[0.556s] -- Up-to-date: /home/redi/ros2_ws/install/my_robot_interfaces/share/my_robot_interfaces/cmake/rosidl_cmake_export_typesupport_targets-extras.cmake
[0.556s] -- Up-to-date: /home/redi/ros2_ws/install/my_robot_interfaces/share/my_robot_interfaces/cmake/my_robot_interfacesConfig.cmake
[0.556s] -- Up-to-date: /home/redi/ros2_ws/install/my_robot_interfaces/share/my_robot_interfaces/cmake/my_robot_interfacesConfig-version.cmake
[0.557s] -- Up-to-date: /home/redi/ros2_ws/install/my_robot_interfaces/share/my_robot_interfaces/package.xml
[0.560s] Invoked command in '/home/redi/ros2_ws/build/my_robot_interfaces' returned '0': CMAKE_PREFIX_PATH=${CMAKE_PREFIX_PATH}:/home/redi/ros2_ws/install/my_py_pkg:/opt/ros/foxy /usr/bin/cmake --install /home/redi/ros2_ws/build/my_robot_interfaces
