[0.040s] Invoking command in '/home/redi/ros2_ws/build/my_cpp_pkg': CMAKE_PREFIX_PATH=${CMAKE_PREFIX_PATH}:/home/redi/ros2_ws/install/my_py_pkg:/opt/ros/foxy /usr/bin/cmake --build /home/redi/ros2_ws/build/my_cpp_pkg -- -j8 -l8
[0.442s] -- Found ament_cmake: 0.9.9 (/opt/ros/foxy/share/ament_cmake/cmake)
[0.443s] -- Using PYTHON_EXECUTABLE: /usr/bin/python3
[0.452s] -- Found rclcpp: 2.4.1 (/opt/ros/foxy/share/rclcpp/cmake)
[0.514s] -- Using all available rosidl_typesupport_c: rosidl_typesupport_fastrtps_c;rosidl_typesupport_introspection_c
[0.521s] -- Found rosidl_adapter: 1.2.1 (/opt/ros/foxy/share/rosidl_adapter/cmake)
[0.736s] -- Using all available rosidl_typesupport_cpp: rosidl_typesupport_fastrtps_cpp;rosidl_typesupport_introspection_cpp
[0.832s] -- Found rmw_implementation_cmake: 1.0.3 (/opt/ros/foxy/share/rmw_implementation_cmake/cmake)
[0.835s] -- Using RMW implementation 'rmw_fastrtps_cpp' as default
[1.115s] -- Found example_interfaces: 0.9.1 (/opt/ros/foxy/share/example_interfaces/cmake)
[1.462s] -- Configuring done
[1.500s] -- Generating done
[1.504s] -- Build files have been written to: /home/redi/ros2_ws/build/my_cpp_pkg
[1.554s] [35m[1mScanning dependencies of target number_publisher[0m
[1.589s] [ 25%] Built target cpp_node
[1.602s] [ 50%] Built target robot_news_station
[1.608s] [ 75%] Built target smartphone
[1.637s] [ 87%] [32mBuilding CXX object CMakeFiles/number_publisher.dir/src/number_publisher.cpp.o[0m
[3.851s] [01m[K/home/redi/ros2_ws/src/my_cpp_pkg/src/number_publisher.cpp:[m[K In constructor ‘[01m[KNumberPublisherNode::NumberPublisherNode()[m[K’:
[3.851s] [01m[K/home/redi/ros2_ws/src/my_cpp_pkg/src/number_publisher.cpp:27:17:[m[K [01;35m[Kwarning: [m[K‘[01m[KNumberPublisherNode::robot_name[m[K’ will be initialized after [[01;35m[K-Wreorder[m[K]
[3.852s]    27 |     std::string [01;35m[Krobot_name[m[K;
[3.852s]       |                 [01;35m[K^~~~~~~~~~[m[K
[3.852s] [01m[K/home/redi/ros2_ws/src/my_cpp_pkg/src/number_publisher.cpp:26:9:[m[K [01;35m[Kwarning: [m[K  ‘[01m[Kint NumberPublisherNode::counter[m[K’ [[01;35m[K-Wreorder[m[K]
[3.852s]    26 |     int [01;35m[Kcounter[m[K;
[3.852s]       |         [01;35m[K^~~~~~~[m[K
[3.852s] [01m[K/home/redi/ros2_ws/src/my_cpp_pkg/src/number_publisher.cpp:7:5:[m[K [01;35m[Kwarning: [m[K  when initialized here [[01;35m[K-Wreorder[m[K]
[3.853s]     7 |     [01;35m[KNumberPublisherNode[m[K() : Node("number_publisher"), robot_name("R2D2"), counter(0)
[3.853s]       |     [01;35m[K^~~~~~~~~~~~~~~~~~~[m[K
[6.785s] [100%] [32m[1mLinking CXX executable number_publisher[0m
[7.092s] [100%] Built target number_publisher
[7.110s] Invoked command in '/home/redi/ros2_ws/build/my_cpp_pkg' returned '0': CMAKE_PREFIX_PATH=${CMAKE_PREFIX_PATH}:/home/redi/ros2_ws/install/my_py_pkg:/opt/ros/foxy /usr/bin/cmake --build /home/redi/ros2_ws/build/my_cpp_pkg -- -j8 -l8
[7.179s] Invoking command in '/home/redi/ros2_ws/build/my_cpp_pkg': CMAKE_PREFIX_PATH=${CMAKE_PREFIX_PATH}:/home/redi/ros2_ws/install/my_py_pkg:/opt/ros/foxy /usr/bin/cmake --install /home/redi/ros2_ws/build/my_cpp_pkg
[7.193s] -- Install configuration: ""
[7.194s] -- Up-to-date: /home/redi/ros2_ws/install/my_cpp_pkg/lib/my_cpp_pkg/cpp_node
[7.195s] -- Up-to-date: /home/redi/ros2_ws/install/my_cpp_pkg/lib/my_cpp_pkg/robot_news_station
[7.196s] -- Up-to-date: /home/redi/ros2_ws/install/my_cpp_pkg/lib/my_cpp_pkg/smartphone
[7.196s] -- Installing: /home/redi/ros2_ws/install/my_cpp_pkg/lib/my_cpp_pkg/number_publisher
[7.198s] -- Set runtime path of "/home/redi/ros2_ws/install/my_cpp_pkg/lib/my_cpp_pkg/number_publisher" to ""
[7.198s] -- Up-to-date: /home/redi/ros2_ws/install/my_cpp_pkg/share/ament_index/resource_index/package_run_dependencies/my_cpp_pkg
[7.199s] -- Up-to-date: /home/redi/ros2_ws/install/my_cpp_pkg/share/ament_index/resource_index/parent_prefix_path/my_cpp_pkg
[7.199s] -- Up-to-date: /home/redi/ros2_ws/install/my_cpp_pkg/share/my_cpp_pkg/environment/ament_prefix_path.sh
[7.199s] -- Installing: /home/redi/ros2_ws/install/my_cpp_pkg/share/my_cpp_pkg/environment/ament_prefix_path.dsv
[7.199s] -- Up-to-date: /home/redi/ros2_ws/install/my_cpp_pkg/share/my_cpp_pkg/environment/path.sh
[7.200s] -- Installing: /home/redi/ros2_ws/install/my_cpp_pkg/share/my_cpp_pkg/environment/path.dsv
[7.200s] -- Up-to-date: /home/redi/ros2_ws/install/my_cpp_pkg/share/my_cpp_pkg/local_setup.bash
[7.200s] -- Up-to-date: /home/redi/ros2_ws/install/my_cpp_pkg/share/my_cpp_pkg/local_setup.sh
[7.200s] -- Up-to-date: /home/redi/ros2_ws/install/my_cpp_pkg/share/my_cpp_pkg/local_setup.zsh
[7.200s] -- Installing: /home/redi/ros2_ws/install/my_cpp_pkg/share/my_cpp_pkg/local_setup.dsv
[7.200s] -- Installing: /home/redi/ros2_ws/install/my_cpp_pkg/share/my_cpp_pkg/package.dsv
[7.200s] -- Up-to-date: /home/redi/ros2_ws/install/my_cpp_pkg/share/ament_index/resource_index/packages/my_cpp_pkg
[7.201s] -- Up-to-date: /home/redi/ros2_ws/install/my_cpp_pkg/share/my_cpp_pkg/cmake/my_cpp_pkgConfig.cmake
[7.201s] -- Up-to-date: /home/redi/ros2_ws/install/my_cpp_pkg/share/my_cpp_pkg/cmake/my_cpp_pkgConfig-version.cmake
[7.201s] -- Up-to-date: /home/redi/ros2_ws/install/my_cpp_pkg/share/my_cpp_pkg/package.xml
[7.205s] Invoked command in '/home/redi/ros2_ws/build/my_cpp_pkg' returned '0': CMAKE_PREFIX_PATH=${CMAKE_PREFIX_PATH}:/home/redi/ros2_ws/install/my_py_pkg:/opt/ros/foxy /usr/bin/cmake --install /home/redi/ros2_ws/build/my_cpp_pkg
