[0.238s] DEBUG:colcon:Command line arguments: ['/usr/bin/colcon', 'build', '--packages-select', 'catch_turtles']
[0.238s] DEBUG:colcon:Parsed command line arguments: Namespace(allow_overriding=[], ament_cmake_args=None, base_paths=['.'], build_base='build', catkin_cmake_args=None, catkin_skip_building_tests=False, cmake_args=None, cmake_clean_cache=False, cmake_clean_first=False, cmake_force_configure=False, cmake_target=None, cmake_target_skip_unavailable=False, continue_on_error=False, event_handlers=None, executor='parallel', ignore_user_meta=False, install_base='install', log_base=None, log_level=None, main=<bound method BuildVerb.main of <colcon_core.verb.build.BuildVerb object at 0x7f9b47697370>>, merge_install=False, metas=['./colcon.meta'], packages_above=None, packages_above_and_dependencies=None, packages_above_depth=None, packages_end=None, packages_ignore=None, packages_ignore_regex=None, packages_select=['catch_turtles'], packages_select_build_failed=False, packages_select_by_dep=None, packages_select_regex=None, packages_select_test_failures=False, packages_skip=None, packages_skip_build_finished=False, packages_skip_by_dep=None, packages_skip_regex=None, packages_skip_test_passed=False, packages_skip_up_to=None, packages_start=None, packages_up_to=None, packages_up_to_regex=None, parallel_workers=8, paths=None, symlink_install=False, test_result_base=None, verb_extension=<colcon_core.verb.build.BuildVerb object at 0x7f9b47697370>, verb_name='build', verb_parser=<colcon_defaults.argument_parser.defaults.DefaultArgumentsDecorator object at 0x7f9b476978b0>)
[0.279s] Level 1:colcon.colcon_core.package_discovery:discover_packages(colcon_meta) check parameters
[0.280s] Level 1:colcon.colcon_core.package_discovery:discover_packages(recursive) check parameters
[0.280s] Level 1:colcon.colcon_core.package_discovery:discover_packages(ignore) check parameters
[0.280s] Level 1:colcon.colcon_core.package_discovery:discover_packages(path) check parameters
[0.280s] Level 1:colcon.colcon_core.package_discovery:discover_packages(colcon_meta) discover
[0.280s] Level 1:colcon.colcon_core.package_discovery:discover_packages(recursive) discover
[0.280s] INFO:colcon.colcon_core.package_discovery:Crawling recursively for packages in '/home/redi/ros2_ws'
[0.280s] Level 1:colcon.colcon_core.package_identification:_identify(.) by extensions ['ignore', 'ignore_ament_install']
[0.280s] Level 1:colcon.colcon_core.package_identification:_identify(.) by extension 'ignore'
[0.281s] Level 1:colcon.colcon_core.package_identification:_identify(.) by extension 'ignore_ament_install'
[0.281s] Level 1:colcon.colcon_core.package_identification:_identify(.) by extensions ['colcon_pkg']
[0.281s] Level 1:colcon.colcon_core.package_identification:_identify(.) by extension 'colcon_pkg'
[0.281s] Level 1:colcon.colcon_core.package_identification:_identify(.) by extensions ['colcon_meta']
[0.281s] Level 1:colcon.colcon_core.package_identification:_identify(.) by extension 'colcon_meta'
[0.281s] Level 1:colcon.colcon_core.package_identification:_identify(.) by extensions ['ros']
[0.281s] Level 1:colcon.colcon_core.package_identification:_identify(.) by extension 'ros'
[0.301s] Level 1:colcon.colcon_core.package_identification:_identify(.) by extensions ['cmake', 'python']
[0.301s] Level 1:colcon.colcon_core.package_identification:_identify(.) by extension 'cmake'
[0.301s] Level 1:colcon.colcon_core.package_identification:_identify(.) by extension 'python'
[0.301s] Level 1:colcon.colcon_core.package_identification:_identify(.) by extensions ['python_setup_py']
[0.301s] Level 1:colcon.colcon_core.package_identification:_identify(.) by extension 'python_setup_py'
[0.301s] Level 1:colcon.colcon_core.package_identification:_identify(build) by extensions ['ignore', 'ignore_ament_install']
[0.301s] Level 1:colcon.colcon_core.package_identification:_identify(build) by extension 'ignore'
[0.301s] Level 1:colcon.colcon_core.package_identification:_identify(build) ignored
[0.302s] Level 1:colcon.colcon_core.package_identification:_identify(install) by extensions ['ignore', 'ignore_ament_install']
[0.302s] Level 1:colcon.colcon_core.package_identification:_identify(install) by extension 'ignore'
[0.302s] Level 1:colcon.colcon_core.package_identification:_identify(install) ignored
[0.302s] Level 1:colcon.colcon_core.package_identification:_identify(log) by extensions ['ignore', 'ignore_ament_install']
[0.303s] Level 1:colcon.colcon_core.package_identification:_identify(log) by extension 'ignore'
[0.303s] Level 1:colcon.colcon_core.package_identification:_identify(log) ignored
[0.303s] Level 1:colcon.colcon_core.package_identification:_identify(src) by extensions ['ignore', 'ignore_ament_install']
[0.303s] Level 1:colcon.colcon_core.package_identification:_identify(src) by extension 'ignore'
[0.303s] Level 1:colcon.colcon_core.package_identification:_identify(src) by extension 'ignore_ament_install'
[0.303s] Level 1:colcon.colcon_core.package_identification:_identify(src) by extensions ['colcon_pkg']
[0.303s] Level 1:colcon.colcon_core.package_identification:_identify(src) by extension 'colcon_pkg'
[0.303s] Level 1:colcon.colcon_core.package_identification:_identify(src) by extensions ['colcon_meta']
[0.304s] Level 1:colcon.colcon_core.package_identification:_identify(src) by extension 'colcon_meta'
[0.304s] Level 1:colcon.colcon_core.package_identification:_identify(src) by extensions ['ros']
[0.304s] Level 1:colcon.colcon_core.package_identification:_identify(src) by extension 'ros'
[0.304s] Level 1:colcon.colcon_core.package_identification:_identify(src) by extensions ['cmake', 'python']
[0.304s] Level 1:colcon.colcon_core.package_identification:_identify(src) by extension 'cmake'
[0.304s] Level 1:colcon.colcon_core.package_identification:_identify(src) by extension 'python'
[0.304s] Level 1:colcon.colcon_core.package_identification:_identify(src) by extensions ['python_setup_py']
[0.304s] Level 1:colcon.colcon_core.package_identification:_identify(src) by extension 'python_setup_py'
[0.304s] Level 1:colcon.colcon_core.package_identification:_identify(src/build) by extensions ['ignore', 'ignore_ament_install']
[0.305s] Level 1:colcon.colcon_core.package_identification:_identify(src/build) by extension 'ignore'
[0.305s] Level 1:colcon.colcon_core.package_identification:_identify(src/build) ignored
[0.305s] Level 1:colcon.colcon_core.package_identification:_identify(src/catch_turtles) by extensions ['ignore', 'ignore_ament_install']
[0.305s] Level 1:colcon.colcon_core.package_identification:_identify(src/catch_turtles) by extension 'ignore'
[0.305s] Level 1:colcon.colcon_core.package_identification:_identify(src/catch_turtles) by extension 'ignore_ament_install'
[0.305s] Level 1:colcon.colcon_core.package_identification:_identify(src/catch_turtles) by extensions ['colcon_pkg']
[0.305s] Level 1:colcon.colcon_core.package_identification:_identify(src/catch_turtles) by extension 'colcon_pkg'
[0.305s] Level 1:colcon.colcon_core.package_identification:_identify(src/catch_turtles) by extensions ['colcon_meta']
[0.305s] Level 1:colcon.colcon_core.package_identification:_identify(src/catch_turtles) by extension 'colcon_meta'
[0.305s] Level 1:colcon.colcon_core.package_identification:_identify(src/catch_turtles) by extensions ['ros']
[0.305s] Level 1:colcon.colcon_core.package_identification:_identify(src/catch_turtles) by extension 'ros'
[0.311s] DEBUG:colcon.colcon_core.package_identification:Package 'src/catch_turtles' with type 'ros.ament_cmake' and name 'catch_turtles'
[0.311s] Level 1:colcon.colcon_core.package_identification:_identify(src/install) by extensions ['ignore', 'ignore_ament_install']
[0.312s] Level 1:colcon.colcon_core.package_identification:_identify(src/install) by extension 'ignore'
[0.312s] Level 1:colcon.colcon_core.package_identification:_identify(src/install) ignored
[0.312s] Level 1:colcon.colcon_core.package_identification:_identify(src/log) by extensions ['ignore', 'ignore_ament_install']
[0.312s] Level 1:colcon.colcon_core.package_identification:_identify(src/log) by extension 'ignore'
[0.312s] Level 1:colcon.colcon_core.package_identification:_identify(src/log) ignored
[0.312s] Level 1:colcon.colcon_core.package_identification:_identify(src/my_cpp_pkg) by extensions ['ignore', 'ignore_ament_install']
[0.313s] Level 1:colcon.colcon_core.package_identification:_identify(src/my_cpp_pkg) by extension 'ignore'
[0.313s] Level 1:colcon.colcon_core.package_identification:_identify(src/my_cpp_pkg) by extension 'ignore_ament_install'
[0.313s] Level 1:colcon.colcon_core.package_identification:_identify(src/my_cpp_pkg) by extensions ['colcon_pkg']
[0.313s] Level 1:colcon.colcon_core.package_identification:_identify(src/my_cpp_pkg) by extension 'colcon_pkg'
[0.313s] Level 1:colcon.colcon_core.package_identification:_identify(src/my_cpp_pkg) by extensions ['colcon_meta']
[0.313s] Level 1:colcon.colcon_core.package_identification:_identify(src/my_cpp_pkg) by extension 'colcon_meta'
[0.313s] Level 1:colcon.colcon_core.package_identification:_identify(src/my_cpp_pkg) by extensions ['ros']
[0.313s] Level 1:colcon.colcon_core.package_identification:_identify(src/my_cpp_pkg) by extension 'ros'
[0.314s] DEBUG:colcon.colcon_core.package_identification:Package 'src/my_cpp_pkg' with type 'ros.ament_cmake' and name 'my_cpp_pkg'
[0.315s] Level 1:colcon.colcon_core.package_identification:_identify(src/my_py_pkg) by extensions ['ignore', 'ignore_ament_install']
[0.315s] Level 1:colcon.colcon_core.package_identification:_identify(src/my_py_pkg) by extension 'ignore'
[0.315s] Level 1:colcon.colcon_core.package_identification:_identify(src/my_py_pkg) by extension 'ignore_ament_install'
[0.315s] Level 1:colcon.colcon_core.package_identification:_identify(src/my_py_pkg) by extensions ['colcon_pkg']
[0.315s] Level 1:colcon.colcon_core.package_identification:_identify(src/my_py_pkg) by extension 'colcon_pkg'
[0.315s] Level 1:colcon.colcon_core.package_identification:_identify(src/my_py_pkg) by extensions ['colcon_meta']
[0.315s] Level 1:colcon.colcon_core.package_identification:_identify(src/my_py_pkg) by extension 'colcon_meta'
[0.315s] Level 1:colcon.colcon_core.package_identification:_identify(src/my_py_pkg) by extensions ['ros']
[0.315s] Level 1:colcon.colcon_core.package_identification:_identify(src/my_py_pkg) by extension 'ros'
[0.316s] DEBUG:colcon.colcon_core.package_identification:Package 'src/my_py_pkg' with type 'ros.ament_python' and name 'my_py_pkg'
[0.316s] Level 1:colcon.colcon_core.package_identification:_identify(src/my_robot_bringup) by extensions ['ignore', 'ignore_ament_install']
[0.317s] Level 1:colcon.colcon_core.package_identification:_identify(src/my_robot_bringup) by extension 'ignore'
[0.317s] Level 1:colcon.colcon_core.package_identification:_identify(src/my_robot_bringup) by extension 'ignore_ament_install'
[0.317s] Level 1:colcon.colcon_core.package_identification:_identify(src/my_robot_bringup) by extensions ['colcon_pkg']
[0.317s] Level 1:colcon.colcon_core.package_identification:_identify(src/my_robot_bringup) by extension 'colcon_pkg'
[0.317s] Level 1:colcon.colcon_core.package_identification:_identify(src/my_robot_bringup) by extensions ['colcon_meta']
[0.317s] Level 1:colcon.colcon_core.package_identification:_identify(src/my_robot_bringup) by extension 'colcon_meta'
[0.317s] Level 1:colcon.colcon_core.package_identification:_identify(src/my_robot_bringup) by extensions ['ros']
[0.317s] Level 1:colcon.colcon_core.package_identification:_identify(src/my_robot_bringup) by extension 'ros'
[0.318s] DEBUG:colcon.colcon_core.package_identification:Package 'src/my_robot_bringup' with type 'ros.ament_cmake' and name 'my_robot_bringup'
[0.318s] Level 1:colcon.colcon_core.package_identification:_identify(src/my_robot_interfaces) by extensions ['ignore', 'ignore_ament_install']
[0.318s] Level 1:colcon.colcon_core.package_identification:_identify(src/my_robot_interfaces) by extension 'ignore'
[0.319s] Level 1:colcon.colcon_core.package_identification:_identify(src/my_robot_interfaces) by extension 'ignore_ament_install'
[0.319s] Level 1:colcon.colcon_core.package_identification:_identify(src/my_robot_interfaces) by extensions ['colcon_pkg']
[0.319s] Level 1:colcon.colcon_core.package_identification:_identify(src/my_robot_interfaces) by extension 'colcon_pkg'
[0.319s] Level 1:colcon.colcon_core.package_identification:_identify(src/my_robot_interfaces) by extensions ['colcon_meta']
[0.319s] Level 1:colcon.colcon_core.package_identification:_identify(src/my_robot_interfaces) by extension 'colcon_meta'
[0.319s] Level 1:colcon.colcon_core.package_identification:_identify(src/my_robot_interfaces) by extensions ['ros']
[0.319s] Level 1:colcon.colcon_core.package_identification:_identify(src/my_robot_interfaces) by extension 'ros'
[0.320s] DEBUG:colcon.colcon_core.package_identification:Package 'src/my_robot_interfaces' with type 'ros.ament_cmake' and name 'my_robot_interfaces'
[0.320s] Level 1:colcon.colcon_core.package_discovery:discover_packages(recursive) using defaults
[0.320s] Level 1:colcon.colcon_core.package_discovery:discover_packages(ignore) discover
[0.320s] Level 1:colcon.colcon_core.package_discovery:discover_packages(ignore) using defaults
[0.320s] Level 1:colcon.colcon_core.package_discovery:discover_packages(path) discover
[0.320s] Level 1:colcon.colcon_core.package_discovery:discover_packages(path) using defaults
[0.350s] INFO:colcon.colcon_core.package_selection:Skipping not selected package 'my_py_pkg' in 'src/my_py_pkg'
[0.351s] INFO:colcon.colcon_core.package_selection:Skipping not selected package 'my_robot_interfaces' in 'src/my_robot_interfaces'
[0.351s] INFO:colcon.colcon_core.package_selection:Skipping not selected package 'my_cpp_pkg' in 'src/my_cpp_pkg'
[0.351s] INFO:colcon.colcon_core.package_selection:Skipping not selected package 'my_robot_bringup' in 'src/my_robot_bringup'
[0.352s] Level 1:colcon.colcon_core.package_discovery:discover_packages(prefix_path) check parameters
[0.352s] Level 1:colcon.colcon_core.package_discovery:discover_packages(prefix_path) discover
[0.356s] DEBUG:colcon.colcon_installed_package_information.package_discovery:Found 5 installed packages in /home/redi/ros2_ws/install
[0.358s] DEBUG:colcon.colcon_installed_package_information.package_discovery:Found 256 installed packages in /opt/ros/foxy
[0.360s] Level 1:colcon.colcon_core.package_discovery:discover_packages(prefix_path) using defaults
[0.497s] Level 5:colcon.colcon_core.verb:set package 'catch_turtles' build argument 'cmake_args' from command line to 'None'
[0.497s] Level 5:colcon.colcon_core.verb:set package 'catch_turtles' build argument 'cmake_target' from command line to 'None'
[0.498s] Level 5:colcon.colcon_core.verb:set package 'catch_turtles' build argument 'cmake_target_skip_unavailable' from command line to 'False'
[0.498s] Level 5:colcon.colcon_core.verb:set package 'catch_turtles' build argument 'cmake_clean_cache' from command line to 'False'
[0.498s] Level 5:colcon.colcon_core.verb:set package 'catch_turtles' build argument 'cmake_clean_first' from command line to 'False'
[0.498s] Level 5:colcon.colcon_core.verb:set package 'catch_turtles' build argument 'cmake_force_configure' from command line to 'False'
[0.498s] Level 5:colcon.colcon_core.verb:set package 'catch_turtles' build argument 'ament_cmake_args' from command line to 'None'
[0.498s] Level 5:colcon.colcon_core.verb:set package 'catch_turtles' build argument 'catkin_cmake_args' from command line to 'None'
[0.498s] Level 5:colcon.colcon_core.verb:set package 'catch_turtles' build argument 'catkin_skip_building_tests' from command line to 'False'
[0.498s] DEBUG:colcon.colcon_core.verb:Building package 'catch_turtles' with the following arguments: {'ament_cmake_args': None, 'build_base': '/home/redi/ros2_ws/build/catch_turtles', 'catkin_cmake_args': None, 'catkin_skip_building_tests': False, 'cmake_args': None, 'cmake_clean_cache': False, 'cmake_clean_first': False, 'cmake_force_configure': False, 'cmake_target': None, 'cmake_target_skip_unavailable': False, 'install_base': '/home/redi/ros2_ws/install/catch_turtles', 'merge_install': False, 'path': '/home/redi/ros2_ws/src/catch_turtles', 'symlink_install': False, 'test_result_base': None}
[0.498s] INFO:colcon.colcon_core.executor:Executing jobs using 'parallel' executor
[0.502s] DEBUG:colcon.colcon_parallel_executor.executor.parallel:run_until_complete
[0.502s] INFO:colcon.colcon_ros.task.ament_cmake.build:Building ROS package in '/home/redi/ros2_ws/src/catch_turtles' with build type 'ament_cmake'
[0.502s] INFO:colcon.colcon_cmake.task.cmake.build:Building CMake package in '/home/redi/ros2_ws/src/catch_turtles'
[0.508s] INFO:colcon.colcon_core.plugin_system:Skipping extension 'colcon_core.shell.bat': Not used on non-Windows systems
[0.509s] INFO:colcon.colcon_core.shell:Skip shell extension 'powershell' for command environment: Not usable outside of PowerShell
[0.509s] DEBUG:colcon.colcon_core.shell:Skip shell extension 'dsv' for command environment
[0.528s] DEBUG:colcon.colcon_core.event_handler.log_command:Invoking command in '/home/redi/ros2_ws/build/catch_turtles': CMAKE_PREFIX_PATH=${CMAKE_PREFIX_PATH}:/home/redi/ros2_ws/install/my_py_pkg:/opt/ros/foxy /usr/bin/cmake --build /home/redi/ros2_ws/build/catch_turtles -- -j8 -l8
[13.825s] DEBUG:colcon.colcon_core.event_handler.log_command:Invoked command in '/home/redi/ros2_ws/build/catch_turtles' returned '0': CMAKE_PREFIX_PATH=${CMAKE_PREFIX_PATH}:/home/redi/ros2_ws/install/my_py_pkg:/opt/ros/foxy /usr/bin/cmake --build /home/redi/ros2_ws/build/catch_turtles -- -j8 -l8
[13.888s] DEBUG:colcon.colcon_core.event_handler.log_command:Invoking command in '/home/redi/ros2_ws/build/catch_turtles': CMAKE_PREFIX_PATH=${CMAKE_PREFIX_PATH}:/home/redi/ros2_ws/install/my_py_pkg:/opt/ros/foxy /usr/bin/cmake --install /home/redi/ros2_ws/build/catch_turtles
[13.928s] Level 1:colcon.colcon_core.environment:create_environment_scripts_only(catch_turtles)
[13.929s] DEBUG:colcon.colcon_core.event_handler.log_command:Invoked command in '/home/redi/ros2_ws/build/catch_turtles' returned '0': CMAKE_PREFIX_PATH=${CMAKE_PREFIX_PATH}:/home/redi/ros2_ws/install/my_py_pkg:/opt/ros/foxy /usr/bin/cmake --install /home/redi/ros2_ws/build/catch_turtles
[13.935s] Level 1:colcon.colcon_core.environment:checking '/home/redi/ros2_ws/install/catch_turtles' for CMake module files
[13.936s] Level 1:colcon.colcon_core.environment:checking '/home/redi/ros2_ws/install/catch_turtles' for CMake config files
[13.937s] Level 1:colcon.colcon_core.shell:create_environment_hook('catch_turtles', 'cmake_prefix_path')
[13.937s] INFO:colcon.colcon_core.shell:Creating environment hook '/home/redi/ros2_ws/install/catch_turtles/share/catch_turtles/hook/cmake_prefix_path.ps1'
[13.939s] INFO:colcon.colcon_core.shell:Creating environment descriptor '/home/redi/ros2_ws/install/catch_turtles/share/catch_turtles/hook/cmake_prefix_path.dsv'
[13.939s] INFO:colcon.colcon_core.shell:Creating environment hook '/home/redi/ros2_ws/install/catch_turtles/share/catch_turtles/hook/cmake_prefix_path.sh'
[13.941s] Level 1:colcon.colcon_core.environment:checking '/home/redi/ros2_ws/install/catch_turtles/lib'
[13.941s] Level 1:colcon.colcon_core.environment:checking '/home/redi/ros2_ws/install/catch_turtles/bin'
[13.941s] Level 1:colcon.colcon_core.shell:create_environment_hook('catch_turtles', 'path')
[13.942s] INFO:colcon.colcon_core.shell:Creating environment hook '/home/redi/ros2_ws/install/catch_turtles/share/catch_turtles/hook/path.ps1'
[13.943s] INFO:colcon.colcon_core.shell:Creating environment descriptor '/home/redi/ros2_ws/install/catch_turtles/share/catch_turtles/hook/path.dsv'
[13.943s] INFO:colcon.colcon_core.shell:Creating environment hook '/home/redi/ros2_ws/install/catch_turtles/share/catch_turtles/hook/path.sh'
[13.944s] Level 1:colcon.colcon_core.environment:checking '/home/redi/ros2_ws/install/catch_turtles/lib/pkgconfig/catch_turtles.pc'
[13.944s] Level 1:colcon.colcon_core.environment:checking '/home/redi/ros2_ws/install/catch_turtles/lib/python3.8/site-packages'
[13.945s] Level 1:colcon.colcon_core.environment:checking '/home/redi/ros2_ws/install/catch_turtles/bin'
[13.945s] Level 1:colcon.colcon_core.shell:create_environment_hook('catch_turtles', 'pythonscriptspath')
[13.946s] INFO:colcon.colcon_core.shell:Creating environment hook '/home/redi/ros2_ws/install/catch_turtles/share/catch_turtles/hook/pythonscriptspath.ps1'
[13.946s] INFO:colcon.colcon_core.shell:Creating environment descriptor '/home/redi/ros2_ws/install/catch_turtles/share/catch_turtles/hook/pythonscriptspath.dsv'
[13.947s] INFO:colcon.colcon_core.shell:Creating environment hook '/home/redi/ros2_ws/install/catch_turtles/share/catch_turtles/hook/pythonscriptspath.sh'
[13.948s] INFO:colcon.colcon_core.shell:Creating package script '/home/redi/ros2_ws/install/catch_turtles/share/catch_turtles/package.ps1'
[13.950s] INFO:colcon.colcon_core.shell:Creating package descriptor '/home/redi/ros2_ws/install/catch_turtles/share/catch_turtles/package.dsv'
[13.951s] INFO:colcon.colcon_core.shell:Creating package script '/home/redi/ros2_ws/install/catch_turtles/share/catch_turtles/package.sh'
[13.952s] INFO:colcon.colcon_core.shell:Creating package script '/home/redi/ros2_ws/install/catch_turtles/share/catch_turtles/package.bash'
[13.953s] INFO:colcon.colcon_core.shell:Creating package script '/home/redi/ros2_ws/install/catch_turtles/share/catch_turtles/package.zsh'
[13.954s] Level 1:colcon.colcon_core.environment:create_file_with_runtime_dependencies(/home/redi/ros2_ws/install/catch_turtles/share/colcon-core/packages/catch_turtles)
[13.998s] Level 1:colcon.colcon_core.environment:create_environment_scripts_only(catch_turtles)
[14.000s] Level 1:colcon.colcon_core.environment:checking '/home/redi/ros2_ws/install/catch_turtles' for CMake module files
[14.000s] Level 1:colcon.colcon_core.environment:checking '/home/redi/ros2_ws/install/catch_turtles' for CMake config files
[14.001s] Level 1:colcon.colcon_core.shell:create_environment_hook('catch_turtles', 'cmake_prefix_path')
[14.001s] INFO:colcon.colcon_core.shell:Creating environment hook '/home/redi/ros2_ws/install/catch_turtles/share/catch_turtles/hook/cmake_prefix_path.ps1'
[14.002s] INFO:colcon.colcon_core.shell:Creating environment descriptor '/home/redi/ros2_ws/install/catch_turtles/share/catch_turtles/hook/cmake_prefix_path.dsv'
[14.003s] INFO:colcon.colcon_core.shell:Creating environment hook '/home/redi/ros2_ws/install/catch_turtles/share/catch_turtles/hook/cmake_prefix_path.sh'
[14.004s] Level 1:colcon.colcon_core.environment:checking '/home/redi/ros2_ws/install/catch_turtles/lib'
[14.004s] Level 1:colcon.colcon_core.environment:checking '/home/redi/ros2_ws/install/catch_turtles/bin'
[14.004s] Level 1:colcon.colcon_core.shell:create_environment_hook('catch_turtles', 'path')
[14.005s] INFO:colcon.colcon_core.shell:Creating environment hook '/home/redi/ros2_ws/install/catch_turtles/share/catch_turtles/hook/path.ps1'
[14.005s] INFO:colcon.colcon_core.shell:Creating environment descriptor '/home/redi/ros2_ws/install/catch_turtles/share/catch_turtles/hook/path.dsv'
[14.006s] INFO:colcon.colcon_core.shell:Creating environment hook '/home/redi/ros2_ws/install/catch_turtles/share/catch_turtles/hook/path.sh'
[14.007s] Level 1:colcon.colcon_core.environment:checking '/home/redi/ros2_ws/install/catch_turtles/lib/pkgconfig/catch_turtles.pc'
[14.007s] Level 1:colcon.colcon_core.environment:checking '/home/redi/ros2_ws/install/catch_turtles/lib/python3.8/site-packages'
[14.007s] Level 1:colcon.colcon_core.environment:checking '/home/redi/ros2_ws/install/catch_turtles/bin'
[14.008s] Level 1:colcon.colcon_core.shell:create_environment_hook('catch_turtles', 'pythonscriptspath')
[14.008s] INFO:colcon.colcon_core.shell:Creating environment hook '/home/redi/ros2_ws/install/catch_turtles/share/catch_turtles/hook/pythonscriptspath.ps1'
[14.009s] INFO:colcon.colcon_core.shell:Creating environment descriptor '/home/redi/ros2_ws/install/catch_turtles/share/catch_turtles/hook/pythonscriptspath.dsv'
[14.009s] INFO:colcon.colcon_core.shell:Creating environment hook '/home/redi/ros2_ws/install/catch_turtles/share/catch_turtles/hook/pythonscriptspath.sh'
[14.011s] INFO:colcon.colcon_core.shell:Creating package script '/home/redi/ros2_ws/install/catch_turtles/share/catch_turtles/package.ps1'
[14.012s] INFO:colcon.colcon_core.shell:Creating package descriptor '/home/redi/ros2_ws/install/catch_turtles/share/catch_turtles/package.dsv'
[14.013s] INFO:colcon.colcon_core.shell:Creating package script '/home/redi/ros2_ws/install/catch_turtles/share/catch_turtles/package.sh'
[14.013s] INFO:colcon.colcon_core.shell:Creating package script '/home/redi/ros2_ws/install/catch_turtles/share/catch_turtles/package.bash'
[14.014s] INFO:colcon.colcon_core.shell:Creating package script '/home/redi/ros2_ws/install/catch_turtles/share/catch_turtles/package.zsh'
[14.015s] Level 1:colcon.colcon_core.environment:create_file_with_runtime_dependencies(/home/redi/ros2_ws/install/catch_turtles/share/colcon-core/packages/catch_turtles)
[14.015s] DEBUG:colcon.colcon_parallel_executor.executor.parallel:closing loop
[14.016s] DEBUG:colcon.colcon_parallel_executor.executor.parallel:loop closed
[14.017s] DEBUG:colcon.colcon_parallel_executor.executor.parallel:run_until_complete finished with '0'
[14.017s] DEBUG:colcon.colcon_core.event_reactor:joining thread
[14.027s] INFO:colcon.colcon_core.plugin_system:Skipping extension 'colcon_notification.desktop_notification.terminal_notifier': Not used on non-Darwin systems
[14.027s] INFO:colcon.colcon_core.plugin_system:Skipping extension 'colcon_notification.desktop_notification.win32': Not used on non-Windows systems
[14.027s] INFO:colcon.colcon_notification.desktop_notification:Sending desktop notification using 'notify2'
[14.052s] DEBUG:colcon.colcon_core.event_reactor:joined thread
[14.053s] INFO:colcon.colcon_core.shell:Creating prefix script '/home/redi/ros2_ws/install/local_setup.ps1'
[14.055s] INFO:colcon.colcon_core.shell:Creating prefix util module '/home/redi/ros2_ws/install/_local_setup_util_ps1.py'
[14.057s] INFO:colcon.colcon_core.shell:Creating prefix chain script '/home/redi/ros2_ws/install/setup.ps1'
[14.059s] INFO:colcon.colcon_core.shell:Creating prefix script '/home/redi/ros2_ws/install/local_setup.sh'
[14.060s] INFO:colcon.colcon_core.shell:Creating prefix util module '/home/redi/ros2_ws/install/_local_setup_util_sh.py'
[14.060s] INFO:colcon.colcon_core.shell:Creating prefix chain script '/home/redi/ros2_ws/install/setup.sh'
[14.062s] INFO:colcon.colcon_core.shell:Creating prefix script '/home/redi/ros2_ws/install/local_setup.bash'
[14.063s] INFO:colcon.colcon_core.shell:Creating prefix chain script '/home/redi/ros2_ws/install/setup.bash'
[14.065s] INFO:colcon.colcon_core.shell:Creating prefix script '/home/redi/ros2_ws/install/local_setup.zsh'
[14.066s] INFO:colcon.colcon_core.shell:Creating prefix chain script '/home/redi/ros2_ws/install/setup.zsh'
