[35m[1mScanning dependencies of target number_publisher[0m
[  9%] Built target LED_node
[ 18%] Built target robot_news_station
[ 27%] Built target smartphone
[ 45%] Built target number_counter
[ 45%] Built target add_two_ints_client_no_oop
[ 54%] Built target cpp_node
[ 63%] Built target add_two_ints_client
[ 68%] [32mBuilding CXX object CMakeFiles/number_publisher.dir/src/number_publisher.cpp.o[0m
[ 77%] Built target hardware_status_publisher
[ 86%] Built target add_two_ints_server
[ 95%] Built target battery_node
[100%] [32m[1mLinking CXX executable number_publisher[0m
[100%] Built target number_publisher
-- Install configuration: ""
-- Up-to-date: /home/redi/ros2_ws/install/my_cpp_pkg/lib/my_cpp_pkg/cpp_node
-- Up-to-date: /home/redi/ros2_ws/install/my_cpp_pkg/lib/my_cpp_pkg/robot_news_station
-- Up-to-date: /home/redi/ros2_ws/install/my_cpp_pkg/lib/my_cpp_pkg/smartphone
-- Installing: /home/redi/ros2_ws/install/my_cpp_pkg/lib/my_cpp_pkg/number_publisher
-- Set runtime path of "/home/redi/ros2_ws/install/my_cpp_pkg/lib/my_cpp_pkg/number_publisher" to ""
-- Up-to-date: /home/redi/ros2_ws/install/my_cpp_pkg/lib/my_cpp_pkg/number_counter
-- Up-to-date: /home/redi/ros2_ws/install/my_cpp_pkg/lib/my_cpp_pkg/add_two_ints_server
-- Up-to-date: /home/redi/ros2_ws/install/my_cpp_pkg/lib/my_cpp_pkg/add_two_ints_client_no_oop
-- Up-to-date: /home/redi/ros2_ws/install/my_cpp_pkg/lib/my_cpp_pkg/add_two_ints_client
-- Up-to-date: /home/redi/ros2_ws/install/my_cpp_pkg/lib/my_cpp_pkg/hardware_status_publisher
-- Up-to-date: /home/redi/ros2_ws/install/my_cpp_pkg/lib/my_cpp_pkg/battery_node
-- Up-to-date: /home/redi/ros2_ws/install/my_cpp_pkg/lib/my_cpp_pkg/LED_node
-- Up-to-date: /home/redi/ros2_ws/install/my_cpp_pkg/share/ament_index/resource_index/package_run_dependencies/my_cpp_pkg
-- Up-to-date: /home/redi/ros2_ws/install/my_cpp_pkg/share/ament_index/resource_index/parent_prefix_path/my_cpp_pkg
-- Up-to-date: /home/redi/ros2_ws/install/my_cpp_pkg/share/my_cpp_pkg/environment/ament_prefix_path.sh
-- Up-to-date: /home/redi/ros2_ws/install/my_cpp_pkg/share/my_cpp_pkg/environment/ament_prefix_path.dsv
-- Up-to-date: /home/redi/ros2_ws/install/my_cpp_pkg/share/my_cpp_pkg/environment/path.sh
-- Up-to-date: /home/redi/ros2_ws/install/my_cpp_pkg/share/my_cpp_pkg/environment/path.dsv
-- Up-to-date: /home/redi/ros2_ws/install/my_cpp_pkg/share/my_cpp_pkg/local_setup.bash
-- Up-to-date: /home/redi/ros2_ws/install/my_cpp_pkg/share/my_cpp_pkg/local_setup.sh
-- Up-to-date: /home/redi/ros2_ws/install/my_cpp_pkg/share/my_cpp_pkg/local_setup.zsh
-- Up-to-date: /home/redi/ros2_ws/install/my_cpp_pkg/share/my_cpp_pkg/local_setup.dsv
-- Installing: /home/redi/ros2_ws/install/my_cpp_pkg/share/my_cpp_pkg/package.dsv
-- Up-to-date: /home/redi/ros2_ws/install/my_cpp_pkg/share/ament_index/resource_index/packages/my_cpp_pkg
-- Up-to-date: /home/redi/ros2_ws/install/my_cpp_pkg/share/my_cpp_pkg/cmake/my_cpp_pkgConfig.cmake
-- Up-to-date: /home/redi/ros2_ws/install/my_cpp_pkg/share/my_cpp_pkg/cmake/my_cpp_pkgConfig-version.cmake
-- Up-to-date: /home/redi/ros2_ws/install/my_cpp_pkg/share/my_cpp_pkg/package.xml
