[0.014s] Invoking command in '/home/redi/ros2_ws/build/catch_turtles': CMAKE_PREFIX_PATH=${CMAKE_PREFIX_PATH}:/home/redi/ros2_ws/install/my_py_pkg:/opt/ros/foxy /usr/bin/cmake /home/redi/ros2_ws/src/catch_turtles -DCMAKE_INSTALL_PREFIX=/home/redi/ros2_ws/install/catch_turtles
[0.113s] -- The C compiler identification is GNU 9.4.0
[0.176s] -- The CXX compiler identification is GNU 9.4.0
[0.181s] -- Check for working C compiler: /usr/bin/cc
[0.254s] -- Check for working C compiler: /usr/bin/cc -- works
[0.255s] -- Detecting C compiler ABI info
[0.329s] -- Detecting C compiler ABI info - done
[0.342s] -- Detecting C compile features
[0.343s] -- Detecting C compile features - done
[0.345s] -- Check for working CXX compiler: /usr/bin/c++
[0.427s] -- Check for working CXX compiler: /usr/bin/c++ -- works
[0.428s] -- Detecting CXX compiler ABI info
[0.514s] -- Detecting CXX compiler ABI info - done
[0.528s] -- Detecting CXX compile features
[0.528s] -- Detecting CXX compile features - done
[0.533s] -- Found ament_cmake: 0.9.9 (/opt/ros/foxy/share/ament_cmake/cmake)
[0.559s] -- Found PythonInterp: /usr/bin/python3 (found suitable version "3.8.10", minimum required is "3") 
[0.559s] -- Using PYTHON_EXECUTABLE: /usr/bin/python3
[0.736s] -- Found rclcpp: 2.4.1 (/opt/ros/foxy/share/rclcpp/cmake)
[0.790s] -- Using all available rosidl_typesupport_c: rosidl_typesupport_fastrtps_c;rosidl_typesupport_introspection_c
[0.798s] -- Found rosidl_adapter: 1.2.1 (/opt/ros/foxy/share/rosidl_adapter/cmake)
[0.937s] -- Found OpenSSL: /usr/lib/x86_64-linux-gnu/libcrypto.so (found version "1.1.1f")  
[0.964s] -- Found FastRTPS: /opt/ros/foxy/include  
[1.041s] -- Using all available rosidl_typesupport_cpp: rosidl_typesupport_fastrtps_cpp;rosidl_typesupport_introspection_cpp
[1.102s] -- Found rmw_implementation_cmake: 1.0.3 (/opt/ros/foxy/share/rmw_implementation_cmake/cmake)
[1.104s] -- Using RMW implementation 'rmw_fastrtps_cpp' as default
[1.105s] -- Looking for pthread.h
[1.177s] -- Looking for pthread.h - found
[1.177s] -- Performing Test CMAKE_HAVE_LIBC_PTHREAD
[1.256s] -- Performing Test CMAKE_HAVE_LIBC_PTHREAD - Failed
[1.257s] -- Looking for pthread_create in pthreads
[1.320s] -- Looking for pthread_create in pthreads - not found
[1.320s] -- Looking for pthread_create in pthread
[1.396s] -- Looking for pthread_create in pthread - found
[1.397s] -- Found Threads: TRUE  
[1.555s] -- Found turtlesim: 1.2.5 (/opt/ros/foxy/share/turtlesim/cmake)
[1.714s] -- Configuring done
[1.721s] -- Generating done
[1.723s] -- Build files have been written to: /home/redi/ros2_ws/build/catch_turtles
[1.729s] Invoked command in '/home/redi/ros2_ws/build/catch_turtles' returned '0': CMAKE_PREFIX_PATH=${CMAKE_PREFIX_PATH}:/home/redi/ros2_ws/install/my_py_pkg:/opt/ros/foxy /usr/bin/cmake /home/redi/ros2_ws/src/catch_turtles -DCMAKE_INSTALL_PREFIX=/home/redi/ros2_ws/install/catch_turtles
[1.732s] Invoking command in '/home/redi/ros2_ws/build/catch_turtles': CMAKE_PREFIX_PATH=${CMAKE_PREFIX_PATH}:/home/redi/ros2_ws/install/my_py_pkg:/opt/ros/foxy /usr/bin/cmake --build /home/redi/ros2_ws/build/catch_turtles -- -j8 -l8
[1.777s] [35m[1mScanning dependencies of target turtle_spawner[0m
[1.812s] [ 50%] [32mBuilding CXX object CMakeFiles/turtle_spawner.dir/src/turtle_spawner.cpp.o[0m
[4.339s] [100%] [32m[1mLinking CXX executable turtle_spawner[0m
[4.506s] [100%] Built target turtle_spawner
[4.518s] Invoked command in '/home/redi/ros2_ws/build/catch_turtles' returned '0': CMAKE_PREFIX_PATH=${CMAKE_PREFIX_PATH}:/home/redi/ros2_ws/install/my_py_pkg:/opt/ros/foxy /usr/bin/cmake --build /home/redi/ros2_ws/build/catch_turtles -- -j8 -l8
[4.560s] Invoking command in '/home/redi/ros2_ws/build/catch_turtles': CMAKE_PREFIX_PATH=${CMAKE_PREFIX_PATH}:/home/redi/ros2_ws/install/my_py_pkg:/opt/ros/foxy /usr/bin/cmake --install /home/redi/ros2_ws/build/catch_turtles
[4.569s] -- Install configuration: ""
[4.569s] -- Installing: /home/redi/ros2_ws/install/catch_turtles/bin/turtle_spawner
[4.570s] -- Set runtime path of "/home/redi/ros2_ws/install/catch_turtles/bin/turtle_spawner" to ""
[4.570s] -- Installing: /home/redi/ros2_ws/install/catch_turtles/share/ament_index/resource_index/package_run_dependencies/catch_turtles
[4.571s] -- Installing: /home/redi/ros2_ws/install/catch_turtles/share/ament_index/resource_index/parent_prefix_path/catch_turtles
[4.571s] -- Installing: /home/redi/ros2_ws/install/catch_turtles/share/catch_turtles/environment/ament_prefix_path.sh
[4.571s] -- Installing: /home/redi/ros2_ws/install/catch_turtles/share/catch_turtles/environment/ament_prefix_path.dsv
[4.571s] -- Installing: /home/redi/ros2_ws/install/catch_turtles/share/catch_turtles/environment/path.sh
[4.571s] -- Installing: /home/redi/ros2_ws/install/catch_turtles/share/catch_turtles/environment/path.dsv
[4.571s] -- Installing: /home/redi/ros2_ws/install/catch_turtles/share/catch_turtles/local_setup.bash
[4.572s] -- Installing: /home/redi/ros2_ws/install/catch_turtles/share/catch_turtles/local_setup.sh
[4.572s] -- Installing: /home/redi/ros2_ws/install/catch_turtles/share/catch_turtles/local_setup.zsh
[4.572s] -- Installing: /home/redi/ros2_ws/install/catch_turtles/share/catch_turtles/local_setup.dsv
[4.572s] -- Installing: /home/redi/ros2_ws/install/catch_turtles/share/catch_turtles/package.dsv
[4.572s] -- Installing: /home/redi/ros2_ws/install/catch_turtles/share/ament_index/resource_index/packages/catch_turtles
[4.572s] -- Installing: /home/redi/ros2_ws/install/catch_turtles/share/catch_turtles/cmake/catch_turtlesConfig.cmake
[4.572s] -- Installing: /home/redi/ros2_ws/install/catch_turtles/share/catch_turtles/cmake/catch_turtlesConfig-version.cmake
[4.573s] -- Installing: /home/redi/ros2_ws/install/catch_turtles/share/catch_turtles/package.xml
[4.576s] Invoked command in '/home/redi/ros2_ws/build/catch_turtles' returned '0': CMAKE_PREFIX_PATH=${CMAKE_PREFIX_PATH}:/home/redi/ros2_ws/install/my_py_pkg:/opt/ros/foxy /usr/bin/cmake --install /home/redi/ros2_ws/build/catch_turtles
