[0.021s] Invoking command in '/home/redi/ros2_ws/build/my_cpp_pkg': CMAKE_PREFIX_PATH=/home/redi/ros2_ws/install/my_py_pkg:/opt/ros/foxy /usr/bin/cmake --build /home/redi/ros2_ws/build/my_cpp_pkg -- -j8 -l8
[0.229s] [35m[1mScanning dependencies of target cpp_node[0m
[0.230s] [ 50%] [32mBuilding CXX object CMakeFiles/cpp_node.dir/src/my_first_node.cpp.o[0m
[1.932s] [100%] [32m[1mLinking CXX executable cpp_node[0m
[2.050s] [100%] Built target cpp_node
[2.062s] Invoked command in '/home/redi/ros2_ws/build/my_cpp_pkg' returned '0': CMAKE_PREFIX_PATH=/home/redi/ros2_ws/install/my_py_pkg:/opt/ros/foxy /usr/bin/cmake --build /home/redi/ros2_ws/build/my_cpp_pkg -- -j8 -l8
[2.099s] Invoking command in '/home/redi/ros2_ws/build/my_cpp_pkg': CMAKE_PREFIX_PATH=/home/redi/ros2_ws/install/my_py_pkg:/opt/ros/foxy /usr/bin/cmake --install /home/redi/ros2_ws/build/my_cpp_pkg
[2.107s] -- Install configuration: ""
[2.108s] -- Installing: /home/redi/ros2_ws/install/my_cpp_pkg/lib/my_cpp_pkg/cpp_node
[2.108s] -- Set runtime path of "/home/redi/ros2_ws/install/my_cpp_pkg/lib/my_cpp_pkg/cpp_node" to ""
[2.109s] -- Up-to-date: /home/redi/ros2_ws/install/my_cpp_pkg/share/ament_index/resource_index/package_run_dependencies/my_cpp_pkg
[2.109s] -- Up-to-date: /home/redi/ros2_ws/install/my_cpp_pkg/share/ament_index/resource_index/parent_prefix_path/my_cpp_pkg
[2.109s] -- Up-to-date: /home/redi/ros2_ws/install/my_cpp_pkg/share/my_cpp_pkg/environment/ament_prefix_path.sh
[2.109s] -- Up-to-date: /home/redi/ros2_ws/install/my_cpp_pkg/share/my_cpp_pkg/environment/ament_prefix_path.dsv
[2.109s] -- Up-to-date: /home/redi/ros2_ws/install/my_cpp_pkg/share/my_cpp_pkg/environment/path.sh
[2.109s] -- Up-to-date: /home/redi/ros2_ws/install/my_cpp_pkg/share/my_cpp_pkg/environment/path.dsv
[2.109s] -- Up-to-date: /home/redi/ros2_ws/install/my_cpp_pkg/share/my_cpp_pkg/local_setup.bash
[2.109s] -- Up-to-date: /home/redi/ros2_ws/install/my_cpp_pkg/share/my_cpp_pkg/local_setup.sh
[2.109s] -- Up-to-date: /home/redi/ros2_ws/install/my_cpp_pkg/share/my_cpp_pkg/local_setup.zsh
[2.109s] -- Up-to-date: /home/redi/ros2_ws/install/my_cpp_pkg/share/my_cpp_pkg/local_setup.dsv
[2.109s] -- Installing: /home/redi/ros2_ws/install/my_cpp_pkg/share/my_cpp_pkg/package.dsv
[2.110s] -- Up-to-date: /home/redi/ros2_ws/install/my_cpp_pkg/share/ament_index/resource_index/packages/my_cpp_pkg
[2.110s] -- Up-to-date: /home/redi/ros2_ws/install/my_cpp_pkg/share/my_cpp_pkg/cmake/my_cpp_pkgConfig.cmake
[2.110s] -- Up-to-date: /home/redi/ros2_ws/install/my_cpp_pkg/share/my_cpp_pkg/cmake/my_cpp_pkgConfig-version.cmake
[2.110s] -- Up-to-date: /home/redi/ros2_ws/install/my_cpp_pkg/share/my_cpp_pkg/package.xml
[2.112s] Invoked command in '/home/redi/ros2_ws/build/my_cpp_pkg' returned '0': CMAKE_PREFIX_PATH=/home/redi/ros2_ws/install/my_py_pkg:/opt/ros/foxy /usr/bin/cmake --install /home/redi/ros2_ws/build/my_cpp_pkg
