[0.057s] Invoking command in '/home/redi/ros2_ws/build/my_cpp_pkg': CMAKE_PREFIX_PATH=${CMAKE_PREFIX_PATH}:/home/redi/ros2_ws/install/my_py_pkg:/opt/ros/foxy /usr/bin/cmake --build /home/redi/ros2_ws/build/my_cpp_pkg -- -j8 -l8
[0.124s] [35m[1mScanning dependencies of target number_counter[0m
[0.198s] [ 12%] Built target add_two_ints_server
[0.200s] [ 25%] Built target robot_news_station
[0.203s] [ 37%] Built target cpp_node
[0.208s] [ 50%] Built target number_publisher
[0.208s] [ 62%] Built target smartphone
[0.217s] [ 75%] Built target add_two_ints_client
[0.221s] [ 87%] Built target add_two_ints_client_no_oop
[0.224s] [ 93%] [32mBuilding CXX object CMakeFiles/number_counter.dir/src/number_counter.cpp.o[0m
[2.466s] [01m[K/home/redi/ros2_ws/src/my_cpp_pkg/src/number_counter.cpp:[m[K In constructor ‘[01m[KNumberCounterNode::NumberCounterNode()[m[K’:
[2.466s] [01m[K/home/redi/ros2_ws/src/my_cpp_pkg/src/number_counter.cpp:17:43:[m[K [01;31m[Kerror: [m[K‘[01m[KreceiveCounter[m[K’ is not a member of ‘[01m[KNumberCounterNode[m[K’
[2.466s]    17 |             std::bind(&NumberCounterNode::[01;31m[KreceiveCounter[m[K, this, _1));
[2.466s]       |                                           [01;31m[K^~~~~~~~~~~~~~[m[K
[2.467s] [01m[K/home/redi/ros2_ws/src/my_cpp_pkg/src/number_counter.cpp:23:43:[m[K [01;31m[Kerror: [m[K‘[01m[KcallBackResetCounter[m[K’ is not a member of ‘[01m[KNumberCounterNode[m[K’
[2.467s]    23 |             std::bind(&NumberCounterNode::[01;31m[KcallBackResetCounter[m[K, this, _1));
[2.467s]       |                                           [01;31m[K^~~~~~~~~~~~~~~~~~~~[m[K
[3.839s] make[2]: *** [CMakeFiles/number_counter.dir/build.make:63: CMakeFiles/number_counter.dir/src/number_counter.cpp.o] Error 1
[3.840s] make[1]: *** [CMakeFiles/Makefile2:119: CMakeFiles/number_counter.dir/all] Error 2
[3.840s] make: *** [Makefile:141: all] Error 2
[3.844s] Invoked command in '/home/redi/ros2_ws/build/my_cpp_pkg' returned '2': CMAKE_PREFIX_PATH=${CMAKE_PREFIX_PATH}:/home/redi/ros2_ws/install/my_py_pkg:/opt/ros/foxy /usr/bin/cmake --build /home/redi/ros2_ws/build/my_cpp_pkg -- -j8 -l8
