-- Found ament_cmake: 0.9.9 (/opt/ros/foxy/share/ament_cmake/cmake)
-- Using PYTHON_EXECUTABLE: /usr/bin/python3
-- Found rclcpp: 2.4.1 (/opt/ros/foxy/share/rclcpp/cmake)
-- Using all available rosidl_typesupport_c: rosidl_typesupport_fastrtps_c;rosidl_typesupport_introspection_c
-- Found rosidl_adapter: 1.2.1 (/opt/ros/foxy/share/rosidl_adapter/cmake)
-- Using all available rosidl_typesupport_cpp: rosidl_typesupport_fastrtps_cpp;rosidl_typesupport_introspection_cpp
-- Found rmw_implementation_cmake: 1.0.3 (/opt/ros/foxy/share/rmw_implementation_cmake/cmake)
-- Using RMW implementation 'rmw_fastrtps_cpp' as default
-- Found turtlesim: 1.2.5 (/opt/ros/foxy/share/turtlesim/cmake)
-- Configuring done
-- Generating done
-- Build files have been written to: /home/redi/ros2_ws/build/catch_turtles
[100%] Built target turtle_spawner
-- Install configuration: ""
-- Installing: /home/redi/ros2_ws/install/catch_turtles/lib/catch_turtles/turtle_spawner
-- Set runtime path of "/home/redi/ros2_ws/install/catch_turtles/lib/catch_turtles/turtle_spawner" to ""
-- Up-to-date: /home/redi/ros2_ws/install/catch_turtles/share/ament_index/resource_index/package_run_dependencies/catch_turtles
-- Installing: /home/redi/ros2_ws/install/catch_turtles/share/ament_index/resource_index/parent_prefix_path/catch_turtles
-- Up-to-date: /home/redi/ros2_ws/install/catch_turtles/share/catch_turtles/environment/ament_prefix_path.sh
-- Installing: /home/redi/ros2_ws/install/catch_turtles/share/catch_turtles/environment/ament_prefix_path.dsv
-- Up-to-date: /home/redi/ros2_ws/install/catch_turtles/share/catch_turtles/environment/path.sh
-- Installing: /home/redi/ros2_ws/install/catch_turtles/share/catch_turtles/environment/path.dsv
-- Up-to-date: /home/redi/ros2_ws/install/catch_turtles/share/catch_turtles/local_setup.bash
-- Up-to-date: /home/redi/ros2_ws/install/catch_turtles/share/catch_turtles/local_setup.sh
-- Up-to-date: /home/redi/ros2_ws/install/catch_turtles/share/catch_turtles/local_setup.zsh
-- Installing: /home/redi/ros2_ws/install/catch_turtles/share/catch_turtles/local_setup.dsv
-- Installing: /home/redi/ros2_ws/install/catch_turtles/share/catch_turtles/package.dsv
-- Up-to-date: /home/redi/ros2_ws/install/catch_turtles/share/ament_index/resource_index/packages/catch_turtles
-- Up-to-date: /home/redi/ros2_ws/install/catch_turtles/share/catch_turtles/cmake/catch_turtlesConfig.cmake
-- Up-to-date: /home/redi/ros2_ws/install/catch_turtles/share/catch_turtles/cmake/catch_turtlesConfig-version.cmake
-- Up-to-date: /home/redi/ros2_ws/install/catch_turtles/share/catch_turtles/package.xml
