[0.014s] Invoking command in '/home/redi/ros2_ws/build/catch_turtles': CMAKE_PREFIX_PATH=${CMAKE_PREFIX_PATH}:/home/redi/ros2_ws/install/my_py_pkg:/opt/ros/foxy /usr/bin/cmake --build /home/redi/ros2_ws/build/catch_turtles -- -j8 -l8
[0.042s] -- Found ament_cmake: 0.9.9 (/opt/ros/foxy/share/ament_cmake/cmake)
[0.065s] -- Using PYTHON_EXECUTABLE: /usr/bin/python3
[0.226s] -- Found rclcpp: 2.4.1 (/opt/ros/foxy/share/rclcpp/cmake)
[0.262s] -- Using all available rosidl_typesupport_c: rosidl_typesupport_fastrtps_c;rosidl_typesupport_introspection_c
[0.265s] -- Found rosidl_adapter: 1.2.1 (/opt/ros/foxy/share/rosidl_adapter/cmake)
[0.379s] -- Using all available rosidl_typesupport_cpp: rosidl_typesupport_fastrtps_cpp;rosidl_typesupport_introspection_cpp
[0.427s] -- Found rmw_implementation_cmake: 1.0.3 (/opt/ros/foxy/share/rmw_implementation_cmake/cmake)
[0.429s] -- Using RMW implementation 'rmw_fastrtps_cpp' as default
[0.576s] -- Found turtlesim: 1.2.5 (/opt/ros/foxy/share/turtlesim/cmake)
[0.734s] -- Configuring done
[0.743s] -- Generating done
[0.745s] -- Build files have been written to: /home/redi/ros2_ws/build/catch_turtles
[0.792s] [100%] Built target turtle_spawner
[0.806s] Invoked command in '/home/redi/ros2_ws/build/catch_turtles' returned '0': CMAKE_PREFIX_PATH=${CMAKE_PREFIX_PATH}:/home/redi/ros2_ws/install/my_py_pkg:/opt/ros/foxy /usr/bin/cmake --build /home/redi/ros2_ws/build/catch_turtles -- -j8 -l8
[0.843s] Invoking command in '/home/redi/ros2_ws/build/catch_turtles': CMAKE_PREFIX_PATH=${CMAKE_PREFIX_PATH}:/home/redi/ros2_ws/install/my_py_pkg:/opt/ros/foxy /usr/bin/cmake --install /home/redi/ros2_ws/build/catch_turtles
[0.852s] -- Install configuration: ""
[0.852s] -- Installing: /home/redi/ros2_ws/install/catch_turtles/lib/catch_turtles/turtle_spawner
[0.853s] -- Set runtime path of "/home/redi/ros2_ws/install/catch_turtles/lib/catch_turtles/turtle_spawner" to ""
[0.853s] -- Up-to-date: /home/redi/ros2_ws/install/catch_turtles/share/ament_index/resource_index/package_run_dependencies/catch_turtles
[0.853s] -- Installing: /home/redi/ros2_ws/install/catch_turtles/share/ament_index/resource_index/parent_prefix_path/catch_turtles
[0.853s] -- Up-to-date: /home/redi/ros2_ws/install/catch_turtles/share/catch_turtles/environment/ament_prefix_path.sh
[0.853s] -- Installing: /home/redi/ros2_ws/install/catch_turtles/share/catch_turtles/environment/ament_prefix_path.dsv
[0.853s] -- Up-to-date: /home/redi/ros2_ws/install/catch_turtles/share/catch_turtles/environment/path.sh
[0.853s] -- Installing: /home/redi/ros2_ws/install/catch_turtles/share/catch_turtles/environment/path.dsv
[0.853s] -- Up-to-date: /home/redi/ros2_ws/install/catch_turtles/share/catch_turtles/local_setup.bash
[0.854s] -- Up-to-date: /home/redi/ros2_ws/install/catch_turtles/share/catch_turtles/local_setup.sh
[0.854s] -- Up-to-date: /home/redi/ros2_ws/install/catch_turtles/share/catch_turtles/local_setup.zsh
[0.854s] -- Installing: /home/redi/ros2_ws/install/catch_turtles/share/catch_turtles/local_setup.dsv
[0.854s] -- Installing: /home/redi/ros2_ws/install/catch_turtles/share/catch_turtles/package.dsv
[0.854s] -- Up-to-date: /home/redi/ros2_ws/install/catch_turtles/share/ament_index/resource_index/packages/catch_turtles
[0.854s] -- Up-to-date: /home/redi/ros2_ws/install/catch_turtles/share/catch_turtles/cmake/catch_turtlesConfig.cmake
[0.854s] -- Up-to-date: /home/redi/ros2_ws/install/catch_turtles/share/catch_turtles/cmake/catch_turtlesConfig-version.cmake
[0.854s] -- Up-to-date: /home/redi/ros2_ws/install/catch_turtles/share/catch_turtles/package.xml
[0.856s] Invoked command in '/home/redi/ros2_ws/build/catch_turtles' returned '0': CMAKE_PREFIX_PATH=${CMAKE_PREFIX_PATH}:/home/redi/ros2_ws/install/my_py_pkg:/opt/ros/foxy /usr/bin/cmake --install /home/redi/ros2_ws/build/catch_turtles
