[0.570s] Invoking command in '/home/redi/ros2_ws/src/my_py_pkg': PYTHONPATH=/home/redi/ros2_ws/install/my_py_pkg/lib/python3.8/site-packages:${PYTHONPATH} /usr/bin/python3 setup.py egg_info --egg-base ../../build/my_py_pkg build --build-base /home/redi/ros2_ws/build/my_py_pkg/build install --prefix /home/redi/ros2_ws/install/my_py_pkg --record /home/redi/ros2_ws/build/my_py_pkg/install.log --single-version-externally-managed
[0.760s] running egg_info
[0.760s] creating ../../build/my_py_pkg/my_py_pkg.egg-info
[0.760s] writing ../../build/my_py_pkg/my_py_pkg.egg-info/PKG-INFO
[0.760s] writing dependency_links to ../../build/my_py_pkg/my_py_pkg.egg-info/dependency_links.txt
[0.761s] writing entry points to ../../build/my_py_pkg/my_py_pkg.egg-info/entry_points.txt
[0.761s] writing requirements to ../../build/my_py_pkg/my_py_pkg.egg-info/requires.txt
[0.761s] writing top-level names to ../../build/my_py_pkg/my_py_pkg.egg-info/top_level.txt
[0.762s] writing manifest file '../../build/my_py_pkg/my_py_pkg.egg-info/SOURCES.txt'
[0.791s] reading manifest file '../../build/my_py_pkg/my_py_pkg.egg-info/SOURCES.txt'
[0.791s] writing manifest file '../../build/my_py_pkg/my_py_pkg.egg-info/SOURCES.txt'
[0.791s] running build
[0.792s] running build_py
[0.792s] creating /home/redi/ros2_ws/build/my_py_pkg/build
[0.792s] creating /home/redi/ros2_ws/build/my_py_pkg/build/lib
[0.792s] creating /home/redi/ros2_ws/build/my_py_pkg/build/lib/my_py_pkg
[0.792s] copying my_py_pkg/__init__.py -> /home/redi/ros2_ws/build/my_py_pkg/build/lib/my_py_pkg
[0.792s] running install
[0.792s] running install_lib
[0.793s] creating /home/redi/ros2_ws/install/my_py_pkg/lib/python3.8/site-packages/my_py_pkg
[0.793s] copying /home/redi/ros2_ws/build/my_py_pkg/build/lib/my_py_pkg/__init__.py -> /home/redi/ros2_ws/install/my_py_pkg/lib/python3.8/site-packages/my_py_pkg
[0.794s] byte-compiling /home/redi/ros2_ws/install/my_py_pkg/lib/python3.8/site-packages/my_py_pkg/__init__.py to __init__.cpython-38.pyc
[0.795s] running install_data
[0.795s] creating /home/redi/ros2_ws/install/my_py_pkg/share/ament_index
[0.795s] creating /home/redi/ros2_ws/install/my_py_pkg/share/ament_index/resource_index
[0.795s] creating /home/redi/ros2_ws/install/my_py_pkg/share/ament_index/resource_index/packages
[0.795s] copying resource/my_py_pkg -> /home/redi/ros2_ws/install/my_py_pkg/share/ament_index/resource_index/packages
[0.795s] copying package.xml -> /home/redi/ros2_ws/install/my_py_pkg/share/my_py_pkg
[0.796s] running install_egg_info
[0.797s] Copying ../../build/my_py_pkg/my_py_pkg.egg-info to /home/redi/ros2_ws/install/my_py_pkg/lib/python3.8/site-packages/my_py_pkg-0.0.0-py3.8.egg-info
[0.797s] running install_scripts
[0.812s] writing list of installed files to '/home/redi/ros2_ws/build/my_py_pkg/install.log'
[0.832s] Invoked command in '/home/redi/ros2_ws/src/my_py_pkg' returned '0': PYTHONPATH=/home/redi/ros2_ws/install/my_py_pkg/lib/python3.8/site-packages:${PYTHONPATH} /usr/bin/python3 setup.py egg_info --egg-base ../../build/my_py_pkg build --build-base /home/redi/ros2_ws/build/my_py_pkg/build install --prefix /home/redi/ros2_ws/install/my_py_pkg --record /home/redi/ros2_ws/build/my_py_pkg/install.log --single-version-externally-managed
