[0.022s] Invoking command in '/home/redi/ros2_ws/build/turtle_catcher': CMAKE_PREFIX_PATH=${CMAKE_PREFIX_PATH}:/home/redi/ros2_ws/install/my_py_pkg:/opt/ros/foxy /usr/bin/cmake --build /home/redi/ros2_ws/build/turtle_catcher -- -j8 -l8
[0.099s] [35m[1mScanning dependencies of target turtle_spawner[0m
[0.133s] [ 50%] Built target turtle_controller
[0.146s] [ 75%] [32mBuilding CXX object CMakeFiles/turtle_spawner.dir/src/turtle_spawner.cpp.o[0m
[7.955s] [100%] [32m[1mLinking CXX executable turtle_spawner[0m
[8.358s] [100%] Built target turtle_spawner
[8.378s] Invoked command in '/home/redi/ros2_ws/build/turtle_catcher' returned '0': CMAKE_PREFIX_PATH=${CMAKE_PREFIX_PATH}:/home/redi/ros2_ws/install/my_py_pkg:/opt/ros/foxy /usr/bin/cmake --build /home/redi/ros2_ws/build/turtle_catcher -- -j8 -l8
[8.442s] Invoking command in '/home/redi/ros2_ws/build/turtle_catcher': CMAKE_PREFIX_PATH=${CMAKE_PREFIX_PATH}:/home/redi/ros2_ws/install/my_py_pkg:/opt/ros/foxy /usr/bin/cmake --install /home/redi/ros2_ws/build/turtle_catcher
[8.456s] -- Install configuration: ""
[8.456s] -- Installing: /home/redi/ros2_ws/install/turtle_catcher/lib/turtle_catcher/turtle_spawner
[8.459s] -- Set runtime path of "/home/redi/ros2_ws/install/turtle_catcher/lib/turtle_catcher/turtle_spawner" to ""
[8.459s] -- Up-to-date: /home/redi/ros2_ws/install/turtle_catcher/lib/turtle_catcher/turtle_controller
[8.460s] -- Up-to-date: /home/redi/ros2_ws/install/turtle_catcher/share/ament_index/resource_index/package_run_dependencies/turtle_catcher
[8.460s] -- Up-to-date: /home/redi/ros2_ws/install/turtle_catcher/share/ament_index/resource_index/parent_prefix_path/turtle_catcher
[8.460s] -- Up-to-date: /home/redi/ros2_ws/install/turtle_catcher/share/turtle_catcher/environment/ament_prefix_path.sh
[8.461s] -- Up-to-date: /home/redi/ros2_ws/install/turtle_catcher/share/turtle_catcher/environment/ament_prefix_path.dsv
[8.461s] -- Up-to-date: /home/redi/ros2_ws/install/turtle_catcher/share/turtle_catcher/environment/path.sh
[8.461s] -- Up-to-date: /home/redi/ros2_ws/install/turtle_catcher/share/turtle_catcher/environment/path.dsv
[8.461s] -- Up-to-date: /home/redi/ros2_ws/install/turtle_catcher/share/turtle_catcher/local_setup.bash
[8.461s] -- Up-to-date: /home/redi/ros2_ws/install/turtle_catcher/share/turtle_catcher/local_setup.sh
[8.462s] -- Up-to-date: /home/redi/ros2_ws/install/turtle_catcher/share/turtle_catcher/local_setup.zsh
[8.462s] -- Up-to-date: /home/redi/ros2_ws/install/turtle_catcher/share/turtle_catcher/local_setup.dsv
[8.462s] -- Installing: /home/redi/ros2_ws/install/turtle_catcher/share/turtle_catcher/package.dsv
[8.462s] -- Up-to-date: /home/redi/ros2_ws/install/turtle_catcher/share/ament_index/resource_index/packages/turtle_catcher
[8.462s] -- Up-to-date: /home/redi/ros2_ws/install/turtle_catcher/share/turtle_catcher/cmake/turtle_catcherConfig.cmake
[8.462s] -- Up-to-date: /home/redi/ros2_ws/install/turtle_catcher/share/turtle_catcher/cmake/turtle_catcherConfig-version.cmake
[8.462s] -- Up-to-date: /home/redi/ros2_ws/install/turtle_catcher/share/turtle_catcher/package.xml
[8.465s] Invoked command in '/home/redi/ros2_ws/build/turtle_catcher' returned '0': CMAKE_PREFIX_PATH=${CMAKE_PREFIX_PATH}:/home/redi/ros2_ws/install/my_py_pkg:/opt/ros/foxy /usr/bin/cmake --install /home/redi/ros2_ws/build/turtle_catcher
