[35m[1mScanning dependencies of target turtle_controller[0m
[ 50%] Built target turtle_spawner
[ 75%] [32mBuilding CXX object CMakeFiles/turtle_controller.dir/src/turtle_controller.cpp.o[0m
[01m[K/home/redi/ros2_ws/src/catch_turtles/src/turtle_controller.cpp:[m[K In member function ‘[01m[Kvoid TurtleControllerNode::tpm(turtlesim::msg::Pose_<std::allocator<void> >::SharedPtr)[m[K’:
[01m[K/home/redi/ros2_ws/src/catch_turtles/src/turtle_controller.cpp:63:52:[m[K [01;35m[Kwarning: [m[Kunused parameter ‘[01m[Ktmp[m[K’ [[01;35m[K-Wunused-parameter[m[K]
   63 |     void tpm([01;35m[Kconst turtlesim::msg::Pose::SharedPtr tmp[m[K)
      |              [01;35m[K~~~~~~~~~~~~~~~~~~~~~~~~~~~~~~~~~~~~~~^~~[m[K
[100%] [32m[1mLinking CXX executable turtle_controller[0m
[100%] Built target turtle_controller
-- Install configuration: ""
-- Up-to-date: /home/redi/ros2_ws/install/catch_turtles/lib/catch_turtles/turtle_spawner
-- Installing: /home/redi/ros2_ws/install/catch_turtles/lib/catch_turtles/turtle_controller
-- Set runtime path of "/home/redi/ros2_ws/install/catch_turtles/lib/catch_turtles/turtle_controller" to ""
-- Up-to-date: /home/redi/ros2_ws/install/catch_turtles/share/ament_index/resource_index/package_run_dependencies/catch_turtles
-- Up-to-date: /home/redi/ros2_ws/install/catch_turtles/share/ament_index/resource_index/parent_prefix_path/catch_turtles
-- Up-to-date: /home/redi/ros2_ws/install/catch_turtles/share/catch_turtles/environment/ament_prefix_path.sh
-- Up-to-date: /home/redi/ros2_ws/install/catch_turtles/share/catch_turtles/environment/ament_prefix_path.dsv
-- Up-to-date: /home/redi/ros2_ws/install/catch_turtles/share/catch_turtles/environment/path.sh
-- Up-to-date: /home/redi/ros2_ws/install/catch_turtles/share/catch_turtles/environment/path.dsv
-- Up-to-date: /home/redi/ros2_ws/install/catch_turtles/share/catch_turtles/local_setup.bash
-- Up-to-date: /home/redi/ros2_ws/install/catch_turtles/share/catch_turtles/local_setup.sh
-- Up-to-date: /home/redi/ros2_ws/install/catch_turtles/share/catch_turtles/local_setup.zsh
-- Up-to-date: /home/redi/ros2_ws/install/catch_turtles/share/catch_turtles/local_setup.dsv
-- Installing: /home/redi/ros2_ws/install/catch_turtles/share/catch_turtles/package.dsv
-- Up-to-date: /home/redi/ros2_ws/install/catch_turtles/share/ament_index/resource_index/packages/catch_turtles
-- Up-to-date: /home/redi/ros2_ws/install/catch_turtles/share/catch_turtles/cmake/catch_turtlesConfig.cmake
-- Up-to-date: /home/redi/ros2_ws/install/catch_turtles/share/catch_turtles/cmake/catch_turtlesConfig-version.cmake
-- Up-to-date: /home/redi/ros2_ws/install/catch_turtles/share/catch_turtles/package.xml
