[0.037s] Invoking command in '/home/redi/ros2_ws/build/my_cpp_pkg': CMAKE_PREFIX_PATH=${CMAKE_PREFIX_PATH}:/home/redi/ros2_ws/install/my_py_pkg:/opt/ros/foxy /usr/bin/cmake --build /home/redi/ros2_ws/build/my_cpp_pkg -- -j8 -l8
[0.485s] [35m[1mScanning dependencies of target number_counter[0m
[0.486s] [ 12%] Built target cpp_node
[0.487s] [ 25%] Built target smartphone
[0.489s] [ 43%] Built target add_two_ints_server
[0.490s] [ 50%] Built target number_publisher
[0.491s] [ 62%] Built target robot_news_station
[0.492s] [ 75%] Built target add_two_ints_client_no_oop
[0.492s] [ 81%] [32mBuilding CXX object CMakeFiles/number_counter.dir/src/number_counter.cpp.o[0m
[0.492s] [ 93%] Built target add_two_ints_client
[2.560s] [01m[K/home/redi/ros2_ws/src/my_cpp_pkg/src/number_counter.cpp:[m[K In member function ‘[01m[Kvoid NumberCounterNode::receiveCounter(std_msgs::msg::Int64_<std::allocator<void> >::SharedPtr)[m[K’:
[2.560s] [01m[K/home/redi/ros2_ws/src/my_cpp_pkg/src/number_counter.cpp:34:63:[m[K [01;35m[Kwarning: [m[Kunused parameter ‘[01m[Kmsg[m[K’ [[01;35m[K-Wunused-parameter[m[K]
[2.560s]    34 |     void receiveCounter([01;35m[Kconst std_msgs::msg::Int64::SharedPtr msg[m[K)
[2.560s]       |                         [01;35m[K~~~~~~~~~~~~~~~~~~~~~~~~~~~~~~~~~~~~~~^~~[m[K
[2.561s] [01m[K/home/redi/ros2_ws/src/my_cpp_pkg/src/number_counter.cpp:[m[K In member function ‘[01m[Kvoid NumberCounterNode::publishCounter(std_msgs::msg::Int64_<std::allocator<void> >::SharedPtr)[m[K’:
[2.561s] [01m[K/home/redi/ros2_ws/src/my_cpp_pkg/src/number_counter.cpp:39:63:[m[K [01;35m[Kwarning: [m[Kunused parameter ‘[01m[Kmsg[m[K’ [[01;35m[K-Wunused-parameter[m[K]
[2.561s]    39 |     void publishCounter([01;35m[Kconst std_msgs::msg::Int64::SharedPtr msg[m[K)
[2.561s]       |                         [01;35m[K~~~~~~~~~~~~~~~~~~~~~~~~~~~~~~~~~~~~~~^~~[m[K
[2.569s] [01m[K/home/redi/ros2_ws/src/my_cpp_pkg/src/number_counter.cpp:[m[K In member function ‘[01m[Kvoid NumberCounterNode::callBackResetCounter(example_interfaces::srv::AddTwoInts_Request_<std::allocator<void> >::SharedPtr, example_interfaces::srv::AddTwoInts_Response_<std::allocator<void> >::SharedPtr)[m[K’:
[2.569s] [01m[K/home/redi/ros2_ws/src/my_cpp_pkg/src/number_counter.cpp:47:93:[m[K [01;35m[Kwarning: [m[Kunused parameter ‘[01m[Krequest[m[K’ [[01;35m[K-Wunused-parameter[m[K]
[2.569s]    47 |     void callBackResetCounter([01;35m[Kconst example_interfaces::srv::AddTwoInts::Request::SharedPtr request[m[K,
[2.569s]       |                               [01;35m[K~~~~~~~~~~~~~~~~~~~~~~~~~~~~~~~~~~~~~~~~~~~~~~~~~~~~~~~~~~~~~~^~~~~~~[m[K
[2.569s] [01m[K/home/redi/ros2_ws/src/my_cpp_pkg/src/number_counter.cpp:48:94:[m[K [01;35m[Kwarning: [m[Kunused parameter ‘[01m[Kresponse[m[K’ [[01;35m[K-Wunused-parameter[m[K]
[2.569s]    48 |                               [01;35m[Kconst example_interfaces::srv::AddTwoInts::Response::SharedPtr response[m[K)
[2.569s]       |                               [01;35m[K~~~~~~~~~~~~~~~~~~~~~~~~~~~~~~~~~~~~~~~~~~~~~~~~~~~~~~~~~~~~~~~^~~~~~~~[m[K
[9.311s] [100%] [32m[1mLinking CXX executable number_counter[0m
[9.736s] /usr/bin/ld: CMakeFiles/number_counter.dir/src/number_counter.cpp.o: in function `rclcpp::Service<example_interfaces::srv::AddTwoInts>::Service(std::shared_ptr<rcl_node_t>, std::__cxx11::basic_string<char, std::char_traits<char>, std::allocator<char> > const&, rclcpp::AnyServiceCallback<example_interfaces::srv::AddTwoInts>, rcl_service_options_t&)':
[9.736s] number_counter.cpp:(.text._ZN6rclcpp7ServiceIN18example_interfaces3srv10AddTwoIntsEEC2ESt10shared_ptrI10rcl_node_tERKNSt7__cxx1112basic_stringIcSt11char_traitsIcESaIcEEENS_18AnyServiceCallbackIS3_EER21rcl_service_options_t[_ZN6rclcpp7ServiceIN18example_interfaces3srv10AddTwoIntsEEC5ESt10shared_ptrI10rcl_node_tERKNSt7__cxx1112basic_stringIcSt11char_traitsIcESaIcEEENS_18AnyServiceCallbackIS3_EER21rcl_service_options_t]+0xb4): undefined reference to `rosidl_service_type_support_t const* rosidl_typesupport_cpp::get_service_type_support_handle<example_interfaces::srv::AddTwoInts>()'
[9.742s] collect2: error: ld returned 1 exit status
[9.744s] make[2]: *** [CMakeFiles/number_counter.dir/build.make:131: number_counter] Error 1
[9.745s] make[1]: *** [CMakeFiles/Makefile2:119: CMakeFiles/number_counter.dir/all] Error 2
[9.745s] make: *** [Makefile:141: all] Error 2
[9.748s] Invoked command in '/home/redi/ros2_ws/build/my_cpp_pkg' returned '2': CMAKE_PREFIX_PATH=${CMAKE_PREFIX_PATH}:/home/redi/ros2_ws/install/my_py_pkg:/opt/ros/foxy /usr/bin/cmake --build /home/redi/ros2_ws/build/my_cpp_pkg -- -j8 -l8
