[0.023s] Invoking command in '/home/redi/ros2_ws/build/my_robot_interfaces': CMAKE_PREFIX_PATH=${CMAKE_PREFIX_PATH}:/home/redi/ros2_ws/install/my_py_pkg:/opt/ros/foxy /usr/bin/cmake --build /home/redi/ros2_ws/build/my_robot_interfaces -- -j8 -l8
[0.096s] -- Found ament_cmake: 0.9.9 (/opt/ros/foxy/share/ament_cmake/cmake)
[0.121s] -- Found PythonInterp: /usr/bin/python3 (found suitable version "3.8.10", minimum required is "3") 
[0.121s] -- Using PYTHON_EXECUTABLE: /usr/bin/python3
[0.307s] -- Found rosidl_default_generators: 1.0.1 (/opt/ros/foxy/share/rosidl_default_generators/cmake)
[0.310s] -- Using all available rosidl_typesupport_c: rosidl_typesupport_fastrtps_c;rosidl_typesupport_introspection_c
[0.315s] -- Found rosidl_adapter: 1.2.1 (/opt/ros/foxy/share/rosidl_adapter/cmake)
[0.478s] -- Using all available rosidl_typesupport_cpp: rosidl_typesupport_fastrtps_cpp;rosidl_typesupport_introspection_cpp
[0.526s] -- Found PythonInterp: /usr/bin/python3 (found version "3.8.10") 
[0.671s] -- Found ament_cmake_ros: 0.9.2 (/opt/ros/foxy/share/ament_cmake_ros/cmake)
[0.768s] -- Using all available rosidl_typesupport_c: rosidl_typesupport_fastrtps_c;rosidl_typesupport_introspection_c
[0.776s] -- Using all available rosidl_typesupport_cpp: rosidl_typesupport_fastrtps_cpp;rosidl_typesupport_introspection_cpp
[0.797s] -- Found PythonInterp: /usr/bin/python3 (found suitable version "3.8.10", minimum required is "3.5") 
[0.797s] -- Found python_cmake_module: 0.8.1 (/opt/ros/foxy/share/python_cmake_module/cmake)
[0.819s] -- Using PYTHON_EXECUTABLE: /usr/bin/python3
[0.819s] -- Using PYTHON_INCLUDE_DIRS: /usr/include/python3.8
[0.819s] -- Using PYTHON_LIBRARIES: /usr/lib/x86_64-linux-gnu/libpython3.8.so
[0.845s] -- Configuring done
[0.895s] -- Generating done
[0.898s] -- Build files have been written to: /home/redi/ros2_ws/build/my_robot_interfaces
[0.926s] [  1%] [34m[1mGenerating C code for ROS interfaces[0m
[0.940s] [  3%] [34m[1mGenerating C++ code for ROS interfaces[0m
[1.301s] [  3%] Built target my_robot_interfaces__cpp
[1.311s] [  5%] [34m[1mGenerating C++ introspection for ROS interfaces[0m
[1.314s] [  7%] [34m[1mGenerating C++ type support dispatch for ROS interfaces[0m
[1.314s] [  9%] [34m[1mGenerating C++ type support for eProsima Fast-RTPS[0m
[1.321s] [35m[1mScanning dependencies of target my_robot_interfaces__rosidl_generator_c[0m
[1.334s] [ 10%] [32mBuilding C object CMakeFiles/my_robot_interfaces__rosidl_generator_c.dir/rosidl_generator_c/my_robot_interfaces/msg/detail/hardware_status__functions.c.o[0m
[1.336s] [ 12%] [32mBuilding C object CMakeFiles/my_robot_interfaces__rosidl_generator_c.dir/rosidl_generator_c/my_robot_interfaces/msg/detail/led_states__functions.c.o[0m
[1.337s] [ 14%] [32mBuilding C object CMakeFiles/my_robot_interfaces__rosidl_generator_c.dir/rosidl_generator_c/my_robot_interfaces/srv/detail/compute_rectangle_area__functions.c.o[0m
[1.339s] [ 16%] [32mBuilding C object CMakeFiles/my_robot_interfaces__rosidl_generator_c.dir/rosidl_generator_c/my_robot_interfaces/srv/detail/set_led__functions.c.o[0m
[1.399s] [ 18%] [32m[1mLinking C shared library libmy_robot_interfaces__rosidl_generator_c.so[0m
[1.439s] [ 18%] Built target my_robot_interfaces__rosidl_generator_c
[1.449s] [ 20%] [34m[1mGenerating C introspection for ROS interfaces[0m
[1.453s] [ 21%] [34m[1mGenerating C type support dispatch for ROS interfaces[0m
[1.607s] [35m[1mScanning dependencies of target my_robot_interfaces__rosidl_typesupport_cpp[0m
[1.623s] [ 25%] [32mBuilding CXX object CMakeFiles/my_robot_interfaces__rosidl_typesupport_cpp.dir/rosidl_typesupport_cpp/my_robot_interfaces/msg/hardware_status__type_support.cpp.o[0m
[1.623s] [ 25%] [32mBuilding CXX object CMakeFiles/my_robot_interfaces__rosidl_typesupport_cpp.dir/rosidl_typesupport_cpp/my_robot_interfaces/srv/compute_rectangle_area__type_support.cpp.o[0m
[1.623s] [ 27%] [32mBuilding CXX object CMakeFiles/my_robot_interfaces__rosidl_typesupport_cpp.dir/rosidl_typesupport_cpp/my_robot_interfaces/msg/led_states__type_support.cpp.o[0m
[1.623s] [ 29%] [32mBuilding CXX object CMakeFiles/my_robot_interfaces__rosidl_typesupport_cpp.dir/rosidl_typesupport_cpp/my_robot_interfaces/srv/set_led__type_support.cpp.o[0m
[1.713s] [35m[1mScanning dependencies of target my_robot_interfaces__rosidl_typesupport_introspection_cpp[0m
[1.746s] [ 30%] [32mBuilding CXX object CMakeFiles/my_robot_interfaces__rosidl_typesupport_introspection_cpp.dir/rosidl_typesupport_introspection_cpp/my_robot_interfaces/msg/detail/hardware_status__type_support.cpp.o[0m
[1.783s] [35m[1mScanning dependencies of target my_robot_interfaces__rosidl_typesupport_fastrtps_cpp[0m
[1.810s] [ 32%] [32mBuilding CXX object CMakeFiles/my_robot_interfaces__rosidl_typesupport_fastrtps_cpp.dir/rosidl_typesupport_fastrtps_cpp/my_robot_interfaces/msg/detail/dds_fastrtps/hardware_status__type_support.cpp.o[0m
[1.932s] [35m[1mScanning dependencies of target my_robot_interfaces__rosidl_typesupport_c[0m
[1.955s] [ 34%] [32mBuilding CXX object CMakeFiles/my_robot_interfaces__rosidl_typesupport_c.dir/rosidl_typesupport_c/my_robot_interfaces/msg/hardware_status__type_support.cpp.o[0m
[2.019s] [ 36%] [32mBuilding CXX object CMakeFiles/my_robot_interfaces__rosidl_typesupport_c.dir/rosidl_typesupport_c/my_robot_interfaces/msg/led_states__type_support.cpp.o[0m
[2.066s] [ 38%] [32mBuilding CXX object CMakeFiles/my_robot_interfaces__rosidl_typesupport_c.dir/rosidl_typesupport_c/my_robot_interfaces/srv/compute_rectangle_area__type_support.cpp.o[0m
[2.082s] [ 40%] [32mBuilding CXX object CMakeFiles/my_robot_interfaces__rosidl_typesupport_introspection_cpp.dir/rosidl_typesupport_introspection_cpp/my_robot_interfaces/msg/detail/led_states__type_support.cpp.o[0m
[2.083s] [ 41%] [32mBuilding CXX object CMakeFiles/my_robot_interfaces__rosidl_typesupport_introspection_cpp.dir/rosidl_typesupport_introspection_cpp/my_robot_interfaces/srv/detail/compute_rectangle_area__type_support.cpp.o[0m
[2.086s] [35m[1mScanning dependencies of target my_robot_interfaces__rosidl_typesupport_introspection_c[0m
[2.091s] [ 43%] [32mBuilding CXX object CMakeFiles/my_robot_interfaces__rosidl_typesupport_introspection_cpp.dir/rosidl_typesupport_introspection_cpp/my_robot_interfaces/srv/detail/set_led__type_support.cpp.o[0m
[2.093s] [ 45%] [32m[1mLinking CXX shared library libmy_robot_interfaces__rosidl_typesupport_cpp.so[0m
[2.112s] [ 47%] [32mBuilding CXX object CMakeFiles/my_robot_interfaces__rosidl_typesupport_c.dir/rosidl_typesupport_c/my_robot_interfaces/srv/set_led__type_support.cpp.o[0m
[2.120s] [ 49%] [32mBuilding C object CMakeFiles/my_robot_interfaces__rosidl_typesupport_introspection_c.dir/rosidl_typesupport_introspection_c/my_robot_interfaces/msg/detail/hardware_status__type_support.c.o[0m
[2.157s] [ 49%] Built target my_robot_interfaces__rosidl_typesupport_cpp
[2.168s] [ 50%] [32m[1mLinking CXX shared library libmy_robot_interfaces__rosidl_typesupport_c.so[0m
[2.170s] [ 54%] [32mBuilding C object CMakeFiles/my_robot_interfaces__rosidl_typesupport_introspection_c.dir/rosidl_typesupport_introspection_c/my_robot_interfaces/srv/detail/compute_rectangle_area__type_support.c.o[0m
[2.170s] [ 54%] [32mBuilding C object CMakeFiles/my_robot_interfaces__rosidl_typesupport_introspection_c.dir/rosidl_typesupport_introspection_c/my_robot_interfaces/msg/detail/led_states__type_support.c.o[0m
[2.212s] [ 56%] [32mBuilding C object CMakeFiles/my_robot_interfaces__rosidl_typesupport_introspection_c.dir/rosidl_typesupport_introspection_c/my_robot_interfaces/srv/detail/set_led__type_support.c.o[0m
[2.220s] [ 58%] [32mBuilding CXX object CMakeFiles/my_robot_interfaces__rosidl_typesupport_fastrtps_cpp.dir/rosidl_typesupport_fastrtps_cpp/my_robot_interfaces/msg/detail/dds_fastrtps/led_states__type_support.cpp.o[0m
[2.226s] [ 60%] [32mBuilding CXX object CMakeFiles/my_robot_interfaces__rosidl_typesupport_fastrtps_cpp.dir/rosidl_typesupport_fastrtps_cpp/my_robot_interfaces/srv/detail/dds_fastrtps/compute_rectangle_area__type_support.cpp.o[0m
[2.231s] [ 60%] Built target my_robot_interfaces__rosidl_typesupport_c
[2.251s] [ 61%] [32mBuilding CXX object CMakeFiles/my_robot_interfaces__rosidl_typesupport_fastrtps_cpp.dir/rosidl_typesupport_fastrtps_cpp/my_robot_interfaces/srv/detail/dds_fastrtps/set_led__type_support.cpp.o[0m
[2.265s] [ 63%] [32m[1mLinking C shared library libmy_robot_interfaces__rosidl_typesupport_introspection_c.so[0m
[2.313s] [ 63%] Built target my_robot_interfaces__rosidl_typesupport_introspection_c
[2.532s] [ 65%] [32m[1mLinking CXX shared library libmy_robot_interfaces__rosidl_typesupport_introspection_cpp.so[0m
[2.602s] [ 65%] Built target my_robot_interfaces__rosidl_typesupport_introspection_cpp
[2.780s] [ 67%] [32m[1mLinking CXX shared library libmy_robot_interfaces__rosidl_typesupport_fastrtps_cpp.so[0m
[2.873s] [ 67%] Built target my_robot_interfaces__rosidl_typesupport_fastrtps_cpp
[2.885s] [ 69%] [34m[1mGenerating C type support for eProsima Fast-RTPS[0m
[3.200s] [35m[1mScanning dependencies of target my_robot_interfaces__rosidl_typesupport_fastrtps_c[0m
[3.217s] [ 72%] [32mBuilding CXX object CMakeFiles/my_robot_interfaces__rosidl_typesupport_fastrtps_c.dir/rosidl_typesupport_fastrtps_c/my_robot_interfaces/msg/detail/led_states__type_support_c.cpp.o[0m
[3.217s] [ 72%] [32mBuilding CXX object CMakeFiles/my_robot_interfaces__rosidl_typesupport_fastrtps_c.dir/rosidl_typesupport_fastrtps_c/my_robot_interfaces/srv/detail/compute_rectangle_area__type_support_c.cpp.o[0m
[3.219s] [ 74%] [32mBuilding CXX object CMakeFiles/my_robot_interfaces__rosidl_typesupport_fastrtps_c.dir/rosidl_typesupport_fastrtps_c/my_robot_interfaces/msg/detail/hardware_status__type_support_c.cpp.o[0m
[3.221s] [ 76%] [32mBuilding CXX object CMakeFiles/my_robot_interfaces__rosidl_typesupport_fastrtps_c.dir/rosidl_typesupport_fastrtps_c/my_robot_interfaces/srv/detail/set_led__type_support_c.cpp.o[0m
[3.568s] [ 78%] [32m[1mLinking CXX shared library libmy_robot_interfaces__rosidl_typesupport_fastrtps_c.so[0m
[3.659s] [ 78%] Built target my_robot_interfaces__rosidl_typesupport_fastrtps_c
[3.682s] [ 78%] Built target my_robot_interfaces
[3.705s] [ 80%] [34m[1mGenerating Python code for ROS interfaces[0m
[4.373s] [ 80%] Built target my_robot_interfaces__py
[4.386s] [35m[1mScanning dependencies of target my_robot_interfaces__python[0m
[4.408s] [ 83%] [32mBuilding C object CMakeFiles/my_robot_interfaces__python.dir/rosidl_generator_py/my_robot_interfaces/msg/_led_states_s.c.o[0m
[4.408s] [ 83%] [32mBuilding C object CMakeFiles/my_robot_interfaces__python.dir/rosidl_generator_py/my_robot_interfaces/srv/_compute_rectangle_area_s.c.o[0m
[4.410s] [ 85%] [32mBuilding C object CMakeFiles/my_robot_interfaces__python.dir/rosidl_generator_py/my_robot_interfaces/msg/_hardware_status_s.c.o[0m
[4.411s] [ 87%] [32mBuilding C object CMakeFiles/my_robot_interfaces__python.dir/rosidl_generator_py/my_robot_interfaces/srv/_set_led_s.c.o[0m
[4.516s] [ 89%] [32m[1mLinking C shared library rosidl_generator_py/my_robot_interfaces/libmy_robot_interfaces__python.so[0m
[4.557s] [ 89%] Built target my_robot_interfaces__python
[4.570s] [35m[1mScanning dependencies of target my_robot_interfaces__rosidl_typesupport_fastrtps_c__pyext[0m
[4.570s] [35m[1mScanning dependencies of target my_robot_interfaces__rosidl_typesupport_introspection_c__pyext[0m
[4.570s] [35m[1mScanning dependencies of target my_robot_interfaces__rosidl_typesupport_c__pyext[0m
[4.586s] [ 90%] [32mBuilding C object CMakeFiles/my_robot_interfaces__rosidl_typesupport_c__pyext.dir/rosidl_generator_py/my_robot_interfaces/_my_robot_interfaces_s.ep.rosidl_typesupport_c.c.o[0m
[4.586s] [ 92%] [32mBuilding C object CMakeFiles/my_robot_interfaces__rosidl_typesupport_introspection_c__pyext.dir/rosidl_generator_py/my_robot_interfaces/_my_robot_interfaces_s.ep.rosidl_typesupport_introspection_c.c.o[0m
[4.587s] [ 94%] [32mBuilding C object CMakeFiles/my_robot_interfaces__rosidl_typesupport_fastrtps_c__pyext.dir/rosidl_generator_py/my_robot_interfaces/_my_robot_interfaces_s.ep.rosidl_typesupport_fastrtps_c.c.o[0m
[4.674s] [ 96%] [32m[1mLinking C shared library rosidl_generator_py/my_robot_interfaces/my_robot_interfaces_s__rosidl_typesupport_c.cpython-38-x86_64-linux-gnu.so[0m
[4.674s] [ 98%] [32m[1mLinking C shared library rosidl_generator_py/my_robot_interfaces/my_robot_interfaces_s__rosidl_typesupport_introspection_c.cpython-38-x86_64-linux-gnu.so[0m
[4.674s] [100%] [32m[1mLinking CXX shared library rosidl_generator_py/my_robot_interfaces/my_robot_interfaces_s__rosidl_typesupport_fastrtps_c.cpython-38-x86_64-linux-gnu.so[0m
[4.706s] [100%] Built target my_robot_interfaces__rosidl_typesupport_introspection_c__pyext
[4.706s] [100%] Built target my_robot_interfaces__rosidl_typesupport_c__pyext
[4.734s] [100%] Built target my_robot_interfaces__rosidl_typesupport_fastrtps_c__pyext
[4.746s] Invoked command in '/home/redi/ros2_ws/build/my_robot_interfaces' returned '0': CMAKE_PREFIX_PATH=${CMAKE_PREFIX_PATH}:/home/redi/ros2_ws/install/my_py_pkg:/opt/ros/foxy /usr/bin/cmake --build /home/redi/ros2_ws/build/my_robot_interfaces -- -j8 -l8
[4.849s] Invoking command in '/home/redi/ros2_ws/build/my_robot_interfaces': CMAKE_PREFIX_PATH=${CMAKE_PREFIX_PATH}:/home/redi/ros2_ws/install/my_py_pkg:/opt/ros/foxy /usr/bin/cmake --install /home/redi/ros2_ws/build/my_robot_interfaces
[4.858s] -- Install configuration: ""
[4.858s] -- Up-to-date: /home/redi/ros2_ws/install/my_robot_interfaces/share/ament_index/resource_index/rosidl_interfaces/my_robot_interfaces
[4.858s] -- Up-to-date: /home/redi/ros2_ws/install/my_robot_interfaces/include/my_robot_interfaces
[4.858s] -- Up-to-date: /home/redi/ros2_ws/install/my_robot_interfaces/include/my_robot_interfaces/msg
[4.859s] -- Up-to-date: /home/redi/ros2_ws/install/my_robot_interfaces/include/my_robot_interfaces/msg/detail
[4.859s] -- Installing: /home/redi/ros2_ws/install/my_robot_interfaces/include/my_robot_interfaces/msg/detail/hardware_status__type_support.h
[4.859s] -- Installing: /home/redi/ros2_ws/install/my_robot_interfaces/include/my_robot_interfaces/msg/detail/led_states__functions.h
[4.859s] -- Installing: /home/redi/ros2_ws/install/my_robot_interfaces/include/my_robot_interfaces/msg/detail/led_states__struct.h
[4.859s] -- Installing: /home/redi/ros2_ws/install/my_robot_interfaces/include/my_robot_interfaces/msg/detail/hardware_status__functions.c
[4.859s] -- Installing: /home/redi/ros2_ws/install/my_robot_interfaces/include/my_robot_interfaces/msg/detail/led_states__functions.c
[4.859s] -- Installing: /home/redi/ros2_ws/install/my_robot_interfaces/include/my_robot_interfaces/msg/detail/hardware_status__struct.h
[4.859s] -- Installing: /home/redi/ros2_ws/install/my_robot_interfaces/include/my_robot_interfaces/msg/detail/led_states__type_support.h
[4.859s] -- Installing: /home/redi/ros2_ws/install/my_robot_interfaces/include/my_robot_interfaces/msg/detail/hardware_status__functions.h
[4.860s] -- Installing: /home/redi/ros2_ws/install/my_robot_interfaces/include/my_robot_interfaces/msg/led_states.h
[4.860s] -- Installing: /home/redi/ros2_ws/install/my_robot_interfaces/include/my_robot_interfaces/msg/hardware_status.h
[4.860s] -- Up-to-date: /home/redi/ros2_ws/install/my_robot_interfaces/include/my_robot_interfaces/msg/rosidl_generator_c__visibility_control.h
[4.860s] -- Up-to-date: /home/redi/ros2_ws/install/my_robot_interfaces/include/my_robot_interfaces/srv
[4.860s] -- Up-to-date: /home/redi/ros2_ws/install/my_robot_interfaces/include/my_robot_interfaces/srv/detail
[4.860s] -- Installing: /home/redi/ros2_ws/install/my_robot_interfaces/include/my_robot_interfaces/srv/detail/compute_rectangle_area__struct.h
[4.860s] -- Installing: /home/redi/ros2_ws/install/my_robot_interfaces/include/my_robot_interfaces/srv/detail/compute_rectangle_area__type_support.h
[4.860s] -- Installing: /home/redi/ros2_ws/install/my_robot_interfaces/include/my_robot_interfaces/srv/detail/compute_rectangle_area__functions.c
[4.860s] -- Installing: /home/redi/ros2_ws/install/my_robot_interfaces/include/my_robot_interfaces/srv/detail/set_led__struct.h
[4.861s] -- Installing: /home/redi/ros2_ws/install/my_robot_interfaces/include/my_robot_interfaces/srv/detail/set_led__functions.h
[4.861s] -- Installing: /home/redi/ros2_ws/install/my_robot_interfaces/include/my_robot_interfaces/srv/detail/set_led__functions.c
[4.861s] -- Installing: /home/redi/ros2_ws/install/my_robot_interfaces/include/my_robot_interfaces/srv/detail/compute_rectangle_area__functions.h
[4.861s] -- Installing: /home/redi/ros2_ws/install/my_robot_interfaces/include/my_robot_interfaces/srv/detail/set_led__type_support.h
[4.861s] -- Installing: /home/redi/ros2_ws/install/my_robot_interfaces/include/my_robot_interfaces/srv/compute_rectangle_area.h
[4.861s] -- Installing: /home/redi/ros2_ws/install/my_robot_interfaces/include/my_robot_interfaces/srv/set_led.h
[4.861s] -- Up-to-date: /home/redi/ros2_ws/install/my_robot_interfaces/share/my_robot_interfaces/environment/library_path.sh
[4.861s] -- Installing: /home/redi/ros2_ws/install/my_robot_interfaces/share/my_robot_interfaces/environment/library_path.dsv
[4.861s] -- Installing: /home/redi/ros2_ws/install/my_robot_interfaces/lib/libmy_robot_interfaces__rosidl_generator_c.so
[4.862s] -- Set runtime path of "/home/redi/ros2_ws/install/my_robot_interfaces/lib/libmy_robot_interfaces__rosidl_generator_c.so" to ""
[4.862s] -- Up-to-date: /home/redi/ros2_ws/install/my_robot_interfaces/include/my_robot_interfaces
[4.862s] -- Up-to-date: /home/redi/ros2_ws/install/my_robot_interfaces/include/my_robot_interfaces/msg
[4.862s] -- Up-to-date: /home/redi/ros2_ws/install/my_robot_interfaces/include/my_robot_interfaces/msg/detail
[4.862s] -- Installing: /home/redi/ros2_ws/install/my_robot_interfaces/include/my_robot_interfaces/msg/detail/led_states__rosidl_typesupport_fastrtps_c.h
[4.862s] -- Installing: /home/redi/ros2_ws/install/my_robot_interfaces/include/my_robot_interfaces/msg/detail/hardware_status__rosidl_typesupport_fastrtps_c.h
[4.862s] -- Up-to-date: /home/redi/ros2_ws/install/my_robot_interfaces/include/my_robot_interfaces/msg/rosidl_typesupport_fastrtps_c__visibility_control.h
[4.862s] -- Up-to-date: /home/redi/ros2_ws/install/my_robot_interfaces/include/my_robot_interfaces/srv
[4.862s] -- Up-to-date: /home/redi/ros2_ws/install/my_robot_interfaces/include/my_robot_interfaces/srv/detail
[4.862s] -- Installing: /home/redi/ros2_ws/install/my_robot_interfaces/include/my_robot_interfaces/srv/detail/set_led__rosidl_typesupport_fastrtps_c.h
[4.862s] -- Installing: /home/redi/ros2_ws/install/my_robot_interfaces/include/my_robot_interfaces/srv/detail/compute_rectangle_area__rosidl_typesupport_fastrtps_c.h
[4.863s] -- Installing: /home/redi/ros2_ws/install/my_robot_interfaces/lib/libmy_robot_interfaces__rosidl_typesupport_fastrtps_c.so
[4.863s] -- Set runtime path of "/home/redi/ros2_ws/install/my_robot_interfaces/lib/libmy_robot_interfaces__rosidl_typesupport_fastrtps_c.so" to ""
[4.863s] -- Up-to-date: /home/redi/ros2_ws/install/my_robot_interfaces/include/my_robot_interfaces
[4.864s] -- Up-to-date: /home/redi/ros2_ws/install/my_robot_interfaces/include/my_robot_interfaces/msg
[4.864s] -- Up-to-date: /home/redi/ros2_ws/install/my_robot_interfaces/include/my_robot_interfaces/msg/rosidl_typesupport_fastrtps_cpp__visibility_control.h
[4.864s] -- Up-to-date: /home/redi/ros2_ws/install/my_robot_interfaces/include/my_robot_interfaces/msg/detail
[4.864s] -- Up-to-date: /home/redi/ros2_ws/install/my_robot_interfaces/include/my_robot_interfaces/msg/detail/dds_fastrtps
[4.864s] -- Installing: /home/redi/ros2_ws/install/my_robot_interfaces/include/my_robot_interfaces/msg/detail/hardware_status__rosidl_typesupport_fastrtps_cpp.hpp
[4.864s] -- Installing: /home/redi/ros2_ws/install/my_robot_interfaces/include/my_robot_interfaces/msg/detail/led_states__rosidl_typesupport_fastrtps_cpp.hpp
[4.864s] -- Up-to-date: /home/redi/ros2_ws/install/my_robot_interfaces/include/my_robot_interfaces/srv
[4.864s] -- Up-to-date: /home/redi/ros2_ws/install/my_robot_interfaces/include/my_robot_interfaces/srv/detail
[4.864s] -- Installing: /home/redi/ros2_ws/install/my_robot_interfaces/include/my_robot_interfaces/srv/detail/compute_rectangle_area__rosidl_typesupport_fastrtps_cpp.hpp
[4.864s] -- Up-to-date: /home/redi/ros2_ws/install/my_robot_interfaces/include/my_robot_interfaces/srv/detail/dds_fastrtps
[4.864s] -- Installing: /home/redi/ros2_ws/install/my_robot_interfaces/include/my_robot_interfaces/srv/detail/set_led__rosidl_typesupport_fastrtps_cpp.hpp
[4.864s] -- Installing: /home/redi/ros2_ws/install/my_robot_interfaces/lib/libmy_robot_interfaces__rosidl_typesupport_fastrtps_cpp.so
[4.865s] -- Set runtime path of "/home/redi/ros2_ws/install/my_robot_interfaces/lib/libmy_robot_interfaces__rosidl_typesupport_fastrtps_cpp.so" to ""
[4.865s] -- Up-to-date: /home/redi/ros2_ws/install/my_robot_interfaces/include/my_robot_interfaces
[4.865s] -- Up-to-date: /home/redi/ros2_ws/install/my_robot_interfaces/include/my_robot_interfaces/msg
[4.865s] -- Up-to-date: /home/redi/ros2_ws/install/my_robot_interfaces/include/my_robot_interfaces/msg/detail
[4.865s] -- Installing: /home/redi/ros2_ws/install/my_robot_interfaces/include/my_robot_interfaces/msg/detail/led_states__rosidl_typesupport_introspection_c.h
[4.866s] -- Installing: /home/redi/ros2_ws/install/my_robot_interfaces/include/my_robot_interfaces/msg/detail/hardware_status__type_support.c
[4.866s] -- Installing: /home/redi/ros2_ws/install/my_robot_interfaces/include/my_robot_interfaces/msg/detail/led_states__type_support.c
[4.866s] -- Installing: /home/redi/ros2_ws/install/my_robot_interfaces/include/my_robot_interfaces/msg/detail/hardware_status__rosidl_typesupport_introspection_c.h
[4.866s] -- Up-to-date: /home/redi/ros2_ws/install/my_robot_interfaces/include/my_robot_interfaces/msg/rosidl_typesupport_introspection_c__visibility_control.h
[4.866s] -- Up-to-date: /home/redi/ros2_ws/install/my_robot_interfaces/include/my_robot_interfaces/srv
[4.866s] -- Up-to-date: /home/redi/ros2_ws/install/my_robot_interfaces/include/my_robot_interfaces/srv/detail
[4.866s] -- Installing: /home/redi/ros2_ws/install/my_robot_interfaces/include/my_robot_interfaces/srv/detail/compute_rectangle_area__rosidl_typesupport_introspection_c.h
[4.866s] -- Installing: /home/redi/ros2_ws/install/my_robot_interfaces/include/my_robot_interfaces/srv/detail/compute_rectangle_area__type_support.c
[4.866s] -- Installing: /home/redi/ros2_ws/install/my_robot_interfaces/include/my_robot_interfaces/srv/detail/set_led__type_support.c
[4.866s] -- Installing: /home/redi/ros2_ws/install/my_robot_interfaces/include/my_robot_interfaces/srv/detail/set_led__rosidl_typesupport_introspection_c.h
[4.866s] -- Installing: /home/redi/ros2_ws/install/my_robot_interfaces/lib/libmy_robot_interfaces__rosidl_typesupport_introspection_c.so
[4.867s] -- Set runtime path of "/home/redi/ros2_ws/install/my_robot_interfaces/lib/libmy_robot_interfaces__rosidl_typesupport_introspection_c.so" to ""
[4.867s] -- Installing: /home/redi/ros2_ws/install/my_robot_interfaces/lib/libmy_robot_interfaces__rosidl_typesupport_c.so
[4.868s] -- Set runtime path of "/home/redi/ros2_ws/install/my_robot_interfaces/lib/libmy_robot_interfaces__rosidl_typesupport_c.so" to ""
[4.868s] -- Up-to-date: /home/redi/ros2_ws/install/my_robot_interfaces/include/my_robot_interfaces
[4.868s] -- Up-to-date: /home/redi/ros2_ws/install/my_robot_interfaces/include/my_robot_interfaces/msg
[4.868s] -- Installing: /home/redi/ros2_ws/install/my_robot_interfaces/include/my_robot_interfaces/msg/led_states.hpp
[4.868s] -- Up-to-date: /home/redi/ros2_ws/install/my_robot_interfaces/include/my_robot_interfaces/msg/detail
[4.868s] -- Installing: /home/redi/ros2_ws/install/my_robot_interfaces/include/my_robot_interfaces/msg/detail/hardware_status__struct.hpp
[4.869s] -- Installing: /home/redi/ros2_ws/install/my_robot_interfaces/include/my_robot_interfaces/msg/detail/led_states__traits.hpp
[4.869s] -- Installing: /home/redi/ros2_ws/install/my_robot_interfaces/include/my_robot_interfaces/msg/detail/hardware_status__traits.hpp
[4.869s] -- Installing: /home/redi/ros2_ws/install/my_robot_interfaces/include/my_robot_interfaces/msg/detail/led_states__struct.hpp
[4.869s] -- Installing: /home/redi/ros2_ws/install/my_robot_interfaces/include/my_robot_interfaces/msg/detail/led_states__builder.hpp
[4.869s] -- Installing: /home/redi/ros2_ws/install/my_robot_interfaces/include/my_robot_interfaces/msg/detail/hardware_status__builder.hpp
[4.869s] -- Installing: /home/redi/ros2_ws/install/my_robot_interfaces/include/my_robot_interfaces/msg/hardware_status.hpp
[4.869s] -- Up-to-date: /home/redi/ros2_ws/install/my_robot_interfaces/include/my_robot_interfaces/srv
[4.869s] -- Up-to-date: /home/redi/ros2_ws/install/my_robot_interfaces/include/my_robot_interfaces/srv/detail
[4.869s] -- Installing: /home/redi/ros2_ws/install/my_robot_interfaces/include/my_robot_interfaces/srv/detail/set_led__struct.hpp
[4.870s] -- Installing: /home/redi/ros2_ws/install/my_robot_interfaces/include/my_robot_interfaces/srv/detail/compute_rectangle_area__struct.hpp
[4.870s] -- Installing: /home/redi/ros2_ws/install/my_robot_interfaces/include/my_robot_interfaces/srv/detail/set_led__builder.hpp
[4.870s] -- Installing: /home/redi/ros2_ws/install/my_robot_interfaces/include/my_robot_interfaces/srv/detail/set_led__traits.hpp
[4.870s] -- Installing: /home/redi/ros2_ws/install/my_robot_interfaces/include/my_robot_interfaces/srv/detail/compute_rectangle_area__builder.hpp
[4.870s] -- Installing: /home/redi/ros2_ws/install/my_robot_interfaces/include/my_robot_interfaces/srv/detail/compute_rectangle_area__traits.hpp
[4.870s] -- Installing: /home/redi/ros2_ws/install/my_robot_interfaces/include/my_robot_interfaces/srv/set_led.hpp
[4.870s] -- Installing: /home/redi/ros2_ws/install/my_robot_interfaces/include/my_robot_interfaces/srv/compute_rectangle_area.hpp
[4.870s] -- Up-to-date: /home/redi/ros2_ws/install/my_robot_interfaces/include/my_robot_interfaces
[4.870s] -- Up-to-date: /home/redi/ros2_ws/install/my_robot_interfaces/include/my_robot_interfaces/msg
[4.870s] -- Up-to-date: /home/redi/ros2_ws/install/my_robot_interfaces/include/my_robot_interfaces/msg/detail
[4.871s] -- Installing: /home/redi/ros2_ws/install/my_robot_interfaces/include/my_robot_interfaces/msg/detail/led_states__type_support.cpp
[4.871s] -- Installing: /home/redi/ros2_ws/install/my_robot_interfaces/include/my_robot_interfaces/msg/detail/hardware_status__type_support.cpp
[4.871s] -- Installing: /home/redi/ros2_ws/install/my_robot_interfaces/include/my_robot_interfaces/msg/detail/led_states__rosidl_typesupport_introspection_cpp.hpp
[4.871s] -- Installing: /home/redi/ros2_ws/install/my_robot_interfaces/include/my_robot_interfaces/msg/detail/hardware_status__rosidl_typesupport_introspection_cpp.hpp
[4.871s] -- Up-to-date: /home/redi/ros2_ws/install/my_robot_interfaces/include/my_robot_interfaces/srv
[4.871s] -- Up-to-date: /home/redi/ros2_ws/install/my_robot_interfaces/include/my_robot_interfaces/srv/detail
[4.871s] -- Installing: /home/redi/ros2_ws/install/my_robot_interfaces/include/my_robot_interfaces/srv/detail/compute_rectangle_area__rosidl_typesupport_introspection_cpp.hpp
[4.871s] -- Installing: /home/redi/ros2_ws/install/my_robot_interfaces/include/my_robot_interfaces/srv/detail/set_led__rosidl_typesupport_introspection_cpp.hpp
[4.871s] -- Installing: /home/redi/ros2_ws/install/my_robot_interfaces/include/my_robot_interfaces/srv/detail/set_led__type_support.cpp
[4.871s] -- Installing: /home/redi/ros2_ws/install/my_robot_interfaces/include/my_robot_interfaces/srv/detail/compute_rectangle_area__type_support.cpp
[4.871s] -- Installing: /home/redi/ros2_ws/install/my_robot_interfaces/lib/libmy_robot_interfaces__rosidl_typesupport_introspection_cpp.so
[4.872s] -- Set runtime path of "/home/redi/ros2_ws/install/my_robot_interfaces/lib/libmy_robot_interfaces__rosidl_typesupport_introspection_cpp.so" to ""
[4.872s] -- Installing: /home/redi/ros2_ws/install/my_robot_interfaces/lib/libmy_robot_interfaces__rosidl_typesupport_cpp.so
[4.873s] -- Set runtime path of "/home/redi/ros2_ws/install/my_robot_interfaces/lib/libmy_robot_interfaces__rosidl_typesupport_cpp.so" to ""
[4.873s] -- Up-to-date: /home/redi/ros2_ws/install/my_robot_interfaces/share/my_robot_interfaces/environment/pythonpath.sh
[4.873s] -- Installing: /home/redi/ros2_ws/install/my_robot_interfaces/share/my_robot_interfaces/environment/pythonpath.dsv
[4.873s] -- Installing: /home/redi/ros2_ws/install/my_robot_interfaces/lib/python3.8/site-packages/my_robot_interfaces/__init__.py
[4.902s] Compiling '/home/redi/ros2_ws/install/my_robot_interfaces/lib/python3.8/site-packages/my_robot_interfaces/__init__.py'...
[4.906s] -- Up-to-date: /home/redi/ros2_ws/install/my_robot_interfaces/lib/python3.8/site-packages/my_robot_interfaces/msg
[4.906s] -- Installing: /home/redi/ros2_ws/install/my_robot_interfaces/lib/python3.8/site-packages/my_robot_interfaces/msg/__init__.py
[4.906s] -- Installing: /home/redi/ros2_ws/install/my_robot_interfaces/lib/python3.8/site-packages/my_robot_interfaces/msg/_hardware_status.py
[4.906s] -- Installing: /home/redi/ros2_ws/install/my_robot_interfaces/lib/python3.8/site-packages/my_robot_interfaces/msg/_led_states_s.c
[4.906s] -- Installing: /home/redi/ros2_ws/install/my_robot_interfaces/lib/python3.8/site-packages/my_robot_interfaces/msg/_led_states.py
[4.906s] -- Installing: /home/redi/ros2_ws/install/my_robot_interfaces/lib/python3.8/site-packages/my_robot_interfaces/msg/_hardware_status_s.c
[4.906s] -- Up-to-date: /home/redi/ros2_ws/install/my_robot_interfaces/lib/python3.8/site-packages/my_robot_interfaces/srv
[4.907s] -- Installing: /home/redi/ros2_ws/install/my_robot_interfaces/lib/python3.8/site-packages/my_robot_interfaces/srv/__init__.py
[4.907s] -- Installing: /home/redi/ros2_ws/install/my_robot_interfaces/lib/python3.8/site-packages/my_robot_interfaces/srv/_set_led.py
[4.907s] -- Installing: /home/redi/ros2_ws/install/my_robot_interfaces/lib/python3.8/site-packages/my_robot_interfaces/srv/_set_led_s.c
[4.907s] -- Installing: /home/redi/ros2_ws/install/my_robot_interfaces/lib/python3.8/site-packages/my_robot_interfaces/srv/_compute_rectangle_area_s.c
[4.907s] -- Installing: /home/redi/ros2_ws/install/my_robot_interfaces/lib/python3.8/site-packages/my_robot_interfaces/srv/_compute_rectangle_area.py
[4.907s] -- Installing: /home/redi/ros2_ws/install/my_robot_interfaces/lib/python3.8/site-packages/my_robot_interfaces/my_robot_interfaces_s__rosidl_typesupport_fastrtps_c.cpython-38-x86_64-linux-gnu.so
[4.908s] -- Set runtime path of "/home/redi/ros2_ws/install/my_robot_interfaces/lib/python3.8/site-packages/my_robot_interfaces/my_robot_interfaces_s__rosidl_typesupport_fastrtps_c.cpython-38-x86_64-linux-gnu.so" to ""
[4.909s] -- Installing: /home/redi/ros2_ws/install/my_robot_interfaces/lib/python3.8/site-packages/my_robot_interfaces/my_robot_interfaces_s__rosidl_typesupport_introspection_c.cpython-38-x86_64-linux-gnu.so
[4.909s] -- Set runtime path of "/home/redi/ros2_ws/install/my_robot_interfaces/lib/python3.8/site-packages/my_robot_interfaces/my_robot_interfaces_s__rosidl_typesupport_introspection_c.cpython-38-x86_64-linux-gnu.so" to ""
[4.910s] -- Installing: /home/redi/ros2_ws/install/my_robot_interfaces/lib/python3.8/site-packages/my_robot_interfaces/my_robot_interfaces_s__rosidl_typesupport_c.cpython-38-x86_64-linux-gnu.so
[4.910s] -- Set runtime path of "/home/redi/ros2_ws/install/my_robot_interfaces/lib/python3.8/site-packages/my_robot_interfaces/my_robot_interfaces_s__rosidl_typesupport_c.cpython-38-x86_64-linux-gnu.so" to ""
[4.911s] -- Installing: /home/redi/ros2_ws/install/my_robot_interfaces/lib/libmy_robot_interfaces__python.so
[4.912s] -- Set runtime path of "/home/redi/ros2_ws/install/my_robot_interfaces/lib/libmy_robot_interfaces__python.so" to ""
[4.912s] -- Up-to-date: /home/redi/ros2_ws/install/my_robot_interfaces/share/my_robot_interfaces/msg/HardwareStatus.idl
[4.912s] -- Up-to-date: /home/redi/ros2_ws/install/my_robot_interfaces/share/my_robot_interfaces/msg/LedStates.idl
[4.912s] -- Up-to-date: /home/redi/ros2_ws/install/my_robot_interfaces/share/my_robot_interfaces/srv/ComputeRectangleArea.idl
[4.912s] -- Installing: /home/redi/ros2_ws/install/my_robot_interfaces/share/my_robot_interfaces/srv/SetLed.idl
[4.912s] -- Up-to-date: /home/redi/ros2_ws/install/my_robot_interfaces/share/my_robot_interfaces/msg/HardwareStatus.msg
[4.912s] -- Up-to-date: /home/redi/ros2_ws/install/my_robot_interfaces/share/my_robot_interfaces/msg/LedStates.msg
[4.912s] -- Up-to-date: /home/redi/ros2_ws/install/my_robot_interfaces/share/my_robot_interfaces/srv/ComputeRectangleArea.srv
[4.912s] -- Up-to-date: /home/redi/ros2_ws/install/my_robot_interfaces/share/my_robot_interfaces/srv/ComputeRectangleArea_Request.msg
[4.913s] -- Up-to-date: /home/redi/ros2_ws/install/my_robot_interfaces/share/my_robot_interfaces/srv/ComputeRectangleArea_Response.msg
[4.913s] -- Installing: /home/redi/ros2_ws/install/my_robot_interfaces/share/my_robot_interfaces/srv/SetLed.srv
[4.913s] -- Installing: /home/redi/ros2_ws/install/my_robot_interfaces/share/my_robot_interfaces/srv/SetLed_Request.msg
[4.913s] -- Up-to-date: /home/redi/ros2_ws/install/my_robot_interfaces/share/my_robot_interfaces/srv/SetLed_Response.msg
[4.913s] -- Up-to-date: /home/redi/ros2_ws/install/my_robot_interfaces/share/ament_index/resource_index/package_run_dependencies/my_robot_interfaces
[4.913s] -- Up-to-date: /home/redi/ros2_ws/install/my_robot_interfaces/share/ament_index/resource_index/parent_prefix_path/my_robot_interfaces
[4.913s] -- Up-to-date: /home/redi/ros2_ws/install/my_robot_interfaces/share/my_robot_interfaces/environment/ament_prefix_path.sh
[4.913s] -- Installing: /home/redi/ros2_ws/install/my_robot_interfaces/share/my_robot_interfaces/environment/ament_prefix_path.dsv
[4.913s] -- Up-to-date: /home/redi/ros2_ws/install/my_robot_interfaces/share/my_robot_interfaces/environment/path.sh
[4.913s] -- Installing: /home/redi/ros2_ws/install/my_robot_interfaces/share/my_robot_interfaces/environment/path.dsv
[4.913s] -- Up-to-date: /home/redi/ros2_ws/install/my_robot_interfaces/share/my_robot_interfaces/local_setup.bash
[4.913s] -- Up-to-date: /home/redi/ros2_ws/install/my_robot_interfaces/share/my_robot_interfaces/local_setup.sh
[4.914s] -- Up-to-date: /home/redi/ros2_ws/install/my_robot_interfaces/share/my_robot_interfaces/local_setup.zsh
[4.914s] -- Installing: /home/redi/ros2_ws/install/my_robot_interfaces/share/my_robot_interfaces/local_setup.dsv
[4.914s] -- Installing: /home/redi/ros2_ws/install/my_robot_interfaces/share/my_robot_interfaces/package.dsv
[4.914s] -- Up-to-date: /home/redi/ros2_ws/install/my_robot_interfaces/share/ament_index/resource_index/packages/my_robot_interfaces
[4.914s] -- Up-to-date: /home/redi/ros2_ws/install/my_robot_interfaces/share/my_robot_interfaces/cmake/my_robot_interfaces__rosidl_generator_cExport.cmake
[4.914s] -- Installing: /home/redi/ros2_ws/install/my_robot_interfaces/share/my_robot_interfaces/cmake/my_robot_interfaces__rosidl_generator_cExport-noconfig.cmake
[4.914s] -- Up-to-date: /home/redi/ros2_ws/install/my_robot_interfaces/share/my_robot_interfaces/cmake/my_robot_interfaces__rosidl_typesupport_introspection_cExport.cmake
[4.915s] -- Installing: /home/redi/ros2_ws/install/my_robot_interfaces/share/my_robot_interfaces/cmake/my_robot_interfaces__rosidl_typesupport_introspection_cExport-noconfig.cmake
[4.915s] -- Up-to-date: /home/redi/ros2_ws/install/my_robot_interfaces/share/my_robot_interfaces/cmake/my_robot_interfaces__rosidl_typesupport_cExport.cmake
[4.915s] -- Installing: /home/redi/ros2_ws/install/my_robot_interfaces/share/my_robot_interfaces/cmake/my_robot_interfaces__rosidl_typesupport_cExport-noconfig.cmake
[4.915s] -- Up-to-date: /home/redi/ros2_ws/install/my_robot_interfaces/share/my_robot_interfaces/cmake/my_robot_interfaces__rosidl_generator_cppExport.cmake
[4.916s] -- Up-to-date: /home/redi/ros2_ws/install/my_robot_interfaces/share/my_robot_interfaces/cmake/my_robot_interfaces__rosidl_typesupport_introspection_cppExport.cmake
[4.916s] -- Installing: /home/redi/ros2_ws/install/my_robot_interfaces/share/my_robot_interfaces/cmake/my_robot_interfaces__rosidl_typesupport_introspection_cppExport-noconfig.cmake
[4.916s] -- Up-to-date: /home/redi/ros2_ws/install/my_robot_interfaces/share/my_robot_interfaces/cmake/my_robot_interfaces__rosidl_typesupport_cppExport.cmake
[4.916s] -- Installing: /home/redi/ros2_ws/install/my_robot_interfaces/share/my_robot_interfaces/cmake/my_robot_interfaces__rosidl_typesupport_cppExport-noconfig.cmake
[4.917s] -- Up-to-date: /home/redi/ros2_ws/install/my_robot_interfaces/share/my_robot_interfaces/cmake/rosidl_cmake-extras.cmake
[4.917s] -- Up-to-date: /home/redi/ros2_ws/install/my_robot_interfaces/share/my_robot_interfaces/cmake/ament_cmake_export_dependencies-extras.cmake
[4.917s] -- Up-to-date: /home/redi/ros2_ws/install/my_robot_interfaces/share/my_robot_interfaces/cmake/ament_cmake_export_libraries-extras.cmake
[4.917s] -- Up-to-date: /home/redi/ros2_ws/install/my_robot_interfaces/share/my_robot_interfaces/cmake/ament_cmake_export_targets-extras.cmake
[4.917s] -- Up-to-date: /home/redi/ros2_ws/install/my_robot_interfaces/share/my_robot_interfaces/cmake/ament_cmake_export_include_directories-extras.cmake
[4.917s] -- Up-to-date: /home/redi/ros2_ws/install/my_robot_interfaces/share/my_robot_interfaces/cmake/rosidl_cmake_export_typesupport_libraries-extras.cmake
[4.917s] -- Up-to-date: /home/redi/ros2_ws/install/my_robot_interfaces/share/my_robot_interfaces/cmake/rosidl_cmake_export_typesupport_targets-extras.cmake
[4.917s] -- Up-to-date: /home/redi/ros2_ws/install/my_robot_interfaces/share/my_robot_interfaces/cmake/my_robot_interfacesConfig.cmake
[4.917s] -- Up-to-date: /home/redi/ros2_ws/install/my_robot_interfaces/share/my_robot_interfaces/cmake/my_robot_interfacesConfig-version.cmake
[4.917s] -- Up-to-date: /home/redi/ros2_ws/install/my_robot_interfaces/share/my_robot_interfaces/package.xml
[4.920s] Invoked command in '/home/redi/ros2_ws/build/my_robot_interfaces' returned '0': CMAKE_PREFIX_PATH=${CMAKE_PREFIX_PATH}:/home/redi/ros2_ws/install/my_py_pkg:/opt/ros/foxy /usr/bin/cmake --install /home/redi/ros2_ws/build/my_robot_interfaces
