[0.021s] Invoking command in '/home/redi/ros2_ws/build/turtle_catcher_bringup': CMAKE_PREFIX_PATH=/home/redi/ros2_ws/install/turtle_catcher:/home/redi/ros2_ws/install/turtle_catcher_interfaces:/home/redi/ros2_ws/install/my_robot_bringup:/home/redi/ros2_ws/install/my_cpp_pkg:/home/redi/ros2_ws/install/my_robot_interfaces:/home/redi/ros2_ws/install/catch_turtles:/home/redi/ros2_ws/install/my_py_pkg:/opt/ros/foxy /usr/bin/cmake /home/redi/ros2_ws/src/turtle_catcher_bringup -DCMAKE_INSTALL_PREFIX=/home/redi/ros2_ws/install/turtle_catcher_bringup
[0.121s] -- The C compiler identification is GNU 9.4.0
[0.218s] -- The CXX compiler identification is GNU 9.4.0
[0.227s] -- Check for working C compiler: /usr/bin/cc
[0.345s] -- Check for working C compiler: /usr/bin/cc -- works
[0.347s] -- Detecting C compiler ABI info
[0.468s] -- Detecting C compiler ABI info - done
[0.491s] -- Detecting C compile features
[0.491s] -- Detecting C compile features - done
[0.496s] -- Check for working CXX compiler: /usr/bin/c++
[0.632s] -- Check for working CXX compiler: /usr/bin/c++ -- works
[0.634s] -- Detecting CXX compiler ABI info
[0.772s] -- Detecting CXX compiler ABI info - done
[0.794s] -- Detecting CXX compile features
[0.795s] -- Detecting CXX compile features - done
[0.800s] -- Found ament_cmake: 0.9.9 (/opt/ros/foxy/share/ament_cmake/cmake)
[0.845s] -- Found PythonInterp: /usr/bin/python3 (found suitable version "3.8.10", minimum required is "3") 
[0.846s] -- Using PYTHON_EXECUTABLE: /usr/bin/python3
[1.310s] -- Configuring done
[1.313s] -- Generating done
[1.314s] -- Build files have been written to: /home/redi/ros2_ws/build/turtle_catcher_bringup
[1.319s] Invoked command in '/home/redi/ros2_ws/build/turtle_catcher_bringup' returned '0': CMAKE_PREFIX_PATH=/home/redi/ros2_ws/install/turtle_catcher:/home/redi/ros2_ws/install/turtle_catcher_interfaces:/home/redi/ros2_ws/install/my_robot_bringup:/home/redi/ros2_ws/install/my_cpp_pkg:/home/redi/ros2_ws/install/my_robot_interfaces:/home/redi/ros2_ws/install/catch_turtles:/home/redi/ros2_ws/install/my_py_pkg:/opt/ros/foxy /usr/bin/cmake /home/redi/ros2_ws/src/turtle_catcher_bringup -DCMAKE_INSTALL_PREFIX=/home/redi/ros2_ws/install/turtle_catcher_bringup
[1.324s] Invoking command in '/home/redi/ros2_ws/build/turtle_catcher_bringup': CMAKE_PREFIX_PATH=/home/redi/ros2_ws/install/turtle_catcher:/home/redi/ros2_ws/install/turtle_catcher_interfaces:/home/redi/ros2_ws/install/my_robot_bringup:/home/redi/ros2_ws/install/my_cpp_pkg:/home/redi/ros2_ws/install/my_robot_interfaces:/home/redi/ros2_ws/install/catch_turtles:/home/redi/ros2_ws/install/my_py_pkg:/opt/ros/foxy /usr/bin/cmake --build /home/redi/ros2_ws/build/turtle_catcher_bringup -- -j8 -l8
[1.391s] Invoked command in '/home/redi/ros2_ws/build/turtle_catcher_bringup' returned '0': CMAKE_PREFIX_PATH=/home/redi/ros2_ws/install/turtle_catcher:/home/redi/ros2_ws/install/turtle_catcher_interfaces:/home/redi/ros2_ws/install/my_robot_bringup:/home/redi/ros2_ws/install/my_cpp_pkg:/home/redi/ros2_ws/install/my_robot_interfaces:/home/redi/ros2_ws/install/catch_turtles:/home/redi/ros2_ws/install/my_py_pkg:/opt/ros/foxy /usr/bin/cmake --build /home/redi/ros2_ws/build/turtle_catcher_bringup -- -j8 -l8
[1.448s] Invoking command in '/home/redi/ros2_ws/build/turtle_catcher_bringup': CMAKE_PREFIX_PATH=/home/redi/ros2_ws/install/turtle_catcher:/home/redi/ros2_ws/install/turtle_catcher_interfaces:/home/redi/ros2_ws/install/my_robot_bringup:/home/redi/ros2_ws/install/my_cpp_pkg:/home/redi/ros2_ws/install/my_robot_interfaces:/home/redi/ros2_ws/install/catch_turtles:/home/redi/ros2_ws/install/my_py_pkg:/opt/ros/foxy /usr/bin/cmake --install /home/redi/ros2_ws/build/turtle_catcher_bringup
[1.464s] -- Install configuration: ""
[1.464s] -- Installing: /home/redi/ros2_ws/install/turtle_catcher_bringup/share/turtle_catcher_bringup/launch
[1.464s] -- Installing: /home/redi/ros2_ws/install/turtle_catcher_bringup/share/turtle_catcher_bringup/launch/turtle_catcher_app.launch.py
[1.465s] -- Installing: /home/redi/ros2_ws/install/turtle_catcher_bringup/share/ament_index/resource_index/package_run_dependencies/turtle_catcher_bringup
[1.465s] -- Installing: /home/redi/ros2_ws/install/turtle_catcher_bringup/share/ament_index/resource_index/parent_prefix_path/turtle_catcher_bringup
[1.465s] -- Installing: /home/redi/ros2_ws/install/turtle_catcher_bringup/share/turtle_catcher_bringup/environment/ament_prefix_path.sh
[1.465s] -- Installing: /home/redi/ros2_ws/install/turtle_catcher_bringup/share/turtle_catcher_bringup/environment/ament_prefix_path.dsv
[1.466s] -- Installing: /home/redi/ros2_ws/install/turtle_catcher_bringup/share/turtle_catcher_bringup/environment/path.sh
[1.466s] -- Installing: /home/redi/ros2_ws/install/turtle_catcher_bringup/share/turtle_catcher_bringup/environment/path.dsv
[1.466s] -- Installing: /home/redi/ros2_ws/install/turtle_catcher_bringup/share/turtle_catcher_bringup/local_setup.bash
[1.466s] -- Installing: /home/redi/ros2_ws/install/turtle_catcher_bringup/share/turtle_catcher_bringup/local_setup.sh
[1.466s] -- Installing: /home/redi/ros2_ws/install/turtle_catcher_bringup/share/turtle_catcher_bringup/local_setup.zsh
[1.466s] -- Installing: /home/redi/ros2_ws/install/turtle_catcher_bringup/share/turtle_catcher_bringup/local_setup.dsv
[1.467s] -- Installing: /home/redi/ros2_ws/install/turtle_catcher_bringup/share/turtle_catcher_bringup/package.dsv
[1.467s] -- Installing: /home/redi/ros2_ws/install/turtle_catcher_bringup/share/ament_index/resource_index/packages/turtle_catcher_bringup
[1.467s] -- Installing: /home/redi/ros2_ws/install/turtle_catcher_bringup/share/turtle_catcher_bringup/cmake/turtle_catcher_bringupConfig.cmake
[1.468s] -- Installing: /home/redi/ros2_ws/install/turtle_catcher_bringup/share/turtle_catcher_bringup/cmake/turtle_catcher_bringupConfig-version.cmake
[1.468s] -- Installing: /home/redi/ros2_ws/install/turtle_catcher_bringup/share/turtle_catcher_bringup/package.xml
[1.471s] Invoked command in '/home/redi/ros2_ws/build/turtle_catcher_bringup' returned '0': CMAKE_PREFIX_PATH=/home/redi/ros2_ws/install/turtle_catcher:/home/redi/ros2_ws/install/turtle_catcher_interfaces:/home/redi/ros2_ws/install/my_robot_bringup:/home/redi/ros2_ws/install/my_cpp_pkg:/home/redi/ros2_ws/install/my_robot_interfaces:/home/redi/ros2_ws/install/catch_turtles:/home/redi/ros2_ws/install/my_py_pkg:/opt/ros/foxy /usr/bin/cmake --install /home/redi/ros2_ws/build/turtle_catcher_bringup
