[0.024s] Invoking command in '/home/redi/ros2_ws/build/turtle_catcher': CMAKE_PREFIX_PATH=${CMAKE_PREFIX_PATH}:/home/redi/ros2_ws/install/my_py_pkg:/opt/ros/foxy /usr/bin/cmake /home/redi/ros2_ws/src/turtle_catcher -DCMAKE_INSTALL_PREFIX=/home/redi/ros2_ws/install/turtle_catcher
[0.210s] -- The C compiler identification is GNU 9.4.0
[0.313s] -- The CXX compiler identification is GNU 9.4.0
[0.323s] -- Check for working C compiler: /usr/bin/cc
[0.444s] -- Check for working C compiler: /usr/bin/cc -- works
[0.446s] -- Detecting C compiler ABI info
[0.591s] -- Detecting C compiler ABI info - done
[0.622s] -- Detecting C compile features
[0.623s] -- Detecting C compile features - done
[0.628s] -- Check for working CXX compiler: /usr/bin/c++
[0.762s] -- Check for working CXX compiler: /usr/bin/c++ -- works
[0.764s] -- Detecting CXX compiler ABI info
[0.899s] -- Detecting CXX compiler ABI info - done
[0.921s] -- Detecting CXX compile features
[0.922s] -- Detecting CXX compile features - done
[0.930s] -- Found ament_cmake: 0.9.9 (/opt/ros/foxy/share/ament_cmake/cmake)
[0.975s] -- Found PythonInterp: /usr/bin/python3 (found suitable version "3.8.10", minimum required is "3") 
[0.976s] -- Using PYTHON_EXECUTABLE: /usr/bin/python3
[1.336s] -- Found rclcpp: 2.4.1 (/opt/ros/foxy/share/rclcpp/cmake)
[1.430s] -- Using all available rosidl_typesupport_c: rosidl_typesupport_fastrtps_c;rosidl_typesupport_introspection_c
[1.445s] -- Found rosidl_adapter: 1.2.1 (/opt/ros/foxy/share/rosidl_adapter/cmake)
[1.591s] -- Found OpenSSL: /usr/lib/x86_64-linux-gnu/libcrypto.so (found version "1.1.1f")  
[1.643s] -- Found FastRTPS: /opt/ros/foxy/include  
[1.792s] -- Using all available rosidl_typesupport_cpp: rosidl_typesupport_fastrtps_cpp;rosidl_typesupport_introspection_cpp
[1.908s] -- Found rmw_implementation_cmake: 1.0.3 (/opt/ros/foxy/share/rmw_implementation_cmake/cmake)
[1.912s] -- Using RMW implementation 'rmw_fastrtps_cpp' as default
[1.914s] -- Looking for pthread.h
[2.037s] -- Looking for pthread.h - found
[2.037s] -- Performing Test CMAKE_HAVE_LIBC_PTHREAD
[2.165s] -- Performing Test CMAKE_HAVE_LIBC_PTHREAD - Failed
[2.166s] -- Looking for pthread_create in pthreads
[2.265s] -- Looking for pthread_create in pthreads - not found
[2.266s] -- Looking for pthread_create in pthread
[2.384s] -- Looking for pthread_create in pthread - found
[2.386s] -- Found Threads: TRUE  
[3.124s] -- Found turtlesim: 1.2.5 (/opt/ros/foxy/share/turtlesim/cmake)
[3.337s] -- Found geometry_msgs: 2.0.5 (/opt/ros/foxy/share/geometry_msgs/cmake)
[3.407s] -- Found my_robot_interfaces: 0.0.0 (/home/redi/ros2_ws/install/my_robot_interfaces/share/my_robot_interfaces/cmake)
[3.540s] -- Configuring done
[3.568s] -- Generating done
[3.572s] -- Build files have been written to: /home/redi/ros2_ws/build/turtle_catcher
[3.585s] Invoked command in '/home/redi/ros2_ws/build/turtle_catcher' returned '0': CMAKE_PREFIX_PATH=${CMAKE_PREFIX_PATH}:/home/redi/ros2_ws/install/my_py_pkg:/opt/ros/foxy /usr/bin/cmake /home/redi/ros2_ws/src/turtle_catcher -DCMAKE_INSTALL_PREFIX=/home/redi/ros2_ws/install/turtle_catcher
[3.590s] Invoking command in '/home/redi/ros2_ws/build/turtle_catcher': CMAKE_PREFIX_PATH=${CMAKE_PREFIX_PATH}:/home/redi/ros2_ws/install/my_py_pkg:/opt/ros/foxy /usr/bin/cmake --build /home/redi/ros2_ws/build/turtle_catcher -- -j8 -l8
[3.662s] [35m[1mScanning dependencies of target turtle_spawner[0m
[3.662s] [35m[1mScanning dependencies of target turtle_controller[0m
[3.726s] [ 50%] [32mBuilding CXX object CMakeFiles/turtle_spawner.dir/src/turtle_spawner.cpp.o[0m
[3.726s] [ 50%] [32mBuilding CXX object CMakeFiles/turtle_controller.dir/src/turtle_controller.cpp.o[0m
[6.064s] [01m[K/home/redi/ros2_ws/src/turtle_catcher/src/turtle_spawner.cpp:[m[K In member function ‘[01m[Kvoid TurtleSpawnerNode::catchTurtle(my_robot_interfaces::srv::CatchTurtle_Request_<std::allocator<void> >::SharedPtr, my_robot_interfaces::srv::CatchTurtle_Response_<std::allocator<void> >::SharedPtr)[m[K’:
[6.065s] [01m[K/home/redi/ros2_ws/src/turtle_catcher/src/turtle_spawner.cpp:90:27:[m[K [01;35m[Kwarning: [m[Kcomparison of integer expressions of different signedness: ‘[01m[Kint[m[K’ and ‘[01m[Kstd::vector<my_robot_interfaces::msg::Turtle_<std::allocator<void> >, std::allocator<my_robot_interfaces::msg::Turtle_<std::allocator<void> > > >::size_type[m[K’ {aka ‘[01m[Klong unsigned int[m[K’} [[01;35m[K-Wsign-compare[m[K]
[6.065s]    90 |         for (int i = 0; [01;35m[Ki < alive_turtles.size()[m[K; i++)
[6.065s]       |                         [01;35m[K~~^~~~~~~~~~~~~~~~~~~~~~[m[K
[11.437s] [ 75%] [32m[1mLinking CXX executable turtle_spawner[0m
[11.850s] [ 75%] Built target turtle_spawner
[16.549s] [100%] [32m[1mLinking CXX executable turtle_controller[0m
[17.184s] [100%] Built target turtle_controller
[17.203s] Invoked command in '/home/redi/ros2_ws/build/turtle_catcher' returned '0': CMAKE_PREFIX_PATH=${CMAKE_PREFIX_PATH}:/home/redi/ros2_ws/install/my_py_pkg:/opt/ros/foxy /usr/bin/cmake --build /home/redi/ros2_ws/build/turtle_catcher -- -j8 -l8
[17.267s] Invoking command in '/home/redi/ros2_ws/build/turtle_catcher': CMAKE_PREFIX_PATH=${CMAKE_PREFIX_PATH}:/home/redi/ros2_ws/install/my_py_pkg:/opt/ros/foxy /usr/bin/cmake --install /home/redi/ros2_ws/build/turtle_catcher
[17.280s] -- Install configuration: ""
[17.280s] -- Installing: /home/redi/ros2_ws/install/turtle_catcher/lib/turtle_catcher/turtle_spawner
[17.283s] -- Set runtime path of "/home/redi/ros2_ws/install/turtle_catcher/lib/turtle_catcher/turtle_spawner" to ""
[17.283s] -- Installing: /home/redi/ros2_ws/install/turtle_catcher/lib/turtle_catcher/turtle_controller
[17.288s] -- Set runtime path of "/home/redi/ros2_ws/install/turtle_catcher/lib/turtle_catcher/turtle_controller" to ""
[17.289s] -- Installing: /home/redi/ros2_ws/install/turtle_catcher/share/ament_index/resource_index/package_run_dependencies/turtle_catcher
[17.289s] -- Installing: /home/redi/ros2_ws/install/turtle_catcher/share/ament_index/resource_index/parent_prefix_path/turtle_catcher
[17.289s] -- Installing: /home/redi/ros2_ws/install/turtle_catcher/share/turtle_catcher/environment/ament_prefix_path.sh
[17.290s] -- Installing: /home/redi/ros2_ws/install/turtle_catcher/share/turtle_catcher/environment/ament_prefix_path.dsv
[17.290s] -- Installing: /home/redi/ros2_ws/install/turtle_catcher/share/turtle_catcher/environment/path.sh
[17.290s] -- Installing: /home/redi/ros2_ws/install/turtle_catcher/share/turtle_catcher/environment/path.dsv
[17.290s] -- Installing: /home/redi/ros2_ws/install/turtle_catcher/share/turtle_catcher/local_setup.bash
[17.290s] -- Installing: /home/redi/ros2_ws/install/turtle_catcher/share/turtle_catcher/local_setup.sh
[17.291s] -- Installing: /home/redi/ros2_ws/install/turtle_catcher/share/turtle_catcher/local_setup.zsh
[17.291s] -- Installing: /home/redi/ros2_ws/install/turtle_catcher/share/turtle_catcher/local_setup.dsv
[17.291s] -- Installing: /home/redi/ros2_ws/install/turtle_catcher/share/turtle_catcher/package.dsv
[17.291s] -- Installing: /home/redi/ros2_ws/install/turtle_catcher/share/ament_index/resource_index/packages/turtle_catcher
[17.291s] -- Installing: /home/redi/ros2_ws/install/turtle_catcher/share/turtle_catcher/cmake/turtle_catcherConfig.cmake
[17.292s] -- Installing: /home/redi/ros2_ws/install/turtle_catcher/share/turtle_catcher/cmake/turtle_catcherConfig-version.cmake
[17.292s] -- Installing: /home/redi/ros2_ws/install/turtle_catcher/share/turtle_catcher/package.xml
[17.296s] Invoked command in '/home/redi/ros2_ws/build/turtle_catcher' returned '0': CMAKE_PREFIX_PATH=${CMAKE_PREFIX_PATH}:/home/redi/ros2_ws/install/my_py_pkg:/opt/ros/foxy /usr/bin/cmake --install /home/redi/ros2_ws/build/turtle_catcher
