[0.027s] Invoking command in '/home/redi/ros2_ws/build/turtle_catcher': CMAKE_PREFIX_PATH=${CMAKE_PREFIX_PATH}:/home/redi/ros2_ws/install/my_py_pkg:/opt/ros/foxy /usr/bin/cmake --build /home/redi/ros2_ws/build/turtle_catcher -- -j8 -l8
[0.131s] [100%] Built target turtle_controller
[0.131s] [100%] Built target turtle_spawner
[0.151s] Invoked command in '/home/redi/ros2_ws/build/turtle_catcher' returned '0': CMAKE_PREFIX_PATH=${CMAKE_PREFIX_PATH}:/home/redi/ros2_ws/install/my_py_pkg:/opt/ros/foxy /usr/bin/cmake --build /home/redi/ros2_ws/build/turtle_catcher -- -j8 -l8
[0.215s] Invoking command in '/home/redi/ros2_ws/build/turtle_catcher': CMAKE_PREFIX_PATH=${CMAKE_PREFIX_PATH}:/home/redi/ros2_ws/install/my_py_pkg:/opt/ros/foxy /usr/bin/cmake --install /home/redi/ros2_ws/build/turtle_catcher
[0.231s] -- Install configuration: ""
[0.231s] -- Up-to-date: /home/redi/ros2_ws/install/turtle_catcher/lib/turtle_catcher/turtle_spawner
[0.232s] -- Up-to-date: /home/redi/ros2_ws/install/turtle_catcher/lib/turtle_catcher/turtle_controller
[0.233s] -- Up-to-date: /home/redi/ros2_ws/install/turtle_catcher/share/ament_index/resource_index/package_run_dependencies/turtle_catcher
[0.233s] -- Up-to-date: /home/redi/ros2_ws/install/turtle_catcher/share/ament_index/resource_index/parent_prefix_path/turtle_catcher
[0.233s] -- Up-to-date: /home/redi/ros2_ws/install/turtle_catcher/share/turtle_catcher/environment/ament_prefix_path.sh
[0.233s] -- Up-to-date: /home/redi/ros2_ws/install/turtle_catcher/share/turtle_catcher/environment/ament_prefix_path.dsv
[0.234s] -- Up-to-date: /home/redi/ros2_ws/install/turtle_catcher/share/turtle_catcher/environment/path.sh
[0.234s] -- Up-to-date: /home/redi/ros2_ws/install/turtle_catcher/share/turtle_catcher/environment/path.dsv
[0.234s] -- Up-to-date: /home/redi/ros2_ws/install/turtle_catcher/share/turtle_catcher/local_setup.bash
[0.234s] -- Up-to-date: /home/redi/ros2_ws/install/turtle_catcher/share/turtle_catcher/local_setup.sh
[0.235s] -- Up-to-date: /home/redi/ros2_ws/install/turtle_catcher/share/turtle_catcher/local_setup.zsh
[0.235s] -- Up-to-date: /home/redi/ros2_ws/install/turtle_catcher/share/turtle_catcher/local_setup.dsv
[0.235s] -- Installing: /home/redi/ros2_ws/install/turtle_catcher/share/turtle_catcher/package.dsv
[0.235s] -- Up-to-date: /home/redi/ros2_ws/install/turtle_catcher/share/ament_index/resource_index/packages/turtle_catcher
[0.235s] -- Up-to-date: /home/redi/ros2_ws/install/turtle_catcher/share/turtle_catcher/cmake/turtle_catcherConfig.cmake
[0.235s] -- Up-to-date: /home/redi/ros2_ws/install/turtle_catcher/share/turtle_catcher/cmake/turtle_catcherConfig-version.cmake
[0.235s] -- Up-to-date: /home/redi/ros2_ws/install/turtle_catcher/share/turtle_catcher/package.xml
[0.238s] Invoked command in '/home/redi/ros2_ws/build/turtle_catcher' returned '0': CMAKE_PREFIX_PATH=${CMAKE_PREFIX_PATH}:/home/redi/ros2_ws/install/my_py_pkg:/opt/ros/foxy /usr/bin/cmake --install /home/redi/ros2_ws/build/turtle_catcher
