[0.025s] Invoking command in '/home/redi/ros2_ws/build/catch_turtles': CMAKE_PREFIX_PATH=${CMAKE_PREFIX_PATH}:/home/redi/ros2_ws/install/my_py_pkg:/opt/ros/foxy /usr/bin/cmake --build /home/redi/ros2_ws/build/catch_turtles -- -j8 -l8
[0.097s] [35m[1mScanning dependencies of target turtle_controller[0m
[0.132s] [ 50%] Built target turtle_spawner
[0.146s] [ 75%] [32mBuilding CXX object CMakeFiles/turtle_controller.dir/src/turtle_controller.cpp.o[0m
[2.575s] [01m[K/home/redi/ros2_ws/src/catch_turtles/src/turtle_controller.cpp:[m[K In member function ‘[01m[Kvoid TurtleControllerNode::move()[m[K’:
[2.575s] [01m[K/home/redi/ros2_ws/src/catch_turtles/src/turtle_controller.cpp:87:31:[m[K [01;35m[Kwarning: [m[Kcomparison of integer expressions of different signedness: ‘[01m[Kint[m[K’ and ‘[01m[Kstd::vector<my_robot_interfaces::msg::Turtle_<std::allocator<void> >, std::allocator<my_robot_interfaces::msg::Turtle_<std::allocator<void> > > >::size_type[m[K’ {aka ‘[01m[Klong unsigned int[m[K’} [[01;35m[K-Wsign-compare[m[K]
[2.575s]    87 |           for (int i = 0; [01;35m[Ki < alive_turtles.size()[m[K; i++) {
[2.575s]       |                           [01;35m[K~~^~~~~~~~~~~~~~~~~~~~~~[m[K
[2.576s] 
[13.170s] [100%] [32m[1mLinking CXX executable turtle_controller[0m
[13.803s] [100%] Built target turtle_controller
[13.822s] Invoked command in '/home/redi/ros2_ws/build/catch_turtles' returned '0': CMAKE_PREFIX_PATH=${CMAKE_PREFIX_PATH}:/home/redi/ros2_ws/install/my_py_pkg:/opt/ros/foxy /usr/bin/cmake --build /home/redi/ros2_ws/build/catch_turtles -- -j8 -l8
[13.885s] Invoking command in '/home/redi/ros2_ws/build/catch_turtles': CMAKE_PREFIX_PATH=${CMAKE_PREFIX_PATH}:/home/redi/ros2_ws/install/my_py_pkg:/opt/ros/foxy /usr/bin/cmake --install /home/redi/ros2_ws/build/catch_turtles
[13.898s] -- Install configuration: ""
[13.899s] -- Execute custom install script
[13.900s] -- Up-to-date symlink: /home/redi/ros2_ws/install/catch_turtles/lib/catch_turtles/turtle_spawner
[13.900s] -- Up-to-date symlink: /home/redi/ros2_ws/install/catch_turtles/lib/catch_turtles/turtle_controller
[13.901s] -- Up-to-date symlink: /home/redi/ros2_ws/install/catch_turtles/share/ament_index/resource_index/package_run_dependencies/catch_turtles
[13.901s] -- Up-to-date symlink: /home/redi/ros2_ws/install/catch_turtles/share/ament_index/resource_index/parent_prefix_path/catch_turtles
[13.902s] -- Up-to-date symlink: /home/redi/ros2_ws/install/catch_turtles/share/catch_turtles/environment/ament_prefix_path.sh
[13.902s] -- Up-to-date symlink: /home/redi/ros2_ws/install/catch_turtles/share/catch_turtles/environment/ament_prefix_path.dsv
[13.903s] -- Up-to-date symlink: /home/redi/ros2_ws/install/catch_turtles/share/catch_turtles/environment/path.sh
[13.903s] -- Up-to-date symlink: /home/redi/ros2_ws/install/catch_turtles/share/catch_turtles/environment/path.dsv
[13.904s] -- Up-to-date symlink: /home/redi/ros2_ws/install/catch_turtles/share/catch_turtles/local_setup.bash
[13.904s] -- Up-to-date symlink: /home/redi/ros2_ws/install/catch_turtles/share/catch_turtles/local_setup.sh
[13.905s] -- Up-to-date symlink: /home/redi/ros2_ws/install/catch_turtles/share/catch_turtles/local_setup.zsh
[13.905s] -- Up-to-date symlink: /home/redi/ros2_ws/install/catch_turtles/share/catch_turtles/local_setup.dsv
[13.905s] -- Symlinking: /home/redi/ros2_ws/install/catch_turtles/share/catch_turtles/package.dsv
[13.921s] -- Up-to-date symlink: /home/redi/ros2_ws/install/catch_turtles/share/ament_index/resource_index/packages/catch_turtles
[13.921s] -- Up-to-date symlink: /home/redi/ros2_ws/install/catch_turtles/share/catch_turtles/cmake/catch_turtlesConfig.cmake
[13.922s] -- Up-to-date symlink: /home/redi/ros2_ws/install/catch_turtles/share/catch_turtles/cmake/catch_turtlesConfig-version.cmake
[13.922s] -- Up-to-date symlink: /home/redi/ros2_ws/install/catch_turtles/share/catch_turtles/package.xml
[13.926s] Invoked command in '/home/redi/ros2_ws/build/catch_turtles' returned '0': CMAKE_PREFIX_PATH=${CMAKE_PREFIX_PATH}:/home/redi/ros2_ws/install/my_py_pkg:/opt/ros/foxy /usr/bin/cmake --install /home/redi/ros2_ws/build/catch_turtles
