[0.131s] DEBUG:colcon:Command line arguments: ['/usr/bin/colcon', 'build']
[0.131s] DEBUG:colcon:Parsed command line arguments: Namespace(allow_overriding=[], ament_cmake_args=None, base_paths=['.'], build_base='build', catkin_cmake_args=None, catkin_skip_building_tests=False, cmake_args=None, cmake_clean_cache=False, cmake_clean_first=False, cmake_force_configure=False, cmake_target=None, cmake_target_skip_unavailable=False, continue_on_error=False, event_handlers=None, executor='parallel', ignore_user_meta=False, install_base='install', log_base=None, log_level=None, main=<bound method BuildVerb.main of <colcon_core.verb.build.BuildVerb object at 0x7fe511bada90>>, merge_install=False, metas=['./colcon.meta'], packages_above=None, packages_above_and_dependencies=None, packages_above_depth=None, packages_end=None, packages_ignore=None, packages_ignore_regex=None, packages_select=None, packages_select_build_failed=False, packages_select_by_dep=None, packages_select_regex=None, packages_select_test_failures=False, packages_skip=None, packages_skip_build_finished=False, packages_skip_by_dep=None, packages_skip_regex=None, packages_skip_test_passed=False, packages_skip_up_to=None, packages_start=None, packages_up_to=None, packages_up_to_regex=None, parallel_workers=8, paths=None, symlink_install=False, test_result_base=None, verb_extension=<colcon_core.verb.build.BuildVerb object at 0x7fe511bada90>, verb_name='build', verb_parser=<colcon_defaults.argument_parser.defaults.DefaultArgumentsDecorator object at 0x7fe511bb6040>)
[0.165s] Level 1:colcon.colcon_core.package_discovery:discover_packages(colcon_meta) check parameters
[0.165s] Level 1:colcon.colcon_core.package_discovery:discover_packages(recursive) check parameters
[0.165s] Level 1:colcon.colcon_core.package_discovery:discover_packages(ignore) check parameters
[0.165s] Level 1:colcon.colcon_core.package_discovery:discover_packages(path) check parameters
[0.165s] Level 1:colcon.colcon_core.package_discovery:discover_packages(colcon_meta) discover
[0.166s] Level 1:colcon.colcon_core.package_discovery:discover_packages(recursive) discover
[0.166s] INFO:colcon.colcon_core.package_discovery:Crawling recursively for packages in '/home/redi/ros2_ws'
[0.166s] Level 1:colcon.colcon_core.package_identification:_identify(.) by extensions ['ignore', 'ignore_ament_install']
[0.166s] Level 1:colcon.colcon_core.package_identification:_identify(.) by extension 'ignore'
[0.166s] Level 1:colcon.colcon_core.package_identification:_identify(.) by extension 'ignore_ament_install'
[0.166s] Level 1:colcon.colcon_core.package_identification:_identify(.) by extensions ['colcon_pkg']
[0.166s] Level 1:colcon.colcon_core.package_identification:_identify(.) by extension 'colcon_pkg'
[0.166s] Level 1:colcon.colcon_core.package_identification:_identify(.) by extensions ['colcon_meta']
[0.166s] Level 1:colcon.colcon_core.package_identification:_identify(.) by extension 'colcon_meta'
[0.166s] Level 1:colcon.colcon_core.package_identification:_identify(.) by extensions ['ros']
[0.166s] Level 1:colcon.colcon_core.package_identification:_identify(.) by extension 'ros'
[0.178s] Level 1:colcon.colcon_core.package_identification:_identify(.) by extensions ['cmake', 'python']
[0.178s] Level 1:colcon.colcon_core.package_identification:_identify(.) by extension 'cmake'
[0.178s] Level 1:colcon.colcon_core.package_identification:_identify(.) by extension 'python'
[0.178s] Level 1:colcon.colcon_core.package_identification:_identify(.) by extensions ['python_setup_py']
[0.178s] Level 1:colcon.colcon_core.package_identification:_identify(.) by extension 'python_setup_py'
[0.178s] Level 1:colcon.colcon_core.package_identification:_identify(build) by extensions ['ignore', 'ignore_ament_install']
[0.179s] Level 1:colcon.colcon_core.package_identification:_identify(build) by extension 'ignore'
[0.179s] Level 1:colcon.colcon_core.package_identification:_identify(build) ignored
[0.179s] Level 1:colcon.colcon_core.package_identification:_identify(install) by extensions ['ignore', 'ignore_ament_install']
[0.179s] Level 1:colcon.colcon_core.package_identification:_identify(install) by extension 'ignore'
[0.179s] Level 1:colcon.colcon_core.package_identification:_identify(install) ignored
[0.179s] Level 1:colcon.colcon_core.package_identification:_identify(log) by extensions ['ignore', 'ignore_ament_install']
[0.179s] Level 1:colcon.colcon_core.package_identification:_identify(log) by extension 'ignore'
[0.179s] Level 1:colcon.colcon_core.package_identification:_identify(log) ignored
[0.179s] Level 1:colcon.colcon_core.package_identification:_identify(src) by extensions ['ignore', 'ignore_ament_install']
[0.179s] Level 1:colcon.colcon_core.package_identification:_identify(src) by extension 'ignore'
[0.179s] Level 1:colcon.colcon_core.package_identification:_identify(src) by extension 'ignore_ament_install'
[0.180s] Level 1:colcon.colcon_core.package_identification:_identify(src) by extensions ['colcon_pkg']
[0.180s] Level 1:colcon.colcon_core.package_identification:_identify(src) by extension 'colcon_pkg'
[0.180s] Level 1:colcon.colcon_core.package_identification:_identify(src) by extensions ['colcon_meta']
[0.180s] Level 1:colcon.colcon_core.package_identification:_identify(src) by extension 'colcon_meta'
[0.180s] Level 1:colcon.colcon_core.package_identification:_identify(src) by extensions ['ros']
[0.180s] Level 1:colcon.colcon_core.package_identification:_identify(src) by extension 'ros'
[0.180s] Level 1:colcon.colcon_core.package_identification:_identify(src) by extensions ['cmake', 'python']
[0.180s] Level 1:colcon.colcon_core.package_identification:_identify(src) by extension 'cmake'
[0.180s] Level 1:colcon.colcon_core.package_identification:_identify(src) by extension 'python'
[0.180s] Level 1:colcon.colcon_core.package_identification:_identify(src) by extensions ['python_setup_py']
[0.180s] Level 1:colcon.colcon_core.package_identification:_identify(src) by extension 'python_setup_py'
[0.180s] Level 1:colcon.colcon_core.package_identification:_identify(src/build) by extensions ['ignore', 'ignore_ament_install']
[0.180s] Level 1:colcon.colcon_core.package_identification:_identify(src/build) by extension 'ignore'
[0.180s] Level 1:colcon.colcon_core.package_identification:_identify(src/build) ignored
[0.180s] Level 1:colcon.colcon_core.package_identification:_identify(src/install) by extensions ['ignore', 'ignore_ament_install']
[0.180s] Level 1:colcon.colcon_core.package_identification:_identify(src/install) by extension 'ignore'
[0.181s] Level 1:colcon.colcon_core.package_identification:_identify(src/install) ignored
[0.181s] Level 1:colcon.colcon_core.package_identification:_identify(src/log) by extensions ['ignore', 'ignore_ament_install']
[0.181s] Level 1:colcon.colcon_core.package_identification:_identify(src/log) by extension 'ignore'
[0.181s] Level 1:colcon.colcon_core.package_identification:_identify(src/log) ignored
[0.181s] Level 1:colcon.colcon_core.package_identification:_identify(src/my_cpp_pkg) by extensions ['ignore', 'ignore_ament_install']
[0.181s] Level 1:colcon.colcon_core.package_identification:_identify(src/my_cpp_pkg) by extension 'ignore'
[0.181s] Level 1:colcon.colcon_core.package_identification:_identify(src/my_cpp_pkg) by extension 'ignore_ament_install'
[0.181s] Level 1:colcon.colcon_core.package_identification:_identify(src/my_cpp_pkg) by extensions ['colcon_pkg']
[0.181s] Level 1:colcon.colcon_core.package_identification:_identify(src/my_cpp_pkg) by extension 'colcon_pkg'
[0.181s] Level 1:colcon.colcon_core.package_identification:_identify(src/my_cpp_pkg) by extensions ['colcon_meta']
[0.181s] Level 1:colcon.colcon_core.package_identification:_identify(src/my_cpp_pkg) by extension 'colcon_meta'
[0.181s] Level 1:colcon.colcon_core.package_identification:_identify(src/my_cpp_pkg) by extensions ['ros']
[0.181s] Level 1:colcon.colcon_core.package_identification:_identify(src/my_cpp_pkg) by extension 'ros'
[0.184s] DEBUG:colcon.colcon_core.package_identification:Package 'src/my_cpp_pkg' with type 'ros.ament_cmake' and name 'my_cpp_pkg'
[0.184s] Level 1:colcon.colcon_core.package_identification:_identify(src/my_py_pkg) by extensions ['ignore', 'ignore_ament_install']
[0.184s] Level 1:colcon.colcon_core.package_identification:_identify(src/my_py_pkg) by extension 'ignore'
[0.185s] Level 1:colcon.colcon_core.package_identification:_identify(src/my_py_pkg) by extension 'ignore_ament_install'
[0.185s] Level 1:colcon.colcon_core.package_identification:_identify(src/my_py_pkg) by extensions ['colcon_pkg']
[0.185s] Level 1:colcon.colcon_core.package_identification:_identify(src/my_py_pkg) by extension 'colcon_pkg'
[0.185s] Level 1:colcon.colcon_core.package_identification:_identify(src/my_py_pkg) by extensions ['colcon_meta']
[0.185s] Level 1:colcon.colcon_core.package_identification:_identify(src/my_py_pkg) by extension 'colcon_meta'
[0.185s] Level 1:colcon.colcon_core.package_identification:_identify(src/my_py_pkg) by extensions ['ros']
[0.185s] Level 1:colcon.colcon_core.package_identification:_identify(src/my_py_pkg) by extension 'ros'
[0.185s] DEBUG:colcon.colcon_core.package_identification:Package 'src/my_py_pkg' with type 'ros.ament_python' and name 'my_py_pkg'
[0.185s] Level 1:colcon.colcon_core.package_identification:_identify(src/my_robot_interfaces) by extensions ['ignore', 'ignore_ament_install']
[0.186s] Level 1:colcon.colcon_core.package_identification:_identify(src/my_robot_interfaces) by extension 'ignore'
[0.186s] Level 1:colcon.colcon_core.package_identification:_identify(src/my_robot_interfaces) by extension 'ignore_ament_install'
[0.186s] Level 1:colcon.colcon_core.package_identification:_identify(src/my_robot_interfaces) by extensions ['colcon_pkg']
[0.186s] Level 1:colcon.colcon_core.package_identification:_identify(src/my_robot_interfaces) by extension 'colcon_pkg'
[0.186s] Level 1:colcon.colcon_core.package_identification:_identify(src/my_robot_interfaces) by extensions ['colcon_meta']
[0.186s] Level 1:colcon.colcon_core.package_identification:_identify(src/my_robot_interfaces) by extension 'colcon_meta'
[0.186s] Level 1:colcon.colcon_core.package_identification:_identify(src/my_robot_interfaces) by extensions ['ros']
[0.186s] Level 1:colcon.colcon_core.package_identification:_identify(src/my_robot_interfaces) by extension 'ros'
[0.187s] DEBUG:colcon.colcon_core.package_identification:Package 'src/my_robot_interfaces' with type 'ros.ament_cmake' and name 'my_robot_interfaces'
[0.187s] Level 1:colcon.colcon_core.package_discovery:discover_packages(recursive) using defaults
[0.187s] Level 1:colcon.colcon_core.package_discovery:discover_packages(ignore) discover
[0.187s] Level 1:colcon.colcon_core.package_discovery:discover_packages(ignore) using defaults
[0.187s] Level 1:colcon.colcon_core.package_discovery:discover_packages(path) discover
[0.188s] Level 1:colcon.colcon_core.package_discovery:discover_packages(path) using defaults
[0.208s] Level 1:colcon.colcon_core.package_discovery:discover_packages(prefix_path) check parameters
[0.208s] Level 1:colcon.colcon_core.package_discovery:discover_packages(prefix_path) discover
[0.210s] DEBUG:colcon.colcon_installed_package_information.package_discovery:Found 3 installed packages in /home/redi/ros2_ws/install
[0.211s] DEBUG:colcon.colcon_installed_package_information.package_discovery:Found 256 installed packages in /opt/ros/foxy
[0.213s] Level 1:colcon.colcon_core.package_discovery:discover_packages(prefix_path) using defaults
[0.304s] Level 5:colcon.colcon_core.verb:set package 'my_py_pkg' build argument 'cmake_args' from command line to 'None'
[0.305s] Level 5:colcon.colcon_core.verb:set package 'my_py_pkg' build argument 'cmake_target' from command line to 'None'
[0.305s] Level 5:colcon.colcon_core.verb:set package 'my_py_pkg' build argument 'cmake_target_skip_unavailable' from command line to 'False'
[0.305s] Level 5:colcon.colcon_core.verb:set package 'my_py_pkg' build argument 'cmake_clean_cache' from command line to 'False'
[0.305s] Level 5:colcon.colcon_core.verb:set package 'my_py_pkg' build argument 'cmake_clean_first' from command line to 'False'
[0.305s] Level 5:colcon.colcon_core.verb:set package 'my_py_pkg' build argument 'cmake_force_configure' from command line to 'False'
[0.305s] Level 5:colcon.colcon_core.verb:set package 'my_py_pkg' build argument 'ament_cmake_args' from command line to 'None'
[0.305s] Level 5:colcon.colcon_core.verb:set package 'my_py_pkg' build argument 'catkin_cmake_args' from command line to 'None'
[0.305s] Level 5:colcon.colcon_core.verb:set package 'my_py_pkg' build argument 'catkin_skip_building_tests' from command line to 'False'
[0.305s] DEBUG:colcon.colcon_core.verb:Building package 'my_py_pkg' with the following arguments: {'ament_cmake_args': None, 'build_base': '/home/redi/ros2_ws/build/my_py_pkg', 'catkin_cmake_args': None, 'catkin_skip_building_tests': False, 'cmake_args': None, 'cmake_clean_cache': False, 'cmake_clean_first': False, 'cmake_force_configure': False, 'cmake_target': None, 'cmake_target_skip_unavailable': False, 'install_base': '/home/redi/ros2_ws/install/my_py_pkg', 'merge_install': False, 'path': '/home/redi/ros2_ws/src/my_py_pkg', 'symlink_install': False, 'test_result_base': None}
[0.306s] Level 5:colcon.colcon_core.verb:set package 'my_robot_interfaces' build argument 'cmake_args' from command line to 'None'
[0.306s] Level 5:colcon.colcon_core.verb:set package 'my_robot_interfaces' build argument 'cmake_target' from command line to 'None'
[0.306s] Level 5:colcon.colcon_core.verb:set package 'my_robot_interfaces' build argument 'cmake_target_skip_unavailable' from command line to 'False'
[0.306s] Level 5:colcon.colcon_core.verb:set package 'my_robot_interfaces' build argument 'cmake_clean_cache' from command line to 'False'
[0.306s] Level 5:colcon.colcon_core.verb:set package 'my_robot_interfaces' build argument 'cmake_clean_first' from command line to 'False'
[0.306s] Level 5:colcon.colcon_core.verb:set package 'my_robot_interfaces' build argument 'cmake_force_configure' from command line to 'False'
[0.306s] Level 5:colcon.colcon_core.verb:set package 'my_robot_interfaces' build argument 'ament_cmake_args' from command line to 'None'
[0.306s] Level 5:colcon.colcon_core.verb:set package 'my_robot_interfaces' build argument 'catkin_cmake_args' from command line to 'None'
[0.306s] Level 5:colcon.colcon_core.verb:set package 'my_robot_interfaces' build argument 'catkin_skip_building_tests' from command line to 'False'
[0.306s] DEBUG:colcon.colcon_core.verb:Building package 'my_robot_interfaces' with the following arguments: {'ament_cmake_args': None, 'build_base': '/home/redi/ros2_ws/build/my_robot_interfaces', 'catkin_cmake_args': None, 'catkin_skip_building_tests': False, 'cmake_args': None, 'cmake_clean_cache': False, 'cmake_clean_first': False, 'cmake_force_configure': False, 'cmake_target': None, 'cmake_target_skip_unavailable': False, 'install_base': '/home/redi/ros2_ws/install/my_robot_interfaces', 'merge_install': False, 'path': '/home/redi/ros2_ws/src/my_robot_interfaces', 'symlink_install': False, 'test_result_base': None}
[0.306s] Level 5:colcon.colcon_core.verb:set package 'my_cpp_pkg' build argument 'cmake_args' from command line to 'None'
[0.307s] Level 5:colcon.colcon_core.verb:set package 'my_cpp_pkg' build argument 'cmake_target' from command line to 'None'
[0.307s] Level 5:colcon.colcon_core.verb:set package 'my_cpp_pkg' build argument 'cmake_target_skip_unavailable' from command line to 'False'
[0.307s] Level 5:colcon.colcon_core.verb:set package 'my_cpp_pkg' build argument 'cmake_clean_cache' from command line to 'False'
[0.307s] Level 5:colcon.colcon_core.verb:set package 'my_cpp_pkg' build argument 'cmake_clean_first' from command line to 'False'
[0.307s] Level 5:colcon.colcon_core.verb:set package 'my_cpp_pkg' build argument 'cmake_force_configure' from command line to 'False'
[0.307s] Level 5:colcon.colcon_core.verb:set package 'my_cpp_pkg' build argument 'ament_cmake_args' from command line to 'None'
[0.307s] Level 5:colcon.colcon_core.verb:set package 'my_cpp_pkg' build argument 'catkin_cmake_args' from command line to 'None'
[0.307s] Level 5:colcon.colcon_core.verb:set package 'my_cpp_pkg' build argument 'catkin_skip_building_tests' from command line to 'False'
[0.307s] DEBUG:colcon.colcon_core.verb:Building package 'my_cpp_pkg' with the following arguments: {'ament_cmake_args': None, 'build_base': '/home/redi/ros2_ws/build/my_cpp_pkg', 'catkin_cmake_args': None, 'catkin_skip_building_tests': False, 'cmake_args': None, 'cmake_clean_cache': False, 'cmake_clean_first': False, 'cmake_force_configure': False, 'cmake_target': None, 'cmake_target_skip_unavailable': False, 'install_base': '/home/redi/ros2_ws/install/my_cpp_pkg', 'merge_install': False, 'path': '/home/redi/ros2_ws/src/my_cpp_pkg', 'symlink_install': False, 'test_result_base': None}
[0.307s] INFO:colcon.colcon_core.executor:Executing jobs using 'parallel' executor
[0.309s] DEBUG:colcon.colcon_parallel_executor.executor.parallel:run_until_complete
[0.309s] INFO:colcon.colcon_ros.task.ament_cmake.build:Building ROS package in '/home/redi/ros2_ws/src/my_robot_interfaces' with build type 'ament_cmake'
[0.310s] INFO:colcon.colcon_cmake.task.cmake.build:Building CMake package in '/home/redi/ros2_ws/src/my_robot_interfaces'
[0.313s] INFO:colcon.colcon_core.plugin_system:Skipping extension 'colcon_core.shell.bat': Not used on non-Windows systems
[0.313s] INFO:colcon.colcon_core.shell:Skip shell extension 'powershell' for command environment: Not usable outside of PowerShell
[0.313s] DEBUG:colcon.colcon_core.shell:Skip shell extension 'dsv' for command environment
[0.319s] INFO:colcon.colcon_ros.task.ament_python.build:Building ROS package in '/home/redi/ros2_ws/src/my_py_pkg' with build type 'ament_python'
[0.320s] Level 1:colcon.colcon_core.shell:create_environment_hook('my_py_pkg', 'ament_prefix_path')
[0.320s] INFO:colcon.colcon_core.shell:Creating environment hook '/home/redi/ros2_ws/install/my_py_pkg/share/my_py_pkg/hook/ament_prefix_path.ps1'
[0.322s] INFO:colcon.colcon_core.shell:Creating environment descriptor '/home/redi/ros2_ws/install/my_py_pkg/share/my_py_pkg/hook/ament_prefix_path.dsv'
[0.322s] INFO:colcon.colcon_core.shell:Creating environment hook '/home/redi/ros2_ws/install/my_py_pkg/share/my_py_pkg/hook/ament_prefix_path.sh'
[0.324s] INFO:colcon.colcon_core.shell:Skip shell extension 'powershell' for command environment: Not usable outside of PowerShell
[0.324s] DEBUG:colcon.colcon_core.shell:Skip shell extension 'dsv' for command environment
[0.338s] DEBUG:colcon.colcon_core.event_handler.log_command:Invoking command in '/home/redi/ros2_ws/build/my_robot_interfaces': CMAKE_PREFIX_PATH=${CMAKE_PREFIX_PATH}:/home/redi/ros2_ws/install/my_py_pkg:/opt/ros/foxy /usr/bin/cmake --build /home/redi/ros2_ws/build/my_robot_interfaces -- -j8 -l8
[0.544s] INFO:colcon.colcon_core.task.python.build:Building Python package in '/home/redi/ros2_ws/src/my_py_pkg'
[0.545s] INFO:colcon.colcon_core.shell:Skip shell extension 'powershell' for command environment: Not usable outside of PowerShell
[0.545s] DEBUG:colcon.colcon_core.shell:Skip shell extension 'dsv' for command environment
[0.928s] DEBUG:colcon.colcon_core.event_handler.log_command:Invoking command in '/home/redi/ros2_ws/src/my_py_pkg': PYTHONPATH=/home/redi/ros2_ws/install/my_py_pkg/lib/python3.8/site-packages:${PYTHONPATH} /usr/bin/python3 setup.py egg_info --egg-base ../../build/my_py_pkg build --build-base /home/redi/ros2_ws/build/my_py_pkg/build install --prefix /home/redi/ros2_ws/install/my_py_pkg --record /home/redi/ros2_ws/build/my_py_pkg/install.log --single-version-externally-managed
[1.196s] DEBUG:colcon.colcon_core.event_handler.log_command:Invoked command in '/home/redi/ros2_ws/src/my_py_pkg' returned '0': PYTHONPATH=/home/redi/ros2_ws/install/my_py_pkg/lib/python3.8/site-packages:${PYTHONPATH} /usr/bin/python3 setup.py egg_info --egg-base ../../build/my_py_pkg build --build-base /home/redi/ros2_ws/build/my_py_pkg/build install --prefix /home/redi/ros2_ws/install/my_py_pkg --record /home/redi/ros2_ws/build/my_py_pkg/install.log --single-version-externally-managed
[1.201s] Level 1:colcon.colcon_core.environment:checking '/home/redi/ros2_ws/install/my_py_pkg' for CMake module files
[1.202s] Level 1:colcon.colcon_core.environment:checking '/home/redi/ros2_ws/install/my_py_pkg' for CMake config files
[1.203s] Level 1:colcon.colcon_core.environment:checking '/home/redi/ros2_ws/install/my_py_pkg/lib'
[1.204s] Level 1:colcon.colcon_core.environment:checking '/home/redi/ros2_ws/install/my_py_pkg/bin'
[1.204s] Level 1:colcon.colcon_core.environment:checking '/home/redi/ros2_ws/install/my_py_pkg/lib/pkgconfig/my_py_pkg.pc'
[1.204s] Level 1:colcon.colcon_core.environment:checking '/home/redi/ros2_ws/install/my_py_pkg/lib/python3.8/site-packages'
[1.204s] Level 1:colcon.colcon_core.shell:create_environment_hook('my_py_pkg', 'pythonpath')
[1.205s] INFO:colcon.colcon_core.shell:Creating environment hook '/home/redi/ros2_ws/install/my_py_pkg/share/my_py_pkg/hook/pythonpath.ps1'
[1.206s] INFO:colcon.colcon_core.shell:Creating environment descriptor '/home/redi/ros2_ws/install/my_py_pkg/share/my_py_pkg/hook/pythonpath.dsv'
[1.206s] INFO:colcon.colcon_core.shell:Creating environment hook '/home/redi/ros2_ws/install/my_py_pkg/share/my_py_pkg/hook/pythonpath.sh'
[1.207s] Level 1:colcon.colcon_core.environment:checking '/home/redi/ros2_ws/install/my_py_pkg/bin'
[1.207s] Level 1:colcon.colcon_core.environment:create_environment_scripts_only(my_py_pkg)
[1.208s] INFO:colcon.colcon_core.shell:Creating package script '/home/redi/ros2_ws/install/my_py_pkg/share/my_py_pkg/package.ps1'
[1.209s] INFO:colcon.colcon_core.shell:Creating package descriptor '/home/redi/ros2_ws/install/my_py_pkg/share/my_py_pkg/package.dsv'
[1.210s] INFO:colcon.colcon_core.shell:Creating package script '/home/redi/ros2_ws/install/my_py_pkg/share/my_py_pkg/package.sh'
[1.211s] INFO:colcon.colcon_core.shell:Creating package script '/home/redi/ros2_ws/install/my_py_pkg/share/my_py_pkg/package.bash'
[1.213s] INFO:colcon.colcon_core.shell:Creating package script '/home/redi/ros2_ws/install/my_py_pkg/share/my_py_pkg/package.zsh'
[1.214s] Level 1:colcon.colcon_core.environment:create_file_with_runtime_dependencies(/home/redi/ros2_ws/install/my_py_pkg/share/colcon-core/packages/my_py_pkg)
[4.927s] DEBUG:colcon.colcon_core.event_handler.log_command:Invoked command in '/home/redi/ros2_ws/build/my_robot_interfaces' returned '0': CMAKE_PREFIX_PATH=${CMAKE_PREFIX_PATH}:/home/redi/ros2_ws/install/my_py_pkg:/opt/ros/foxy /usr/bin/cmake --build /home/redi/ros2_ws/build/my_robot_interfaces -- -j8 -l8
[5.013s] DEBUG:colcon.colcon_core.event_handler.log_command:Invoking command in '/home/redi/ros2_ws/build/my_robot_interfaces': CMAKE_PREFIX_PATH=${CMAKE_PREFIX_PATH}:/home/redi/ros2_ws/install/my_py_pkg:/opt/ros/foxy /usr/bin/cmake --install /home/redi/ros2_ws/build/my_robot_interfaces
[5.080s] Level 1:colcon.colcon_core.environment:create_environment_scripts_only(my_robot_interfaces)
[5.081s] Level 1:colcon.colcon_core.environment:checking '/home/redi/ros2_ws/install/my_robot_interfaces' for CMake module files
[5.082s] DEBUG:colcon.colcon_core.event_handler.log_command:Invoked command in '/home/redi/ros2_ws/build/my_robot_interfaces' returned '0': CMAKE_PREFIX_PATH=${CMAKE_PREFIX_PATH}:/home/redi/ros2_ws/install/my_py_pkg:/opt/ros/foxy /usr/bin/cmake --install /home/redi/ros2_ws/build/my_robot_interfaces
[5.082s] Level 1:colcon.colcon_core.environment:checking '/home/redi/ros2_ws/install/my_robot_interfaces' for CMake config files
[5.083s] Level 1:colcon.colcon_core.shell:create_environment_hook('my_robot_interfaces', 'cmake_prefix_path')
[5.083s] INFO:colcon.colcon_core.shell:Creating environment hook '/home/redi/ros2_ws/install/my_robot_interfaces/share/my_robot_interfaces/hook/cmake_prefix_path.ps1'
[5.084s] INFO:colcon.colcon_core.shell:Creating environment descriptor '/home/redi/ros2_ws/install/my_robot_interfaces/share/my_robot_interfaces/hook/cmake_prefix_path.dsv'
[5.084s] INFO:colcon.colcon_core.shell:Creating environment hook '/home/redi/ros2_ws/install/my_robot_interfaces/share/my_robot_interfaces/hook/cmake_prefix_path.sh'
[5.084s] Level 1:colcon.colcon_core.environment:checking '/home/redi/ros2_ws/install/my_robot_interfaces/lib'
[5.084s] Level 1:colcon.colcon_core.shell:create_environment_hook('my_robot_interfaces', 'ld_library_path_lib')
[5.085s] INFO:colcon.colcon_core.shell:Creating environment hook '/home/redi/ros2_ws/install/my_robot_interfaces/share/my_robot_interfaces/hook/ld_library_path_lib.ps1'
[5.085s] INFO:colcon.colcon_core.shell:Creating environment descriptor '/home/redi/ros2_ws/install/my_robot_interfaces/share/my_robot_interfaces/hook/ld_library_path_lib.dsv'
[5.085s] INFO:colcon.colcon_core.shell:Creating environment hook '/home/redi/ros2_ws/install/my_robot_interfaces/share/my_robot_interfaces/hook/ld_library_path_lib.sh'
[5.086s] Level 1:colcon.colcon_core.environment:checking '/home/redi/ros2_ws/install/my_robot_interfaces/bin'
[5.086s] Level 1:colcon.colcon_core.environment:checking '/home/redi/ros2_ws/install/my_robot_interfaces/lib/pkgconfig/my_robot_interfaces.pc'
[5.086s] Level 1:colcon.colcon_core.environment:checking '/home/redi/ros2_ws/install/my_robot_interfaces/lib/python3.8/site-packages'
[5.086s] Level 1:colcon.colcon_core.shell:create_environment_hook('my_robot_interfaces', 'pythonpath')
[5.087s] INFO:colcon.colcon_core.shell:Creating environment hook '/home/redi/ros2_ws/install/my_robot_interfaces/share/my_robot_interfaces/hook/pythonpath.ps1'
[5.087s] INFO:colcon.colcon_core.shell:Creating environment descriptor '/home/redi/ros2_ws/install/my_robot_interfaces/share/my_robot_interfaces/hook/pythonpath.dsv'
[5.087s] INFO:colcon.colcon_core.shell:Creating environment hook '/home/redi/ros2_ws/install/my_robot_interfaces/share/my_robot_interfaces/hook/pythonpath.sh'
[5.088s] Level 1:colcon.colcon_core.environment:checking '/home/redi/ros2_ws/install/my_robot_interfaces/bin'
[5.088s] INFO:colcon.colcon_core.shell:Creating package script '/home/redi/ros2_ws/install/my_robot_interfaces/share/my_robot_interfaces/package.ps1'
[5.089s] INFO:colcon.colcon_core.shell:Creating package descriptor '/home/redi/ros2_ws/install/my_robot_interfaces/share/my_robot_interfaces/package.dsv'
[5.089s] INFO:colcon.colcon_core.shell:Creating package script '/home/redi/ros2_ws/install/my_robot_interfaces/share/my_robot_interfaces/package.sh'
[5.089s] INFO:colcon.colcon_core.shell:Creating package script '/home/redi/ros2_ws/install/my_robot_interfaces/share/my_robot_interfaces/package.bash'
[5.090s] INFO:colcon.colcon_core.shell:Creating package script '/home/redi/ros2_ws/install/my_robot_interfaces/share/my_robot_interfaces/package.zsh'
[5.090s] Level 1:colcon.colcon_core.environment:create_file_with_runtime_dependencies(/home/redi/ros2_ws/install/my_robot_interfaces/share/colcon-core/packages/my_robot_interfaces)
[5.166s] Level 1:colcon.colcon_core.environment:create_environment_scripts_only(my_robot_interfaces)
[5.167s] Level 1:colcon.colcon_core.environment:checking '/home/redi/ros2_ws/install/my_robot_interfaces' for CMake module files
[5.168s] Level 1:colcon.colcon_core.environment:checking '/home/redi/ros2_ws/install/my_robot_interfaces' for CMake config files
[5.168s] Level 1:colcon.colcon_core.shell:create_environment_hook('my_robot_interfaces', 'cmake_prefix_path')
[5.168s] INFO:colcon.colcon_core.shell:Creating environment hook '/home/redi/ros2_ws/install/my_robot_interfaces/share/my_robot_interfaces/hook/cmake_prefix_path.ps1'
[5.169s] INFO:colcon.colcon_core.shell:Creating environment descriptor '/home/redi/ros2_ws/install/my_robot_interfaces/share/my_robot_interfaces/hook/cmake_prefix_path.dsv'
[5.169s] INFO:colcon.colcon_core.shell:Creating environment hook '/home/redi/ros2_ws/install/my_robot_interfaces/share/my_robot_interfaces/hook/cmake_prefix_path.sh'
[5.170s] Level 1:colcon.colcon_core.environment:checking '/home/redi/ros2_ws/install/my_robot_interfaces/lib'
[5.170s] Level 1:colcon.colcon_core.shell:create_environment_hook('my_robot_interfaces', 'ld_library_path_lib')
[5.170s] INFO:colcon.colcon_core.shell:Creating environment hook '/home/redi/ros2_ws/install/my_robot_interfaces/share/my_robot_interfaces/hook/ld_library_path_lib.ps1'
[5.170s] INFO:colcon.colcon_core.shell:Creating environment descriptor '/home/redi/ros2_ws/install/my_robot_interfaces/share/my_robot_interfaces/hook/ld_library_path_lib.dsv'
[5.171s] INFO:colcon.colcon_core.shell:Creating environment hook '/home/redi/ros2_ws/install/my_robot_interfaces/share/my_robot_interfaces/hook/ld_library_path_lib.sh'
[5.171s] Level 1:colcon.colcon_core.environment:checking '/home/redi/ros2_ws/install/my_robot_interfaces/bin'
[5.171s] Level 1:colcon.colcon_core.environment:checking '/home/redi/ros2_ws/install/my_robot_interfaces/lib/pkgconfig/my_robot_interfaces.pc'
[5.171s] Level 1:colcon.colcon_core.environment:checking '/home/redi/ros2_ws/install/my_robot_interfaces/lib/python3.8/site-packages'
[5.172s] Level 1:colcon.colcon_core.shell:create_environment_hook('my_robot_interfaces', 'pythonpath')
[5.172s] INFO:colcon.colcon_core.shell:Creating environment hook '/home/redi/ros2_ws/install/my_robot_interfaces/share/my_robot_interfaces/hook/pythonpath.ps1'
[5.172s] INFO:colcon.colcon_core.shell:Creating environment descriptor '/home/redi/ros2_ws/install/my_robot_interfaces/share/my_robot_interfaces/hook/pythonpath.dsv'
[5.172s] INFO:colcon.colcon_core.shell:Creating environment hook '/home/redi/ros2_ws/install/my_robot_interfaces/share/my_robot_interfaces/hook/pythonpath.sh'
[5.173s] Level 1:colcon.colcon_core.environment:checking '/home/redi/ros2_ws/install/my_robot_interfaces/bin'
[5.174s] INFO:colcon.colcon_core.shell:Creating package script '/home/redi/ros2_ws/install/my_robot_interfaces/share/my_robot_interfaces/package.ps1'
[5.174s] INFO:colcon.colcon_core.shell:Creating package descriptor '/home/redi/ros2_ws/install/my_robot_interfaces/share/my_robot_interfaces/package.dsv'
[5.175s] INFO:colcon.colcon_core.shell:Creating package script '/home/redi/ros2_ws/install/my_robot_interfaces/share/my_robot_interfaces/package.sh'
[5.175s] INFO:colcon.colcon_core.shell:Creating package script '/home/redi/ros2_ws/install/my_robot_interfaces/share/my_robot_interfaces/package.bash'
[5.175s] INFO:colcon.colcon_core.shell:Creating package script '/home/redi/ros2_ws/install/my_robot_interfaces/share/my_robot_interfaces/package.zsh'
[5.176s] Level 1:colcon.colcon_core.environment:create_file_with_runtime_dependencies(/home/redi/ros2_ws/install/my_robot_interfaces/share/colcon-core/packages/my_robot_interfaces)
[5.176s] INFO:colcon.colcon_ros.task.ament_cmake.build:Building ROS package in '/home/redi/ros2_ws/src/my_cpp_pkg' with build type 'ament_cmake'
[5.177s] INFO:colcon.colcon_cmake.task.cmake.build:Building CMake package in '/home/redi/ros2_ws/src/my_cpp_pkg'
[5.177s] INFO:colcon.colcon_core.shell:Skip shell extension 'powershell' for command environment: Not usable outside of PowerShell
[5.177s] DEBUG:colcon.colcon_core.shell:Skip shell extension 'dsv' for command environment
[5.192s] DEBUG:colcon.colcon_core.event_handler.log_command:Invoking command in '/home/redi/ros2_ws/build/my_cpp_pkg': CMAKE_PREFIX_PATH=${CMAKE_PREFIX_PATH}:/home/redi/ros2_ws/install/my_py_pkg:/opt/ros/foxy /usr/bin/cmake --build /home/redi/ros2_ws/build/my_cpp_pkg -- -j8 -l8
[11.587s] DEBUG:colcon.colcon_core.event_handler.log_command:Invoked command in '/home/redi/ros2_ws/build/my_cpp_pkg' returned '0': CMAKE_PREFIX_PATH=${CMAKE_PREFIX_PATH}:/home/redi/ros2_ws/install/my_py_pkg:/opt/ros/foxy /usr/bin/cmake --build /home/redi/ros2_ws/build/my_cpp_pkg -- -j8 -l8
[11.634s] DEBUG:colcon.colcon_core.event_handler.log_command:Invoking command in '/home/redi/ros2_ws/build/my_cpp_pkg': CMAKE_PREFIX_PATH=${CMAKE_PREFIX_PATH}:/home/redi/ros2_ws/install/my_py_pkg:/opt/ros/foxy /usr/bin/cmake --install /home/redi/ros2_ws/build/my_cpp_pkg
[11.653s] Level 1:colcon.colcon_core.environment:create_environment_scripts_only(my_cpp_pkg)
[11.654s] DEBUG:colcon.colcon_core.event_handler.log_command:Invoked command in '/home/redi/ros2_ws/build/my_cpp_pkg' returned '0': CMAKE_PREFIX_PATH=${CMAKE_PREFIX_PATH}:/home/redi/ros2_ws/install/my_py_pkg:/opt/ros/foxy /usr/bin/cmake --install /home/redi/ros2_ws/build/my_cpp_pkg
[11.655s] Level 1:colcon.colcon_core.environment:checking '/home/redi/ros2_ws/install/my_cpp_pkg' for CMake module files
[11.656s] Level 1:colcon.colcon_core.environment:checking '/home/redi/ros2_ws/install/my_cpp_pkg' for CMake config files
[11.656s] Level 1:colcon.colcon_core.shell:create_environment_hook('my_cpp_pkg', 'cmake_prefix_path')
[11.657s] INFO:colcon.colcon_core.shell:Creating environment hook '/home/redi/ros2_ws/install/my_cpp_pkg/share/my_cpp_pkg/hook/cmake_prefix_path.ps1'
[11.657s] INFO:colcon.colcon_core.shell:Creating environment descriptor '/home/redi/ros2_ws/install/my_cpp_pkg/share/my_cpp_pkg/hook/cmake_prefix_path.dsv'
[11.658s] INFO:colcon.colcon_core.shell:Creating environment hook '/home/redi/ros2_ws/install/my_cpp_pkg/share/my_cpp_pkg/hook/cmake_prefix_path.sh'
[11.658s] Level 1:colcon.colcon_core.environment:checking '/home/redi/ros2_ws/install/my_cpp_pkg/lib'
[11.658s] Level 1:colcon.colcon_core.environment:checking '/home/redi/ros2_ws/install/my_cpp_pkg/bin'
[11.659s] Level 1:colcon.colcon_core.environment:checking '/home/redi/ros2_ws/install/my_cpp_pkg/lib/pkgconfig/my_cpp_pkg.pc'
[11.659s] Level 1:colcon.colcon_core.environment:checking '/home/redi/ros2_ws/install/my_cpp_pkg/lib/python3.8/site-packages'
[11.659s] Level 1:colcon.colcon_core.environment:checking '/home/redi/ros2_ws/install/my_cpp_pkg/bin'
[11.660s] INFO:colcon.colcon_core.shell:Creating package script '/home/redi/ros2_ws/install/my_cpp_pkg/share/my_cpp_pkg/package.ps1'
[11.660s] INFO:colcon.colcon_core.shell:Creating package descriptor '/home/redi/ros2_ws/install/my_cpp_pkg/share/my_cpp_pkg/package.dsv'
[11.661s] INFO:colcon.colcon_core.shell:Creating package script '/home/redi/ros2_ws/install/my_cpp_pkg/share/my_cpp_pkg/package.sh'
[11.661s] INFO:colcon.colcon_core.shell:Creating package script '/home/redi/ros2_ws/install/my_cpp_pkg/share/my_cpp_pkg/package.bash'
[11.662s] INFO:colcon.colcon_core.shell:Creating package script '/home/redi/ros2_ws/install/my_cpp_pkg/share/my_cpp_pkg/package.zsh'
[11.662s] Level 1:colcon.colcon_core.environment:create_file_with_runtime_dependencies(/home/redi/ros2_ws/install/my_cpp_pkg/share/colcon-core/packages/my_cpp_pkg)
[11.707s] Level 1:colcon.colcon_core.environment:create_environment_scripts_only(my_cpp_pkg)
[11.708s] Level 1:colcon.colcon_core.environment:checking '/home/redi/ros2_ws/install/my_cpp_pkg' for CMake module files
[11.709s] Level 1:colcon.colcon_core.environment:checking '/home/redi/ros2_ws/install/my_cpp_pkg' for CMake config files
[11.709s] Level 1:colcon.colcon_core.shell:create_environment_hook('my_cpp_pkg', 'cmake_prefix_path')
[11.710s] INFO:colcon.colcon_core.shell:Creating environment hook '/home/redi/ros2_ws/install/my_cpp_pkg/share/my_cpp_pkg/hook/cmake_prefix_path.ps1'
[11.710s] INFO:colcon.colcon_core.shell:Creating environment descriptor '/home/redi/ros2_ws/install/my_cpp_pkg/share/my_cpp_pkg/hook/cmake_prefix_path.dsv'
[11.711s] INFO:colcon.colcon_core.shell:Creating environment hook '/home/redi/ros2_ws/install/my_cpp_pkg/share/my_cpp_pkg/hook/cmake_prefix_path.sh'
[11.711s] Level 1:colcon.colcon_core.environment:checking '/home/redi/ros2_ws/install/my_cpp_pkg/lib'
[11.712s] Level 1:colcon.colcon_core.environment:checking '/home/redi/ros2_ws/install/my_cpp_pkg/bin'
[11.712s] Level 1:colcon.colcon_core.environment:checking '/home/redi/ros2_ws/install/my_cpp_pkg/lib/pkgconfig/my_cpp_pkg.pc'
[11.712s] Level 1:colcon.colcon_core.environment:checking '/home/redi/ros2_ws/install/my_cpp_pkg/lib/python3.8/site-packages'
[11.712s] Level 1:colcon.colcon_core.environment:checking '/home/redi/ros2_ws/install/my_cpp_pkg/bin'
[11.713s] INFO:colcon.colcon_core.shell:Creating package script '/home/redi/ros2_ws/install/my_cpp_pkg/share/my_cpp_pkg/package.ps1'
[11.713s] INFO:colcon.colcon_core.shell:Creating package descriptor '/home/redi/ros2_ws/install/my_cpp_pkg/share/my_cpp_pkg/package.dsv'
[11.714s] INFO:colcon.colcon_core.shell:Creating package script '/home/redi/ros2_ws/install/my_cpp_pkg/share/my_cpp_pkg/package.sh'
[11.714s] INFO:colcon.colcon_core.shell:Creating package script '/home/redi/ros2_ws/install/my_cpp_pkg/share/my_cpp_pkg/package.bash'
[11.715s] INFO:colcon.colcon_core.shell:Creating package script '/home/redi/ros2_ws/install/my_cpp_pkg/share/my_cpp_pkg/package.zsh'
[11.715s] Level 1:colcon.colcon_core.environment:create_file_with_runtime_dependencies(/home/redi/ros2_ws/install/my_cpp_pkg/share/colcon-core/packages/my_cpp_pkg)
[11.715s] DEBUG:colcon.colcon_parallel_executor.executor.parallel:closing loop
[11.716s] DEBUG:colcon.colcon_parallel_executor.executor.parallel:loop closed
[11.716s] DEBUG:colcon.colcon_parallel_executor.executor.parallel:run_until_complete finished with '0'
[11.716s] DEBUG:colcon.colcon_core.event_reactor:joining thread
[11.723s] INFO:colcon.colcon_core.plugin_system:Skipping extension 'colcon_notification.desktop_notification.terminal_notifier': Not used on non-Darwin systems
[11.723s] INFO:colcon.colcon_core.plugin_system:Skipping extension 'colcon_notification.desktop_notification.win32': Not used on non-Windows systems
[11.724s] INFO:colcon.colcon_notification.desktop_notification:Sending desktop notification using 'notify2'
[11.741s] DEBUG:colcon.colcon_core.event_reactor:joined thread
[11.741s] INFO:colcon.colcon_core.shell:Creating prefix script '/home/redi/ros2_ws/install/local_setup.ps1'
[11.742s] INFO:colcon.colcon_core.shell:Creating prefix util module '/home/redi/ros2_ws/install/_local_setup_util_ps1.py'
[11.745s] INFO:colcon.colcon_core.shell:Creating prefix chain script '/home/redi/ros2_ws/install/setup.ps1'
[11.746s] INFO:colcon.colcon_core.shell:Creating prefix script '/home/redi/ros2_ws/install/local_setup.sh'
[11.747s] INFO:colcon.colcon_core.shell:Creating prefix util module '/home/redi/ros2_ws/install/_local_setup_util_sh.py'
[11.748s] INFO:colcon.colcon_core.shell:Creating prefix chain script '/home/redi/ros2_ws/install/setup.sh'
[11.749s] INFO:colcon.colcon_core.shell:Creating prefix script '/home/redi/ros2_ws/install/local_setup.bash'
[11.749s] INFO:colcon.colcon_core.shell:Creating prefix chain script '/home/redi/ros2_ws/install/setup.bash'
[11.750s] INFO:colcon.colcon_core.shell:Creating prefix script '/home/redi/ros2_ws/install/local_setup.zsh'
[11.751s] INFO:colcon.colcon_core.shell:Creating prefix chain script '/home/redi/ros2_ws/install/setup.zsh'
