[0.652s] Invoking command in '/home/redi/ros2_ws/src/my_py_pkg': PYTHONPATH=/home/redi/ros2_ws/src/install/my_py_pkg/lib/python3.8/site-packages:${PYTHONPATH} /usr/bin/python3 setup.py egg_info --egg-base ../build/my_py_pkg build --build-base /home/redi/ros2_ws/src/build/my_py_pkg/build install --prefix /home/redi/ros2_ws/src/install/my_py_pkg --record /home/redi/ros2_ws/src/build/my_py_pkg/install.log --single-version-externally-managed
[0.895s] running egg_info
[0.896s] creating ../build/my_py_pkg/my_py_pkg.egg-info
[0.896s] writing ../build/my_py_pkg/my_py_pkg.egg-info/PKG-INFO
[0.896s] writing dependency_links to ../build/my_py_pkg/my_py_pkg.egg-info/dependency_links.txt
[0.896s] writing entry points to ../build/my_py_pkg/my_py_pkg.egg-info/entry_points.txt
[0.896s] writing requirements to ../build/my_py_pkg/my_py_pkg.egg-info/requires.txt
[0.896s] writing top-level names to ../build/my_py_pkg/my_py_pkg.egg-info/top_level.txt
[0.898s] writing manifest file '../build/my_py_pkg/my_py_pkg.egg-info/SOURCES.txt'
[0.933s] reading manifest file '../build/my_py_pkg/my_py_pkg.egg-info/SOURCES.txt'
[0.933s] writing manifest file '../build/my_py_pkg/my_py_pkg.egg-info/SOURCES.txt'
[0.933s] running build
[0.934s] running build_py
[0.934s] creating /home/redi/ros2_ws/src/build/my_py_pkg/build
[0.934s] creating /home/redi/ros2_ws/src/build/my_py_pkg/build/lib
[0.934s] creating /home/redi/ros2_ws/src/build/my_py_pkg/build/lib/my_py_pkg
[0.934s] copying my_py_pkg/__init__.py -> /home/redi/ros2_ws/src/build/my_py_pkg/build/lib/my_py_pkg
[0.934s] running install
[0.935s] running install_lib
[0.935s] creating /home/redi/ros2_ws/src/install/my_py_pkg/lib/python3.8/site-packages/my_py_pkg
[0.935s] copying /home/redi/ros2_ws/src/build/my_py_pkg/build/lib/my_py_pkg/__init__.py -> /home/redi/ros2_ws/src/install/my_py_pkg/lib/python3.8/site-packages/my_py_pkg
[0.936s] byte-compiling /home/redi/ros2_ws/src/install/my_py_pkg/lib/python3.8/site-packages/my_py_pkg/__init__.py to __init__.cpython-38.pyc
[0.937s] running install_data
[0.937s] creating /home/redi/ros2_ws/src/install/my_py_pkg/share/ament_index
[0.937s] creating /home/redi/ros2_ws/src/install/my_py_pkg/share/ament_index/resource_index
[0.938s] creating /home/redi/ros2_ws/src/install/my_py_pkg/share/ament_index/resource_index/packages
[0.938s] copying resource/my_py_pkg -> /home/redi/ros2_ws/src/install/my_py_pkg/share/ament_index/resource_index/packages
[0.938s] copying package.xml -> /home/redi/ros2_ws/src/install/my_py_pkg/share/my_py_pkg
[0.938s] running install_egg_info
[0.939s] Copying ../build/my_py_pkg/my_py_pkg.egg-info to /home/redi/ros2_ws/src/install/my_py_pkg/lib/python3.8/site-packages/my_py_pkg-0.0.0-py3.8.egg-info
[0.940s] running install_scripts
[0.957s] writing list of installed files to '/home/redi/ros2_ws/src/build/my_py_pkg/install.log'
[0.982s] Invoked command in '/home/redi/ros2_ws/src/my_py_pkg' returned '0': PYTHONPATH=/home/redi/ros2_ws/src/install/my_py_pkg/lib/python3.8/site-packages:${PYTHONPATH} /usr/bin/python3 setup.py egg_info --egg-base ../build/my_py_pkg build --build-base /home/redi/ros2_ws/src/build/my_py_pkg/build install --prefix /home/redi/ros2_ws/src/install/my_py_pkg --record /home/redi/ros2_ws/src/build/my_py_pkg/install.log --single-version-externally-managed
