[0.040s] Invoking command in '/home/redi/ros2_ws/build/my_cpp_pkg': CMAKE_PREFIX_PATH=${CMAKE_PREFIX_PATH}:/home/redi/ros2_ws/install/my_py_pkg:/opt/ros/foxy /usr/bin/cmake --build /home/redi/ros2_ws/build/my_cpp_pkg -- -j8 -l8
[0.091s] -- Found ament_cmake: 0.9.9 (/opt/ros/foxy/share/ament_cmake/cmake)
[0.130s] -- Using PYTHON_EXECUTABLE: /usr/bin/python3
[0.451s] -- Found rclcpp: 2.4.1 (/opt/ros/foxy/share/rclcpp/cmake)
[0.512s] -- Using all available rosidl_typesupport_c: rosidl_typesupport_fastrtps_c;rosidl_typesupport_introspection_c
[0.518s] -- Found rosidl_adapter: 1.2.1 (/opt/ros/foxy/share/rosidl_adapter/cmake)
[0.730s] -- Using all available rosidl_typesupport_cpp: rosidl_typesupport_fastrtps_cpp;rosidl_typesupport_introspection_cpp
[0.825s] -- Found rmw_implementation_cmake: 1.0.3 (/opt/ros/foxy/share/rmw_implementation_cmake/cmake)
[0.828s] -- Using RMW implementation 'rmw_fastrtps_cpp' as default
[1.104s] -- Found example_interfaces: 0.9.1 (/opt/ros/foxy/share/example_interfaces/cmake)
[1.426s] -- Configuring done
[1.466s] -- Generating done
[1.469s] -- Build files have been written to: /home/redi/ros2_ws/build/my_cpp_pkg
[1.515s] [35m[1mScanning dependencies of target number_publisher[0m
[1.518s] [35m[1mScanning dependencies of target number_counter[0m
[1.564s] [ 20%] Built target smartphone
[1.565s] [ 40%] Built target cpp_node
[1.570s] [ 50%] [32mBuilding CXX object CMakeFiles/number_publisher.dir/src/number_publisher.cpp.o[0m
[1.571s] [ 70%] Built target robot_news_station
[1.598s] [ 80%] [32mBuilding CXX object CMakeFiles/number_counter.dir/src/number_counter.cpp.o[0m
[3.762s] [01m[K/home/redi/ros2_ws/src/my_cpp_pkg/src/number_publisher.cpp:[m[K In constructor ‘[01m[KNumberPublisherNode::NumberPublisherNode()[m[K’:
[3.762s] [01m[K/home/redi/ros2_ws/src/my_cpp_pkg/src/number_publisher.cpp:19:17:[m[K [01;35m[Kwarning: [m[K‘[01m[KNumberPublisherNode::robot_name[m[K’ will be initialized after [[01;35m[K-Wreorder[m[K]
[3.762s]    19 |     std::string [01;35m[Krobot_name[m[K;
[3.763s]       |                 [01;35m[K^~~~~~~~~~[m[K
[3.763s] [01m[K/home/redi/ros2_ws/src/my_cpp_pkg/src/number_publisher.cpp:18:9:[m[K [01;35m[Kwarning: [m[K  ‘[01m[Kint NumberPublisherNode::counter[m[K’ [[01;35m[K-Wreorder[m[K]
[3.763s]    18 |     int [01;35m[Kcounter[m[K;
[3.763s]       |         [01;35m[K^~~~~~~[m[K
[3.763s] [01m[K/home/redi/ros2_ws/src/my_cpp_pkg/src/number_publisher.cpp:7:5:[m[K [01;35m[Kwarning: [m[K  when initialized here [[01;35m[K-Wreorder[m[K]
[3.763s]     7 |     [01;35m[KNumberPublisherNode[m[K() : Node("number_publisher"), robot_name("R2D2"), counter(0)
[3.763s]       |     [01;35m[K^~~~~~~~~~~~~~~~~~~[m[K
[6.686s] [ 90%] [32m[1mLinking CXX executable number_publisher[0m
[6.975s] [ 90%] Built target number_publisher
[9.667s] [100%] [32m[1mLinking CXX executable number_counter[0m
[10.060s] [100%] Built target number_counter
[10.079s] Invoked command in '/home/redi/ros2_ws/build/my_cpp_pkg' returned '0': CMAKE_PREFIX_PATH=${CMAKE_PREFIX_PATH}:/home/redi/ros2_ws/install/my_py_pkg:/opt/ros/foxy /usr/bin/cmake --build /home/redi/ros2_ws/build/my_cpp_pkg -- -j8 -l8
[10.152s] Invoking command in '/home/redi/ros2_ws/build/my_cpp_pkg': CMAKE_PREFIX_PATH=${CMAKE_PREFIX_PATH}:/home/redi/ros2_ws/install/my_py_pkg:/opt/ros/foxy /usr/bin/cmake --install /home/redi/ros2_ws/build/my_cpp_pkg
[10.165s] -- Install configuration: ""
[10.166s] -- Up-to-date: /home/redi/ros2_ws/install/my_cpp_pkg/lib/my_cpp_pkg/cpp_node
[10.166s] -- Up-to-date: /home/redi/ros2_ws/install/my_cpp_pkg/lib/my_cpp_pkg/robot_news_station
[10.167s] -- Up-to-date: /home/redi/ros2_ws/install/my_cpp_pkg/lib/my_cpp_pkg/smartphone
[10.168s] -- Installing: /home/redi/ros2_ws/install/my_cpp_pkg/lib/my_cpp_pkg/number_publisher
[10.170s] -- Set runtime path of "/home/redi/ros2_ws/install/my_cpp_pkg/lib/my_cpp_pkg/number_publisher" to ""
[10.170s] -- Installing: /home/redi/ros2_ws/install/my_cpp_pkg/lib/my_cpp_pkg/number_counter
[10.173s] -- Set runtime path of "/home/redi/ros2_ws/install/my_cpp_pkg/lib/my_cpp_pkg/number_counter" to ""
[10.173s] -- Up-to-date: /home/redi/ros2_ws/install/my_cpp_pkg/share/ament_index/resource_index/package_run_dependencies/my_cpp_pkg
[10.174s] -- Up-to-date: /home/redi/ros2_ws/install/my_cpp_pkg/share/ament_index/resource_index/parent_prefix_path/my_cpp_pkg
[10.174s] -- Up-to-date: /home/redi/ros2_ws/install/my_cpp_pkg/share/my_cpp_pkg/environment/ament_prefix_path.sh
[10.174s] -- Installing: /home/redi/ros2_ws/install/my_cpp_pkg/share/my_cpp_pkg/environment/ament_prefix_path.dsv
[10.174s] -- Up-to-date: /home/redi/ros2_ws/install/my_cpp_pkg/share/my_cpp_pkg/environment/path.sh
[10.174s] -- Installing: /home/redi/ros2_ws/install/my_cpp_pkg/share/my_cpp_pkg/environment/path.dsv
[10.175s] -- Up-to-date: /home/redi/ros2_ws/install/my_cpp_pkg/share/my_cpp_pkg/local_setup.bash
[10.175s] -- Up-to-date: /home/redi/ros2_ws/install/my_cpp_pkg/share/my_cpp_pkg/local_setup.sh
[10.175s] -- Up-to-date: /home/redi/ros2_ws/install/my_cpp_pkg/share/my_cpp_pkg/local_setup.zsh
[10.175s] -- Installing: /home/redi/ros2_ws/install/my_cpp_pkg/share/my_cpp_pkg/local_setup.dsv
[10.175s] -- Installing: /home/redi/ros2_ws/install/my_cpp_pkg/share/my_cpp_pkg/package.dsv
[10.175s] -- Up-to-date: /home/redi/ros2_ws/install/my_cpp_pkg/share/ament_index/resource_index/packages/my_cpp_pkg
[10.175s] -- Up-to-date: /home/redi/ros2_ws/install/my_cpp_pkg/share/my_cpp_pkg/cmake/my_cpp_pkgConfig.cmake
[10.176s] -- Up-to-date: /home/redi/ros2_ws/install/my_cpp_pkg/share/my_cpp_pkg/cmake/my_cpp_pkgConfig-version.cmake
[10.176s] -- Up-to-date: /home/redi/ros2_ws/install/my_cpp_pkg/share/my_cpp_pkg/package.xml
[10.181s] Invoked command in '/home/redi/ros2_ws/build/my_cpp_pkg' returned '0': CMAKE_PREFIX_PATH=${CMAKE_PREFIX_PATH}:/home/redi/ros2_ws/install/my_py_pkg:/opt/ros/foxy /usr/bin/cmake --install /home/redi/ros2_ws/build/my_cpp_pkg
