[0.042s] Invoking command in '/home/redi/ros2_ws/build/my_cpp_pkg': CMAKE_PREFIX_PATH=${CMAKE_PREFIX_PATH}:/home/redi/ros2_ws/install/my_py_pkg:/opt/ros/foxy /usr/bin/cmake --build /home/redi/ros2_ws/build/my_cpp_pkg -- -j8 -l8
[0.434s] -- Found ament_cmake: 0.9.9 (/opt/ros/foxy/share/ament_cmake/cmake)
[0.436s] -- Using PYTHON_EXECUTABLE: /usr/bin/python3
[0.446s] -- Found rclcpp: 2.4.1 (/opt/ros/foxy/share/rclcpp/cmake)
[0.508s] -- Using all available rosidl_typesupport_c: rosidl_typesupport_fastrtps_c;rosidl_typesupport_introspection_c
[0.515s] -- Found rosidl_adapter: 1.2.1 (/opt/ros/foxy/share/rosidl_adapter/cmake)
[0.727s] -- Using all available rosidl_typesupport_cpp: rosidl_typesupport_fastrtps_cpp;rosidl_typesupport_introspection_cpp
[0.823s] -- Found rmw_implementation_cmake: 1.0.3 (/opt/ros/foxy/share/rmw_implementation_cmake/cmake)
[0.825s] -- Using RMW implementation 'rmw_fastrtps_cpp' as default
[1.106s] -- Found example_interfaces: 0.9.1 (/opt/ros/foxy/share/example_interfaces/cmake)
[1.316s] CMake Error at CMakeLists.txt:26 (add_executable):
[1.316s]   add_executable cannot create target "add_two_ints_client_no_oop" because
[1.316s]   another target with the same name already exists.  The existing target is
[1.316s]   an executable created in source directory
[1.316s]   "/home/redi/ros2_ws/src/my_cpp_pkg".  See documentation for policy CMP0002
[1.316s]   for more details.
[1.317s] 
[1.317s] 
[1.326s] CMake Error at /opt/ros/foxy/share/ament_cmake_target_dependencies/cmake/ament_target_dependencies.cmake:42 (message):
[1.327s]   ament_target_dependencies() the first argument must be a valid target name
[1.327s] Call Stack (most recent call first):
[1.327s]   CMakeLists.txt:36 (ament_target_dependencies)
[1.327s] 
[1.327s] 
[1.330s] -- Configuring incomplete, errors occurred!
[1.330s] See also "/home/redi/ros2_ws/build/my_cpp_pkg/CMakeFiles/CMakeOutput.log".
[1.330s] See also "/home/redi/ros2_ws/build/my_cpp_pkg/CMakeFiles/CMakeError.log".
[1.338s] make: *** [Makefile:530: cmake_check_build_system] Error 1
[1.341s] Invoked command in '/home/redi/ros2_ws/build/my_cpp_pkg' returned '2': CMAKE_PREFIX_PATH=${CMAKE_PREFIX_PATH}:/home/redi/ros2_ws/install/my_py_pkg:/opt/ros/foxy /usr/bin/cmake --build /home/redi/ros2_ws/build/my_cpp_pkg -- -j8 -l8
