[0.016s] Invoking command in '/home/redi/ros2_ws/build/catch_turtles': CMAKE_PREFIX_PATH=${CMAKE_PREFIX_PATH}:/home/redi/ros2_ws/install/my_py_pkg:/opt/ros/foxy /usr/bin/cmake --build /home/redi/ros2_ws/build/catch_turtles -- -j8 -l8
[0.073s] [35m[1mScanning dependencies of target turtle_controller[0m
[0.098s] [ 50%] Built target turtle_spawner
[0.106s] [ 75%] [32mBuilding CXX object CMakeFiles/turtle_controller.dir/src/turtle_controller.cpp.o[0m
[6.508s] [100%] [32m[1mLinking CXX executable turtle_controller[0m
[6.894s] [100%] Built target turtle_controller
[6.910s] Invoked command in '/home/redi/ros2_ws/build/catch_turtles' returned '0': CMAKE_PREFIX_PATH=${CMAKE_PREFIX_PATH}:/home/redi/ros2_ws/install/my_py_pkg:/opt/ros/foxy /usr/bin/cmake --build /home/redi/ros2_ws/build/catch_turtles -- -j8 -l8
[6.958s] Invoking command in '/home/redi/ros2_ws/build/catch_turtles': CMAKE_PREFIX_PATH=${CMAKE_PREFIX_PATH}:/home/redi/ros2_ws/install/my_py_pkg:/opt/ros/foxy /usr/bin/cmake --install /home/redi/ros2_ws/build/catch_turtles
[6.967s] -- Install configuration: ""
[6.968s] -- Execute custom install script
[6.968s] -- Up-to-date symlink: /home/redi/ros2_ws/install/catch_turtles/lib/catch_turtles/turtle_spawner
[6.969s] -- Up-to-date symlink: /home/redi/ros2_ws/install/catch_turtles/lib/catch_turtles/turtle_controller
[6.969s] -- Up-to-date symlink: /home/redi/ros2_ws/install/catch_turtles/share/ament_index/resource_index/package_run_dependencies/catch_turtles
[6.969s] -- Up-to-date symlink: /home/redi/ros2_ws/install/catch_turtles/share/ament_index/resource_index/parent_prefix_path/catch_turtles
[6.970s] -- Up-to-date symlink: /home/redi/ros2_ws/install/catch_turtles/share/catch_turtles/environment/ament_prefix_path.sh
[6.970s] -- Up-to-date symlink: /home/redi/ros2_ws/install/catch_turtles/share/catch_turtles/environment/ament_prefix_path.dsv
[6.970s] -- Up-to-date symlink: /home/redi/ros2_ws/install/catch_turtles/share/catch_turtles/environment/path.sh
[6.970s] -- Up-to-date symlink: /home/redi/ros2_ws/install/catch_turtles/share/catch_turtles/environment/path.dsv
[6.971s] -- Up-to-date symlink: /home/redi/ros2_ws/install/catch_turtles/share/catch_turtles/local_setup.bash
[6.971s] -- Up-to-date symlink: /home/redi/ros2_ws/install/catch_turtles/share/catch_turtles/local_setup.sh
[6.971s] -- Up-to-date symlink: /home/redi/ros2_ws/install/catch_turtles/share/catch_turtles/local_setup.zsh
[6.972s] -- Up-to-date symlink: /home/redi/ros2_ws/install/catch_turtles/share/catch_turtles/local_setup.dsv
[6.972s] -- Symlinking: /home/redi/ros2_ws/install/catch_turtles/share/catch_turtles/package.dsv
[6.983s] -- Up-to-date symlink: /home/redi/ros2_ws/install/catch_turtles/share/ament_index/resource_index/packages/catch_turtles
[6.984s] -- Up-to-date symlink: /home/redi/ros2_ws/install/catch_turtles/share/catch_turtles/cmake/catch_turtlesConfig.cmake
[6.984s] -- Up-to-date symlink: /home/redi/ros2_ws/install/catch_turtles/share/catch_turtles/cmake/catch_turtlesConfig-version.cmake
[6.984s] -- Up-to-date symlink: /home/redi/ros2_ws/install/catch_turtles/share/catch_turtles/package.xml
[6.987s] Invoked command in '/home/redi/ros2_ws/build/catch_turtles' returned '0': CMAKE_PREFIX_PATH=${CMAKE_PREFIX_PATH}:/home/redi/ros2_ws/install/my_py_pkg:/opt/ros/foxy /usr/bin/cmake --install /home/redi/ros2_ws/build/catch_turtles
