[  9%] Built target robot_news_station
[ 27%] Built target add_two_ints_client
[ 27%] Built target number_counter
[ 36%] Built target number_publisher
[ 45%] Built target cpp_node
[ 54%] Built target add_two_ints_client_no_oop
[ 63%] Built target smartphone
[ 72%] Built target LED_node
[35m[1mScanning dependencies of target battery_node[0m
[ 86%] Built target add_two_ints_server
[ 90%] Built target hardware_status_publisher
[ 95%] [32mBuilding CXX object CMakeFiles/battery_node.dir/src/batteryNode.cpp.o[0m
[01m[K/home/redi/ros2_ws/src/my_cpp_pkg/src/batteryNode.cpp:[m[K In member function ‘[01m[Kvoid BatteryNode::batteryEventCaller(bool)[m[K’:
[01m[K/home/redi/ros2_ws/src/my_cpp_pkg/src/batteryNode.cpp:27:13:[m[K [01;35m[Kwarning: [m[Kunused variable ‘[01m[KtimeToSleep[m[K’ [[01;35m[K-Wunused-variable[m[K]
   27 |         int [01;35m[KtimeToSleep[m[K = state ? 4000 : 10000;
      |             [01;35m[K^~~~~~~~~~~[m[K
[100%] [32m[1mLinking CXX executable battery_node[0m
[100%] Built target battery_node
-- Install configuration: ""
-- Up-to-date: /home/redi/ros2_ws/install/my_cpp_pkg/lib/my_cpp_pkg/cpp_node
-- Up-to-date: /home/redi/ros2_ws/install/my_cpp_pkg/lib/my_cpp_pkg/robot_news_station
-- Up-to-date: /home/redi/ros2_ws/install/my_cpp_pkg/lib/my_cpp_pkg/smartphone
-- Up-to-date: /home/redi/ros2_ws/install/my_cpp_pkg/lib/my_cpp_pkg/number_publisher
-- Up-to-date: /home/redi/ros2_ws/install/my_cpp_pkg/lib/my_cpp_pkg/number_counter
-- Up-to-date: /home/redi/ros2_ws/install/my_cpp_pkg/lib/my_cpp_pkg/add_two_ints_server
-- Up-to-date: /home/redi/ros2_ws/install/my_cpp_pkg/lib/my_cpp_pkg/add_two_ints_client_no_oop
-- Up-to-date: /home/redi/ros2_ws/install/my_cpp_pkg/lib/my_cpp_pkg/add_two_ints_client
-- Installing: /home/redi/ros2_ws/install/my_cpp_pkg/lib/my_cpp_pkg/hardware_status_publisher
-- Set runtime path of "/home/redi/ros2_ws/install/my_cpp_pkg/lib/my_cpp_pkg/hardware_status_publisher" to ""
-- Installing: /home/redi/ros2_ws/install/my_cpp_pkg/lib/my_cpp_pkg/battery_node
-- Set runtime path of "/home/redi/ros2_ws/install/my_cpp_pkg/lib/my_cpp_pkg/battery_node" to ""
-- Installing: /home/redi/ros2_ws/install/my_cpp_pkg/lib/my_cpp_pkg/LED_node
-- Set runtime path of "/home/redi/ros2_ws/install/my_cpp_pkg/lib/my_cpp_pkg/LED_node" to ""
-- Up-to-date: /home/redi/ros2_ws/install/my_cpp_pkg/share/ament_index/resource_index/package_run_dependencies/my_cpp_pkg
-- Up-to-date: /home/redi/ros2_ws/install/my_cpp_pkg/share/ament_index/resource_index/parent_prefix_path/my_cpp_pkg
-- Up-to-date: /home/redi/ros2_ws/install/my_cpp_pkg/share/my_cpp_pkg/environment/ament_prefix_path.sh
-- Installing: /home/redi/ros2_ws/install/my_cpp_pkg/share/my_cpp_pkg/environment/ament_prefix_path.dsv
-- Up-to-date: /home/redi/ros2_ws/install/my_cpp_pkg/share/my_cpp_pkg/environment/path.sh
-- Installing: /home/redi/ros2_ws/install/my_cpp_pkg/share/my_cpp_pkg/environment/path.dsv
-- Up-to-date: /home/redi/ros2_ws/install/my_cpp_pkg/share/my_cpp_pkg/local_setup.bash
-- Up-to-date: /home/redi/ros2_ws/install/my_cpp_pkg/share/my_cpp_pkg/local_setup.sh
-- Up-to-date: /home/redi/ros2_ws/install/my_cpp_pkg/share/my_cpp_pkg/local_setup.zsh
-- Installing: /home/redi/ros2_ws/install/my_cpp_pkg/share/my_cpp_pkg/local_setup.dsv
-- Installing: /home/redi/ros2_ws/install/my_cpp_pkg/share/my_cpp_pkg/package.dsv
-- Up-to-date: /home/redi/ros2_ws/install/my_cpp_pkg/share/ament_index/resource_index/packages/my_cpp_pkg
-- Up-to-date: /home/redi/ros2_ws/install/my_cpp_pkg/share/my_cpp_pkg/cmake/my_cpp_pkgConfig.cmake
-- Up-to-date: /home/redi/ros2_ws/install/my_cpp_pkg/share/my_cpp_pkg/cmake/my_cpp_pkgConfig-version.cmake
-- Up-to-date: /home/redi/ros2_ws/install/my_cpp_pkg/share/my_cpp_pkg/package.xml
