[01m[K/home/redi/ros2_ws/src/my_cpp_pkg/src/batteryNode.cpp:[m[K In member function ‘[01m[Kvoid BatteryNode::batteryEventCaller(bool)[m[K’:
[01m[K/home/redi/ros2_ws/src/my_cpp_pkg/src/batteryNode.cpp:27:13:[m[K [01;35m[Kwarning: [m[Kunused variable ‘[01m[KtimeToSleep[m[K’ [[01;35m[K-Wunused-variable[m[K]
   27 |         int [01;35m[KtimeToSleep[m[K = state ? 4000 : 10000;
      |             [01;35m[K^~~~~~~~~~~[m[K
In file included from [01m[K/usr/include/c++/9/memory:65[m[K,
                 from [01m[K/opt/ros/foxy/include/rclcpp/rclcpp.hpp:144[m[K,
                 from [01m[K/home/redi/ros2_ws/src/my_cpp_pkg/src/batteryNode.cpp:1[m[K:
/usr/include/c++/9/bits/stl_uninitialized.h: In instantiation of ‘[01m[K_ForwardIterator std::uninitialized_copy(_InputIterator, _InputIterator, _ForwardIterator) [with _InputIterator = const std::thread*; _ForwardIterator = std::thread*][m[K’:
[01m[K/usr/include/c++/9/bits/stl_uninitialized.h:307:37:[m[K   required from ‘[01m[K_ForwardIterator std::__uninitialized_copy_a(_InputIterator, _InputIterator, _ForwardIterator, std::allocator<_Tp>&) [with _InputIterator = const std::thread*; _ForwardIterator = std::thread*; _Tp = std::thread][m[K’
[01m[K/usr/include/c++/9/bits/vector.tcc:330:35:[m[K   required from ‘[01m[Kvoid std::vector<_Tp, _Alloc>::_M_assign_aux(_ForwardIterator, _ForwardIterator, std::forward_iterator_tag) [with _ForwardIterator = const std::thread*; _Tp = std::thread; _Alloc = std::allocator<std::thread>][m[K’
[01m[K/usr/include/c++/9/bits/stl_vector.h:729:2:[m[K   required from ‘[01m[Kstd::vector<_Tp, _Alloc>& std::vector<_Tp, _Alloc>::operator=(std::initializer_list<_Tp>) [with _Tp = std::thread; _Alloc = std::allocator<std::thread>][m[K’
[01m[K/home/redi/ros2_ws/src/my_cpp_pkg/src/batteryNode.cpp:16:90:[m[K   required from here
[01m[K/usr/include/c++/9/bits/stl_uninitialized.h:127:72:[m[K [01;31m[Kerror: [m[Kstatic assertion failed: result type must be constructible from value type of input range
  127 |       static_assert(is_constructible<_ValueType2, decltype(*__first)>::[01;31m[Kvalue[m[K,
      |                                                                        [01;31m[K^~~~~[m[K
In file included from [01m[K/usr/include/c++/9/memory:62[m[K,
                 from [01m[K/opt/ros/foxy/include/rclcpp/rclcpp.hpp:144[m[K,
                 from [01m[K/home/redi/ros2_ws/src/my_cpp_pkg/src/batteryNode.cpp:1[m[K:
/usr/include/c++/9/bits/stl_algobase.h: In instantiation of ‘[01m[Kstatic _OI std::__copy_move<false, false, std::random_access_iterator_tag>::__copy_m(_II, _II, _OI) [with _II = const std::thread*; _OI = std::thread*][m[K’:
[01m[K/usr/include/c++/9/bits/stl_algobase.h:404:30:[m[K   required from ‘[01m[K_OI std::__copy_move_a(_II, _II, _OI) [with bool _IsMove = false; _II = const std::thread*; _OI = std::thread*][m[K’
[01m[K/usr/include/c++/9/bits/stl_algobase.h:441:30:[m[K   required from ‘[01m[K_OI std::__copy_move_a2(_II, _II, _OI) [with bool _IsMove = false; _II = const std::thread*; _OI = std::thread*][m[K’
[01m[K/usr/include/c++/9/bits/stl_algobase.h:474:7:[m[K   required from ‘[01m[K_OI std::copy(_II, _II, _OI) [with _II = const std::thread*; _OI = std::thread*][m[K’
[01m[K/usr/include/c++/9/bits/vector.tcc:321:29:[m[K   required from ‘[01m[Kvoid std::vector<_Tp, _Alloc>::_M_assign_aux(_ForwardIterator, _ForwardIterator, std::forward_iterator_tag) [with _ForwardIterator = const std::thread*; _Tp = std::thread; _Alloc = std::allocator<std::thread>][m[K’
[01m[K/usr/include/c++/9/bits/stl_vector.h:729:2:[m[K   required from ‘[01m[Kstd::vector<_Tp, _Alloc>& std::vector<_Tp, _Alloc>::operator=(std::initializer_list<_Tp>) [with _Tp = std::thread; _Alloc = std::allocator<std::thread>][m[K’
[01m[K/home/redi/ros2_ws/src/my_cpp_pkg/src/batteryNode.cpp:16:90:[m[K   required from here
[01m[K/usr/include/c++/9/bits/stl_algobase.h:342:18:[m[K [01;31m[Kerror: [m[Kuse of deleted function ‘[01m[Kstd::thread& std::thread::operator=(const std::thread&)[m[K’
  342 |        [01;31m[K*__result = *__first[m[K;
      |        [01;31m[K~~~~~~~~~~^~~~~~~~~~[m[K
In file included from [01m[K/usr/include/c++/9/future:39[m[K,
                 from [01m[K/opt/ros/foxy/include/rclcpp/executors.hpp:18[m[K,
                 from [01m[K/opt/ros/foxy/include/rclcpp/rclcpp.hpp:146[m[K,
                 from [01m[K/home/redi/ros2_ws/src/my_cpp_pkg/src/batteryNode.cpp:1[m[K:
[01m[K/usr/include/c++/9/thread:147:13:[m[K [01;36m[Knote: [m[Kdeclared here
  147 |     thread& [01;36m[Koperator[m[K=(const thread&) = delete;
      |             [01;36m[K^~~~~~~~[m[K
make[2]: *** [CMakeFiles/battery_node.dir/build.make:63: CMakeFiles/battery_node.dir/src/batteryNode.cpp.o] Error 1
make[1]: *** [CMakeFiles/Makefile2:422: CMakeFiles/battery_node.dir/all] Error 2
make: *** [Makefile:141: all] Error 2
