[0.022s] Invoking command in '/home/redi/ros2_ws/src/build/my_cpp_pkg': CMAKE_PREFIX_PATH=${CMAKE_PREFIX_PATH}:/home/redi/ros2_ws/install/my_py_pkg:/opt/ros/foxy /usr/bin/cmake /home/redi/ros2_ws/src/my_cpp_pkg -DAMENT_CMAKE_SYMLINK_INSTALL=1 -DCMAKE_INSTALL_PREFIX=/home/redi/ros2_ws/src/install/my_cpp_pkg
[0.237s] -- Found ament_cmake: 0.9.9 (/opt/ros/foxy/share/ament_cmake/cmake)
[0.237s] -- Using PYTHON_EXECUTABLE: /usr/bin/python3
[0.237s] -- Override CMake install command with custom implementation using symlinks instead of copying resources
[0.240s] -- Found rclcpp: 2.4.1 (/opt/ros/foxy/share/rclcpp/cmake)
[0.269s] -- Using all available rosidl_typesupport_c: rosidl_typesupport_fastrtps_c;rosidl_typesupport_introspection_c
[0.273s] -- Found rosidl_adapter: 1.2.1 (/opt/ros/foxy/share/rosidl_adapter/cmake)
[0.380s] -- Using all available rosidl_typesupport_cpp: rosidl_typesupport_fastrtps_cpp;rosidl_typesupport_introspection_cpp
[0.427s] -- Found rmw_implementation_cmake: 1.0.3 (/opt/ros/foxy/share/rmw_implementation_cmake/cmake)
[0.428s] -- Using RMW implementation 'rmw_fastrtps_cpp' as default
[0.642s] -- Configuring done
[0.649s] -- Generating done
[0.650s] -- Build files have been written to: /home/redi/ros2_ws/src/build/my_cpp_pkg
[0.657s] Invoked command in '/home/redi/ros2_ws/src/build/my_cpp_pkg' returned '0': CMAKE_PREFIX_PATH=${CMAKE_PREFIX_PATH}:/home/redi/ros2_ws/install/my_py_pkg:/opt/ros/foxy /usr/bin/cmake /home/redi/ros2_ws/src/my_cpp_pkg -DAMENT_CMAKE_SYMLINK_INSTALL=1 -DCMAKE_INSTALL_PREFIX=/home/redi/ros2_ws/src/install/my_cpp_pkg
[0.659s] Invoking command in '/home/redi/ros2_ws/src/build/my_cpp_pkg': CMAKE_PREFIX_PATH=${CMAKE_PREFIX_PATH}:/home/redi/ros2_ws/install/my_py_pkg:/opt/ros/foxy /usr/bin/cmake --build /home/redi/ros2_ws/src/build/my_cpp_pkg -- -j8 -l8
[0.721s] [ 50%] [32m[1mLinking CXX executable cpp_node[0m
[0.854s] [100%] Built target cpp_node
[0.867s] Invoked command in '/home/redi/ros2_ws/src/build/my_cpp_pkg' returned '0': CMAKE_PREFIX_PATH=${CMAKE_PREFIX_PATH}:/home/redi/ros2_ws/install/my_py_pkg:/opt/ros/foxy /usr/bin/cmake --build /home/redi/ros2_ws/src/build/my_cpp_pkg -- -j8 -l8
[0.905s] Invoking command in '/home/redi/ros2_ws/src/build/my_cpp_pkg': CMAKE_PREFIX_PATH=${CMAKE_PREFIX_PATH}:/home/redi/ros2_ws/install/my_py_pkg:/opt/ros/foxy /usr/bin/cmake --install /home/redi/ros2_ws/src/build/my_cpp_pkg
[0.914s] -- Install configuration: ""
[0.914s] -- Execute custom install script
[0.914s] -- Symlinking: /home/redi/ros2_ws/src/install/my_cpp_pkg/lib/my_cpp_pkg/cpp_node
[0.924s] -- Symlinking: /home/redi/ros2_ws/src/install/my_cpp_pkg/share/ament_index/resource_index/package_run_dependencies/my_cpp_pkg
[0.934s] -- Symlinking: /home/redi/ros2_ws/src/install/my_cpp_pkg/share/ament_index/resource_index/parent_prefix_path/my_cpp_pkg
[0.944s] -- Symlinking: /home/redi/ros2_ws/src/install/my_cpp_pkg/share/my_cpp_pkg/environment/ament_prefix_path.sh
[0.954s] -- Symlinking: /home/redi/ros2_ws/src/install/my_cpp_pkg/share/my_cpp_pkg/environment/ament_prefix_path.dsv
[0.964s] -- Symlinking: /home/redi/ros2_ws/src/install/my_cpp_pkg/share/my_cpp_pkg/environment/path.sh
[0.974s] -- Symlinking: /home/redi/ros2_ws/src/install/my_cpp_pkg/share/my_cpp_pkg/environment/path.dsv
[0.984s] -- Symlinking: /home/redi/ros2_ws/src/install/my_cpp_pkg/share/my_cpp_pkg/local_setup.bash
[0.993s] -- Symlinking: /home/redi/ros2_ws/src/install/my_cpp_pkg/share/my_cpp_pkg/local_setup.sh
[1.003s] -- Symlinking: /home/redi/ros2_ws/src/install/my_cpp_pkg/share/my_cpp_pkg/local_setup.zsh
[1.013s] -- Symlinking: /home/redi/ros2_ws/src/install/my_cpp_pkg/share/my_cpp_pkg/local_setup.dsv
[1.024s] -- Symlinking: /home/redi/ros2_ws/src/install/my_cpp_pkg/share/my_cpp_pkg/package.dsv
[1.035s] -- Symlinking: /home/redi/ros2_ws/src/install/my_cpp_pkg/share/ament_index/resource_index/packages/my_cpp_pkg
[1.046s] -- Symlinking: /home/redi/ros2_ws/src/install/my_cpp_pkg/share/my_cpp_pkg/cmake/my_cpp_pkgConfig.cmake
[1.058s] -- Symlinking: /home/redi/ros2_ws/src/install/my_cpp_pkg/share/my_cpp_pkg/cmake/my_cpp_pkgConfig-version.cmake
[1.069s] -- Symlinking: /home/redi/ros2_ws/src/install/my_cpp_pkg/share/my_cpp_pkg/package.xml
[1.082s] Invoked command in '/home/redi/ros2_ws/src/build/my_cpp_pkg' returned '0': CMAKE_PREFIX_PATH=${CMAKE_PREFIX_PATH}:/home/redi/ros2_ws/install/my_py_pkg:/opt/ros/foxy /usr/bin/cmake --install /home/redi/ros2_ws/src/build/my_cpp_pkg
