[0.025s] Invoking command in '/home/redi/ros2_ws/build/catch_turtles': CMAKE_PREFIX_PATH=${CMAKE_PREFIX_PATH}:/home/redi/ros2_ws/install/my_py_pkg:/opt/ros/foxy /usr/bin/cmake --build /home/redi/ros2_ws/build/catch_turtles -- -j8 -l8
[0.102s] [35m[1mScanning dependencies of target turtle_controller[0m
[0.133s] [ 50%] Built target turtle_spawner
[0.151s] [ 75%] [32mBuilding CXX object CMakeFiles/turtle_controller.dir/src/turtle_controller.cpp.o[0m
[13.318s] [100%] [32m[1mLinking CXX executable turtle_controller[0m
[13.995s] [100%] Built target turtle_controller
[14.015s] Invoked command in '/home/redi/ros2_ws/build/catch_turtles' returned '0': CMAKE_PREFIX_PATH=${CMAKE_PREFIX_PATH}:/home/redi/ros2_ws/install/my_py_pkg:/opt/ros/foxy /usr/bin/cmake --build /home/redi/ros2_ws/build/catch_turtles -- -j8 -l8
[14.080s] Invoking command in '/home/redi/ros2_ws/build/catch_turtles': CMAKE_PREFIX_PATH=${CMAKE_PREFIX_PATH}:/home/redi/ros2_ws/install/my_py_pkg:/opt/ros/foxy /usr/bin/cmake --install /home/redi/ros2_ws/build/catch_turtles
[14.094s] -- Install configuration: ""
[14.094s] -- Execute custom install script
[14.095s] -- Up-to-date symlink: /home/redi/ros2_ws/install/catch_turtles/lib/catch_turtles/turtle_spawner
[14.096s] -- Up-to-date symlink: /home/redi/ros2_ws/install/catch_turtles/lib/catch_turtles/turtle_controller
[14.096s] -- Up-to-date symlink: /home/redi/ros2_ws/install/catch_turtles/share/ament_index/resource_index/package_run_dependencies/catch_turtles
[14.097s] -- Up-to-date symlink: /home/redi/ros2_ws/install/catch_turtles/share/ament_index/resource_index/parent_prefix_path/catch_turtles
[14.097s] -- Up-to-date symlink: /home/redi/ros2_ws/install/catch_turtles/share/catch_turtles/environment/ament_prefix_path.sh
[14.098s] -- Up-to-date symlink: /home/redi/ros2_ws/install/catch_turtles/share/catch_turtles/environment/ament_prefix_path.dsv
[14.098s] -- Up-to-date symlink: /home/redi/ros2_ws/install/catch_turtles/share/catch_turtles/environment/path.sh
[14.099s] -- Up-to-date symlink: /home/redi/ros2_ws/install/catch_turtles/share/catch_turtles/environment/path.dsv
[14.099s] -- Up-to-date symlink: /home/redi/ros2_ws/install/catch_turtles/share/catch_turtles/local_setup.bash
[14.100s] -- Up-to-date symlink: /home/redi/ros2_ws/install/catch_turtles/share/catch_turtles/local_setup.sh
[14.100s] -- Up-to-date symlink: /home/redi/ros2_ws/install/catch_turtles/share/catch_turtles/local_setup.zsh
[14.101s] -- Up-to-date symlink: /home/redi/ros2_ws/install/catch_turtles/share/catch_turtles/local_setup.dsv
[14.101s] -- Symlinking: /home/redi/ros2_ws/install/catch_turtles/share/catch_turtles/package.dsv
[14.118s] -- Up-to-date symlink: /home/redi/ros2_ws/install/catch_turtles/share/ament_index/resource_index/packages/catch_turtles
[14.118s] -- Up-to-date symlink: /home/redi/ros2_ws/install/catch_turtles/share/catch_turtles/cmake/catch_turtlesConfig.cmake
[14.118s] -- Up-to-date symlink: /home/redi/ros2_ws/install/catch_turtles/share/catch_turtles/cmake/catch_turtlesConfig-version.cmake
[14.119s] -- Up-to-date symlink: /home/redi/ros2_ws/install/catch_turtles/share/catch_turtles/package.xml
[14.122s] Invoked command in '/home/redi/ros2_ws/build/catch_turtles' returned '0': CMAKE_PREFIX_PATH=${CMAKE_PREFIX_PATH}:/home/redi/ros2_ws/install/my_py_pkg:/opt/ros/foxy /usr/bin/cmake --install /home/redi/ros2_ws/build/catch_turtles
