[0.034s] Invoking command in '/home/redi/ros2_ws/build/my_robot_interfaces': CMAKE_PREFIX_PATH=${CMAKE_PREFIX_PATH}:/home/redi/ros2_ws/install/my_py_pkg:/opt/ros/foxy /usr/bin/cmake --build /home/redi/ros2_ws/build/my_robot_interfaces -- -j8 -l8
[0.118s] [  3%] Built target my_robot_interfaces__cpp
[0.120s] [ 12%] Built target my_robot_interfaces__rosidl_generator_c
[0.156s] [ 22%] Built target my_robot_interfaces__rosidl_typesupport_introspection_cpp
[0.161s] [ 32%] Built target my_robot_interfaces__rosidl_typesupport_introspection_c
[0.169s] [ 41%] Built target my_robot_interfaces__rosidl_typesupport_c
[0.171s] [ 51%] Built target my_robot_interfaces__rosidl_typesupport_fastrtps_cpp
[0.171s] [ 61%] Built target my_robot_interfaces__rosidl_typesupport_cpp
[0.214s] [ 70%] Built target my_robot_interfaces__rosidl_typesupport_fastrtps_c
[0.249s] [ 70%] Built target my_robot_interfaces
[0.283s] [ 74%] Built target my_robot_interfaces__py
[0.326s] [ 80%] Built target my_robot_interfaces__python
[0.371s] [100%] Built target my_robot_interfaces__rosidl_typesupport_c__pyext
[0.371s] [100%] Built target my_robot_interfaces__rosidl_typesupport_fastrtps_c__pyext
[0.371s] [100%] Built target my_robot_interfaces__rosidl_typesupport_introspection_c__pyext
[0.390s] Invoked command in '/home/redi/ros2_ws/build/my_robot_interfaces' returned '0': CMAKE_PREFIX_PATH=${CMAKE_PREFIX_PATH}:/home/redi/ros2_ws/install/my_py_pkg:/opt/ros/foxy /usr/bin/cmake --build /home/redi/ros2_ws/build/my_robot_interfaces -- -j8 -l8
[0.490s] Invoking command in '/home/redi/ros2_ws/build/my_robot_interfaces': CMAKE_PREFIX_PATH=${CMAKE_PREFIX_PATH}:/home/redi/ros2_ws/install/my_py_pkg:/opt/ros/foxy /usr/bin/cmake --install /home/redi/ros2_ws/build/my_robot_interfaces
[0.505s] -- Install configuration: ""
[0.505s] -- Up-to-date: /home/redi/ros2_ws/install/my_robot_interfaces/share/ament_index/resource_index/rosidl_interfaces/my_robot_interfaces
[0.505s] -- Up-to-date: /home/redi/ros2_ws/install/my_robot_interfaces/include/my_robot_interfaces
[0.505s] -- Up-to-date: /home/redi/ros2_ws/install/my_robot_interfaces/include/my_robot_interfaces/msg
[0.506s] -- Up-to-date: /home/redi/ros2_ws/install/my_robot_interfaces/include/my_robot_interfaces/msg/detail
[0.506s] -- Up-to-date: /home/redi/ros2_ws/install/my_robot_interfaces/include/my_robot_interfaces/msg/detail/hardware_status__type_support.h
[0.506s] -- Up-to-date: /home/redi/ros2_ws/install/my_robot_interfaces/include/my_robot_interfaces/msg/detail/hardware_status__functions.c
[0.506s] -- Up-to-date: /home/redi/ros2_ws/install/my_robot_interfaces/include/my_robot_interfaces/msg/detail/hardware_status__struct.h
[0.506s] -- Up-to-date: /home/redi/ros2_ws/install/my_robot_interfaces/include/my_robot_interfaces/msg/detail/hardware_status__functions.h
[0.506s] -- Up-to-date: /home/redi/ros2_ws/install/my_robot_interfaces/include/my_robot_interfaces/msg/hardware_status.h
[0.507s] -- Up-to-date: /home/redi/ros2_ws/install/my_robot_interfaces/include/my_robot_interfaces/msg/rosidl_generator_c__visibility_control.h
[0.507s] -- Up-to-date: /home/redi/ros2_ws/install/my_robot_interfaces/share/my_robot_interfaces/environment/library_path.sh
[0.507s] -- Up-to-date: /home/redi/ros2_ws/install/my_robot_interfaces/share/my_robot_interfaces/environment/library_path.dsv
[0.507s] -- Up-to-date: /home/redi/ros2_ws/install/my_robot_interfaces/lib/libmy_robot_interfaces__rosidl_generator_c.so
[0.507s] -- Up-to-date: /home/redi/ros2_ws/install/my_robot_interfaces/include/my_robot_interfaces
[0.508s] -- Up-to-date: /home/redi/ros2_ws/install/my_robot_interfaces/include/my_robot_interfaces/msg
[0.508s] -- Up-to-date: /home/redi/ros2_ws/install/my_robot_interfaces/include/my_robot_interfaces/msg/detail
[0.508s] -- Up-to-date: /home/redi/ros2_ws/install/my_robot_interfaces/include/my_robot_interfaces/msg/detail/hardware_status__rosidl_typesupport_fastrtps_c.h
[0.508s] -- Up-to-date: /home/redi/ros2_ws/install/my_robot_interfaces/include/my_robot_interfaces/msg/rosidl_typesupport_fastrtps_c__visibility_control.h
[0.508s] -- Up-to-date: /home/redi/ros2_ws/install/my_robot_interfaces/lib/libmy_robot_interfaces__rosidl_typesupport_fastrtps_c.so
[0.508s] -- Up-to-date: /home/redi/ros2_ws/install/my_robot_interfaces/include/my_robot_interfaces
[0.508s] -- Up-to-date: /home/redi/ros2_ws/install/my_robot_interfaces/include/my_robot_interfaces/msg
[0.509s] -- Up-to-date: /home/redi/ros2_ws/install/my_robot_interfaces/include/my_robot_interfaces/msg/rosidl_typesupport_fastrtps_cpp__visibility_control.h
[0.509s] -- Up-to-date: /home/redi/ros2_ws/install/my_robot_interfaces/include/my_robot_interfaces/msg/detail
[0.509s] -- Up-to-date: /home/redi/ros2_ws/install/my_robot_interfaces/include/my_robot_interfaces/msg/detail/dds_fastrtps
[0.509s] -- Up-to-date: /home/redi/ros2_ws/install/my_robot_interfaces/include/my_robot_interfaces/msg/detail/hardware_status__rosidl_typesupport_fastrtps_cpp.hpp
[0.509s] -- Up-to-date: /home/redi/ros2_ws/install/my_robot_interfaces/lib/libmy_robot_interfaces__rosidl_typesupport_fastrtps_cpp.so
[0.509s] -- Up-to-date: /home/redi/ros2_ws/install/my_robot_interfaces/include/my_robot_interfaces
[0.509s] -- Up-to-date: /home/redi/ros2_ws/install/my_robot_interfaces/include/my_robot_interfaces/msg
[0.509s] -- Up-to-date: /home/redi/ros2_ws/install/my_robot_interfaces/include/my_robot_interfaces/msg/detail
[0.510s] -- Up-to-date: /home/redi/ros2_ws/install/my_robot_interfaces/include/my_robot_interfaces/msg/detail/hardware_status__type_support.c
[0.510s] -- Up-to-date: /home/redi/ros2_ws/install/my_robot_interfaces/include/my_robot_interfaces/msg/detail/hardware_status__rosidl_typesupport_introspection_c.h
[0.510s] -- Up-to-date: /home/redi/ros2_ws/install/my_robot_interfaces/include/my_robot_interfaces/msg/rosidl_typesupport_introspection_c__visibility_control.h
[0.510s] -- Up-to-date: /home/redi/ros2_ws/install/my_robot_interfaces/lib/libmy_robot_interfaces__rosidl_typesupport_introspection_c.so
[0.510s] -- Up-to-date: /home/redi/ros2_ws/install/my_robot_interfaces/lib/libmy_robot_interfaces__rosidl_typesupport_c.so
[0.511s] -- Up-to-date: /home/redi/ros2_ws/install/my_robot_interfaces/include/my_robot_interfaces
[0.511s] -- Up-to-date: /home/redi/ros2_ws/install/my_robot_interfaces/include/my_robot_interfaces/msg
[0.511s] -- Up-to-date: /home/redi/ros2_ws/install/my_robot_interfaces/include/my_robot_interfaces/msg/detail
[0.512s] -- Up-to-date: /home/redi/ros2_ws/install/my_robot_interfaces/include/my_robot_interfaces/msg/detail/hardware_status__struct.hpp
[0.512s] -- Up-to-date: /home/redi/ros2_ws/install/my_robot_interfaces/include/my_robot_interfaces/msg/detail/hardware_status__traits.hpp
[0.512s] -- Up-to-date: /home/redi/ros2_ws/install/my_robot_interfaces/include/my_robot_interfaces/msg/detail/hardware_status__builder.hpp
[0.512s] -- Up-to-date: /home/redi/ros2_ws/install/my_robot_interfaces/include/my_robot_interfaces/msg/hardware_status.hpp
[0.512s] -- Up-to-date: /home/redi/ros2_ws/install/my_robot_interfaces/include/my_robot_interfaces
[0.512s] -- Up-to-date: /home/redi/ros2_ws/install/my_robot_interfaces/include/my_robot_interfaces/msg
[0.512s] -- Up-to-date: /home/redi/ros2_ws/install/my_robot_interfaces/include/my_robot_interfaces/msg/detail
[0.512s] -- Up-to-date: /home/redi/ros2_ws/install/my_robot_interfaces/include/my_robot_interfaces/msg/detail/hardware_status__type_support.cpp
[0.513s] -- Up-to-date: /home/redi/ros2_ws/install/my_robot_interfaces/include/my_robot_interfaces/msg/detail/hardware_status__rosidl_typesupport_introspection_cpp.hpp
[0.513s] -- Up-to-date: /home/redi/ros2_ws/install/my_robot_interfaces/lib/libmy_robot_interfaces__rosidl_typesupport_introspection_cpp.so
[0.513s] -- Up-to-date: /home/redi/ros2_ws/install/my_robot_interfaces/lib/libmy_robot_interfaces__rosidl_typesupport_cpp.so
[0.513s] -- Up-to-date: /home/redi/ros2_ws/install/my_robot_interfaces/share/my_robot_interfaces/environment/pythonpath.sh
[0.514s] -- Up-to-date: /home/redi/ros2_ws/install/my_robot_interfaces/share/my_robot_interfaces/environment/pythonpath.dsv
[0.514s] -- Up-to-date: /home/redi/ros2_ws/install/my_robot_interfaces/lib/python3.8/site-packages/my_robot_interfaces/__init__.py
[0.572s] -- Up-to-date: /home/redi/ros2_ws/install/my_robot_interfaces/lib/python3.8/site-packages/my_robot_interfaces/msg
[0.572s] -- Up-to-date: /home/redi/ros2_ws/install/my_robot_interfaces/lib/python3.8/site-packages/my_robot_interfaces/msg/__init__.py
[0.572s] -- Up-to-date: /home/redi/ros2_ws/install/my_robot_interfaces/lib/python3.8/site-packages/my_robot_interfaces/msg/_hardware_status.py
[0.572s] -- Up-to-date: /home/redi/ros2_ws/install/my_robot_interfaces/lib/python3.8/site-packages/my_robot_interfaces/msg/_hardware_status_s.c
[0.573s] -- Up-to-date: /home/redi/ros2_ws/install/my_robot_interfaces/lib/python3.8/site-packages/my_robot_interfaces/my_robot_interfaces_s__rosidl_typesupport_fastrtps_c.cpython-38-x86_64-linux-gnu.so
[0.574s] -- Up-to-date: /home/redi/ros2_ws/install/my_robot_interfaces/lib/python3.8/site-packages/my_robot_interfaces/my_robot_interfaces_s__rosidl_typesupport_introspection_c.cpython-38-x86_64-linux-gnu.so
[0.575s] -- Up-to-date: /home/redi/ros2_ws/install/my_robot_interfaces/lib/python3.8/site-packages/my_robot_interfaces/my_robot_interfaces_s__rosidl_typesupport_c.cpython-38-x86_64-linux-gnu.so
[0.576s] -- Up-to-date: /home/redi/ros2_ws/install/my_robot_interfaces/lib/libmy_robot_interfaces__python.so
[0.577s] -- Up-to-date: /home/redi/ros2_ws/install/my_robot_interfaces/share/my_robot_interfaces/msg/HardwareStatus.idl
[0.577s] -- Up-to-date: /home/redi/ros2_ws/install/my_robot_interfaces/share/my_robot_interfaces/msg/HardwareStatus.msg
[0.577s] -- Up-to-date: /home/redi/ros2_ws/install/my_robot_interfaces/share/ament_index/resource_index/package_run_dependencies/my_robot_interfaces
[0.578s] -- Up-to-date: /home/redi/ros2_ws/install/my_robot_interfaces/share/ament_index/resource_index/parent_prefix_path/my_robot_interfaces
[0.578s] -- Up-to-date: /home/redi/ros2_ws/install/my_robot_interfaces/share/my_robot_interfaces/environment/ament_prefix_path.sh
[0.578s] -- Up-to-date: /home/redi/ros2_ws/install/my_robot_interfaces/share/my_robot_interfaces/environment/ament_prefix_path.dsv
[0.578s] -- Up-to-date: /home/redi/ros2_ws/install/my_robot_interfaces/share/my_robot_interfaces/environment/path.sh
[0.578s] -- Up-to-date: /home/redi/ros2_ws/install/my_robot_interfaces/share/my_robot_interfaces/environment/path.dsv
[0.578s] -- Up-to-date: /home/redi/ros2_ws/install/my_robot_interfaces/share/my_robot_interfaces/local_setup.bash
[0.578s] -- Up-to-date: /home/redi/ros2_ws/install/my_robot_interfaces/share/my_robot_interfaces/local_setup.sh
[0.579s] -- Up-to-date: /home/redi/ros2_ws/install/my_robot_interfaces/share/my_robot_interfaces/local_setup.zsh
[0.579s] -- Up-to-date: /home/redi/ros2_ws/install/my_robot_interfaces/share/my_robot_interfaces/local_setup.dsv
[0.579s] -- Installing: /home/redi/ros2_ws/install/my_robot_interfaces/share/my_robot_interfaces/package.dsv
[0.579s] -- Up-to-date: /home/redi/ros2_ws/install/my_robot_interfaces/share/ament_index/resource_index/packages/my_robot_interfaces
[0.579s] -- Up-to-date: /home/redi/ros2_ws/install/my_robot_interfaces/share/my_robot_interfaces/cmake/my_robot_interfaces__rosidl_generator_cExport.cmake
[0.579s] -- Up-to-date: /home/redi/ros2_ws/install/my_robot_interfaces/share/my_robot_interfaces/cmake/my_robot_interfaces__rosidl_generator_cExport-noconfig.cmake
[0.579s] -- Up-to-date: /home/redi/ros2_ws/install/my_robot_interfaces/share/my_robot_interfaces/cmake/my_robot_interfaces__rosidl_typesupport_introspection_cExport.cmake
[0.580s] -- Up-to-date: /home/redi/ros2_ws/install/my_robot_interfaces/share/my_robot_interfaces/cmake/my_robot_interfaces__rosidl_typesupport_introspection_cExport-noconfig.cmake
[0.580s] -- Up-to-date: /home/redi/ros2_ws/install/my_robot_interfaces/share/my_robot_interfaces/cmake/my_robot_interfaces__rosidl_typesupport_cExport.cmake
[0.580s] -- Up-to-date: /home/redi/ros2_ws/install/my_robot_interfaces/share/my_robot_interfaces/cmake/my_robot_interfaces__rosidl_typesupport_cExport-noconfig.cmake
[0.580s] -- Up-to-date: /home/redi/ros2_ws/install/my_robot_interfaces/share/my_robot_interfaces/cmake/my_robot_interfaces__rosidl_generator_cppExport.cmake
[0.580s] -- Up-to-date: /home/redi/ros2_ws/install/my_robot_interfaces/share/my_robot_interfaces/cmake/my_robot_interfaces__rosidl_typesupport_introspection_cppExport.cmake
[0.580s] -- Up-to-date: /home/redi/ros2_ws/install/my_robot_interfaces/share/my_robot_interfaces/cmake/my_robot_interfaces__rosidl_typesupport_introspection_cppExport-noconfig.cmake
[0.580s] -- Up-to-date: /home/redi/ros2_ws/install/my_robot_interfaces/share/my_robot_interfaces/cmake/my_robot_interfaces__rosidl_typesupport_cppExport.cmake
[0.581s] -- Up-to-date: /home/redi/ros2_ws/install/my_robot_interfaces/share/my_robot_interfaces/cmake/my_robot_interfaces__rosidl_typesupport_cppExport-noconfig.cmake
[0.581s] -- Up-to-date: /home/redi/ros2_ws/install/my_robot_interfaces/share/my_robot_interfaces/cmake/rosidl_cmake-extras.cmake
[0.581s] -- Up-to-date: /home/redi/ros2_ws/install/my_robot_interfaces/share/my_robot_interfaces/cmake/ament_cmake_export_dependencies-extras.cmake
[0.581s] -- Up-to-date: /home/redi/ros2_ws/install/my_robot_interfaces/share/my_robot_interfaces/cmake/ament_cmake_export_libraries-extras.cmake
[0.581s] -- Up-to-date: /home/redi/ros2_ws/install/my_robot_interfaces/share/my_robot_interfaces/cmake/ament_cmake_export_targets-extras.cmake
[0.581s] -- Up-to-date: /home/redi/ros2_ws/install/my_robot_interfaces/share/my_robot_interfaces/cmake/ament_cmake_export_include_directories-extras.cmake
[0.582s] -- Up-to-date: /home/redi/ros2_ws/install/my_robot_interfaces/share/my_robot_interfaces/cmake/rosidl_cmake_export_typesupport_libraries-extras.cmake
[0.582s] -- Up-to-date: /home/redi/ros2_ws/install/my_robot_interfaces/share/my_robot_interfaces/cmake/rosidl_cmake_export_typesupport_targets-extras.cmake
[0.582s] -- Up-to-date: /home/redi/ros2_ws/install/my_robot_interfaces/share/my_robot_interfaces/cmake/my_robot_interfacesConfig.cmake
[0.582s] -- Up-to-date: /home/redi/ros2_ws/install/my_robot_interfaces/share/my_robot_interfaces/cmake/my_robot_interfacesConfig-version.cmake
[0.582s] -- Up-to-date: /home/redi/ros2_ws/install/my_robot_interfaces/share/my_robot_interfaces/package.xml
[0.585s] Invoked command in '/home/redi/ros2_ws/build/my_robot_interfaces' returned '0': CMAKE_PREFIX_PATH=${CMAKE_PREFIX_PATH}:/home/redi/ros2_ws/install/my_py_pkg:/opt/ros/foxy /usr/bin/cmake --install /home/redi/ros2_ws/build/my_robot_interfaces
