[0.012s] Invoking command in '/home/redi/ros2_ws/build/my_cpp_pkg': CMAKE_PREFIX_PATH=${CMAKE_PREFIX_PATH}:/home/redi/ros2_ws/install/my_py_pkg:/opt/ros/foxy /usr/bin/cmake --build /home/redi/ros2_ws/build/my_cpp_pkg -- -j8 -l8
[0.062s] [35m[1mScanning dependencies of target LED_node[0m
[0.089s] [  9%] Built target robot_news_station
[0.091s] [ 18%] Built target cpp_node
[0.093s] [ 27%] Built target number_publisher
[0.093s] [ 36%] Built target number_counter
[0.099s] [ 45%] Built target add_two_ints_client_no_oop
[0.102s] [ 59%] Built target add_two_ints_client
[0.103s] [ 63%] Built target smartphone
[0.109s] [ 68%] [32mBuilding CXX object CMakeFiles/LED_node.dir/src/LEDNode.cpp.o[0m
[0.114s] [35m[1mScanning dependencies of target battery_node[0m
[0.130s] [ 86%] Built target add_two_ints_server
[0.130s] [ 86%] Built target hardware_status_publisher
[0.151s] [ 90%] [32mBuilding CXX object CMakeFiles/battery_node.dir/src/batteryNode.cpp.o[0m
[1.857s] In file included from [01m[K/usr/include/c++/9/memory:65[m[K,
[1.857s]                  from [01m[K/opt/ros/foxy/include/rclcpp/rclcpp.hpp:144[m[K,
[1.857s]                  from [01m[K/home/redi/ros2_ws/src/my_cpp_pkg/src/batteryNode.cpp:1[m[K:
[1.858s] /usr/include/c++/9/bits/stl_uninitialized.h: In instantiation of ‘[01m[K_ForwardIterator std::uninitialized_copy(_InputIterator, _InputIterator, _ForwardIterator) [with _InputIterator = const std::thread*; _ForwardIterator = std::thread*][m[K’:
[1.858s] [01m[K/usr/include/c++/9/bits/stl_uninitialized.h:307:37:[m[K   required from ‘[01m[K_ForwardIterator std::__uninitialized_copy_a(_InputIterator, _InputIterator, _ForwardIterator, std::allocator<_Tp>&) [with _InputIterator = const std::thread*; _ForwardIterator = std::thread*; _Tp = std::thread][m[K’
[1.858s] [01m[K/usr/include/c++/9/bits/vector.tcc:330:35:[m[K   required from ‘[01m[Kvoid std::vector<_Tp, _Alloc>::_M_assign_aux(_ForwardIterator, _ForwardIterator, std::forward_iterator_tag) [with _ForwardIterator = const std::thread*; _Tp = std::thread; _Alloc = std::allocator<std::thread>][m[K’
[1.858s] [01m[K/usr/include/c++/9/bits/stl_vector.h:729:2:[m[K   required from ‘[01m[Kstd::vector<_Tp, _Alloc>& std::vector<_Tp, _Alloc>::operator=(std::initializer_list<_Tp>) [with _Tp = std::thread; _Alloc = std::allocator<std::thread>][m[K’
[1.858s] [01m[K/home/redi/ros2_ws/src/my_cpp_pkg/src/batteryNode.cpp:16:90:[m[K   required from here
[1.858s] [01m[K/usr/include/c++/9/bits/stl_uninitialized.h:127:72:[m[K [01;31m[Kerror: [m[Kstatic assertion failed: result type must be constructible from value type of input range
[1.858s]   127 | ert(is_constructible<_ValueType2, decltype(*__first)>::[01;31m[Kvalue[m[K,
[1.858s]       |                                                        [01;31m[K^~~~~[m[K
[1.858s] 
[1.927s] In file included from [01m[K/usr/include/c++/9/memory:62[m[K,
[1.928s]                  from [01m[K/opt/ros/foxy/include/rclcpp/rclcpp.hpp:144[m[K,
[1.928s]                  from [01m[K/home/redi/ros2_ws/src/my_cpp_pkg/src/batteryNode.cpp:1[m[K:
[1.928s] /usr/include/c++/9/bits/stl_algobase.h: In instantiation of ‘[01m[Kstatic _OI std::__copy_move<false, false, std::random_access_iterator_tag>::__copy_m(_II, _II, _OI) [with _II = const std::thread*; _OI = std::thread*][m[K’:
[1.928s] [01m[K/usr/include/c++/9/bits/stl_algobase.h:404:30:[m[K   required from ‘[01m[K_OI std::__copy_move_a(_II, _II, _OI) [with bool _IsMove = false; _II = const std::thread*; _OI = std::thread*][m[K’
[1.928s] [01m[K/usr/include/c++/9/bits/stl_algobase.h:441:30:[m[K   required from ‘[01m[K_OI std::__copy_move_a2(_II, _II, _OI) [with bool _IsMove = false; _II = const std::thread*; _OI = std::thread*][m[K’
[1.928s] [01m[K/usr/include/c++/9/bits/stl_algobase.h:474:7:[m[K   required from ‘[01m[K_OI std::copy(_II, _II, _OI) [with _II = const std::thread*; _OI = std::thread*][m[K’
[1.928s] [01m[K/usr/include/c++/9/bits/vector.tcc:321:29:[m[K   required from ‘[01m[Kvoid std::vector<_Tp, _Alloc>::_M_assign_aux(_ForwardIterator, _ForwardIterator, std::forward_iterator_tag) [with _ForwardIterator = const std::thread*; _Tp = std::thread; _Alloc = std::allocator<std::thread>][m[K’
[1.928s] [01m[K/usr/include/c++/9/bits/stl_vector.h:729:2:[m[K   required from ‘[01m[Kstd::vector<_Tp, _Alloc>& std::vector<_Tp, _Alloc>::operator=(std::initializer_list<_Tp>) [with _Tp = std::thread; _Alloc = std::allocator<std::thread>][m[K’
[1.928s] [01m[K/home/redi/ros2_ws/src/my_cpp_pkg/src/batteryNode.cpp:16:90:[m[K   required from here
[1.928s] [01m[K/usr/include/c++/9/bits/stl_algobase.h:342:18:[m[K [01;31m[Kerror: [m[Kuse of deleted function ‘[01m[Kstd::thread& std::thread::operator=(const std::thread&)[m[K’
[1.928s]   342 |        [01;31m[K*__result = *__first[m[K;
[1.928s]       |        [01;31m[K~~~~~~~~~~^~~~~~~~~~[m[K
[1.929s] In file included from [01m[K/usr/include/c++/9/future:39[m[K,
[1.929s]                  from [01m[K/opt/ros/foxy/include/rclcpp/executors.hpp:18[m[K,
[1.929s]                  from [01m[K/opt/ros/foxy/include/rclcpp/rclcpp.hpp:146[m[K,
[1.929s]                  from [01m[K/home/redi/ros2_ws/src/my_cpp_pkg/src/batteryNode.cpp:1[m[K:
[1.929s] [01m[K/usr/include/c++/9/thread:147:13:[m[K [01;36m[Knote: [m[Kdeclared here
[1.929s]   147 |     thread& [01;36m[Koperator[m[K=(const thread&) = delete;
[1.929s]       |             [01;36m[K^~~~~~~~[m[K
[2.129s] make[2]: *** [CMakeFiles/battery_node.dir/build.make:63: CMakeFiles/battery_node.dir/src/batteryNode.cpp.o] Error 1
[2.129s] make[1]: *** [CMakeFiles/Makefile2:422: CMakeFiles/battery_node.dir/all] Error 2
[2.130s] make[1]: *** Waiting for unfinished jobs....
[2.356s] [ 95%] [32m[1mLinking CXX executable LED_node[0m
[2.522s] [ 95%] Built target LED_node
[2.523s] make: *** [Makefile:141: all] Error 2
[2.525s] Invoked command in '/home/redi/ros2_ws/build/my_cpp_pkg' returned '2': CMAKE_PREFIX_PATH=${CMAKE_PREFIX_PATH}:/home/redi/ros2_ws/install/my_py_pkg:/opt/ros/foxy /usr/bin/cmake --build /home/redi/ros2_ws/build/my_cpp_pkg -- -j8 -l8
