[0.021s] Invoking command in '/home/redi/ros2_ws/build/my_robot_interfaces': CMAKE_PREFIX_PATH=${CMAKE_PREFIX_PATH}:/home/redi/ros2_ws/install/my_py_pkg:/opt/ros/foxy /usr/bin/cmake --build /home/redi/ros2_ws/build/my_robot_interfaces -- -j8 -l8
[0.080s] [  2%] Built target my_robot_interfaces__cpp
[0.081s] [ 12%] Built target my_robot_interfaces__rosidl_generator_c
[0.106s] [ 23%] Built target my_robot_interfaces__rosidl_typesupport_introspection_cpp
[0.108s] [ 43%] Built target my_robot_interfaces__rosidl_typesupport_c
[0.108s] [ 43%] Built target my_robot_interfaces__rosidl_typesupport_cpp
[0.113s] [ 53%] Built target my_robot_interfaces__rosidl_typesupport_introspection_c
[0.118s] [ 64%] Built target my_robot_interfaces__rosidl_typesupport_fastrtps_cpp
[0.148s] [ 74%] Built target my_robot_interfaces__rosidl_typesupport_fastrtps_c
[0.169s] [ 74%] Built target my_robot_interfaces
[0.192s] [ 76%] Built target my_robot_interfaces__py
[0.220s] [ 84%] Built target my_robot_interfaces__python
[0.246s] [100%] Built target my_robot_interfaces__rosidl_typesupport_fastrtps_c__pyext
[0.247s] [100%] Built target my_robot_interfaces__rosidl_typesupport_introspection_c__pyext
[0.247s] [100%] Built target my_robot_interfaces__rosidl_typesupport_c__pyext
[0.278s] Invoked command in '/home/redi/ros2_ws/build/my_robot_interfaces' returned '0': CMAKE_PREFIX_PATH=${CMAKE_PREFIX_PATH}:/home/redi/ros2_ws/install/my_py_pkg:/opt/ros/foxy /usr/bin/cmake --build /home/redi/ros2_ws/build/my_robot_interfaces -- -j8 -l8
[0.349s] Invoking command in '/home/redi/ros2_ws/build/my_robot_interfaces': CMAKE_PREFIX_PATH=${CMAKE_PREFIX_PATH}:/home/redi/ros2_ws/install/my_py_pkg:/opt/ros/foxy /usr/bin/cmake --install /home/redi/ros2_ws/build/my_robot_interfaces
[0.360s] -- Install configuration: ""
[0.361s] -- Up-to-date: /home/redi/ros2_ws/install/my_robot_interfaces/share/ament_index/resource_index/rosidl_interfaces/my_robot_interfaces
[0.361s] -- Up-to-date: /home/redi/ros2_ws/install/my_robot_interfaces/include/my_robot_interfaces
[0.361s] -- Up-to-date: /home/redi/ros2_ws/install/my_robot_interfaces/include/my_robot_interfaces/msg
[0.361s] -- Up-to-date: /home/redi/ros2_ws/install/my_robot_interfaces/include/my_robot_interfaces/msg/detail
[0.361s] -- Up-to-date: /home/redi/ros2_ws/install/my_robot_interfaces/include/my_robot_interfaces/msg/detail/hardware_status__type_support.h
[0.362s] -- Up-to-date: /home/redi/ros2_ws/install/my_robot_interfaces/include/my_robot_interfaces/msg/detail/hardware_status__functions.c
[0.362s] -- Up-to-date: /home/redi/ros2_ws/install/my_robot_interfaces/include/my_robot_interfaces/msg/detail/hardware_status__struct.h
[0.362s] -- Up-to-date: /home/redi/ros2_ws/install/my_robot_interfaces/include/my_robot_interfaces/msg/detail/hardware_status__functions.h
[0.362s] -- Up-to-date: /home/redi/ros2_ws/install/my_robot_interfaces/include/my_robot_interfaces/msg/hardware_status.h
[0.362s] -- Up-to-date: /home/redi/ros2_ws/install/my_robot_interfaces/include/my_robot_interfaces/msg/rosidl_generator_c__visibility_control.h
[0.362s] -- Up-to-date: /home/redi/ros2_ws/install/my_robot_interfaces/include/my_robot_interfaces/srv
[0.363s] -- Up-to-date: /home/redi/ros2_ws/install/my_robot_interfaces/include/my_robot_interfaces/srv/detail
[0.363s] -- Up-to-date: /home/redi/ros2_ws/install/my_robot_interfaces/include/my_robot_interfaces/srv/detail/compute_rectangle_area__struct.h
[0.363s] -- Up-to-date: /home/redi/ros2_ws/install/my_robot_interfaces/include/my_robot_interfaces/srv/detail/compute_rectangle_area__type_support.h
[0.363s] -- Up-to-date: /home/redi/ros2_ws/install/my_robot_interfaces/include/my_robot_interfaces/srv/detail/compute_rectangle_area__functions.c
[0.363s] -- Up-to-date: /home/redi/ros2_ws/install/my_robot_interfaces/include/my_robot_interfaces/srv/detail/compute_rectangle_area__functions.h
[0.363s] -- Up-to-date: /home/redi/ros2_ws/install/my_robot_interfaces/include/my_robot_interfaces/srv/compute_rectangle_area.h
[0.364s] -- Up-to-date: /home/redi/ros2_ws/install/my_robot_interfaces/share/my_robot_interfaces/environment/library_path.sh
[0.364s] -- Up-to-date: /home/redi/ros2_ws/install/my_robot_interfaces/share/my_robot_interfaces/environment/library_path.dsv
[0.364s] -- Up-to-date: /home/redi/ros2_ws/install/my_robot_interfaces/lib/libmy_robot_interfaces__rosidl_generator_c.so
[0.364s] -- Up-to-date: /home/redi/ros2_ws/install/my_robot_interfaces/include/my_robot_interfaces
[0.364s] -- Up-to-date: /home/redi/ros2_ws/install/my_robot_interfaces/include/my_robot_interfaces/msg
[0.364s] -- Up-to-date: /home/redi/ros2_ws/install/my_robot_interfaces/include/my_robot_interfaces/msg/detail
[0.365s] -- Up-to-date: /home/redi/ros2_ws/install/my_robot_interfaces/include/my_robot_interfaces/msg/detail/hardware_status__rosidl_typesupport_fastrtps_c.h
[0.365s] -- Up-to-date: /home/redi/ros2_ws/install/my_robot_interfaces/include/my_robot_interfaces/msg/rosidl_typesupport_fastrtps_c__visibility_control.h
[0.365s] -- Up-to-date: /home/redi/ros2_ws/install/my_robot_interfaces/include/my_robot_interfaces/srv
[0.365s] -- Up-to-date: /home/redi/ros2_ws/install/my_robot_interfaces/include/my_robot_interfaces/srv/detail
[0.365s] -- Up-to-date: /home/redi/ros2_ws/install/my_robot_interfaces/include/my_robot_interfaces/srv/detail/compute_rectangle_area__rosidl_typesupport_fastrtps_c.h
[0.365s] -- Up-to-date: /home/redi/ros2_ws/install/my_robot_interfaces/lib/libmy_robot_interfaces__rosidl_typesupport_fastrtps_c.so
[0.365s] -- Up-to-date: /home/redi/ros2_ws/install/my_robot_interfaces/include/my_robot_interfaces
[0.366s] -- Up-to-date: /home/redi/ros2_ws/install/my_robot_interfaces/include/my_robot_interfaces/msg
[0.366s] -- Up-to-date: /home/redi/ros2_ws/install/my_robot_interfaces/include/my_robot_interfaces/msg/rosidl_typesupport_fastrtps_cpp__visibility_control.h
[0.366s] -- Up-to-date: /home/redi/ros2_ws/install/my_robot_interfaces/include/my_robot_interfaces/msg/detail
[0.366s] -- Up-to-date: /home/redi/ros2_ws/install/my_robot_interfaces/include/my_robot_interfaces/msg/detail/dds_fastrtps
[0.366s] -- Up-to-date: /home/redi/ros2_ws/install/my_robot_interfaces/include/my_robot_interfaces/msg/detail/hardware_status__rosidl_typesupport_fastrtps_cpp.hpp
[0.366s] -- Up-to-date: /home/redi/ros2_ws/install/my_robot_interfaces/include/my_robot_interfaces/srv
[0.366s] -- Up-to-date: /home/redi/ros2_ws/install/my_robot_interfaces/include/my_robot_interfaces/srv/detail
[0.366s] -- Up-to-date: /home/redi/ros2_ws/install/my_robot_interfaces/include/my_robot_interfaces/srv/detail/compute_rectangle_area__rosidl_typesupport_fastrtps_cpp.hpp
[0.367s] -- Up-to-date: /home/redi/ros2_ws/install/my_robot_interfaces/include/my_robot_interfaces/srv/detail/dds_fastrtps
[0.367s] -- Up-to-date: /home/redi/ros2_ws/install/my_robot_interfaces/lib/libmy_robot_interfaces__rosidl_typesupport_fastrtps_cpp.so
[0.367s] -- Up-to-date: /home/redi/ros2_ws/install/my_robot_interfaces/include/my_robot_interfaces
[0.367s] -- Up-to-date: /home/redi/ros2_ws/install/my_robot_interfaces/include/my_robot_interfaces/msg
[0.367s] -- Up-to-date: /home/redi/ros2_ws/install/my_robot_interfaces/include/my_robot_interfaces/msg/detail
[0.367s] -- Up-to-date: /home/redi/ros2_ws/install/my_robot_interfaces/include/my_robot_interfaces/msg/detail/hardware_status__type_support.c
[0.367s] -- Up-to-date: /home/redi/ros2_ws/install/my_robot_interfaces/include/my_robot_interfaces/msg/detail/hardware_status__rosidl_typesupport_introspection_c.h
[0.367s] -- Up-to-date: /home/redi/ros2_ws/install/my_robot_interfaces/include/my_robot_interfaces/msg/rosidl_typesupport_introspection_c__visibility_control.h
[0.368s] -- Up-to-date: /home/redi/ros2_ws/install/my_robot_interfaces/include/my_robot_interfaces/srv
[0.368s] -- Up-to-date: /home/redi/ros2_ws/install/my_robot_interfaces/include/my_robot_interfaces/srv/detail
[0.368s] -- Up-to-date: /home/redi/ros2_ws/install/my_robot_interfaces/include/my_robot_interfaces/srv/detail/compute_rectangle_area__rosidl_typesupport_introspection_c.h
[0.368s] -- Up-to-date: /home/redi/ros2_ws/install/my_robot_interfaces/include/my_robot_interfaces/srv/detail/compute_rectangle_area__type_support.c
[0.368s] -- Up-to-date: /home/redi/ros2_ws/install/my_robot_interfaces/lib/libmy_robot_interfaces__rosidl_typesupport_introspection_c.so
[0.368s] -- Up-to-date: /home/redi/ros2_ws/install/my_robot_interfaces/lib/libmy_robot_interfaces__rosidl_typesupport_c.so
[0.368s] -- Up-to-date: /home/redi/ros2_ws/install/my_robot_interfaces/include/my_robot_interfaces
[0.368s] -- Up-to-date: /home/redi/ros2_ws/install/my_robot_interfaces/include/my_robot_interfaces/msg
[0.368s] -- Up-to-date: /home/redi/ros2_ws/install/my_robot_interfaces/include/my_robot_interfaces/msg/detail
[0.369s] -- Up-to-date: /home/redi/ros2_ws/install/my_robot_interfaces/include/my_robot_interfaces/msg/detail/hardware_status__struct.hpp
[0.369s] -- Up-to-date: /home/redi/ros2_ws/install/my_robot_interfaces/include/my_robot_interfaces/msg/detail/hardware_status__traits.hpp
[0.369s] -- Up-to-date: /home/redi/ros2_ws/install/my_robot_interfaces/include/my_robot_interfaces/msg/detail/hardware_status__builder.hpp
[0.369s] -- Up-to-date: /home/redi/ros2_ws/install/my_robot_interfaces/include/my_robot_interfaces/msg/hardware_status.hpp
[0.369s] -- Up-to-date: /home/redi/ros2_ws/install/my_robot_interfaces/include/my_robot_interfaces/srv
[0.369s] -- Up-to-date: /home/redi/ros2_ws/install/my_robot_interfaces/include/my_robot_interfaces/srv/detail
[0.369s] -- Up-to-date: /home/redi/ros2_ws/install/my_robot_interfaces/include/my_robot_interfaces/srv/detail/compute_rectangle_area__struct.hpp
[0.369s] -- Up-to-date: /home/redi/ros2_ws/install/my_robot_interfaces/include/my_robot_interfaces/srv/detail/compute_rectangle_area__builder.hpp
[0.370s] -- Up-to-date: /home/redi/ros2_ws/install/my_robot_interfaces/include/my_robot_interfaces/srv/detail/compute_rectangle_area__traits.hpp
[0.370s] -- Up-to-date: /home/redi/ros2_ws/install/my_robot_interfaces/include/my_robot_interfaces/srv/compute_rectangle_area.hpp
[0.370s] -- Up-to-date: /home/redi/ros2_ws/install/my_robot_interfaces/include/my_robot_interfaces
[0.370s] -- Up-to-date: /home/redi/ros2_ws/install/my_robot_interfaces/include/my_robot_interfaces/msg
[0.370s] -- Up-to-date: /home/redi/ros2_ws/install/my_robot_interfaces/include/my_robot_interfaces/msg/detail
[0.370s] -- Up-to-date: /home/redi/ros2_ws/install/my_robot_interfaces/include/my_robot_interfaces/msg/detail/hardware_status__type_support.cpp
[0.370s] -- Up-to-date: /home/redi/ros2_ws/install/my_robot_interfaces/include/my_robot_interfaces/msg/detail/hardware_status__rosidl_typesupport_introspection_cpp.hpp
[0.370s] -- Up-to-date: /home/redi/ros2_ws/install/my_robot_interfaces/include/my_robot_interfaces/srv
[0.370s] -- Up-to-date: /home/redi/ros2_ws/install/my_robot_interfaces/include/my_robot_interfaces/srv/detail
[0.371s] -- Up-to-date: /home/redi/ros2_ws/install/my_robot_interfaces/include/my_robot_interfaces/srv/detail/compute_rectangle_area__rosidl_typesupport_introspection_cpp.hpp
[0.371s] -- Up-to-date: /home/redi/ros2_ws/install/my_robot_interfaces/include/my_robot_interfaces/srv/detail/compute_rectangle_area__type_support.cpp
[0.371s] -- Up-to-date: /home/redi/ros2_ws/install/my_robot_interfaces/lib/libmy_robot_interfaces__rosidl_typesupport_introspection_cpp.so
[0.371s] -- Up-to-date: /home/redi/ros2_ws/install/my_robot_interfaces/lib/libmy_robot_interfaces__rosidl_typesupport_cpp.so
[0.371s] -- Up-to-date: /home/redi/ros2_ws/install/my_robot_interfaces/share/my_robot_interfaces/environment/pythonpath.sh
[0.371s] -- Up-to-date: /home/redi/ros2_ws/install/my_robot_interfaces/share/my_robot_interfaces/environment/pythonpath.dsv
[0.371s] -- Up-to-date: /home/redi/ros2_ws/install/my_robot_interfaces/lib/python3.8/site-packages/my_robot_interfaces/__init__.py
[0.400s] -- Up-to-date: /home/redi/ros2_ws/install/my_robot_interfaces/lib/python3.8/site-packages/my_robot_interfaces/msg
[0.401s] -- Up-to-date: /home/redi/ros2_ws/install/my_robot_interfaces/lib/python3.8/site-packages/my_robot_interfaces/msg/__init__.py
[0.401s] -- Up-to-date: /home/redi/ros2_ws/install/my_robot_interfaces/lib/python3.8/site-packages/my_robot_interfaces/msg/_hardware_status.py
[0.401s] -- Up-to-date: /home/redi/ros2_ws/install/my_robot_interfaces/lib/python3.8/site-packages/my_robot_interfaces/msg/_hardware_status_s.c
[0.401s] -- Up-to-date: /home/redi/ros2_ws/install/my_robot_interfaces/lib/python3.8/site-packages/my_robot_interfaces/srv
[0.401s] -- Up-to-date: /home/redi/ros2_ws/install/my_robot_interfaces/lib/python3.8/site-packages/my_robot_interfaces/srv/__init__.py
[0.401s] -- Up-to-date: /home/redi/ros2_ws/install/my_robot_interfaces/lib/python3.8/site-packages/my_robot_interfaces/srv/_compute_rectangle_area_s.c
[0.402s] -- Up-to-date: /home/redi/ros2_ws/install/my_robot_interfaces/lib/python3.8/site-packages/my_robot_interfaces/srv/_compute_rectangle_area.py
[0.402s] -- Up-to-date: /home/redi/ros2_ws/install/my_robot_interfaces/lib/python3.8/site-packages/my_robot_interfaces/my_robot_interfaces_s__rosidl_typesupport_fastrtps_c.cpython-38-x86_64-linux-gnu.so
[0.402s] -- Up-to-date: /home/redi/ros2_ws/install/my_robot_interfaces/lib/python3.8/site-packages/my_robot_interfaces/my_robot_interfaces_s__rosidl_typesupport_introspection_c.cpython-38-x86_64-linux-gnu.so
[0.403s] -- Up-to-date: /home/redi/ros2_ws/install/my_robot_interfaces/lib/python3.8/site-packages/my_robot_interfaces/my_robot_interfaces_s__rosidl_typesupport_c.cpython-38-x86_64-linux-gnu.so
[0.404s] -- Up-to-date: /home/redi/ros2_ws/install/my_robot_interfaces/lib/libmy_robot_interfaces__python.so
[0.405s] -- Up-to-date: /home/redi/ros2_ws/install/my_robot_interfaces/share/my_robot_interfaces/msg/HardwareStatus.idl
[0.405s] -- Up-to-date: /home/redi/ros2_ws/install/my_robot_interfaces/share/my_robot_interfaces/srv/ComputeRectangleArea.idl
[0.405s] -- Up-to-date: /home/redi/ros2_ws/install/my_robot_interfaces/share/my_robot_interfaces/msg/HardwareStatus.msg
[0.405s] -- Up-to-date: /home/redi/ros2_ws/install/my_robot_interfaces/share/my_robot_interfaces/srv/ComputeRectangleArea.srv
[0.405s] -- Up-to-date: /home/redi/ros2_ws/install/my_robot_interfaces/share/my_robot_interfaces/srv/ComputeRectangleArea_Request.msg
[0.406s] -- Up-to-date: /home/redi/ros2_ws/install/my_robot_interfaces/share/my_robot_interfaces/srv/ComputeRectangleArea_Response.msg
[0.406s] -- Up-to-date: /home/redi/ros2_ws/install/my_robot_interfaces/share/ament_index/resource_index/package_run_dependencies/my_robot_interfaces
[0.406s] -- Up-to-date: /home/redi/ros2_ws/install/my_robot_interfaces/share/ament_index/resource_index/parent_prefix_path/my_robot_interfaces
[0.406s] -- Up-to-date: /home/redi/ros2_ws/install/my_robot_interfaces/share/my_robot_interfaces/environment/ament_prefix_path.sh
[0.406s] -- Up-to-date: /home/redi/ros2_ws/install/my_robot_interfaces/share/my_robot_interfaces/environment/ament_prefix_path.dsv
[0.406s] -- Up-to-date: /home/redi/ros2_ws/install/my_robot_interfaces/share/my_robot_interfaces/environment/path.sh
[0.407s] -- Up-to-date: /home/redi/ros2_ws/install/my_robot_interfaces/share/my_robot_interfaces/environment/path.dsv
[0.407s] -- Up-to-date: /home/redi/ros2_ws/install/my_robot_interfaces/share/my_robot_interfaces/local_setup.bash
[0.407s] -- Up-to-date: /home/redi/ros2_ws/install/my_robot_interfaces/share/my_robot_interfaces/local_setup.sh
[0.407s] -- Up-to-date: /home/redi/ros2_ws/install/my_robot_interfaces/share/my_robot_interfaces/local_setup.zsh
[0.407s] -- Up-to-date: /home/redi/ros2_ws/install/my_robot_interfaces/share/my_robot_interfaces/local_setup.dsv
[0.407s] -- Installing: /home/redi/ros2_ws/install/my_robot_interfaces/share/my_robot_interfaces/package.dsv
[0.407s] -- Up-to-date: /home/redi/ros2_ws/install/my_robot_interfaces/share/ament_index/resource_index/packages/my_robot_interfaces
[0.408s] -- Up-to-date: /home/redi/ros2_ws/install/my_robot_interfaces/share/my_robot_interfaces/cmake/my_robot_interfaces__rosidl_generator_cExport.cmake
[0.408s] -- Up-to-date: /home/redi/ros2_ws/install/my_robot_interfaces/share/my_robot_interfaces/cmake/my_robot_interfaces__rosidl_generator_cExport-noconfig.cmake
[0.408s] -- Up-to-date: /home/redi/ros2_ws/install/my_robot_interfaces/share/my_robot_interfaces/cmake/my_robot_interfaces__rosidl_typesupport_introspection_cExport.cmake
[0.408s] -- Up-to-date: /home/redi/ros2_ws/install/my_robot_interfaces/share/my_robot_interfaces/cmake/my_robot_interfaces__rosidl_typesupport_introspection_cExport-noconfig.cmake
[0.408s] -- Up-to-date: /home/redi/ros2_ws/install/my_robot_interfaces/share/my_robot_interfaces/cmake/my_robot_interfaces__rosidl_typesupport_cExport.cmake
[0.409s] -- Up-to-date: /home/redi/ros2_ws/install/my_robot_interfaces/share/my_robot_interfaces/cmake/my_robot_interfaces__rosidl_typesupport_cExport-noconfig.cmake
[0.409s] -- Up-to-date: /home/redi/ros2_ws/install/my_robot_interfaces/share/my_robot_interfaces/cmake/my_robot_interfaces__rosidl_generator_cppExport.cmake
[0.409s] -- Up-to-date: /home/redi/ros2_ws/install/my_robot_interfaces/share/my_robot_interfaces/cmake/my_robot_interfaces__rosidl_typesupport_introspection_cppExport.cmake
[0.409s] -- Up-to-date: /home/redi/ros2_ws/install/my_robot_interfaces/share/my_robot_interfaces/cmake/my_robot_interfaces__rosidl_typesupport_introspection_cppExport-noconfig.cmake
[0.409s] -- Up-to-date: /home/redi/ros2_ws/install/my_robot_interfaces/share/my_robot_interfaces/cmake/my_robot_interfaces__rosidl_typesupport_cppExport.cmake
[0.409s] -- Up-to-date: /home/redi/ros2_ws/install/my_robot_interfaces/share/my_robot_interfaces/cmake/my_robot_interfaces__rosidl_typesupport_cppExport-noconfig.cmake
[0.409s] -- Up-to-date: /home/redi/ros2_ws/install/my_robot_interfaces/share/my_robot_interfaces/cmake/rosidl_cmake-extras.cmake
[0.409s] -- Up-to-date: /home/redi/ros2_ws/install/my_robot_interfaces/share/my_robot_interfaces/cmake/ament_cmake_export_dependencies-extras.cmake
[0.409s] -- Up-to-date: /home/redi/ros2_ws/install/my_robot_interfaces/share/my_robot_interfaces/cmake/ament_cmake_export_libraries-extras.cmake
[0.409s] -- Up-to-date: /home/redi/ros2_ws/install/my_robot_interfaces/share/my_robot_interfaces/cmake/ament_cmake_export_targets-extras.cmake
[0.409s] -- Up-to-date: /home/redi/ros2_ws/install/my_robot_interfaces/share/my_robot_interfaces/cmake/ament_cmake_export_include_directories-extras.cmake
[0.409s] -- Up-to-date: /home/redi/ros2_ws/install/my_robot_interfaces/share/my_robot_interfaces/cmake/rosidl_cmake_export_typesupport_libraries-extras.cmake
[0.410s] -- Up-to-date: /home/redi/ros2_ws/install/my_robot_interfaces/share/my_robot_interfaces/cmake/rosidl_cmake_export_typesupport_targets-extras.cmake
[0.410s] -- Up-to-date: /home/redi/ros2_ws/install/my_robot_interfaces/share/my_robot_interfaces/cmake/my_robot_interfacesConfig.cmake
[0.410s] -- Up-to-date: /home/redi/ros2_ws/install/my_robot_interfaces/share/my_robot_interfaces/cmake/my_robot_interfacesConfig-version.cmake
[0.410s] -- Up-to-date: /home/redi/ros2_ws/install/my_robot_interfaces/share/my_robot_interfaces/package.xml
[0.412s] Invoked command in '/home/redi/ros2_ws/build/my_robot_interfaces' returned '0': CMAKE_PREFIX_PATH=${CMAKE_PREFIX_PATH}:/home/redi/ros2_ws/install/my_py_pkg:/opt/ros/foxy /usr/bin/cmake --install /home/redi/ros2_ws/build/my_robot_interfaces
