[ 10%] Built target turtle_catcher_interfaces__rosidl_generator_c
[ 12%] Built target turtle_catcher_interfaces__cpp
[ 23%] Built target turtle_catcher_interfaces__rosidl_typesupport_c
[ 34%] Built target turtle_catcher_interfaces__rosidl_typesupport_cpp
[ 51%] Built target turtle_catcher_interfaces__rosidl_typesupport_introspection_cpp
[ 55%] Built target turtle_catcher_interfaces__rosidl_typesupport_fastrtps_cpp
[ 65%] Built target turtle_catcher_interfaces__rosidl_typesupport_introspection_c
[ 76%] Built target turtle_catcher_interfaces__rosidl_typesupport_fastrtps_c
[ 76%] Built target turtle_catcher_interfaces
[ 78%] Built target turtle_catcher_interfaces__py
[ 87%] Built target turtle_catcher_interfaces__python
[ 95%] Built target turtle_catcher_interfaces__rosidl_typesupport_introspection_c__pyext
[ 95%] Built target turtle_catcher_interfaces__rosidl_typesupport_c__pyext
[100%] Built target turtle_catcher_interfaces__rosidl_typesupport_fastrtps_c__pyext
-- Install configuration: ""
-- Up-to-date: /home/redi/ros2_ws/install/turtle_catcher_interfaces/share/ament_index/resource_index/rosidl_interfaces/turtle_catcher_interfaces
-- Up-to-date: /home/redi/ros2_ws/install/turtle_catcher_interfaces/include/turtle_catcher_interfaces
-- Up-to-date: /home/redi/ros2_ws/install/turtle_catcher_interfaces/include/turtle_catcher_interfaces/msg
-- Up-to-date: /home/redi/ros2_ws/install/turtle_catcher_interfaces/include/turtle_catcher_interfaces/msg/detail
-- Up-to-date: /home/redi/ros2_ws/install/turtle_catcher_interfaces/include/turtle_catcher_interfaces/msg/detail/turtle__type_support.h
-- Up-to-date: /home/redi/ros2_ws/install/turtle_catcher_interfaces/include/turtle_catcher_interfaces/msg/detail/turtle__functions.h
-- Up-to-date: /home/redi/ros2_ws/install/turtle_catcher_interfaces/include/turtle_catcher_interfaces/msg/detail/alive_turtles__functions.h
-- Up-to-date: /home/redi/ros2_ws/install/turtle_catcher_interfaces/include/turtle_catcher_interfaces/msg/detail/alive_turtles__struct.h
-- Up-to-date: /home/redi/ros2_ws/install/turtle_catcher_interfaces/include/turtle_catcher_interfaces/msg/detail/turtle__struct.h
-- Up-to-date: /home/redi/ros2_ws/install/turtle_catcher_interfaces/include/turtle_catcher_interfaces/msg/detail/alive_turtles__type_support.h
-- Up-to-date: /home/redi/ros2_ws/install/turtle_catcher_interfaces/include/turtle_catcher_interfaces/msg/detail/alive_turtles__functions.c
-- Up-to-date: /home/redi/ros2_ws/install/turtle_catcher_interfaces/include/turtle_catcher_interfaces/msg/detail/turtle__functions.c
-- Up-to-date: /home/redi/ros2_ws/install/turtle_catcher_interfaces/include/turtle_catcher_interfaces/msg/rosidl_generator_c__visibility_control.h
-- Up-to-date: /home/redi/ros2_ws/install/turtle_catcher_interfaces/include/turtle_catcher_interfaces/msg/turtle.h
-- Up-to-date: /home/redi/ros2_ws/install/turtle_catcher_interfaces/include/turtle_catcher_interfaces/msg/alive_turtles.h
-- Up-to-date: /home/redi/ros2_ws/install/turtle_catcher_interfaces/include/turtle_catcher_interfaces/srv
-- Up-to-date: /home/redi/ros2_ws/install/turtle_catcher_interfaces/include/turtle_catcher_interfaces/srv/detail
-- Up-to-date: /home/redi/ros2_ws/install/turtle_catcher_interfaces/include/turtle_catcher_interfaces/srv/detail/catch_turtle__functions.c
-- Up-to-date: /home/redi/ros2_ws/install/turtle_catcher_interfaces/include/turtle_catcher_interfaces/srv/detail/catch_turtle__struct.h
-- Up-to-date: /home/redi/ros2_ws/install/turtle_catcher_interfaces/include/turtle_catcher_interfaces/srv/detail/catch_turtle__type_support.h
-- Up-to-date: /home/redi/ros2_ws/install/turtle_catcher_interfaces/include/turtle_catcher_interfaces/srv/detail/catch_turtle__functions.h
-- Up-to-date: /home/redi/ros2_ws/install/turtle_catcher_interfaces/include/turtle_catcher_interfaces/srv/catch_turtle.h
-- Up-to-date: /home/redi/ros2_ws/install/turtle_catcher_interfaces/share/turtle_catcher_interfaces/environment/library_path.sh
-- Up-to-date: /home/redi/ros2_ws/install/turtle_catcher_interfaces/share/turtle_catcher_interfaces/environment/library_path.dsv
-- Up-to-date: /home/redi/ros2_ws/install/turtle_catcher_interfaces/lib/libturtle_catcher_interfaces__rosidl_generator_c.so
-- Up-to-date: /home/redi/ros2_ws/install/turtle_catcher_interfaces/include/turtle_catcher_interfaces
-- Up-to-date: /home/redi/ros2_ws/install/turtle_catcher_interfaces/include/turtle_catcher_interfaces/msg
-- Up-to-date: /home/redi/ros2_ws/install/turtle_catcher_interfaces/include/turtle_catcher_interfaces/msg/detail
-- Up-to-date: /home/redi/ros2_ws/install/turtle_catcher_interfaces/include/turtle_catcher_interfaces/msg/detail/alive_turtles__rosidl_typesupport_fastrtps_c.h
-- Up-to-date: /home/redi/ros2_ws/install/turtle_catcher_interfaces/include/turtle_catcher_interfaces/msg/detail/turtle__rosidl_typesupport_fastrtps_c.h
-- Up-to-date: /home/redi/ros2_ws/install/turtle_catcher_interfaces/include/turtle_catcher_interfaces/msg/rosidl_typesupport_fastrtps_c__visibility_control.h
-- Up-to-date: /home/redi/ros2_ws/install/turtle_catcher_interfaces/include/turtle_catcher_interfaces/srv
-- Up-to-date: /home/redi/ros2_ws/install/turtle_catcher_interfaces/include/turtle_catcher_interfaces/srv/detail
-- Up-to-date: /home/redi/ros2_ws/install/turtle_catcher_interfaces/include/turtle_catcher_interfaces/srv/detail/catch_turtle__rosidl_typesupport_fastrtps_c.h
-- Up-to-date: /home/redi/ros2_ws/install/turtle_catcher_interfaces/lib/libturtle_catcher_interfaces__rosidl_typesupport_fastrtps_c.so
-- Up-to-date: /home/redi/ros2_ws/install/turtle_catcher_interfaces/include/turtle_catcher_interfaces
-- Up-to-date: /home/redi/ros2_ws/install/turtle_catcher_interfaces/include/turtle_catcher_interfaces/msg
-- Up-to-date: /home/redi/ros2_ws/install/turtle_catcher_interfaces/include/turtle_catcher_interfaces/msg/rosidl_typesupport_fastrtps_cpp__visibility_control.h
-- Up-to-date: /home/redi/ros2_ws/install/turtle_catcher_interfaces/include/turtle_catcher_interfaces/msg/detail
-- Up-to-date: /home/redi/ros2_ws/install/turtle_catcher_interfaces/include/turtle_catcher_interfaces/msg/detail/dds_fastrtps
-- Up-to-date: /home/redi/ros2_ws/install/turtle_catcher_interfaces/include/turtle_catcher_interfaces/msg/detail/turtle__rosidl_typesupport_fastrtps_cpp.hpp
-- Up-to-date: /home/redi/ros2_ws/install/turtle_catcher_interfaces/include/turtle_catcher_interfaces/msg/detail/alive_turtles__rosidl_typesupport_fastrtps_cpp.hpp
-- Up-to-date: /home/redi/ros2_ws/install/turtle_catcher_interfaces/include/turtle_catcher_interfaces/srv
-- Up-to-date: /home/redi/ros2_ws/install/turtle_catcher_interfaces/include/turtle_catcher_interfaces/srv/detail
-- Up-to-date: /home/redi/ros2_ws/install/turtle_catcher_interfaces/include/turtle_catcher_interfaces/srv/detail/dds_fastrtps
-- Up-to-date: /home/redi/ros2_ws/install/turtle_catcher_interfaces/include/turtle_catcher_interfaces/srv/detail/catch_turtle__rosidl_typesupport_fastrtps_cpp.hpp
-- Up-to-date: /home/redi/ros2_ws/install/turtle_catcher_interfaces/lib/libturtle_catcher_interfaces__rosidl_typesupport_fastrtps_cpp.so
-- Up-to-date: /home/redi/ros2_ws/install/turtle_catcher_interfaces/include/turtle_catcher_interfaces
-- Up-to-date: /home/redi/ros2_ws/install/turtle_catcher_interfaces/include/turtle_catcher_interfaces/msg
-- Up-to-date: /home/redi/ros2_ws/install/turtle_catcher_interfaces/include/turtle_catcher_interfaces/msg/detail
-- Up-to-date: /home/redi/ros2_ws/install/turtle_catcher_interfaces/include/turtle_catcher_interfaces/msg/detail/alive_turtles__rosidl_typesupport_introspection_c.h
-- Up-to-date: /home/redi/ros2_ws/install/turtle_catcher_interfaces/include/turtle_catcher_interfaces/msg/detail/alive_turtles__type_support.c
-- Up-to-date: /home/redi/ros2_ws/install/turtle_catcher_interfaces/include/turtle_catcher_interfaces/msg/detail/turtle__rosidl_typesupport_introspection_c.h
-- Up-to-date: /home/redi/ros2_ws/install/turtle_catcher_interfaces/include/turtle_catcher_interfaces/msg/detail/turtle__type_support.c
-- Up-to-date: /home/redi/ros2_ws/install/turtle_catcher_interfaces/include/turtle_catcher_interfaces/msg/rosidl_typesupport_introspection_c__visibility_control.h
-- Up-to-date: /home/redi/ros2_ws/install/turtle_catcher_interfaces/include/turtle_catcher_interfaces/srv
-- Up-to-date: /home/redi/ros2_ws/install/turtle_catcher_interfaces/include/turtle_catcher_interfaces/srv/detail
-- Up-to-date: /home/redi/ros2_ws/install/turtle_catcher_interfaces/include/turtle_catcher_interfaces/srv/detail/catch_turtle__rosidl_typesupport_introspection_c.h
-- Up-to-date: /home/redi/ros2_ws/install/turtle_catcher_interfaces/include/turtle_catcher_interfaces/srv/detail/catch_turtle__type_support.c
-- Up-to-date: /home/redi/ros2_ws/install/turtle_catcher_interfaces/lib/libturtle_catcher_interfaces__rosidl_typesupport_introspection_c.so
-- Up-to-date: /home/redi/ros2_ws/install/turtle_catcher_interfaces/lib/libturtle_catcher_interfaces__rosidl_typesupport_c.so
-- Up-to-date: /home/redi/ros2_ws/install/turtle_catcher_interfaces/include/turtle_catcher_interfaces
-- Up-to-date: /home/redi/ros2_ws/install/turtle_catcher_interfaces/include/turtle_catcher_interfaces/msg
-- Up-to-date: /home/redi/ros2_ws/install/turtle_catcher_interfaces/include/turtle_catcher_interfaces/msg/alive_turtles.hpp
-- Up-to-date: /home/redi/ros2_ws/install/turtle_catcher_interfaces/include/turtle_catcher_interfaces/msg/detail
-- Up-to-date: /home/redi/ros2_ws/install/turtle_catcher_interfaces/include/turtle_catcher_interfaces/msg/detail/turtle__traits.hpp
-- Up-to-date: /home/redi/ros2_ws/install/turtle_catcher_interfaces/include/turtle_catcher_interfaces/msg/detail/alive_turtles__builder.hpp
-- Up-to-date: /home/redi/ros2_ws/install/turtle_catcher_interfaces/include/turtle_catcher_interfaces/msg/detail/alive_turtles__traits.hpp
-- Up-to-date: /home/redi/ros2_ws/install/turtle_catcher_interfaces/include/turtle_catcher_interfaces/msg/detail/turtle__struct.hpp
-- Up-to-date: /home/redi/ros2_ws/install/turtle_catcher_interfaces/include/turtle_catcher_interfaces/msg/detail/turtle__builder.hpp
-- Up-to-date: /home/redi/ros2_ws/install/turtle_catcher_interfaces/include/turtle_catcher_interfaces/msg/detail/alive_turtles__struct.hpp
-- Up-to-date: /home/redi/ros2_ws/install/turtle_catcher_interfaces/include/turtle_catcher_interfaces/msg/turtle.hpp
-- Up-to-date: /home/redi/ros2_ws/install/turtle_catcher_interfaces/include/turtle_catcher_interfaces/srv
-- Up-to-date: /home/redi/ros2_ws/install/turtle_catcher_interfaces/include/turtle_catcher_interfaces/srv/catch_turtle.hpp
-- Up-to-date: /home/redi/ros2_ws/install/turtle_catcher_interfaces/include/turtle_catcher_interfaces/srv/detail
-- Up-to-date: /home/redi/ros2_ws/install/turtle_catcher_interfaces/include/turtle_catcher_interfaces/srv/detail/catch_turtle__builder.hpp
-- Up-to-date: /home/redi/ros2_ws/install/turtle_catcher_interfaces/include/turtle_catcher_interfaces/srv/detail/catch_turtle__traits.hpp
-- Up-to-date: /home/redi/ros2_ws/install/turtle_catcher_interfaces/include/turtle_catcher_interfaces/srv/detail/catch_turtle__struct.hpp
-- Up-to-date: /home/redi/ros2_ws/install/turtle_catcher_interfaces/include/turtle_catcher_interfaces
-- Up-to-date: /home/redi/ros2_ws/install/turtle_catcher_interfaces/include/turtle_catcher_interfaces/msg
-- Up-to-date: /home/redi/ros2_ws/install/turtle_catcher_interfaces/include/turtle_catcher_interfaces/msg/detail
-- Up-to-date: /home/redi/ros2_ws/install/turtle_catcher_interfaces/include/turtle_catcher_interfaces/msg/detail/alive_turtles__type_support.cpp
-- Up-to-date: /home/redi/ros2_ws/install/turtle_catcher_interfaces/include/turtle_catcher_interfaces/msg/detail/alive_turtles__rosidl_typesupport_introspection_cpp.hpp
-- Up-to-date: /home/redi/ros2_ws/install/turtle_catcher_interfaces/include/turtle_catcher_interfaces/msg/detail/turtle__type_support.cpp
-- Up-to-date: /home/redi/ros2_ws/install/turtle_catcher_interfaces/include/turtle_catcher_interfaces/msg/detail/turtle__rosidl_typesupport_introspection_cpp.hpp
-- Up-to-date: /home/redi/ros2_ws/install/turtle_catcher_interfaces/include/turtle_catcher_interfaces/srv
-- Up-to-date: /home/redi/ros2_ws/install/turtle_catcher_interfaces/include/turtle_catcher_interfaces/srv/detail
-- Up-to-date: /home/redi/ros2_ws/install/turtle_catcher_interfaces/include/turtle_catcher_interfaces/srv/detail/catch_turtle__type_support.cpp
-- Up-to-date: /home/redi/ros2_ws/install/turtle_catcher_interfaces/include/turtle_catcher_interfaces/srv/detail/catch_turtle__rosidl_typesupport_introspection_cpp.hpp
-- Up-to-date: /home/redi/ros2_ws/install/turtle_catcher_interfaces/lib/libturtle_catcher_interfaces__rosidl_typesupport_introspection_cpp.so
-- Up-to-date: /home/redi/ros2_ws/install/turtle_catcher_interfaces/lib/libturtle_catcher_interfaces__rosidl_typesupport_cpp.so
-- Up-to-date: /home/redi/ros2_ws/install/turtle_catcher_interfaces/share/turtle_catcher_interfaces/environment/pythonpath.sh
-- Up-to-date: /home/redi/ros2_ws/install/turtle_catcher_interfaces/share/turtle_catcher_interfaces/environment/pythonpath.dsv
-- Up-to-date: /home/redi/ros2_ws/install/turtle_catcher_interfaces/lib/python3.8/site-packages/turtle_catcher_interfaces/__init__.py
-- Up-to-date: /home/redi/ros2_ws/install/turtle_catcher_interfaces/lib/python3.8/site-packages/turtle_catcher_interfaces/msg
-- Up-to-date: /home/redi/ros2_ws/install/turtle_catcher_interfaces/lib/python3.8/site-packages/turtle_catcher_interfaces/msg/__init__.py
-- Up-to-date: /home/redi/ros2_ws/install/turtle_catcher_interfaces/lib/python3.8/site-packages/turtle_catcher_interfaces/msg/_turtle.py
-- Up-to-date: /home/redi/ros2_ws/install/turtle_catcher_interfaces/lib/python3.8/site-packages/turtle_catcher_interfaces/msg/_alive_turtles_s.c
-- Up-to-date: /home/redi/ros2_ws/install/turtle_catcher_interfaces/lib/python3.8/site-packages/turtle_catcher_interfaces/msg/_alive_turtles.py
-- Up-to-date: /home/redi/ros2_ws/install/turtle_catcher_interfaces/lib/python3.8/site-packages/turtle_catcher_interfaces/msg/_turtle_s.c
-- Up-to-date: /home/redi/ros2_ws/install/turtle_catcher_interfaces/lib/python3.8/site-packages/turtle_catcher_interfaces/srv
-- Up-to-date: /home/redi/ros2_ws/install/turtle_catcher_interfaces/lib/python3.8/site-packages/turtle_catcher_interfaces/srv/__init__.py
-- Up-to-date: /home/redi/ros2_ws/install/turtle_catcher_interfaces/lib/python3.8/site-packages/turtle_catcher_interfaces/srv/_catch_turtle_s.c
-- Up-to-date: /home/redi/ros2_ws/install/turtle_catcher_interfaces/lib/python3.8/site-packages/turtle_catcher_interfaces/srv/_catch_turtle.py
-- Up-to-date: /home/redi/ros2_ws/install/turtle_catcher_interfaces/lib/python3.8/site-packages/turtle_catcher_interfaces/turtle_catcher_interfaces_s__rosidl_typesupport_fastrtps_c.cpython-38-x86_64-linux-gnu.so
-- Up-to-date: /home/redi/ros2_ws/install/turtle_catcher_interfaces/lib/python3.8/site-packages/turtle_catcher_interfaces/turtle_catcher_interfaces_s__rosidl_typesupport_introspection_c.cpython-38-x86_64-linux-gnu.so
-- Up-to-date: /home/redi/ros2_ws/install/turtle_catcher_interfaces/lib/python3.8/site-packages/turtle_catcher_interfaces/turtle_catcher_interfaces_s__rosidl_typesupport_c.cpython-38-x86_64-linux-gnu.so
-- Up-to-date: /home/redi/ros2_ws/install/turtle_catcher_interfaces/lib/libturtle_catcher_interfaces__python.so
-- Up-to-date: /home/redi/ros2_ws/install/turtle_catcher_interfaces/share/turtle_catcher_interfaces/msg/Turtle.idl
-- Up-to-date: /home/redi/ros2_ws/install/turtle_catcher_interfaces/share/turtle_catcher_interfaces/msg/AliveTurtles.idl
-- Up-to-date: /home/redi/ros2_ws/install/turtle_catcher_interfaces/share/turtle_catcher_interfaces/srv/CatchTurtle.idl
-- Up-to-date: /home/redi/ros2_ws/install/turtle_catcher_interfaces/share/turtle_catcher_interfaces/msg/Turtle.msg
-- Up-to-date: /home/redi/ros2_ws/install/turtle_catcher_interfaces/share/turtle_catcher_interfaces/msg/AliveTurtles.msg
-- Up-to-date: /home/redi/ros2_ws/install/turtle_catcher_interfaces/share/turtle_catcher_interfaces/srv/CatchTurtle.srv
-- Up-to-date: /home/redi/ros2_ws/install/turtle_catcher_interfaces/share/turtle_catcher_interfaces/srv/CatchTurtle_Request.msg
-- Up-to-date: /home/redi/ros2_ws/install/turtle_catcher_interfaces/share/turtle_catcher_interfaces/srv/CatchTurtle_Response.msg
-- Up-to-date: /home/redi/ros2_ws/install/turtle_catcher_interfaces/share/ament_index/resource_index/package_run_dependencies/turtle_catcher_interfaces
-- Up-to-date: /home/redi/ros2_ws/install/turtle_catcher_interfaces/share/ament_index/resource_index/parent_prefix_path/turtle_catcher_interfaces
-- Up-to-date: /home/redi/ros2_ws/install/turtle_catcher_interfaces/share/turtle_catcher_interfaces/environment/ament_prefix_path.sh
-- Up-to-date: /home/redi/ros2_ws/install/turtle_catcher_interfaces/share/turtle_catcher_interfaces/environment/ament_prefix_path.dsv
-- Up-to-date: /home/redi/ros2_ws/install/turtle_catcher_interfaces/share/turtle_catcher_interfaces/environment/path.sh
-- Up-to-date: /home/redi/ros2_ws/install/turtle_catcher_interfaces/share/turtle_catcher_interfaces/environment/path.dsv
-- Up-to-date: /home/redi/ros2_ws/install/turtle_catcher_interfaces/share/turtle_catcher_interfaces/local_setup.bash
-- Up-to-date: /home/redi/ros2_ws/install/turtle_catcher_interfaces/share/turtle_catcher_interfaces/local_setup.sh
-- Up-to-date: /home/redi/ros2_ws/install/turtle_catcher_interfaces/share/turtle_catcher_interfaces/local_setup.zsh
-- Up-to-date: /home/redi/ros2_ws/install/turtle_catcher_interfaces/share/turtle_catcher_interfaces/local_setup.dsv
-- Installing: /home/redi/ros2_ws/install/turtle_catcher_interfaces/share/turtle_catcher_interfaces/package.dsv
-- Up-to-date: /home/redi/ros2_ws/install/turtle_catcher_interfaces/share/ament_index/resource_index/packages/turtle_catcher_interfaces
-- Up-to-date: /home/redi/ros2_ws/install/turtle_catcher_interfaces/share/turtle_catcher_interfaces/cmake/turtle_catcher_interfaces__rosidl_generator_cExport.cmake
-- Up-to-date: /home/redi/ros2_ws/install/turtle_catcher_interfaces/share/turtle_catcher_interfaces/cmake/turtle_catcher_interfaces__rosidl_generator_cExport-noconfig.cmake
-- Up-to-date: /home/redi/ros2_ws/install/turtle_catcher_interfaces/share/turtle_catcher_interfaces/cmake/turtle_catcher_interfaces__rosidl_typesupport_introspection_cExport.cmake
-- Up-to-date: /home/redi/ros2_ws/install/turtle_catcher_interfaces/share/turtle_catcher_interfaces/cmake/turtle_catcher_interfaces__rosidl_typesupport_introspection_cExport-noconfig.cmake
-- Up-to-date: /home/redi/ros2_ws/install/turtle_catcher_interfaces/share/turtle_catcher_interfaces/cmake/turtle_catcher_interfaces__rosidl_typesupport_cExport.cmake
-- Up-to-date: /home/redi/ros2_ws/install/turtle_catcher_interfaces/share/turtle_catcher_interfaces/cmake/turtle_catcher_interfaces__rosidl_typesupport_cExport-noconfig.cmake
-- Up-to-date: /home/redi/ros2_ws/install/turtle_catcher_interfaces/share/turtle_catcher_interfaces/cmake/turtle_catcher_interfaces__rosidl_generator_cppExport.cmake
-- Up-to-date: /home/redi/ros2_ws/install/turtle_catcher_interfaces/share/turtle_catcher_interfaces/cmake/turtle_catcher_interfaces__rosidl_typesupport_introspection_cppExport.cmake
-- Up-to-date: /home/redi/ros2_ws/install/turtle_catcher_interfaces/share/turtle_catcher_interfaces/cmake/turtle_catcher_interfaces__rosidl_typesupport_introspection_cppExport-noconfig.cmake
-- Up-to-date: /home/redi/ros2_ws/install/turtle_catcher_interfaces/share/turtle_catcher_interfaces/cmake/turtle_catcher_interfaces__rosidl_typesupport_cppExport.cmake
-- Up-to-date: /home/redi/ros2_ws/install/turtle_catcher_interfaces/share/turtle_catcher_interfaces/cmake/turtle_catcher_interfaces__rosidl_typesupport_cppExport-noconfig.cmake
-- Up-to-date: /home/redi/ros2_ws/install/turtle_catcher_interfaces/share/turtle_catcher_interfaces/cmake/rosidl_cmake-extras.cmake
-- Up-to-date: /home/redi/ros2_ws/install/turtle_catcher_interfaces/share/turtle_catcher_interfaces/cmake/ament_cmake_export_dependencies-extras.cmake
-- Up-to-date: /home/redi/ros2_ws/install/turtle_catcher_interfaces/share/turtle_catcher_interfaces/cmake/ament_cmake_export_libraries-extras.cmake
-- Up-to-date: /home/redi/ros2_ws/install/turtle_catcher_interfaces/share/turtle_catcher_interfaces/cmake/ament_cmake_export_targets-extras.cmake
-- Up-to-date: /home/redi/ros2_ws/install/turtle_catcher_interfaces/share/turtle_catcher_interfaces/cmake/ament_cmake_export_include_directories-extras.cmake
-- Up-to-date: /home/redi/ros2_ws/install/turtle_catcher_interfaces/share/turtle_catcher_interfaces/cmake/rosidl_cmake_export_typesupport_libraries-extras.cmake
-- Up-to-date: /home/redi/ros2_ws/install/turtle_catcher_interfaces/share/turtle_catcher_interfaces/cmake/rosidl_cmake_export_typesupport_targets-extras.cmake
-- Up-to-date: /home/redi/ros2_ws/install/turtle_catcher_interfaces/share/turtle_catcher_interfaces/cmake/turtle_catcher_interfacesConfig.cmake
-- Up-to-date: /home/redi/ros2_ws/install/turtle_catcher_interfaces/share/turtle_catcher_interfaces/cmake/turtle_catcher_interfacesConfig-version.cmake
-- Up-to-date: /home/redi/ros2_ws/install/turtle_catcher_interfaces/share/turtle_catcher_interfaces/package.xml
