[0.021s] Invoking command in '/home/redi/ros2_ws/build/turtle_catcher_interfaces': CMAKE_PREFIX_PATH=${CMAKE_PREFIX_PATH}:/home/redi/ros2_ws/install/my_py_pkg:/opt/ros/foxy /usr/bin/cmake --build /home/redi/ros2_ws/build/turtle_catcher_interfaces -- -j8 -l8
[0.116s] [ 10%] Built target turtle_catcher_interfaces__rosidl_generator_c
[0.117s] [ 12%] Built target turtle_catcher_interfaces__cpp
[0.157s] [ 23%] Built target turtle_catcher_interfaces__rosidl_typesupport_c
[0.159s] [ 34%] Built target turtle_catcher_interfaces__rosidl_typesupport_cpp
[0.163s] [ 51%] Built target turtle_catcher_interfaces__rosidl_typesupport_introspection_cpp
[0.164s] [ 55%] Built target turtle_catcher_interfaces__rosidl_typesupport_fastrtps_cpp
[0.169s] [ 65%] Built target turtle_catcher_interfaces__rosidl_typesupport_introspection_c
[0.209s] [ 76%] Built target turtle_catcher_interfaces__rosidl_typesupport_fastrtps_c
[0.244s] [ 76%] Built target turtle_catcher_interfaces
[0.280s] [ 78%] Built target turtle_catcher_interfaces__py
[0.327s] [ 87%] Built target turtle_catcher_interfaces__python
[0.372s] [ 95%] Built target turtle_catcher_interfaces__rosidl_typesupport_introspection_c__pyext
[0.373s] [ 95%] Built target turtle_catcher_interfaces__rosidl_typesupport_c__pyext
[0.373s] [100%] Built target turtle_catcher_interfaces__rosidl_typesupport_fastrtps_c__pyext
[0.393s] Invoked command in '/home/redi/ros2_ws/build/turtle_catcher_interfaces' returned '0': CMAKE_PREFIX_PATH=${CMAKE_PREFIX_PATH}:/home/redi/ros2_ws/install/my_py_pkg:/opt/ros/foxy /usr/bin/cmake --build /home/redi/ros2_ws/build/turtle_catcher_interfaces -- -j8 -l8
[0.543s] Invoking command in '/home/redi/ros2_ws/build/turtle_catcher_interfaces': CMAKE_PREFIX_PATH=${CMAKE_PREFIX_PATH}:/home/redi/ros2_ws/install/my_py_pkg:/opt/ros/foxy /usr/bin/cmake --install /home/redi/ros2_ws/build/turtle_catcher_interfaces
[0.559s] -- Install configuration: ""
[0.560s] -- Up-to-date: /home/redi/ros2_ws/install/turtle_catcher_interfaces/share/ament_index/resource_index/rosidl_interfaces/turtle_catcher_interfaces
[0.560s] -- Up-to-date: /home/redi/ros2_ws/install/turtle_catcher_interfaces/include/turtle_catcher_interfaces
[0.560s] -- Up-to-date: /home/redi/ros2_ws/install/turtle_catcher_interfaces/include/turtle_catcher_interfaces/msg
[0.560s] -- Up-to-date: /home/redi/ros2_ws/install/turtle_catcher_interfaces/include/turtle_catcher_interfaces/msg/detail
[0.560s] -- Up-to-date: /home/redi/ros2_ws/install/turtle_catcher_interfaces/include/turtle_catcher_interfaces/msg/detail/turtle__type_support.h
[0.560s] -- Up-to-date: /home/redi/ros2_ws/install/turtle_catcher_interfaces/include/turtle_catcher_interfaces/msg/detail/turtle__functions.h
[0.561s] -- Up-to-date: /home/redi/ros2_ws/install/turtle_catcher_interfaces/include/turtle_catcher_interfaces/msg/detail/alive_turtles__functions.h
[0.561s] -- Up-to-date: /home/redi/ros2_ws/install/turtle_catcher_interfaces/include/turtle_catcher_interfaces/msg/detail/alive_turtles__struct.h
[0.561s] -- Up-to-date: /home/redi/ros2_ws/install/turtle_catcher_interfaces/include/turtle_catcher_interfaces/msg/detail/turtle__struct.h
[0.561s] -- Up-to-date: /home/redi/ros2_ws/install/turtle_catcher_interfaces/include/turtle_catcher_interfaces/msg/detail/alive_turtles__type_support.h
[0.561s] -- Up-to-date: /home/redi/ros2_ws/install/turtle_catcher_interfaces/include/turtle_catcher_interfaces/msg/detail/alive_turtles__functions.c
[0.561s] -- Up-to-date: /home/redi/ros2_ws/install/turtle_catcher_interfaces/include/turtle_catcher_interfaces/msg/detail/turtle__functions.c
[0.562s] -- Up-to-date: /home/redi/ros2_ws/install/turtle_catcher_interfaces/include/turtle_catcher_interfaces/msg/rosidl_generator_c__visibility_control.h
[0.562s] -- Up-to-date: /home/redi/ros2_ws/install/turtle_catcher_interfaces/include/turtle_catcher_interfaces/msg/turtle.h
[0.562s] -- Up-to-date: /home/redi/ros2_ws/install/turtle_catcher_interfaces/include/turtle_catcher_interfaces/msg/alive_turtles.h
[0.562s] -- Up-to-date: /home/redi/ros2_ws/install/turtle_catcher_interfaces/include/turtle_catcher_interfaces/srv
[0.562s] -- Up-to-date: /home/redi/ros2_ws/install/turtle_catcher_interfaces/include/turtle_catcher_interfaces/srv/detail
[0.562s] -- Up-to-date: /home/redi/ros2_ws/install/turtle_catcher_interfaces/include/turtle_catcher_interfaces/srv/detail/catch_turtle__functions.c
[0.562s] -- Up-to-date: /home/redi/ros2_ws/install/turtle_catcher_interfaces/include/turtle_catcher_interfaces/srv/detail/catch_turtle__struct.h
[0.563s] -- Up-to-date: /home/redi/ros2_ws/install/turtle_catcher_interfaces/include/turtle_catcher_interfaces/srv/detail/catch_turtle__type_support.h
[0.563s] -- Up-to-date: /home/redi/ros2_ws/install/turtle_catcher_interfaces/include/turtle_catcher_interfaces/srv/detail/catch_turtle__functions.h
[0.563s] -- Up-to-date: /home/redi/ros2_ws/install/turtle_catcher_interfaces/include/turtle_catcher_interfaces/srv/catch_turtle.h
[0.563s] -- Up-to-date: /home/redi/ros2_ws/install/turtle_catcher_interfaces/share/turtle_catcher_interfaces/environment/library_path.sh
[0.563s] -- Up-to-date: /home/redi/ros2_ws/install/turtle_catcher_interfaces/share/turtle_catcher_interfaces/environment/library_path.dsv
[0.563s] -- Up-to-date: /home/redi/ros2_ws/install/turtle_catcher_interfaces/lib/libturtle_catcher_interfaces__rosidl_generator_c.so
[0.563s] -- Up-to-date: /home/redi/ros2_ws/install/turtle_catcher_interfaces/include/turtle_catcher_interfaces
[0.564s] -- Up-to-date: /home/redi/ros2_ws/install/turtle_catcher_interfaces/include/turtle_catcher_interfaces/msg
[0.564s] -- Up-to-date: /home/redi/ros2_ws/install/turtle_catcher_interfaces/include/turtle_catcher_interfaces/msg/detail
[0.564s] -- Up-to-date: /home/redi/ros2_ws/install/turtle_catcher_interfaces/include/turtle_catcher_interfaces/msg/detail/alive_turtles__rosidl_typesupport_fastrtps_c.h
[0.564s] -- Up-to-date: /home/redi/ros2_ws/install/turtle_catcher_interfaces/include/turtle_catcher_interfaces/msg/detail/turtle__rosidl_typesupport_fastrtps_c.h
[0.564s] -- Up-to-date: /home/redi/ros2_ws/install/turtle_catcher_interfaces/include/turtle_catcher_interfaces/msg/rosidl_typesupport_fastrtps_c__visibility_control.h
[0.564s] -- Up-to-date: /home/redi/ros2_ws/install/turtle_catcher_interfaces/include/turtle_catcher_interfaces/srv
[0.565s] -- Up-to-date: /home/redi/ros2_ws/install/turtle_catcher_interfaces/include/turtle_catcher_interfaces/srv/detail
[0.565s] -- Up-to-date: /home/redi/ros2_ws/install/turtle_catcher_interfaces/include/turtle_catcher_interfaces/srv/detail/catch_turtle__rosidl_typesupport_fastrtps_c.h
[0.565s] -- Up-to-date: /home/redi/ros2_ws/install/turtle_catcher_interfaces/lib/libturtle_catcher_interfaces__rosidl_typesupport_fastrtps_c.so
[0.565s] -- Up-to-date: /home/redi/ros2_ws/install/turtle_catcher_interfaces/include/turtle_catcher_interfaces
[0.565s] -- Up-to-date: /home/redi/ros2_ws/install/turtle_catcher_interfaces/include/turtle_catcher_interfaces/msg
[0.565s] -- Up-to-date: /home/redi/ros2_ws/install/turtle_catcher_interfaces/include/turtle_catcher_interfaces/msg/rosidl_typesupport_fastrtps_cpp__visibility_control.h
[0.565s] -- Up-to-date: /home/redi/ros2_ws/install/turtle_catcher_interfaces/include/turtle_catcher_interfaces/msg/detail
[0.565s] -- Up-to-date: /home/redi/ros2_ws/install/turtle_catcher_interfaces/include/turtle_catcher_interfaces/msg/detail/dds_fastrtps
[0.566s] -- Up-to-date: /home/redi/ros2_ws/install/turtle_catcher_interfaces/include/turtle_catcher_interfaces/msg/detail/turtle__rosidl_typesupport_fastrtps_cpp.hpp
[0.566s] -- Up-to-date: /home/redi/ros2_ws/install/turtle_catcher_interfaces/include/turtle_catcher_interfaces/msg/detail/alive_turtles__rosidl_typesupport_fastrtps_cpp.hpp
[0.566s] -- Up-to-date: /home/redi/ros2_ws/install/turtle_catcher_interfaces/include/turtle_catcher_interfaces/srv
[0.566s] -- Up-to-date: /home/redi/ros2_ws/install/turtle_catcher_interfaces/include/turtle_catcher_interfaces/srv/detail
[0.566s] -- Up-to-date: /home/redi/ros2_ws/install/turtle_catcher_interfaces/include/turtle_catcher_interfaces/srv/detail/dds_fastrtps
[0.567s] -- Up-to-date: /home/redi/ros2_ws/install/turtle_catcher_interfaces/include/turtle_catcher_interfaces/srv/detail/catch_turtle__rosidl_typesupport_fastrtps_cpp.hpp
[0.567s] -- Up-to-date: /home/redi/ros2_ws/install/turtle_catcher_interfaces/lib/libturtle_catcher_interfaces__rosidl_typesupport_fastrtps_cpp.so
[0.567s] -- Up-to-date: /home/redi/ros2_ws/install/turtle_catcher_interfaces/include/turtle_catcher_interfaces
[0.567s] -- Up-to-date: /home/redi/ros2_ws/install/turtle_catcher_interfaces/include/turtle_catcher_interfaces/msg
[0.567s] -- Up-to-date: /home/redi/ros2_ws/install/turtle_catcher_interfaces/include/turtle_catcher_interfaces/msg/detail
[0.567s] -- Up-to-date: /home/redi/ros2_ws/install/turtle_catcher_interfaces/include/turtle_catcher_interfaces/msg/detail/alive_turtles__rosidl_typesupport_introspection_c.h
[0.568s] -- Up-to-date: /home/redi/ros2_ws/install/turtle_catcher_interfaces/include/turtle_catcher_interfaces/msg/detail/alive_turtles__type_support.c
[0.568s] -- Up-to-date: /home/redi/ros2_ws/install/turtle_catcher_interfaces/include/turtle_catcher_interfaces/msg/detail/turtle__rosidl_typesupport_introspection_c.h
[0.568s] -- Up-to-date: /home/redi/ros2_ws/install/turtle_catcher_interfaces/include/turtle_catcher_interfaces/msg/detail/turtle__type_support.c
[0.568s] -- Up-to-date: /home/redi/ros2_ws/install/turtle_catcher_interfaces/include/turtle_catcher_interfaces/msg/rosidl_typesupport_introspection_c__visibility_control.h
[0.568s] -- Up-to-date: /home/redi/ros2_ws/install/turtle_catcher_interfaces/include/turtle_catcher_interfaces/srv
[0.568s] -- Up-to-date: /home/redi/ros2_ws/install/turtle_catcher_interfaces/include/turtle_catcher_interfaces/srv/detail
[0.568s] -- Up-to-date: /home/redi/ros2_ws/install/turtle_catcher_interfaces/include/turtle_catcher_interfaces/srv/detail/catch_turtle__rosidl_typesupport_introspection_c.h
[0.568s] -- Up-to-date: /home/redi/ros2_ws/install/turtle_catcher_interfaces/include/turtle_catcher_interfaces/srv/detail/catch_turtle__type_support.c
[0.568s] -- Up-to-date: /home/redi/ros2_ws/install/turtle_catcher_interfaces/lib/libturtle_catcher_interfaces__rosidl_typesupport_introspection_c.so
[0.569s] -- Up-to-date: /home/redi/ros2_ws/install/turtle_catcher_interfaces/lib/libturtle_catcher_interfaces__rosidl_typesupport_c.so
[0.569s] -- Up-to-date: /home/redi/ros2_ws/install/turtle_catcher_interfaces/include/turtle_catcher_interfaces
[0.569s] -- Up-to-date: /home/redi/ros2_ws/install/turtle_catcher_interfaces/include/turtle_catcher_interfaces/msg
[0.569s] -- Up-to-date: /home/redi/ros2_ws/install/turtle_catcher_interfaces/include/turtle_catcher_interfaces/msg/alive_turtles.hpp
[0.569s] -- Up-to-date: /home/redi/ros2_ws/install/turtle_catcher_interfaces/include/turtle_catcher_interfaces/msg/detail
[0.569s] -- Up-to-date: /home/redi/ros2_ws/install/turtle_catcher_interfaces/include/turtle_catcher_interfaces/msg/detail/turtle__traits.hpp
[0.569s] -- Up-to-date: /home/redi/ros2_ws/install/turtle_catcher_interfaces/include/turtle_catcher_interfaces/msg/detail/alive_turtles__builder.hpp
[0.570s] -- Up-to-date: /home/redi/ros2_ws/install/turtle_catcher_interfaces/include/turtle_catcher_interfaces/msg/detail/alive_turtles__traits.hpp
[0.570s] -- Up-to-date: /home/redi/ros2_ws/install/turtle_catcher_interfaces/include/turtle_catcher_interfaces/msg/detail/turtle__struct.hpp
[0.570s] -- Up-to-date: /home/redi/ros2_ws/install/turtle_catcher_interfaces/include/turtle_catcher_interfaces/msg/detail/turtle__builder.hpp
[0.570s] -- Up-to-date: /home/redi/ros2_ws/install/turtle_catcher_interfaces/include/turtle_catcher_interfaces/msg/detail/alive_turtles__struct.hpp
[0.570s] -- Up-to-date: /home/redi/ros2_ws/install/turtle_catcher_interfaces/include/turtle_catcher_interfaces/msg/turtle.hpp
[0.570s] -- Up-to-date: /home/redi/ros2_ws/install/turtle_catcher_interfaces/include/turtle_catcher_interfaces/srv
[0.570s] -- Up-to-date: /home/redi/ros2_ws/install/turtle_catcher_interfaces/include/turtle_catcher_interfaces/srv/catch_turtle.hpp
[0.570s] -- Up-to-date: /home/redi/ros2_ws/install/turtle_catcher_interfaces/include/turtle_catcher_interfaces/srv/detail
[0.570s] -- Up-to-date: /home/redi/ros2_ws/install/turtle_catcher_interfaces/include/turtle_catcher_interfaces/srv/detail/catch_turtle__builder.hpp
[0.571s] -- Up-to-date: /home/redi/ros2_ws/install/turtle_catcher_interfaces/include/turtle_catcher_interfaces/srv/detail/catch_turtle__traits.hpp
[0.571s] -- Up-to-date: /home/redi/ros2_ws/install/turtle_catcher_interfaces/include/turtle_catcher_interfaces/srv/detail/catch_turtle__struct.hpp
[0.571s] -- Up-to-date: /home/redi/ros2_ws/install/turtle_catcher_interfaces/include/turtle_catcher_interfaces
[0.571s] -- Up-to-date: /home/redi/ros2_ws/install/turtle_catcher_interfaces/include/turtle_catcher_interfaces/msg
[0.571s] -- Up-to-date: /home/redi/ros2_ws/install/turtle_catcher_interfaces/include/turtle_catcher_interfaces/msg/detail
[0.571s] -- Up-to-date: /home/redi/ros2_ws/install/turtle_catcher_interfaces/include/turtle_catcher_interfaces/msg/detail/alive_turtles__type_support.cpp
[0.571s] -- Up-to-date: /home/redi/ros2_ws/install/turtle_catcher_interfaces/include/turtle_catcher_interfaces/msg/detail/alive_turtles__rosidl_typesupport_introspection_cpp.hpp
[0.571s] -- Up-to-date: /home/redi/ros2_ws/install/turtle_catcher_interfaces/include/turtle_catcher_interfaces/msg/detail/turtle__type_support.cpp
[0.572s] -- Up-to-date: /home/redi/ros2_ws/install/turtle_catcher_interfaces/include/turtle_catcher_interfaces/msg/detail/turtle__rosidl_typesupport_introspection_cpp.hpp
[0.572s] -- Up-to-date: /home/redi/ros2_ws/install/turtle_catcher_interfaces/include/turtle_catcher_interfaces/srv
[0.572s] -- Up-to-date: /home/redi/ros2_ws/install/turtle_catcher_interfaces/include/turtle_catcher_interfaces/srv/detail
[0.572s] -- Up-to-date: /home/redi/ros2_ws/install/turtle_catcher_interfaces/include/turtle_catcher_interfaces/srv/detail/catch_turtle__type_support.cpp
[0.572s] -- Up-to-date: /home/redi/ros2_ws/install/turtle_catcher_interfaces/include/turtle_catcher_interfaces/srv/detail/catch_turtle__rosidl_typesupport_introspection_cpp.hpp
[0.572s] -- Up-to-date: /home/redi/ros2_ws/install/turtle_catcher_interfaces/lib/libturtle_catcher_interfaces__rosidl_typesupport_introspection_cpp.so
[0.572s] -- Up-to-date: /home/redi/ros2_ws/install/turtle_catcher_interfaces/lib/libturtle_catcher_interfaces__rosidl_typesupport_cpp.so
[0.572s] -- Up-to-date: /home/redi/ros2_ws/install/turtle_catcher_interfaces/share/turtle_catcher_interfaces/environment/pythonpath.sh
[0.572s] -- Up-to-date: /home/redi/ros2_ws/install/turtle_catcher_interfaces/share/turtle_catcher_interfaces/environment/pythonpath.dsv
[0.573s] -- Up-to-date: /home/redi/ros2_ws/install/turtle_catcher_interfaces/lib/python3.8/site-packages/turtle_catcher_interfaces/__init__.py
[0.629s] -- Up-to-date: /home/redi/ros2_ws/install/turtle_catcher_interfaces/lib/python3.8/site-packages/turtle_catcher_interfaces/msg
[0.629s] -- Up-to-date: /home/redi/ros2_ws/install/turtle_catcher_interfaces/lib/python3.8/site-packages/turtle_catcher_interfaces/msg/__init__.py
[0.630s] -- Up-to-date: /home/redi/ros2_ws/install/turtle_catcher_interfaces/lib/python3.8/site-packages/turtle_catcher_interfaces/msg/_turtle.py
[0.630s] -- Up-to-date: /home/redi/ros2_ws/install/turtle_catcher_interfaces/lib/python3.8/site-packages/turtle_catcher_interfaces/msg/_alive_turtles_s.c
[0.630s] -- Up-to-date: /home/redi/ros2_ws/install/turtle_catcher_interfaces/lib/python3.8/site-packages/turtle_catcher_interfaces/msg/_alive_turtles.py
[0.630s] -- Up-to-date: /home/redi/ros2_ws/install/turtle_catcher_interfaces/lib/python3.8/site-packages/turtle_catcher_interfaces/msg/_turtle_s.c
[0.630s] -- Up-to-date: /home/redi/ros2_ws/install/turtle_catcher_interfaces/lib/python3.8/site-packages/turtle_catcher_interfaces/srv
[0.630s] -- Up-to-date: /home/redi/ros2_ws/install/turtle_catcher_interfaces/lib/python3.8/site-packages/turtle_catcher_interfaces/srv/__init__.py
[0.630s] -- Up-to-date: /home/redi/ros2_ws/install/turtle_catcher_interfaces/lib/python3.8/site-packages/turtle_catcher_interfaces/srv/_catch_turtle_s.c
[0.630s] -- Up-to-date: /home/redi/ros2_ws/install/turtle_catcher_interfaces/lib/python3.8/site-packages/turtle_catcher_interfaces/srv/_catch_turtle.py
[0.631s] -- Up-to-date: /home/redi/ros2_ws/install/turtle_catcher_interfaces/lib/python3.8/site-packages/turtle_catcher_interfaces/turtle_catcher_interfaces_s__rosidl_typesupport_fastrtps_c.cpython-38-x86_64-linux-gnu.so
[0.632s] -- Up-to-date: /home/redi/ros2_ws/install/turtle_catcher_interfaces/lib/python3.8/site-packages/turtle_catcher_interfaces/turtle_catcher_interfaces_s__rosidl_typesupport_introspection_c.cpython-38-x86_64-linux-gnu.so
[0.633s] -- Up-to-date: /home/redi/ros2_ws/install/turtle_catcher_interfaces/lib/python3.8/site-packages/turtle_catcher_interfaces/turtle_catcher_interfaces_s__rosidl_typesupport_c.cpython-38-x86_64-linux-gnu.so
[0.634s] -- Up-to-date: /home/redi/ros2_ws/install/turtle_catcher_interfaces/lib/libturtle_catcher_interfaces__python.so
[0.635s] -- Up-to-date: /home/redi/ros2_ws/install/turtle_catcher_interfaces/share/turtle_catcher_interfaces/msg/Turtle.idl
[0.635s] -- Up-to-date: /home/redi/ros2_ws/install/turtle_catcher_interfaces/share/turtle_catcher_interfaces/msg/AliveTurtles.idl
[0.635s] -- Up-to-date: /home/redi/ros2_ws/install/turtle_catcher_interfaces/share/turtle_catcher_interfaces/srv/CatchTurtle.idl
[0.635s] -- Up-to-date: /home/redi/ros2_ws/install/turtle_catcher_interfaces/share/turtle_catcher_interfaces/msg/Turtle.msg
[0.635s] -- Up-to-date: /home/redi/ros2_ws/install/turtle_catcher_interfaces/share/turtle_catcher_interfaces/msg/AliveTurtles.msg
[0.636s] -- Up-to-date: /home/redi/ros2_ws/install/turtle_catcher_interfaces/share/turtle_catcher_interfaces/srv/CatchTurtle.srv
[0.636s] -- Up-to-date: /home/redi/ros2_ws/install/turtle_catcher_interfaces/share/turtle_catcher_interfaces/srv/CatchTurtle_Request.msg
[0.636s] -- Up-to-date: /home/redi/ros2_ws/install/turtle_catcher_interfaces/share/turtle_catcher_interfaces/srv/CatchTurtle_Response.msg
[0.636s] -- Up-to-date: /home/redi/ros2_ws/install/turtle_catcher_interfaces/share/ament_index/resource_index/package_run_dependencies/turtle_catcher_interfaces
[0.636s] -- Up-to-date: /home/redi/ros2_ws/install/turtle_catcher_interfaces/share/ament_index/resource_index/parent_prefix_path/turtle_catcher_interfaces
[0.636s] -- Up-to-date: /home/redi/ros2_ws/install/turtle_catcher_interfaces/share/turtle_catcher_interfaces/environment/ament_prefix_path.sh
[0.637s] -- Up-to-date: /home/redi/ros2_ws/install/turtle_catcher_interfaces/share/turtle_catcher_interfaces/environment/ament_prefix_path.dsv
[0.637s] -- Up-to-date: /home/redi/ros2_ws/install/turtle_catcher_interfaces/share/turtle_catcher_interfaces/environment/path.sh
[0.637s] -- Up-to-date: /home/redi/ros2_ws/install/turtle_catcher_interfaces/share/turtle_catcher_interfaces/environment/path.dsv
[0.637s] -- Up-to-date: /home/redi/ros2_ws/install/turtle_catcher_interfaces/share/turtle_catcher_interfaces/local_setup.bash
[0.637s] -- Up-to-date: /home/redi/ros2_ws/install/turtle_catcher_interfaces/share/turtle_catcher_interfaces/local_setup.sh
[0.637s] -- Up-to-date: /home/redi/ros2_ws/install/turtle_catcher_interfaces/share/turtle_catcher_interfaces/local_setup.zsh
[0.637s] -- Up-to-date: /home/redi/ros2_ws/install/turtle_catcher_interfaces/share/turtle_catcher_interfaces/local_setup.dsv
[0.638s] -- Installing: /home/redi/ros2_ws/install/turtle_catcher_interfaces/share/turtle_catcher_interfaces/package.dsv
[0.638s] -- Up-to-date: /home/redi/ros2_ws/install/turtle_catcher_interfaces/share/ament_index/resource_index/packages/turtle_catcher_interfaces
[0.638s] -- Up-to-date: /home/redi/ros2_ws/install/turtle_catcher_interfaces/share/turtle_catcher_interfaces/cmake/turtle_catcher_interfaces__rosidl_generator_cExport.cmake
[0.638s] -- Up-to-date: /home/redi/ros2_ws/install/turtle_catcher_interfaces/share/turtle_catcher_interfaces/cmake/turtle_catcher_interfaces__rosidl_generator_cExport-noconfig.cmake
[0.638s] -- Up-to-date: /home/redi/ros2_ws/install/turtle_catcher_interfaces/share/turtle_catcher_interfaces/cmake/turtle_catcher_interfaces__rosidl_typesupport_introspection_cExport.cmake
[0.638s] -- Up-to-date: /home/redi/ros2_ws/install/turtle_catcher_interfaces/share/turtle_catcher_interfaces/cmake/turtle_catcher_interfaces__rosidl_typesupport_introspection_cExport-noconfig.cmake
[0.638s] -- Up-to-date: /home/redi/ros2_ws/install/turtle_catcher_interfaces/share/turtle_catcher_interfaces/cmake/turtle_catcher_interfaces__rosidl_typesupport_cExport.cmake
[0.639s] -- Up-to-date: /home/redi/ros2_ws/install/turtle_catcher_interfaces/share/turtle_catcher_interfaces/cmake/turtle_catcher_interfaces__rosidl_typesupport_cExport-noconfig.cmake
[0.639s] -- Up-to-date: /home/redi/ros2_ws/install/turtle_catcher_interfaces/share/turtle_catcher_interfaces/cmake/turtle_catcher_interfaces__rosidl_generator_cppExport.cmake
[0.639s] -- Up-to-date: /home/redi/ros2_ws/install/turtle_catcher_interfaces/share/turtle_catcher_interfaces/cmake/turtle_catcher_interfaces__rosidl_typesupport_introspection_cppExport.cmake
[0.639s] -- Up-to-date: /home/redi/ros2_ws/install/turtle_catcher_interfaces/share/turtle_catcher_interfaces/cmake/turtle_catcher_interfaces__rosidl_typesupport_introspection_cppExport-noconfig.cmake
[0.639s] -- Up-to-date: /home/redi/ros2_ws/install/turtle_catcher_interfaces/share/turtle_catcher_interfaces/cmake/turtle_catcher_interfaces__rosidl_typesupport_cppExport.cmake
[0.639s] -- Up-to-date: /home/redi/ros2_ws/install/turtle_catcher_interfaces/share/turtle_catcher_interfaces/cmake/turtle_catcher_interfaces__rosidl_typesupport_cppExport-noconfig.cmake
[0.640s] -- Up-to-date: /home/redi/ros2_ws/install/turtle_catcher_interfaces/share/turtle_catcher_interfaces/cmake/rosidl_cmake-extras.cmake
[0.640s] -- Up-to-date: /home/redi/ros2_ws/install/turtle_catcher_interfaces/share/turtle_catcher_interfaces/cmake/ament_cmake_export_dependencies-extras.cmake
[0.640s] -- Up-to-date: /home/redi/ros2_ws/install/turtle_catcher_interfaces/share/turtle_catcher_interfaces/cmake/ament_cmake_export_libraries-extras.cmake
[0.640s] -- Up-to-date: /home/redi/ros2_ws/install/turtle_catcher_interfaces/share/turtle_catcher_interfaces/cmake/ament_cmake_export_targets-extras.cmake
[0.640s] -- Up-to-date: /home/redi/ros2_ws/install/turtle_catcher_interfaces/share/turtle_catcher_interfaces/cmake/ament_cmake_export_include_directories-extras.cmake
[0.641s] -- Up-to-date: /home/redi/ros2_ws/install/turtle_catcher_interfaces/share/turtle_catcher_interfaces/cmake/rosidl_cmake_export_typesupport_libraries-extras.cmake
[0.641s] -- Up-to-date: /home/redi/ros2_ws/install/turtle_catcher_interfaces/share/turtle_catcher_interfaces/cmake/rosidl_cmake_export_typesupport_targets-extras.cmake
[0.641s] -- Up-to-date: /home/redi/ros2_ws/install/turtle_catcher_interfaces/share/turtle_catcher_interfaces/cmake/turtle_catcher_interfacesConfig.cmake
[0.641s] -- Up-to-date: /home/redi/ros2_ws/install/turtle_catcher_interfaces/share/turtle_catcher_interfaces/cmake/turtle_catcher_interfacesConfig-version.cmake
[0.641s] -- Up-to-date: /home/redi/ros2_ws/install/turtle_catcher_interfaces/share/turtle_catcher_interfaces/package.xml
[0.645s] Invoked command in '/home/redi/ros2_ws/build/turtle_catcher_interfaces' returned '0': CMAKE_PREFIX_PATH=${CMAKE_PREFIX_PATH}:/home/redi/ros2_ws/install/my_py_pkg:/opt/ros/foxy /usr/bin/cmake --install /home/redi/ros2_ws/build/turtle_catcher_interfaces
