[0.036s] Invoking command in '/home/redi/ros2_ws/build/my_cpp_pkg': CMAKE_PREFIX_PATH=${CMAKE_PREFIX_PATH}:/home/redi/ros2_ws/install/my_py_pkg:/opt/ros/foxy /usr/bin/cmake --build /home/redi/ros2_ws/build/my_cpp_pkg -- -j8 -l8
[0.081s] -- Found ament_cmake: 0.9.9 (/opt/ros/foxy/share/ament_cmake/cmake)
[0.122s] -- Using PYTHON_EXECUTABLE: /usr/bin/python3
[0.462s] -- Found rclcpp: 2.4.1 (/opt/ros/foxy/share/rclcpp/cmake)
[0.526s] -- Using all available rosidl_typesupport_c: rosidl_typesupport_fastrtps_c;rosidl_typesupport_introspection_c
[0.531s] -- Found rosidl_adapter: 1.2.1 (/opt/ros/foxy/share/rosidl_adapter/cmake)
[0.762s] -- Using all available rosidl_typesupport_cpp: rosidl_typesupport_fastrtps_cpp;rosidl_typesupport_introspection_cpp
[0.857s] -- Found rmw_implementation_cmake: 1.0.3 (/opt/ros/foxy/share/rmw_implementation_cmake/cmake)
[0.860s] -- Using RMW implementation 'rmw_fastrtps_cpp' as default
[1.133s] -- Found example_interfaces: 0.9.1 (/opt/ros/foxy/share/example_interfaces/cmake)
[1.341s] -- Found my_robot_interfaces: 0.0.0 (/home/redi/ros2_ws/install/my_robot_interfaces/share/my_robot_interfaces/cmake)
[1.475s] -- Configuring done
[1.543s] -- Generating done
[1.547s] -- Build files have been written to: /home/redi/ros2_ws/build/my_cpp_pkg
[1.646s] [ 11%] Built target cpp_node
[1.650s] [ 44%] Built target robot_news_station
[1.650s] [ 44%] Built target number_counter
[1.651s] [ 44%] Built target number_publisher
[1.651s] [ 66%] Built target add_two_ints_client
[1.652s] [ 66%] Built target smartphone
[1.652s] [ 77%] Built target add_two_ints_client_no_oop
[1.653s] [ 88%] Built target add_two_ints_server
[1.669s] [35m[1mScanning dependencies of target hardware_status_publisher[0m
[1.697s] [ 94%] [32mBuilding CXX object CMakeFiles/hardware_status_publisher.dir/src/hw_status_publisher.cpp.o[0m
[1.889s] [01m[K/home/redi/ros2_ws/src/my_cpp_pkg/src/hw_status_publisher.cpp:2:10:[m[K [01;31m[Kfatal error: [m[Kmy_robot_interfaces/msg/HardwareStatus.msg: No such file or directory
[1.889s]     2 | #include [01;31m[K"my_robot_interfaces/msg/HardwareStatus.msg"[m[K
[1.889s]       |          [01;31m[K^~~~~~~~~~~~~~~~~~~~~~~~~~~~~~~~~~~~~~~~~~~~[m[K
[1.890s] compilation terminated.
[1.892s] make[2]: *** [CMakeFiles/hardware_status_publisher.dir/build.make:63: CMakeFiles/hardware_status_publisher.dir/src/hw_status_publisher.cpp.o] Error 1
[1.892s] make[1]: *** [CMakeFiles/Makefile2:364: CMakeFiles/hardware_status_publisher.dir/all] Error 2
[1.892s] make: *** [Makefile:141: all] Error 2
[1.896s] Invoked command in '/home/redi/ros2_ws/build/my_cpp_pkg' returned '2': CMAKE_PREFIX_PATH=${CMAKE_PREFIX_PATH}:/home/redi/ros2_ws/install/my_py_pkg:/opt/ros/foxy /usr/bin/cmake --build /home/redi/ros2_ws/build/my_cpp_pkg -- -j8 -l8
