[0.023s] Invoking command in '/home/redi/ros2_ws/build/my_cpp_pkg': CMAKE_PREFIX_PATH=/home/redi/ros2_ws/install/my_py_pkg:/opt/ros/foxy /usr/bin/cmake /home/redi/ros2_ws/src/my_cpp_pkg -DCMAKE_INSTALL_PREFIX=/home/redi/ros2_ws/install/my_cpp_pkg
[0.162s] -- The C compiler identification is GNU 9.4.0
[0.283s] -- The CXX compiler identification is GNU 9.4.0
[0.290s] -- Check for working C compiler: /usr/bin/cc
[0.368s] -- Check for working C compiler: /usr/bin/cc -- works
[0.369s] -- Detecting C compiler ABI info
[0.442s] -- Detecting C compiler ABI info - done
[0.455s] -- Detecting C compile features
[0.456s] -- Detecting C compile features - done
[0.459s] -- Check for working CXX compiler: /usr/bin/c++
[0.543s] -- Check for working CXX compiler: /usr/bin/c++ -- works
[0.544s] -- Detecting CXX compiler ABI info
[0.630s] -- Detecting CXX compiler ABI info - done
[0.644s] -- Detecting CXX compile features
[0.645s] -- Detecting CXX compile features - done
[0.652s] -- Found ament_cmake: 0.9.9 (/opt/ros/foxy/share/ament_cmake/cmake)
[0.684s] -- Found PythonInterp: /usr/bin/python3 (found suitable version "3.8.10", minimum required is "3") 
[0.685s] -- Using PYTHON_EXECUTABLE: /usr/bin/python3
[0.904s] -- Found rclcpp: 2.4.1 (/opt/ros/foxy/share/rclcpp/cmake)
[0.967s] -- Using all available rosidl_typesupport_c: rosidl_typesupport_fastrtps_c;rosidl_typesupport_introspection_c
[0.976s] -- Found rosidl_adapter: 1.2.1 (/opt/ros/foxy/share/rosidl_adapter/cmake)
[1.074s] -- Found OpenSSL: /usr/lib/x86_64-linux-gnu/libcrypto.so (found version "1.1.1f")  
[1.108s] -- Found FastRTPS: /opt/ros/foxy/include  
[1.198s] -- Using all available rosidl_typesupport_cpp: rosidl_typesupport_fastrtps_cpp;rosidl_typesupport_introspection_cpp
[1.264s] -- Found rmw_implementation_cmake: 1.0.3 (/opt/ros/foxy/share/rmw_implementation_cmake/cmake)
[1.266s] -- Using RMW implementation 'rmw_fastrtps_cpp' as default
[1.268s] -- Looking for pthread.h
[1.352s] -- Looking for pthread.h - found
[1.352s] -- Performing Test CMAKE_HAVE_LIBC_PTHREAD
[1.431s] -- Performing Test CMAKE_HAVE_LIBC_PTHREAD - Failed
[1.431s] -- Looking for pthread_create in pthreads
[1.497s] -- Looking for pthread_create in pthreads - not found
[1.497s] -- Looking for pthread_create in pthread
[1.574s] -- Looking for pthread_create in pthread - found
[1.575s] -- Found Threads: TRUE  
[1.745s] -- Found ament_lint_auto: 0.9.6 (/opt/ros/foxy/share/ament_lint_auto/cmake)
[1.820s] -- Added test 'copyright' to check source files copyright and LICENSE
[1.822s] -- Added test 'lint_cmake' to check CMake code style
[1.823s] -- Added test 'xmllint' to check XML markup files
[1.827s] -- Configuring done
[1.829s] -- Generating done
[1.830s] -- Build files have been written to: /home/redi/ros2_ws/build/my_cpp_pkg
[1.842s] Invoked command in '/home/redi/ros2_ws/build/my_cpp_pkg' returned '0': CMAKE_PREFIX_PATH=/home/redi/ros2_ws/install/my_py_pkg:/opt/ros/foxy /usr/bin/cmake /home/redi/ros2_ws/src/my_cpp_pkg -DCMAKE_INSTALL_PREFIX=/home/redi/ros2_ws/install/my_cpp_pkg
[1.844s] Invoking command in '/home/redi/ros2_ws/build/my_cpp_pkg': CMAKE_PREFIX_PATH=/home/redi/ros2_ws/install/my_py_pkg:/opt/ros/foxy /usr/bin/cmake --build /home/redi/ros2_ws/build/my_cpp_pkg -- -j8 -l8
[1.888s] Invoked command in '/home/redi/ros2_ws/build/my_cpp_pkg' returned '0': CMAKE_PREFIX_PATH=/home/redi/ros2_ws/install/my_py_pkg:/opt/ros/foxy /usr/bin/cmake --build /home/redi/ros2_ws/build/my_cpp_pkg -- -j8 -l8
[1.924s] Invoking command in '/home/redi/ros2_ws/build/my_cpp_pkg': CMAKE_PREFIX_PATH=/home/redi/ros2_ws/install/my_py_pkg:/opt/ros/foxy /usr/bin/cmake --install /home/redi/ros2_ws/build/my_cpp_pkg
[1.933s] -- Install configuration: ""
[1.933s] -- Installing: /home/redi/ros2_ws/install/my_cpp_pkg/share/ament_index/resource_index/package_run_dependencies/my_cpp_pkg
[1.933s] -- Installing: /home/redi/ros2_ws/install/my_cpp_pkg/share/ament_index/resource_index/parent_prefix_path/my_cpp_pkg
[1.934s] -- Installing: /home/redi/ros2_ws/install/my_cpp_pkg/share/my_cpp_pkg/environment/ament_prefix_path.sh
[1.934s] -- Installing: /home/redi/ros2_ws/install/my_cpp_pkg/share/my_cpp_pkg/environment/ament_prefix_path.dsv
[1.934s] -- Installing: /home/redi/ros2_ws/install/my_cpp_pkg/share/my_cpp_pkg/environment/path.sh
[1.934s] -- Installing: /home/redi/ros2_ws/install/my_cpp_pkg/share/my_cpp_pkg/environment/path.dsv
[1.934s] -- Installing: /home/redi/ros2_ws/install/my_cpp_pkg/share/my_cpp_pkg/local_setup.bash
[1.934s] -- Installing: /home/redi/ros2_ws/install/my_cpp_pkg/share/my_cpp_pkg/local_setup.sh
[1.934s] -- Installing: /home/redi/ros2_ws/install/my_cpp_pkg/share/my_cpp_pkg/local_setup.zsh
[1.935s] -- Installing: /home/redi/ros2_ws/install/my_cpp_pkg/share/my_cpp_pkg/local_setup.dsv
[1.935s] -- Installing: /home/redi/ros2_ws/install/my_cpp_pkg/share/my_cpp_pkg/package.dsv
[1.935s] -- Installing: /home/redi/ros2_ws/install/my_cpp_pkg/share/ament_index/resource_index/packages/my_cpp_pkg
[1.935s] -- Installing: /home/redi/ros2_ws/install/my_cpp_pkg/share/my_cpp_pkg/cmake/my_cpp_pkgConfig.cmake
[1.935s] -- Installing: /home/redi/ros2_ws/install/my_cpp_pkg/share/my_cpp_pkg/cmake/my_cpp_pkgConfig-version.cmake
[1.936s] -- Installing: /home/redi/ros2_ws/install/my_cpp_pkg/share/my_cpp_pkg/package.xml
[1.939s] Invoked command in '/home/redi/ros2_ws/build/my_cpp_pkg' returned '0': CMAKE_PREFIX_PATH=/home/redi/ros2_ws/install/my_py_pkg:/opt/ros/foxy /usr/bin/cmake --install /home/redi/ros2_ws/build/my_cpp_pkg
