[0.039s] Invoking command in '/home/redi/ros2_ws/build/my_cpp_pkg': CMAKE_PREFIX_PATH=${CMAKE_PREFIX_PATH}:/home/redi/ros2_ws/install/my_py_pkg:/opt/ros/foxy /usr/bin/cmake --build /home/redi/ros2_ws/build/my_cpp_pkg -- -j8 -l8
[0.440s] -- Found ament_cmake: 0.9.9 (/opt/ros/foxy/share/ament_cmake/cmake)
[0.441s] -- Using PYTHON_EXECUTABLE: /usr/bin/python3
[0.453s] -- Found rclcpp: 2.4.1 (/opt/ros/foxy/share/rclcpp/cmake)
[0.515s] -- Using all available rosidl_typesupport_c: rosidl_typesupport_fastrtps_c;rosidl_typesupport_introspection_c
[0.521s] -- Found rosidl_adapter: 1.2.1 (/opt/ros/foxy/share/rosidl_adapter/cmake)
[0.735s] -- Using all available rosidl_typesupport_cpp: rosidl_typesupport_fastrtps_cpp;rosidl_typesupport_introspection_cpp
[0.831s] -- Found rmw_implementation_cmake: 1.0.3 (/opt/ros/foxy/share/rmw_implementation_cmake/cmake)
[0.833s] -- Using RMW implementation 'rmw_fastrtps_cpp' as default
[1.114s] -- Found example_interfaces: 0.9.1 (/opt/ros/foxy/share/example_interfaces/cmake)
[1.329s] CMake Error at /opt/ros/foxy/share/ament_cmake_target_dependencies/cmake/ament_target_dependencies.cmake:42 (message):
[1.329s]   ament_target_dependencies() the first argument must be a valid target name
[1.329s] Call Stack (most recent call first):
[1.329s]   CMakeLists.txt:28 (ament_target_dependencies)
[1.329s] 
[1.330s] 
[1.332s] -- Configuring incomplete, errors occurred!
[1.332s] See also "/home/redi/ros2_ws/build/my_cpp_pkg/CMakeFiles/CMakeOutput.log".
[1.332s] See also "/home/redi/ros2_ws/build/my_cpp_pkg/CMakeFiles/CMakeError.log".
[1.340s] make: *** [Makefile:354: cmake_check_build_system] Error 1
[1.344s] Invoked command in '/home/redi/ros2_ws/build/my_cpp_pkg' returned '2': CMAKE_PREFIX_PATH=${CMAKE_PREFIX_PATH}:/home/redi/ros2_ws/install/my_py_pkg:/opt/ros/foxy /usr/bin/cmake --build /home/redi/ros2_ws/build/my_cpp_pkg -- -j8 -l8
