-- Found ament_cmake: 0.9.9 (/opt/ros/foxy/share/ament_cmake/cmake)
-- Using PYTHON_EXECUTABLE: /usr/bin/python3
-- Found rclcpp: 2.4.1 (/opt/ros/foxy/share/rclcpp/cmake)
-- Using all available rosidl_typesupport_c: rosidl_typesupport_fastrtps_c;rosidl_typesupport_introspection_c
-- Found rosidl_adapter: 1.2.1 (/opt/ros/foxy/share/rosidl_adapter/cmake)
-- Using all available rosidl_typesupport_cpp: rosidl_typesupport_fastrtps_cpp;rosidl_typesupport_introspection_cpp
-- Found rmw_implementation_cmake: 1.0.3 (/opt/ros/foxy/share/rmw_implementation_cmake/cmake)
-- Using RMW implementation 'rmw_fastrtps_cpp' as default
-- Found turtlesim: 1.2.5 (/opt/ros/foxy/share/turtlesim/cmake)
-- Found geometry_msgs: 2.0.5 (/opt/ros/foxy/share/geometry_msgs/cmake)
-- Found turtle_catcher_interfaces: 0.0.0 (/home/redi/ros2_ws/install/turtle_catcher_interfaces/share/turtle_catcher_interfaces/cmake)
-- Configuring done
-- Generating done
-- Build files have been written to: /home/redi/ros2_ws/build/turtle_catcher
[35m[1mScanning dependencies of target turtle_spawner[0m
[35m[1mScanning dependencies of target turtle_controller[0m
[ 25%] [32mBuilding CXX object CMakeFiles/turtle_spawner.dir/src/turtle_spawner.cpp.o[0m
[ 50%] [32mBuilding CXX object CMakeFiles/turtle_controller.dir/src/turtle_controller.cpp.o[0m
[ 75%] [32m[1mLinking CXX executable turtle_spawner[0m
[ 75%] Built target turtle_spawner
[100%] [32m[1mLinking CXX executable turtle_controller[0m
[100%] Built target turtle_controller
-- Install configuration: ""
-- Installing: /home/redi/ros2_ws/install/turtle_catcher/lib/turtle_catcher/turtle_spawner
-- Set runtime path of "/home/redi/ros2_ws/install/turtle_catcher/lib/turtle_catcher/turtle_spawner" to ""
-- Installing: /home/redi/ros2_ws/install/turtle_catcher/lib/turtle_catcher/turtle_controller
-- Set runtime path of "/home/redi/ros2_ws/install/turtle_catcher/lib/turtle_catcher/turtle_controller" to ""
-- Up-to-date: /home/redi/ros2_ws/install/turtle_catcher/share/ament_index/resource_index/package_run_dependencies/turtle_catcher
-- Installing: /home/redi/ros2_ws/install/turtle_catcher/share/ament_index/resource_index/parent_prefix_path/turtle_catcher
-- Up-to-date: /home/redi/ros2_ws/install/turtle_catcher/share/turtle_catcher/environment/ament_prefix_path.sh
-- Installing: /home/redi/ros2_ws/install/turtle_catcher/share/turtle_catcher/environment/ament_prefix_path.dsv
-- Up-to-date: /home/redi/ros2_ws/install/turtle_catcher/share/turtle_catcher/environment/path.sh
-- Installing: /home/redi/ros2_ws/install/turtle_catcher/share/turtle_catcher/environment/path.dsv
-- Up-to-date: /home/redi/ros2_ws/install/turtle_catcher/share/turtle_catcher/local_setup.bash
-- Up-to-date: /home/redi/ros2_ws/install/turtle_catcher/share/turtle_catcher/local_setup.sh
-- Up-to-date: /home/redi/ros2_ws/install/turtle_catcher/share/turtle_catcher/local_setup.zsh
-- Installing: /home/redi/ros2_ws/install/turtle_catcher/share/turtle_catcher/local_setup.dsv
-- Installing: /home/redi/ros2_ws/install/turtle_catcher/share/turtle_catcher/package.dsv
-- Up-to-date: /home/redi/ros2_ws/install/turtle_catcher/share/ament_index/resource_index/packages/turtle_catcher
-- Up-to-date: /home/redi/ros2_ws/install/turtle_catcher/share/turtle_catcher/cmake/turtle_catcherConfig.cmake
-- Up-to-date: /home/redi/ros2_ws/install/turtle_catcher/share/turtle_catcher/cmake/turtle_catcherConfig-version.cmake
-- Up-to-date: /home/redi/ros2_ws/install/turtle_catcher/share/turtle_catcher/package.xml
