[0.025s] Invoking command in '/home/redi/ros2_ws/build/my_robot_bringup': AMENT_PREFIX_PATH=/home/redi/ros2_ws/install/my_py_pkg:/home/redi/ros2_ws/install/my_robot_interfaces:/home/redi/ros2_ws/install/my_cpp_pkg:/opt/ros/foxy CMAKE_PREFIX_PATH=/home/redi/ros2_ws/install/my_cpp_pkg:/home/redi/ros2_ws/install/my_robot_interfaces:/home/redi/ros2_ws/install/my_py_pkg:/opt/ros/foxy /usr/bin/cmake /home/redi/ros2_ws/src/my_robot_bringup -DCMAKE_INSTALL_PREFIX=/home/redi/ros2_ws/install/my_robot_bringup
[0.047s] -- Found ament_cmake: 0.9.9 (/opt/ros/foxy/share/ament_cmake/cmake)
[0.089s] -- Using PYTHON_EXECUTABLE: /usr/bin/python3
[0.397s] -- Override CMake install command with custom implementation using symlinks instead of copying resources
[0.529s] -- Configuring done
[0.534s] -- Generating done
[0.536s] -- Build files have been written to: /home/redi/ros2_ws/build/my_robot_bringup
[0.540s] Invoked command in '/home/redi/ros2_ws/build/my_robot_bringup' returned '0': AMENT_PREFIX_PATH=/home/redi/ros2_ws/install/my_py_pkg:/home/redi/ros2_ws/install/my_robot_interfaces:/home/redi/ros2_ws/install/my_cpp_pkg:/opt/ros/foxy CMAKE_PREFIX_PATH=/home/redi/ros2_ws/install/my_cpp_pkg:/home/redi/ros2_ws/install/my_robot_interfaces:/home/redi/ros2_ws/install/my_py_pkg:/opt/ros/foxy /usr/bin/cmake /home/redi/ros2_ws/src/my_robot_bringup -DCMAKE_INSTALL_PREFIX=/home/redi/ros2_ws/install/my_robot_bringup
[0.544s] Invoking command in '/home/redi/ros2_ws/build/my_robot_bringup': AMENT_PREFIX_PATH=/home/redi/ros2_ws/install/my_py_pkg:/home/redi/ros2_ws/install/my_robot_interfaces:/home/redi/ros2_ws/install/my_cpp_pkg:/opt/ros/foxy CMAKE_PREFIX_PATH=/home/redi/ros2_ws/install/my_cpp_pkg:/home/redi/ros2_ws/install/my_robot_interfaces:/home/redi/ros2_ws/install/my_py_pkg:/opt/ros/foxy /usr/bin/cmake --build /home/redi/ros2_ws/build/my_robot_bringup -- -j8 -l8
[0.619s] Invoked command in '/home/redi/ros2_ws/build/my_robot_bringup' returned '0': AMENT_PREFIX_PATH=/home/redi/ros2_ws/install/my_py_pkg:/home/redi/ros2_ws/install/my_robot_interfaces:/home/redi/ros2_ws/install/my_cpp_pkg:/opt/ros/foxy CMAKE_PREFIX_PATH=/home/redi/ros2_ws/install/my_cpp_pkg:/home/redi/ros2_ws/install/my_robot_interfaces:/home/redi/ros2_ws/install/my_py_pkg:/opt/ros/foxy /usr/bin/cmake --build /home/redi/ros2_ws/build/my_robot_bringup -- -j8 -l8
[0.663s] Invoking command in '/home/redi/ros2_ws/build/my_robot_bringup': AMENT_PREFIX_PATH=/home/redi/ros2_ws/install/my_py_pkg:/home/redi/ros2_ws/install/my_robot_interfaces:/home/redi/ros2_ws/install/my_cpp_pkg:/opt/ros/foxy CMAKE_PREFIX_PATH=/home/redi/ros2_ws/install/my_cpp_pkg:/home/redi/ros2_ws/install/my_robot_interfaces:/home/redi/ros2_ws/install/my_py_pkg:/opt/ros/foxy /usr/bin/cmake --install /home/redi/ros2_ws/build/my_robot_bringup
[0.681s] -- Install configuration: ""
[0.682s] -- Execute custom install script
[0.683s] -- Symlinking: /home/redi/ros2_ws/install/my_robot_bringup/share/my_robot_bringup/launch/news_station_app.launch.py
[0.700s] -- Up-to-date symlink: /home/redi/ros2_ws/install/my_robot_bringup/share/my_robot_bringup/launch/number_app.launch.py
[0.700s] -- Up-to-date symlink: /home/redi/ros2_ws/install/my_robot_bringup/share/ament_index/resource_index/package_run_dependencies/my_robot_bringup
[0.701s] -- Up-to-date symlink: /home/redi/ros2_ws/install/my_robot_bringup/share/ament_index/resource_index/parent_prefix_path/my_robot_bringup
[0.702s] -- Up-to-date symlink: /home/redi/ros2_ws/install/my_robot_bringup/share/my_robot_bringup/environment/ament_prefix_path.sh
[0.702s] -- Up-to-date symlink: /home/redi/ros2_ws/install/my_robot_bringup/share/my_robot_bringup/environment/ament_prefix_path.dsv
[0.703s] -- Up-to-date symlink: /home/redi/ros2_ws/install/my_robot_bringup/share/my_robot_bringup/environment/path.sh
[0.704s] -- Up-to-date symlink: /home/redi/ros2_ws/install/my_robot_bringup/share/my_robot_bringup/environment/path.dsv
[0.704s] -- Up-to-date symlink: /home/redi/ros2_ws/install/my_robot_bringup/share/my_robot_bringup/local_setup.bash
[0.705s] -- Up-to-date symlink: /home/redi/ros2_ws/install/my_robot_bringup/share/my_robot_bringup/local_setup.sh
[0.705s] -- Up-to-date symlink: /home/redi/ros2_ws/install/my_robot_bringup/share/my_robot_bringup/local_setup.zsh
[0.706s] -- Up-to-date symlink: /home/redi/ros2_ws/install/my_robot_bringup/share/my_robot_bringup/local_setup.dsv
[0.707s] -- Symlinking: /home/redi/ros2_ws/install/my_robot_bringup/share/my_robot_bringup/package.dsv
[0.725s] -- Up-to-date symlink: /home/redi/ros2_ws/install/my_robot_bringup/share/ament_index/resource_index/packages/my_robot_bringup
[0.725s] -- Up-to-date symlink: /home/redi/ros2_ws/install/my_robot_bringup/share/my_robot_bringup/cmake/my_robot_bringupConfig.cmake
[0.726s] -- Up-to-date symlink: /home/redi/ros2_ws/install/my_robot_bringup/share/my_robot_bringup/cmake/my_robot_bringupConfig-version.cmake
[0.726s] -- Up-to-date symlink: /home/redi/ros2_ws/install/my_robot_bringup/share/my_robot_bringup/package.xml
[0.734s] Invoked command in '/home/redi/ros2_ws/build/my_robot_bringup' returned '0': AMENT_PREFIX_PATH=/home/redi/ros2_ws/install/my_py_pkg:/home/redi/ros2_ws/install/my_robot_interfaces:/home/redi/ros2_ws/install/my_cpp_pkg:/opt/ros/foxy CMAKE_PREFIX_PATH=/home/redi/ros2_ws/install/my_cpp_pkg:/home/redi/ros2_ws/install/my_robot_interfaces:/home/redi/ros2_ws/install/my_py_pkg:/opt/ros/foxy /usr/bin/cmake --install /home/redi/ros2_ws/build/my_robot_bringup
