[0.027s] Invoking command in '/home/redi/ros2_ws/build/my_robot_interfaces': CMAKE_PREFIX_PATH=${CMAKE_PREFIX_PATH}:/home/redi/ros2_ws/install/my_py_pkg:/opt/ros/foxy /usr/bin/cmake /home/redi/ros2_ws/src/my_robot_interfaces -DCMAKE_INSTALL_PREFIX=/home/redi/ros2_ws/install/my_robot_interfaces
[0.156s] -- The C compiler identification is GNU 9.4.0
[0.270s] -- The CXX compiler identification is GNU 9.4.0
[0.281s] -- Check for working C compiler: /usr/bin/cc
[0.395s] -- Check for working C compiler: /usr/bin/cc -- works
[0.397s] -- Detecting C compiler ABI info
[0.510s] -- Detecting C compiler ABI info - done
[0.532s] -- Detecting C compile features
[0.533s] -- Detecting C compile features - done
[0.538s] -- Check for working CXX compiler: /usr/bin/c++
[0.670s] -- Check for working CXX compiler: /usr/bin/c++ -- works
[0.672s] -- Detecting CXX compiler ABI info
[0.804s] -- Detecting CXX compiler ABI info - done
[0.826s] -- Detecting CXX compile features
[0.827s] -- Detecting CXX compile features - done
[0.836s] -- Found ament_cmake: 0.9.9 (/opt/ros/foxy/share/ament_cmake/cmake)
[0.881s] -- Found PythonInterp: /usr/bin/python3 (found suitable version "3.8.10", minimum required is "3") 
[0.882s] -- Using PYTHON_EXECUTABLE: /usr/bin/python3
[1.235s] -- Found rosidl_default_generators: 1.0.1 (/opt/ros/foxy/share/rosidl_default_generators/cmake)
[1.242s] -- Using all available rosidl_typesupport_c: rosidl_typesupport_fastrtps_c;rosidl_typesupport_introspection_c
[1.256s] -- Found rosidl_adapter: 1.2.1 (/opt/ros/foxy/share/rosidl_adapter/cmake)
[1.427s] -- Found OpenSSL: /usr/lib/x86_64-linux-gnu/libcrypto.so (found version "1.1.1f")  
[1.477s] -- Found FastRTPS: /opt/ros/foxy/include  
[1.629s] -- Using all available rosidl_typesupport_cpp: rosidl_typesupport_fastrtps_cpp;rosidl_typesupport_introspection_cpp
[1.721s] -- Found PythonInterp: /usr/bin/python3 (found version "3.8.10") 
[1.915s] CMake Error at /opt/ros/foxy/share/rosidl_cmake/cmake/rosidl_generate_interfaces.cmake:229 (message):
[1.915s]   Packages installing interfaces must include
[1.916s]   '<member_of_group>rosidl_interface_packages</member_of_group>' in their
[1.916s]   package.xml
[1.916s] Call Stack (most recent call first):
[1.916s]   CMakeLists.txt:17 (rosidl_generate_interfaces)
[1.916s] 
[1.916s] 
[1.918s] -- Configuring incomplete, errors occurred!
[1.918s] See also "/home/redi/ros2_ws/build/my_robot_interfaces/CMakeFiles/CMakeOutput.log".
[1.928s] Invoked command in '/home/redi/ros2_ws/build/my_robot_interfaces' returned '1': CMAKE_PREFIX_PATH=${CMAKE_PREFIX_PATH}:/home/redi/ros2_ws/install/my_py_pkg:/opt/ros/foxy /usr/bin/cmake /home/redi/ros2_ws/src/my_robot_interfaces -DCMAKE_INSTALL_PREFIX=/home/redi/ros2_ws/install/my_robot_interfaces
