[0.029s] Invoking command in '/home/redi/ros2_ws/build/catch_turtles': CMAKE_PREFIX_PATH=${CMAKE_PREFIX_PATH}:/home/redi/ros2_ws/install/my_py_pkg:/opt/ros/foxy /usr/bin/cmake --build /home/redi/ros2_ws/build/catch_turtles -- -j8 -l8
[0.100s] [35m[1mScanning dependencies of target turtle_controller[0m
[0.131s] [ 50%] Built target turtle_spawner
[0.149s] [ 75%] [32mBuilding CXX object CMakeFiles/turtle_controller.dir/src/turtle_controller.cpp.o[0m
[6.513s] [100%] [32m[1mLinking CXX executable turtle_controller[0m
[6.973s] [100%] Built target turtle_controller
[6.993s] Invoked command in '/home/redi/ros2_ws/build/catch_turtles' returned '0': CMAKE_PREFIX_PATH=${CMAKE_PREFIX_PATH}:/home/redi/ros2_ws/install/my_py_pkg:/opt/ros/foxy /usr/bin/cmake --build /home/redi/ros2_ws/build/catch_turtles -- -j8 -l8
[7.053s] Invoking command in '/home/redi/ros2_ws/build/catch_turtles': CMAKE_PREFIX_PATH=${CMAKE_PREFIX_PATH}:/home/redi/ros2_ws/install/my_py_pkg:/opt/ros/foxy /usr/bin/cmake --install /home/redi/ros2_ws/build/catch_turtles
[7.067s] -- Install configuration: ""
[7.068s] -- Up-to-date: /home/redi/ros2_ws/install/catch_turtles/lib/catch_turtles/turtle_spawner
[7.068s] -- Installing: /home/redi/ros2_ws/install/catch_turtles/lib/catch_turtles/turtle_controller
[7.072s] -- Set runtime path of "/home/redi/ros2_ws/install/catch_turtles/lib/catch_turtles/turtle_controller" to ""
[7.072s] -- Up-to-date: /home/redi/ros2_ws/install/catch_turtles/share/ament_index/resource_index/package_run_dependencies/catch_turtles
[7.073s] -- Up-to-date: /home/redi/ros2_ws/install/catch_turtles/share/ament_index/resource_index/parent_prefix_path/catch_turtles
[7.073s] -- Up-to-date: /home/redi/ros2_ws/install/catch_turtles/share/catch_turtles/environment/ament_prefix_path.sh
[7.073s] -- Up-to-date: /home/redi/ros2_ws/install/catch_turtles/share/catch_turtles/environment/ament_prefix_path.dsv
[7.074s] -- Up-to-date: /home/redi/ros2_ws/install/catch_turtles/share/catch_turtles/environment/path.sh
[7.074s] -- Up-to-date: /home/redi/ros2_ws/install/catch_turtles/share/catch_turtles/environment/path.dsv
[7.074s] -- Up-to-date: /home/redi/ros2_ws/install/catch_turtles/share/catch_turtles/local_setup.bash
[7.074s] -- Up-to-date: /home/redi/ros2_ws/install/catch_turtles/share/catch_turtles/local_setup.sh
[7.074s] -- Up-to-date: /home/redi/ros2_ws/install/catch_turtles/share/catch_turtles/local_setup.zsh
[7.074s] -- Up-to-date: /home/redi/ros2_ws/install/catch_turtles/share/catch_turtles/local_setup.dsv
[7.074s] -- Installing: /home/redi/ros2_ws/install/catch_turtles/share/catch_turtles/package.dsv
[7.074s] -- Up-to-date: /home/redi/ros2_ws/install/catch_turtles/share/ament_index/resource_index/packages/catch_turtles
[7.075s] -- Up-to-date: /home/redi/ros2_ws/install/catch_turtles/share/catch_turtles/cmake/catch_turtlesConfig.cmake
[7.075s] -- Up-to-date: /home/redi/ros2_ws/install/catch_turtles/share/catch_turtles/cmake/catch_turtlesConfig-version.cmake
[7.075s] -- Up-to-date: /home/redi/ros2_ws/install/catch_turtles/share/catch_turtles/package.xml
[7.077s] Invoked command in '/home/redi/ros2_ws/build/catch_turtles' returned '0': CMAKE_PREFIX_PATH=${CMAKE_PREFIX_PATH}:/home/redi/ros2_ws/install/my_py_pkg:/opt/ros/foxy /usr/bin/cmake --install /home/redi/ros2_ws/build/catch_turtles
