[0.020s] Invoking command in '/home/redi/ros2_ws/src/build/my_cpp_pkg': CMAKE_PREFIX_PATH=${CMAKE_PREFIX_PATH}:/home/redi/ros2_ws/install/my_py_pkg:/opt/ros/foxy /usr/bin/cmake /home/redi/ros2_ws/src/my_cpp_pkg -DCMAKE_INSTALL_PREFIX=/home/redi/ros2_ws/src/install/my_cpp_pkg
[0.166s] -- The C compiler identification is GNU 9.4.0
[0.279s] -- The CXX compiler identification is GNU 9.4.0
[0.286s] -- Check for working C compiler: /usr/bin/cc
[0.355s] -- Check for working C compiler: /usr/bin/cc -- works
[0.356s] -- Detecting C compiler ABI info
[0.420s] -- Detecting C compiler ABI info - done
[0.432s] -- Detecting C compile features
[0.433s] -- Detecting C compile features - done
[0.435s] -- Check for working CXX compiler: /usr/bin/c++
[0.516s] -- Check for working CXX compiler: /usr/bin/c++ -- works
[0.517s] -- Detecting CXX compiler ABI info
[0.597s] -- Detecting CXX compiler ABI info - done
[0.609s] -- Detecting CXX compile features
[0.610s] -- Detecting CXX compile features - done
[0.618s] -- Found ament_cmake: 0.9.9 (/opt/ros/foxy/share/ament_cmake/cmake)
[0.649s] -- Found PythonInterp: /usr/bin/python3 (found suitable version "3.8.10", minimum required is "3") 
[0.649s] -- Using PYTHON_EXECUTABLE: /usr/bin/python3
[0.895s] -- Found rclcpp: 2.4.1 (/opt/ros/foxy/share/rclcpp/cmake)
[0.950s] -- Using all available rosidl_typesupport_c: rosidl_typesupport_fastrtps_c;rosidl_typesupport_introspection_c
[0.959s] -- Found rosidl_adapter: 1.2.1 (/opt/ros/foxy/share/rosidl_adapter/cmake)
[1.050s] -- Found OpenSSL: /usr/lib/x86_64-linux-gnu/libcrypto.so (found version "1.1.1f")  
[1.081s] -- Found FastRTPS: /opt/ros/foxy/include  
[1.236s] -- Using all available rosidl_typesupport_cpp: rosidl_typesupport_fastrtps_cpp;rosidl_typesupport_introspection_cpp
[1.308s] -- Found rmw_implementation_cmake: 1.0.3 (/opt/ros/foxy/share/rmw_implementation_cmake/cmake)
[1.309s] -- Using RMW implementation 'rmw_fastrtps_cpp' as default
[1.311s] -- Looking for pthread.h
[1.387s] -- Looking for pthread.h - found
[1.387s] -- Performing Test CMAKE_HAVE_LIBC_PTHREAD
[1.464s] -- Performing Test CMAKE_HAVE_LIBC_PTHREAD - Failed
[1.464s] -- Looking for pthread_create in pthreads
[1.528s] -- Looking for pthread_create in pthreads - not found
[1.528s] -- Looking for pthread_create in pthread
[1.602s] -- Looking for pthread_create in pthread - found
[1.604s] -- Found Threads: TRUE  
[1.818s] -- Configuring done
[1.824s] -- Generating done
[1.826s] -- Build files have been written to: /home/redi/ros2_ws/src/build/my_cpp_pkg
[1.831s] Invoked command in '/home/redi/ros2_ws/src/build/my_cpp_pkg' returned '0': CMAKE_PREFIX_PATH=${CMAKE_PREFIX_PATH}:/home/redi/ros2_ws/install/my_py_pkg:/opt/ros/foxy /usr/bin/cmake /home/redi/ros2_ws/src/my_cpp_pkg -DCMAKE_INSTALL_PREFIX=/home/redi/ros2_ws/src/install/my_cpp_pkg
[1.834s] Invoking command in '/home/redi/ros2_ws/src/build/my_cpp_pkg': CMAKE_PREFIX_PATH=${CMAKE_PREFIX_PATH}:/home/redi/ros2_ws/install/my_py_pkg:/opt/ros/foxy /usr/bin/cmake --build /home/redi/ros2_ws/src/build/my_cpp_pkg -- -j8 -l8
[1.877s] [35m[1mScanning dependencies of target cpp_node[0m
[1.954s] [ 50%] [32mBuilding CXX object CMakeFiles/cpp_node.dir/src/my_first_node.cpp.o[0m
[5.011s] [100%] [32m[1mLinking CXX executable cpp_node[0m
[5.221s] [100%] Built target cpp_node
[5.240s] Invoked command in '/home/redi/ros2_ws/src/build/my_cpp_pkg' returned '0': CMAKE_PREFIX_PATH=${CMAKE_PREFIX_PATH}:/home/redi/ros2_ws/install/my_py_pkg:/opt/ros/foxy /usr/bin/cmake --build /home/redi/ros2_ws/src/build/my_cpp_pkg -- -j8 -l8
[5.302s] Invoking command in '/home/redi/ros2_ws/src/build/my_cpp_pkg': CMAKE_PREFIX_PATH=${CMAKE_PREFIX_PATH}:/home/redi/ros2_ws/install/my_py_pkg:/opt/ros/foxy /usr/bin/cmake --install /home/redi/ros2_ws/src/build/my_cpp_pkg
[5.316s] -- Install configuration: ""
[5.317s] -- Installing: /home/redi/ros2_ws/src/install/my_cpp_pkg/lib/my_cpp_pkg/cpp_node
[5.317s] -- Set runtime path of "/home/redi/ros2_ws/src/install/my_cpp_pkg/lib/my_cpp_pkg/cpp_node" to ""
[5.318s] -- Installing: /home/redi/ros2_ws/src/install/my_cpp_pkg/share/ament_index/resource_index/package_run_dependencies/my_cpp_pkg
[5.318s] -- Installing: /home/redi/ros2_ws/src/install/my_cpp_pkg/share/ament_index/resource_index/parent_prefix_path/my_cpp_pkg
[5.318s] -- Installing: /home/redi/ros2_ws/src/install/my_cpp_pkg/share/my_cpp_pkg/environment/ament_prefix_path.sh
[5.319s] -- Installing: /home/redi/ros2_ws/src/install/my_cpp_pkg/share/my_cpp_pkg/environment/ament_prefix_path.dsv
[5.319s] -- Installing: /home/redi/ros2_ws/src/install/my_cpp_pkg/share/my_cpp_pkg/environment/path.sh
[5.319s] -- Installing: /home/redi/ros2_ws/src/install/my_cpp_pkg/share/my_cpp_pkg/environment/path.dsv
[5.319s] -- Installing: /home/redi/ros2_ws/src/install/my_cpp_pkg/share/my_cpp_pkg/local_setup.bash
[5.320s] -- Installing: /home/redi/ros2_ws/src/install/my_cpp_pkg/share/my_cpp_pkg/local_setup.sh
[5.320s] -- Installing: /home/redi/ros2_ws/src/install/my_cpp_pkg/share/my_cpp_pkg/local_setup.zsh
[5.320s] -- Installing: /home/redi/ros2_ws/src/install/my_cpp_pkg/share/my_cpp_pkg/local_setup.dsv
[5.320s] -- Installing: /home/redi/ros2_ws/src/install/my_cpp_pkg/share/my_cpp_pkg/package.dsv
[5.321s] -- Installing: /home/redi/ros2_ws/src/install/my_cpp_pkg/share/ament_index/resource_index/packages/my_cpp_pkg
[5.321s] -- Installing: /home/redi/ros2_ws/src/install/my_cpp_pkg/share/my_cpp_pkg/cmake/my_cpp_pkgConfig.cmake
[5.321s] -- Installing: /home/redi/ros2_ws/src/install/my_cpp_pkg/share/my_cpp_pkg/cmake/my_cpp_pkgConfig-version.cmake
[5.321s] -- Installing: /home/redi/ros2_ws/src/install/my_cpp_pkg/share/my_cpp_pkg/package.xml
[5.327s] Invoked command in '/home/redi/ros2_ws/src/build/my_cpp_pkg' returned '0': CMAKE_PREFIX_PATH=${CMAKE_PREFIX_PATH}:/home/redi/ros2_ws/install/my_py_pkg:/opt/ros/foxy /usr/bin/cmake --install /home/redi/ros2_ws/src/build/my_cpp_pkg
