[0.170s] DEBUG:colcon:Command line arguments: ['/usr/bin/colcon', 'build', '--packages-select', 'catch_turtles']
[0.170s] DEBUG:colcon:Parsed command line arguments: Namespace(allow_overriding=[], ament_cmake_args=None, base_paths=['.'], build_base='build', catkin_cmake_args=None, catkin_skip_building_tests=False, cmake_args=None, cmake_clean_cache=False, cmake_clean_first=False, cmake_force_configure=False, cmake_target=None, cmake_target_skip_unavailable=False, continue_on_error=False, event_handlers=None, executor='parallel', ignore_user_meta=False, install_base='install', log_base=None, log_level=None, main=<bound method BuildVerb.main of <colcon_core.verb.build.BuildVerb object at 0x7f72aaed2280>>, merge_install=False, metas=['./colcon.meta'], packages_above=None, packages_above_and_dependencies=None, packages_above_depth=None, packages_end=None, packages_ignore=None, packages_ignore_regex=None, packages_select=['catch_turtles'], packages_select_build_failed=False, packages_select_by_dep=None, packages_select_regex=None, packages_select_test_failures=False, packages_skip=None, packages_skip_build_finished=False, packages_skip_by_dep=None, packages_skip_regex=None, packages_skip_test_passed=False, packages_skip_up_to=None, packages_start=None, packages_up_to=None, packages_up_to_regex=None, parallel_workers=8, paths=None, symlink_install=False, test_result_base=None, verb_extension=<colcon_core.verb.build.BuildVerb object at 0x7f72aaed2280>, verb_name='build', verb_parser=<colcon_defaults.argument_parser.defaults.DefaultArgumentsDecorator object at 0x7f72aaed27c0>)
[0.218s] Level 1:colcon.colcon_core.package_discovery:discover_packages(colcon_meta) check parameters
[0.218s] Level 1:colcon.colcon_core.package_discovery:discover_packages(recursive) check parameters
[0.218s] Level 1:colcon.colcon_core.package_discovery:discover_packages(ignore) check parameters
[0.218s] Level 1:colcon.colcon_core.package_discovery:discover_packages(path) check parameters
[0.218s] Level 1:colcon.colcon_core.package_discovery:discover_packages(colcon_meta) discover
[0.218s] Level 1:colcon.colcon_core.package_discovery:discover_packages(recursive) discover
[0.218s] INFO:colcon.colcon_core.package_discovery:Crawling recursively for packages in '/home/redi/ros2_ws'
[0.218s] Level 1:colcon.colcon_core.package_identification:_identify(.) by extensions ['ignore', 'ignore_ament_install']
[0.219s] Level 1:colcon.colcon_core.package_identification:_identify(.) by extension 'ignore'
[0.219s] Level 1:colcon.colcon_core.package_identification:_identify(.) by extension 'ignore_ament_install'
[0.219s] Level 1:colcon.colcon_core.package_identification:_identify(.) by extensions ['colcon_pkg']
[0.219s] Level 1:colcon.colcon_core.package_identification:_identify(.) by extension 'colcon_pkg'
[0.219s] Level 1:colcon.colcon_core.package_identification:_identify(.) by extensions ['colcon_meta']
[0.219s] Level 1:colcon.colcon_core.package_identification:_identify(.) by extension 'colcon_meta'
[0.219s] Level 1:colcon.colcon_core.package_identification:_identify(.) by extensions ['ros']
[0.219s] Level 1:colcon.colcon_core.package_identification:_identify(.) by extension 'ros'
[0.241s] Level 1:colcon.colcon_core.package_identification:_identify(.) by extensions ['cmake', 'python']
[0.241s] Level 1:colcon.colcon_core.package_identification:_identify(.) by extension 'cmake'
[0.241s] Level 1:colcon.colcon_core.package_identification:_identify(.) by extension 'python'
[0.241s] Level 1:colcon.colcon_core.package_identification:_identify(.) by extensions ['python_setup_py']
[0.241s] Level 1:colcon.colcon_core.package_identification:_identify(.) by extension 'python_setup_py'
[0.242s] Level 1:colcon.colcon_core.package_identification:_identify(build) by extensions ['ignore', 'ignore_ament_install']
[0.242s] Level 1:colcon.colcon_core.package_identification:_identify(build) by extension 'ignore'
[0.242s] Level 1:colcon.colcon_core.package_identification:_identify(build) ignored
[0.243s] Level 1:colcon.colcon_core.package_identification:_identify(install) by extensions ['ignore', 'ignore_ament_install']
[0.243s] Level 1:colcon.colcon_core.package_identification:_identify(install) by extension 'ignore'
[0.243s] Level 1:colcon.colcon_core.package_identification:_identify(install) ignored
[0.243s] Level 1:colcon.colcon_core.package_identification:_identify(log) by extensions ['ignore', 'ignore_ament_install']
[0.244s] Level 1:colcon.colcon_core.package_identification:_identify(log) by extension 'ignore'
[0.244s] Level 1:colcon.colcon_core.package_identification:_identify(log) ignored
[0.244s] Level 1:colcon.colcon_core.package_identification:_identify(src) by extensions ['ignore', 'ignore_ament_install']
[0.244s] Level 1:colcon.colcon_core.package_identification:_identify(src) by extension 'ignore'
[0.244s] Level 1:colcon.colcon_core.package_identification:_identify(src) by extension 'ignore_ament_install'
[0.244s] Level 1:colcon.colcon_core.package_identification:_identify(src) by extensions ['colcon_pkg']
[0.244s] Level 1:colcon.colcon_core.package_identification:_identify(src) by extension 'colcon_pkg'
[0.244s] Level 1:colcon.colcon_core.package_identification:_identify(src) by extensions ['colcon_meta']
[0.245s] Level 1:colcon.colcon_core.package_identification:_identify(src) by extension 'colcon_meta'
[0.245s] Level 1:colcon.colcon_core.package_identification:_identify(src) by extensions ['ros']
[0.245s] Level 1:colcon.colcon_core.package_identification:_identify(src) by extension 'ros'
[0.245s] Level 1:colcon.colcon_core.package_identification:_identify(src) by extensions ['cmake', 'python']
[0.245s] Level 1:colcon.colcon_core.package_identification:_identify(src) by extension 'cmake'
[0.245s] Level 1:colcon.colcon_core.package_identification:_identify(src) by extension 'python'
[0.245s] Level 1:colcon.colcon_core.package_identification:_identify(src) by extensions ['python_setup_py']
[0.245s] Level 1:colcon.colcon_core.package_identification:_identify(src) by extension 'python_setup_py'
[0.245s] Level 1:colcon.colcon_core.package_identification:_identify(src/build) by extensions ['ignore', 'ignore_ament_install']
[0.246s] Level 1:colcon.colcon_core.package_identification:_identify(src/build) by extension 'ignore'
[0.246s] Level 1:colcon.colcon_core.package_identification:_identify(src/build) ignored
[0.246s] Level 1:colcon.colcon_core.package_identification:_identify(src/catch_turtles) by extensions ['ignore', 'ignore_ament_install']
[0.246s] Level 1:colcon.colcon_core.package_identification:_identify(src/catch_turtles) by extension 'ignore'
[0.246s] Level 1:colcon.colcon_core.package_identification:_identify(src/catch_turtles) by extension 'ignore_ament_install'
[0.246s] Level 1:colcon.colcon_core.package_identification:_identify(src/catch_turtles) by extensions ['colcon_pkg']
[0.246s] Level 1:colcon.colcon_core.package_identification:_identify(src/catch_turtles) by extension 'colcon_pkg'
[0.246s] Level 1:colcon.colcon_core.package_identification:_identify(src/catch_turtles) by extensions ['colcon_meta']
[0.246s] Level 1:colcon.colcon_core.package_identification:_identify(src/catch_turtles) by extension 'colcon_meta'
[0.246s] Level 1:colcon.colcon_core.package_identification:_identify(src/catch_turtles) by extensions ['ros']
[0.247s] Level 1:colcon.colcon_core.package_identification:_identify(src/catch_turtles) by extension 'ros'
[0.253s] DEBUG:colcon.colcon_core.package_identification:Package 'src/catch_turtles' with type 'ros.ament_cmake' and name 'catch_turtles'
[0.253s] Level 1:colcon.colcon_core.package_identification:_identify(src/install) by extensions ['ignore', 'ignore_ament_install']
[0.254s] Level 1:colcon.colcon_core.package_identification:_identify(src/install) by extension 'ignore'
[0.254s] Level 1:colcon.colcon_core.package_identification:_identify(src/install) ignored
[0.254s] Level 1:colcon.colcon_core.package_identification:_identify(src/log) by extensions ['ignore', 'ignore_ament_install']
[0.254s] Level 1:colcon.colcon_core.package_identification:_identify(src/log) by extension 'ignore'
[0.254s] Level 1:colcon.colcon_core.package_identification:_identify(src/log) ignored
[0.254s] Level 1:colcon.colcon_core.package_identification:_identify(src/my_cpp_pkg) by extensions ['ignore', 'ignore_ament_install']
[0.255s] Level 1:colcon.colcon_core.package_identification:_identify(src/my_cpp_pkg) by extension 'ignore'
[0.255s] Level 1:colcon.colcon_core.package_identification:_identify(src/my_cpp_pkg) by extension 'ignore_ament_install'
[0.255s] Level 1:colcon.colcon_core.package_identification:_identify(src/my_cpp_pkg) by extensions ['colcon_pkg']
[0.255s] Level 1:colcon.colcon_core.package_identification:_identify(src/my_cpp_pkg) by extension 'colcon_pkg'
[0.255s] Level 1:colcon.colcon_core.package_identification:_identify(src/my_cpp_pkg) by extensions ['colcon_meta']
[0.255s] Level 1:colcon.colcon_core.package_identification:_identify(src/my_cpp_pkg) by extension 'colcon_meta'
[0.255s] Level 1:colcon.colcon_core.package_identification:_identify(src/my_cpp_pkg) by extensions ['ros']
[0.255s] Level 1:colcon.colcon_core.package_identification:_identify(src/my_cpp_pkg) by extension 'ros'
[0.257s] DEBUG:colcon.colcon_core.package_identification:Package 'src/my_cpp_pkg' with type 'ros.ament_cmake' and name 'my_cpp_pkg'
[0.257s] Level 1:colcon.colcon_core.package_identification:_identify(src/my_py_pkg) by extensions ['ignore', 'ignore_ament_install']
[0.257s] Level 1:colcon.colcon_core.package_identification:_identify(src/my_py_pkg) by extension 'ignore'
[0.258s] Level 1:colcon.colcon_core.package_identification:_identify(src/my_py_pkg) by extension 'ignore_ament_install'
[0.258s] Level 1:colcon.colcon_core.package_identification:_identify(src/my_py_pkg) by extensions ['colcon_pkg']
[0.258s] Level 1:colcon.colcon_core.package_identification:_identify(src/my_py_pkg) by extension 'colcon_pkg'
[0.258s] Level 1:colcon.colcon_core.package_identification:_identify(src/my_py_pkg) by extensions ['colcon_meta']
[0.258s] Level 1:colcon.colcon_core.package_identification:_identify(src/my_py_pkg) by extension 'colcon_meta'
[0.258s] Level 1:colcon.colcon_core.package_identification:_identify(src/my_py_pkg) by extensions ['ros']
[0.258s] Level 1:colcon.colcon_core.package_identification:_identify(src/my_py_pkg) by extension 'ros'
[0.259s] DEBUG:colcon.colcon_core.package_identification:Package 'src/my_py_pkg' with type 'ros.ament_python' and name 'my_py_pkg'
[0.259s] Level 1:colcon.colcon_core.package_identification:_identify(src/my_robot_bringup) by extensions ['ignore', 'ignore_ament_install']
[0.259s] Level 1:colcon.colcon_core.package_identification:_identify(src/my_robot_bringup) by extension 'ignore'
[0.260s] Level 1:colcon.colcon_core.package_identification:_identify(src/my_robot_bringup) by extension 'ignore_ament_install'
[0.260s] Level 1:colcon.colcon_core.package_identification:_identify(src/my_robot_bringup) by extensions ['colcon_pkg']
[0.260s] Level 1:colcon.colcon_core.package_identification:_identify(src/my_robot_bringup) by extension 'colcon_pkg'
[0.260s] Level 1:colcon.colcon_core.package_identification:_identify(src/my_robot_bringup) by extensions ['colcon_meta']
[0.260s] Level 1:colcon.colcon_core.package_identification:_identify(src/my_robot_bringup) by extension 'colcon_meta'
[0.260s] Level 1:colcon.colcon_core.package_identification:_identify(src/my_robot_bringup) by extensions ['ros']
[0.260s] Level 1:colcon.colcon_core.package_identification:_identify(src/my_robot_bringup) by extension 'ros'
[0.261s] DEBUG:colcon.colcon_core.package_identification:Package 'src/my_robot_bringup' with type 'ros.ament_cmake' and name 'my_robot_bringup'
[0.261s] Level 1:colcon.colcon_core.package_identification:_identify(src/my_robot_interfaces) by extensions ['ignore', 'ignore_ament_install']
[0.261s] Level 1:colcon.colcon_core.package_identification:_identify(src/my_robot_interfaces) by extension 'ignore'
[0.261s] Level 1:colcon.colcon_core.package_identification:_identify(src/my_robot_interfaces) by extension 'ignore_ament_install'
[0.262s] Level 1:colcon.colcon_core.package_identification:_identify(src/my_robot_interfaces) by extensions ['colcon_pkg']
[0.262s] Level 1:colcon.colcon_core.package_identification:_identify(src/my_robot_interfaces) by extension 'colcon_pkg'
[0.262s] Level 1:colcon.colcon_core.package_identification:_identify(src/my_robot_interfaces) by extensions ['colcon_meta']
[0.262s] Level 1:colcon.colcon_core.package_identification:_identify(src/my_robot_interfaces) by extension 'colcon_meta'
[0.262s] Level 1:colcon.colcon_core.package_identification:_identify(src/my_robot_interfaces) by extensions ['ros']
[0.262s] Level 1:colcon.colcon_core.package_identification:_identify(src/my_robot_interfaces) by extension 'ros'
[0.263s] DEBUG:colcon.colcon_core.package_identification:Package 'src/my_robot_interfaces' with type 'ros.ament_cmake' and name 'my_robot_interfaces'
[0.263s] Level 1:colcon.colcon_core.package_discovery:discover_packages(recursive) using defaults
[0.263s] Level 1:colcon.colcon_core.package_discovery:discover_packages(ignore) discover
[0.263s] Level 1:colcon.colcon_core.package_discovery:discover_packages(ignore) using defaults
[0.263s] Level 1:colcon.colcon_core.package_discovery:discover_packages(path) discover
[0.263s] Level 1:colcon.colcon_core.package_discovery:discover_packages(path) using defaults
[0.298s] INFO:colcon.colcon_core.package_selection:Skipping not selected package 'my_py_pkg' in 'src/my_py_pkg'
[0.298s] INFO:colcon.colcon_core.package_selection:Skipping not selected package 'my_robot_interfaces' in 'src/my_robot_interfaces'
[0.298s] INFO:colcon.colcon_core.package_selection:Skipping not selected package 'my_cpp_pkg' in 'src/my_cpp_pkg'
[0.298s] INFO:colcon.colcon_core.package_selection:Skipping not selected package 'my_robot_bringup' in 'src/my_robot_bringup'
[0.299s] Level 1:colcon.colcon_core.package_discovery:discover_packages(prefix_path) check parameters
[0.299s] Level 1:colcon.colcon_core.package_discovery:discover_packages(prefix_path) discover
[0.304s] DEBUG:colcon.colcon_installed_package_information.package_discovery:Found 5 installed packages in /home/redi/ros2_ws/install
[0.306s] DEBUG:colcon.colcon_installed_package_information.package_discovery:Found 256 installed packages in /opt/ros/foxy
[0.310s] Level 1:colcon.colcon_core.package_discovery:discover_packages(prefix_path) using defaults
[0.467s] Level 5:colcon.colcon_core.verb:set package 'catch_turtles' build argument 'cmake_args' from command line to 'None'
[0.467s] Level 5:colcon.colcon_core.verb:set package 'catch_turtles' build argument 'cmake_target' from command line to 'None'
[0.467s] Level 5:colcon.colcon_core.verb:set package 'catch_turtles' build argument 'cmake_target_skip_unavailable' from command line to 'False'
[0.467s] Level 5:colcon.colcon_core.verb:set package 'catch_turtles' build argument 'cmake_clean_cache' from command line to 'False'
[0.467s] Level 5:colcon.colcon_core.verb:set package 'catch_turtles' build argument 'cmake_clean_first' from command line to 'False'
[0.467s] Level 5:colcon.colcon_core.verb:set package 'catch_turtles' build argument 'cmake_force_configure' from command line to 'False'
[0.467s] Level 5:colcon.colcon_core.verb:set package 'catch_turtles' build argument 'ament_cmake_args' from command line to 'None'
[0.467s] Level 5:colcon.colcon_core.verb:set package 'catch_turtles' build argument 'catkin_cmake_args' from command line to 'None'
[0.467s] Level 5:colcon.colcon_core.verb:set package 'catch_turtles' build argument 'catkin_skip_building_tests' from command line to 'False'
[0.467s] DEBUG:colcon.colcon_core.verb:Building package 'catch_turtles' with the following arguments: {'ament_cmake_args': None, 'build_base': '/home/redi/ros2_ws/build/catch_turtles', 'catkin_cmake_args': None, 'catkin_skip_building_tests': False, 'cmake_args': None, 'cmake_clean_cache': False, 'cmake_clean_first': False, 'cmake_force_configure': False, 'cmake_target': None, 'cmake_target_skip_unavailable': False, 'install_base': '/home/redi/ros2_ws/install/catch_turtles', 'merge_install': False, 'path': '/home/redi/ros2_ws/src/catch_turtles', 'symlink_install': False, 'test_result_base': None}
[0.468s] INFO:colcon.colcon_core.executor:Executing jobs using 'parallel' executor
[0.472s] DEBUG:colcon.colcon_parallel_executor.executor.parallel:run_until_complete
[0.472s] INFO:colcon.colcon_ros.task.ament_cmake.build:Building ROS package in '/home/redi/ros2_ws/src/catch_turtles' with build type 'ament_cmake'
[0.472s] INFO:colcon.colcon_cmake.task.cmake.build:Building CMake package in '/home/redi/ros2_ws/src/catch_turtles'
[0.479s] INFO:colcon.colcon_core.plugin_system:Skipping extension 'colcon_core.shell.bat': Not used on non-Windows systems
[0.480s] INFO:colcon.colcon_core.shell:Skip shell extension 'powershell' for command environment: Not usable outside of PowerShell
[0.480s] DEBUG:colcon.colcon_core.shell:Skip shell extension 'dsv' for command environment
[0.498s] DEBUG:colcon.colcon_core.event_handler.log_command:Invoking command in '/home/redi/ros2_ws/build/catch_turtles': CMAKE_PREFIX_PATH=${CMAKE_PREFIX_PATH}:/home/redi/ros2_ws/install/my_py_pkg:/opt/ros/foxy /usr/bin/cmake --build /home/redi/ros2_ws/build/catch_turtles -- -j8 -l8
[8.082s] DEBUG:colcon.colcon_core.event_handler.log_command:Invoked command in '/home/redi/ros2_ws/build/catch_turtles' returned '0': CMAKE_PREFIX_PATH=${CMAKE_PREFIX_PATH}:/home/redi/ros2_ws/install/my_py_pkg:/opt/ros/foxy /usr/bin/cmake --build /home/redi/ros2_ws/build/catch_turtles -- -j8 -l8
[8.142s] DEBUG:colcon.colcon_core.event_handler.log_command:Invoking command in '/home/redi/ros2_ws/build/catch_turtles': CMAKE_PREFIX_PATH=${CMAKE_PREFIX_PATH}:/home/redi/ros2_ws/install/my_py_pkg:/opt/ros/foxy /usr/bin/cmake --install /home/redi/ros2_ws/build/catch_turtles
[8.165s] Level 1:colcon.colcon_core.environment:create_environment_scripts_only(catch_turtles)
[8.167s] DEBUG:colcon.colcon_core.event_handler.log_command:Invoked command in '/home/redi/ros2_ws/build/catch_turtles' returned '0': CMAKE_PREFIX_PATH=${CMAKE_PREFIX_PATH}:/home/redi/ros2_ws/install/my_py_pkg:/opt/ros/foxy /usr/bin/cmake --install /home/redi/ros2_ws/build/catch_turtles
[8.173s] Level 1:colcon.colcon_core.environment:checking '/home/redi/ros2_ws/install/catch_turtles' for CMake module files
[8.174s] Level 1:colcon.colcon_core.environment:checking '/home/redi/ros2_ws/install/catch_turtles' for CMake config files
[8.174s] Level 1:colcon.colcon_core.shell:create_environment_hook('catch_turtles', 'cmake_prefix_path')
[8.175s] INFO:colcon.colcon_core.shell:Creating environment hook '/home/redi/ros2_ws/install/catch_turtles/share/catch_turtles/hook/cmake_prefix_path.ps1'
[8.176s] INFO:colcon.colcon_core.shell:Creating environment descriptor '/home/redi/ros2_ws/install/catch_turtles/share/catch_turtles/hook/cmake_prefix_path.dsv'
[8.177s] INFO:colcon.colcon_core.shell:Creating environment hook '/home/redi/ros2_ws/install/catch_turtles/share/catch_turtles/hook/cmake_prefix_path.sh'
[8.179s] Level 1:colcon.colcon_core.environment:checking '/home/redi/ros2_ws/install/catch_turtles/lib'
[8.179s] Level 1:colcon.colcon_core.environment:checking '/home/redi/ros2_ws/install/catch_turtles/bin'
[8.179s] Level 1:colcon.colcon_core.shell:create_environment_hook('catch_turtles', 'path')
[8.180s] INFO:colcon.colcon_core.shell:Creating environment hook '/home/redi/ros2_ws/install/catch_turtles/share/catch_turtles/hook/path.ps1'
[8.180s] INFO:colcon.colcon_core.shell:Creating environment descriptor '/home/redi/ros2_ws/install/catch_turtles/share/catch_turtles/hook/path.dsv'
[8.181s] INFO:colcon.colcon_core.shell:Creating environment hook '/home/redi/ros2_ws/install/catch_turtles/share/catch_turtles/hook/path.sh'
[8.182s] Level 1:colcon.colcon_core.environment:checking '/home/redi/ros2_ws/install/catch_turtles/lib/pkgconfig/catch_turtles.pc'
[8.182s] Level 1:colcon.colcon_core.environment:checking '/home/redi/ros2_ws/install/catch_turtles/lib/python3.8/site-packages'
[8.182s] Level 1:colcon.colcon_core.environment:checking '/home/redi/ros2_ws/install/catch_turtles/bin'
[8.183s] Level 1:colcon.colcon_core.shell:create_environment_hook('catch_turtles', 'pythonscriptspath')
[8.183s] INFO:colcon.colcon_core.shell:Creating environment hook '/home/redi/ros2_ws/install/catch_turtles/share/catch_turtles/hook/pythonscriptspath.ps1'
[8.184s] INFO:colcon.colcon_core.shell:Creating environment descriptor '/home/redi/ros2_ws/install/catch_turtles/share/catch_turtles/hook/pythonscriptspath.dsv'
[8.184s] INFO:colcon.colcon_core.shell:Creating environment hook '/home/redi/ros2_ws/install/catch_turtles/share/catch_turtles/hook/pythonscriptspath.sh'
[8.186s] INFO:colcon.colcon_core.shell:Creating package script '/home/redi/ros2_ws/install/catch_turtles/share/catch_turtles/package.ps1'
[8.187s] INFO:colcon.colcon_core.shell:Creating package descriptor '/home/redi/ros2_ws/install/catch_turtles/share/catch_turtles/package.dsv'
[8.188s] INFO:colcon.colcon_core.shell:Creating package script '/home/redi/ros2_ws/install/catch_turtles/share/catch_turtles/package.sh'
[8.189s] INFO:colcon.colcon_core.shell:Creating package script '/home/redi/ros2_ws/install/catch_turtles/share/catch_turtles/package.bash'
[8.191s] INFO:colcon.colcon_core.shell:Creating package script '/home/redi/ros2_ws/install/catch_turtles/share/catch_turtles/package.zsh'
[8.192s] Level 1:colcon.colcon_core.environment:create_file_with_runtime_dependencies(/home/redi/ros2_ws/install/catch_turtles/share/colcon-core/packages/catch_turtles)
[8.236s] Level 1:colcon.colcon_core.environment:create_environment_scripts_only(catch_turtles)
[8.238s] Level 1:colcon.colcon_core.environment:checking '/home/redi/ros2_ws/install/catch_turtles' for CMake module files
[8.239s] Level 1:colcon.colcon_core.environment:checking '/home/redi/ros2_ws/install/catch_turtles' for CMake config files
[8.239s] Level 1:colcon.colcon_core.shell:create_environment_hook('catch_turtles', 'cmake_prefix_path')
[8.240s] INFO:colcon.colcon_core.shell:Creating environment hook '/home/redi/ros2_ws/install/catch_turtles/share/catch_turtles/hook/cmake_prefix_path.ps1'
[8.241s] INFO:colcon.colcon_core.shell:Creating environment descriptor '/home/redi/ros2_ws/install/catch_turtles/share/catch_turtles/hook/cmake_prefix_path.dsv'
[8.242s] INFO:colcon.colcon_core.shell:Creating environment hook '/home/redi/ros2_ws/install/catch_turtles/share/catch_turtles/hook/cmake_prefix_path.sh'
[8.243s] Level 1:colcon.colcon_core.environment:checking '/home/redi/ros2_ws/install/catch_turtles/lib'
[8.243s] Level 1:colcon.colcon_core.environment:checking '/home/redi/ros2_ws/install/catch_turtles/bin'
[8.243s] Level 1:colcon.colcon_core.shell:create_environment_hook('catch_turtles', 'path')
[8.244s] INFO:colcon.colcon_core.shell:Creating environment hook '/home/redi/ros2_ws/install/catch_turtles/share/catch_turtles/hook/path.ps1'
[8.244s] INFO:colcon.colcon_core.shell:Creating environment descriptor '/home/redi/ros2_ws/install/catch_turtles/share/catch_turtles/hook/path.dsv'
[8.245s] INFO:colcon.colcon_core.shell:Creating environment hook '/home/redi/ros2_ws/install/catch_turtles/share/catch_turtles/hook/path.sh'
[8.245s] Level 1:colcon.colcon_core.environment:checking '/home/redi/ros2_ws/install/catch_turtles/lib/pkgconfig/catch_turtles.pc'
[8.246s] Level 1:colcon.colcon_core.environment:checking '/home/redi/ros2_ws/install/catch_turtles/lib/python3.8/site-packages'
[8.246s] Level 1:colcon.colcon_core.environment:checking '/home/redi/ros2_ws/install/catch_turtles/bin'
[8.247s] Level 1:colcon.colcon_core.shell:create_environment_hook('catch_turtles', 'pythonscriptspath')
[8.247s] INFO:colcon.colcon_core.shell:Creating environment hook '/home/redi/ros2_ws/install/catch_turtles/share/catch_turtles/hook/pythonscriptspath.ps1'
[8.248s] INFO:colcon.colcon_core.shell:Creating environment descriptor '/home/redi/ros2_ws/install/catch_turtles/share/catch_turtles/hook/pythonscriptspath.dsv'
[8.248s] INFO:colcon.colcon_core.shell:Creating environment hook '/home/redi/ros2_ws/install/catch_turtles/share/catch_turtles/hook/pythonscriptspath.sh'
[8.250s] INFO:colcon.colcon_core.shell:Creating package script '/home/redi/ros2_ws/install/catch_turtles/share/catch_turtles/package.ps1'
[8.251s] INFO:colcon.colcon_core.shell:Creating package descriptor '/home/redi/ros2_ws/install/catch_turtles/share/catch_turtles/package.dsv'
[8.252s] INFO:colcon.colcon_core.shell:Creating package script '/home/redi/ros2_ws/install/catch_turtles/share/catch_turtles/package.sh'
[8.253s] INFO:colcon.colcon_core.shell:Creating package script '/home/redi/ros2_ws/install/catch_turtles/share/catch_turtles/package.bash'
[8.253s] INFO:colcon.colcon_core.shell:Creating package script '/home/redi/ros2_ws/install/catch_turtles/share/catch_turtles/package.zsh'
[8.254s] Level 1:colcon.colcon_core.environment:create_file_with_runtime_dependencies(/home/redi/ros2_ws/install/catch_turtles/share/colcon-core/packages/catch_turtles)
[8.255s] DEBUG:colcon.colcon_parallel_executor.executor.parallel:closing loop
[8.255s] DEBUG:colcon.colcon_parallel_executor.executor.parallel:loop closed
[8.256s] DEBUG:colcon.colcon_parallel_executor.executor.parallel:run_until_complete finished with '0'
[8.256s] DEBUG:colcon.colcon_core.event_reactor:joining thread
[8.265s] INFO:colcon.colcon_core.plugin_system:Skipping extension 'colcon_notification.desktop_notification.terminal_notifier': Not used on non-Darwin systems
[8.266s] INFO:colcon.colcon_core.plugin_system:Skipping extension 'colcon_notification.desktop_notification.win32': Not used on non-Windows systems
[8.266s] INFO:colcon.colcon_notification.desktop_notification:Sending desktop notification using 'notify2'
[8.297s] DEBUG:colcon.colcon_core.event_reactor:joined thread
[8.298s] INFO:colcon.colcon_core.shell:Creating prefix script '/home/redi/ros2_ws/install/local_setup.ps1'
[8.299s] INFO:colcon.colcon_core.shell:Creating prefix util module '/home/redi/ros2_ws/install/_local_setup_util_ps1.py'
[8.302s] INFO:colcon.colcon_core.shell:Creating prefix chain script '/home/redi/ros2_ws/install/setup.ps1'
[8.304s] INFO:colcon.colcon_core.shell:Creating prefix script '/home/redi/ros2_ws/install/local_setup.sh'
[8.304s] INFO:colcon.colcon_core.shell:Creating prefix util module '/home/redi/ros2_ws/install/_local_setup_util_sh.py'
[8.305s] INFO:colcon.colcon_core.shell:Creating prefix chain script '/home/redi/ros2_ws/install/setup.sh'
[8.308s] INFO:colcon.colcon_core.shell:Creating prefix script '/home/redi/ros2_ws/install/local_setup.bash'
[8.308s] INFO:colcon.colcon_core.shell:Creating prefix chain script '/home/redi/ros2_ws/install/setup.bash'
[8.311s] INFO:colcon.colcon_core.shell:Creating prefix script '/home/redi/ros2_ws/install/local_setup.zsh'
[8.312s] INFO:colcon.colcon_core.shell:Creating prefix chain script '/home/redi/ros2_ws/install/setup.zsh'
