[0.247s] DEBUG:colcon:Command line arguments: ['/usr/bin/colcon', 'build']
[0.247s] DEBUG:colcon:Parsed command line arguments: Namespace(allow_overriding=[], ament_cmake_args=None, base_paths=['.'], build_base='build', catkin_cmake_args=None, catkin_skip_building_tests=False, cmake_args=None, cmake_clean_cache=False, cmake_clean_first=False, cmake_force_configure=False, cmake_target=None, cmake_target_skip_unavailable=False, continue_on_error=False, event_handlers=None, executor='parallel', ignore_user_meta=False, install_base='install', log_base=None, log_level=None, main=<bound method BuildVerb.main of <colcon_core.verb.build.BuildVerb object at 0x7fc36dc6f850>>, merge_install=False, metas=['./colcon.meta'], packages_above=None, packages_above_and_dependencies=None, packages_above_depth=None, packages_end=None, packages_ignore=None, packages_ignore_regex=None, packages_select=None, packages_select_build_failed=False, packages_select_by_dep=None, packages_select_regex=None, packages_select_test_failures=False, packages_skip=None, packages_skip_build_finished=False, packages_skip_by_dep=None, packages_skip_regex=None, packages_skip_test_passed=False, packages_skip_up_to=None, packages_start=None, packages_up_to=None, packages_up_to_regex=None, parallel_workers=8, paths=None, symlink_install=False, test_result_base=None, verb_extension=<colcon_core.verb.build.BuildVerb object at 0x7fc36dc6f850>, verb_name='build', verb_parser=<colcon_defaults.argument_parser.defaults.DefaultArgumentsDecorator object at 0x7fc36dc6fdc0>)
[0.293s] Level 1:colcon.colcon_core.package_discovery:discover_packages(colcon_meta) check parameters
[0.294s] Level 1:colcon.colcon_core.package_discovery:discover_packages(recursive) check parameters
[0.294s] Level 1:colcon.colcon_core.package_discovery:discover_packages(ignore) check parameters
[0.294s] Level 1:colcon.colcon_core.package_discovery:discover_packages(path) check parameters
[0.294s] Level 1:colcon.colcon_core.package_discovery:discover_packages(colcon_meta) discover
[0.294s] Level 1:colcon.colcon_core.package_discovery:discover_packages(recursive) discover
[0.294s] INFO:colcon.colcon_core.package_discovery:Crawling recursively for packages in '/home/redi/ros2_ws'
[0.294s] Level 1:colcon.colcon_core.package_identification:_identify(.) by extensions ['ignore', 'ignore_ament_install']
[0.294s] Level 1:colcon.colcon_core.package_identification:_identify(.) by extension 'ignore'
[0.295s] Level 1:colcon.colcon_core.package_identification:_identify(.) by extension 'ignore_ament_install'
[0.295s] Level 1:colcon.colcon_core.package_identification:_identify(.) by extensions ['colcon_pkg']
[0.295s] Level 1:colcon.colcon_core.package_identification:_identify(.) by extension 'colcon_pkg'
[0.295s] Level 1:colcon.colcon_core.package_identification:_identify(.) by extensions ['colcon_meta']
[0.295s] Level 1:colcon.colcon_core.package_identification:_identify(.) by extension 'colcon_meta'
[0.295s] Level 1:colcon.colcon_core.package_identification:_identify(.) by extensions ['ros']
[0.295s] Level 1:colcon.colcon_core.package_identification:_identify(.) by extension 'ros'
[0.317s] Level 1:colcon.colcon_core.package_identification:_identify(.) by extensions ['cmake', 'python']
[0.317s] Level 1:colcon.colcon_core.package_identification:_identify(.) by extension 'cmake'
[0.317s] Level 1:colcon.colcon_core.package_identification:_identify(.) by extension 'python'
[0.317s] Level 1:colcon.colcon_core.package_identification:_identify(.) by extensions ['python_setup_py']
[0.317s] Level 1:colcon.colcon_core.package_identification:_identify(.) by extension 'python_setup_py'
[0.318s] Level 1:colcon.colcon_core.package_identification:_identify(build) by extensions ['ignore', 'ignore_ament_install']
[0.318s] Level 1:colcon.colcon_core.package_identification:_identify(build) by extension 'ignore'
[0.318s] Level 1:colcon.colcon_core.package_identification:_identify(build) ignored
[0.318s] Level 1:colcon.colcon_core.package_identification:_identify(install) by extensions ['ignore', 'ignore_ament_install']
[0.318s] Level 1:colcon.colcon_core.package_identification:_identify(install) by extension 'ignore'
[0.319s] Level 1:colcon.colcon_core.package_identification:_identify(install) ignored
[0.319s] Level 1:colcon.colcon_core.package_identification:_identify(log) by extensions ['ignore', 'ignore_ament_install']
[0.319s] Level 1:colcon.colcon_core.package_identification:_identify(log) by extension 'ignore'
[0.319s] Level 1:colcon.colcon_core.package_identification:_identify(log) ignored
[0.319s] Level 1:colcon.colcon_core.package_identification:_identify(src) by extensions ['ignore', 'ignore_ament_install']
[0.320s] Level 1:colcon.colcon_core.package_identification:_identify(src) by extension 'ignore'
[0.320s] Level 1:colcon.colcon_core.package_identification:_identify(src) by extension 'ignore_ament_install'
[0.320s] Level 1:colcon.colcon_core.package_identification:_identify(src) by extensions ['colcon_pkg']
[0.320s] Level 1:colcon.colcon_core.package_identification:_identify(src) by extension 'colcon_pkg'
[0.320s] Level 1:colcon.colcon_core.package_identification:_identify(src) by extensions ['colcon_meta']
[0.320s] Level 1:colcon.colcon_core.package_identification:_identify(src) by extension 'colcon_meta'
[0.320s] Level 1:colcon.colcon_core.package_identification:_identify(src) by extensions ['ros']
[0.320s] Level 1:colcon.colcon_core.package_identification:_identify(src) by extension 'ros'
[0.320s] Level 1:colcon.colcon_core.package_identification:_identify(src) by extensions ['cmake', 'python']
[0.320s] Level 1:colcon.colcon_core.package_identification:_identify(src) by extension 'cmake'
[0.321s] Level 1:colcon.colcon_core.package_identification:_identify(src) by extension 'python'
[0.321s] Level 1:colcon.colcon_core.package_identification:_identify(src) by extensions ['python_setup_py']
[0.321s] Level 1:colcon.colcon_core.package_identification:_identify(src) by extension 'python_setup_py'
[0.321s] Level 1:colcon.colcon_core.package_identification:_identify(src/build) by extensions ['ignore', 'ignore_ament_install']
[0.321s] Level 1:colcon.colcon_core.package_identification:_identify(src/build) by extension 'ignore'
[0.321s] Level 1:colcon.colcon_core.package_identification:_identify(src/build) ignored
[0.321s] Level 1:colcon.colcon_core.package_identification:_identify(src/install) by extensions ['ignore', 'ignore_ament_install']
[0.322s] Level 1:colcon.colcon_core.package_identification:_identify(src/install) by extension 'ignore'
[0.322s] Level 1:colcon.colcon_core.package_identification:_identify(src/install) ignored
[0.322s] Level 1:colcon.colcon_core.package_identification:_identify(src/log) by extensions ['ignore', 'ignore_ament_install']
[0.322s] Level 1:colcon.colcon_core.package_identification:_identify(src/log) by extension 'ignore'
[0.322s] Level 1:colcon.colcon_core.package_identification:_identify(src/log) ignored
[0.322s] Level 1:colcon.colcon_core.package_identification:_identify(src/my_cpp_pkg) by extensions ['ignore', 'ignore_ament_install']
[0.322s] Level 1:colcon.colcon_core.package_identification:_identify(src/my_cpp_pkg) by extension 'ignore'
[0.323s] Level 1:colcon.colcon_core.package_identification:_identify(src/my_cpp_pkg) by extension 'ignore_ament_install'
[0.323s] Level 1:colcon.colcon_core.package_identification:_identify(src/my_cpp_pkg) by extensions ['colcon_pkg']
[0.323s] Level 1:colcon.colcon_core.package_identification:_identify(src/my_cpp_pkg) by extension 'colcon_pkg'
[0.323s] Level 1:colcon.colcon_core.package_identification:_identify(src/my_cpp_pkg) by extensions ['colcon_meta']
[0.323s] Level 1:colcon.colcon_core.package_identification:_identify(src/my_cpp_pkg) by extension 'colcon_meta'
[0.323s] Level 1:colcon.colcon_core.package_identification:_identify(src/my_cpp_pkg) by extensions ['ros']
[0.323s] Level 1:colcon.colcon_core.package_identification:_identify(src/my_cpp_pkg) by extension 'ros'
[0.328s] DEBUG:colcon.colcon_core.package_identification:Package 'src/my_cpp_pkg' with type 'ros.ament_cmake' and name 'my_cpp_pkg'
[0.328s] Level 1:colcon.colcon_core.package_identification:_identify(src/my_py_pkg) by extensions ['ignore', 'ignore_ament_install']
[0.328s] Level 1:colcon.colcon_core.package_identification:_identify(src/my_py_pkg) by extension 'ignore'
[0.329s] Level 1:colcon.colcon_core.package_identification:_identify(src/my_py_pkg) by extension 'ignore_ament_install'
[0.329s] Level 1:colcon.colcon_core.package_identification:_identify(src/my_py_pkg) by extensions ['colcon_pkg']
[0.329s] Level 1:colcon.colcon_core.package_identification:_identify(src/my_py_pkg) by extension 'colcon_pkg'
[0.329s] Level 1:colcon.colcon_core.package_identification:_identify(src/my_py_pkg) by extensions ['colcon_meta']
[0.329s] Level 1:colcon.colcon_core.package_identification:_identify(src/my_py_pkg) by extension 'colcon_meta'
[0.329s] Level 1:colcon.colcon_core.package_identification:_identify(src/my_py_pkg) by extensions ['ros']
[0.329s] Level 1:colcon.colcon_core.package_identification:_identify(src/my_py_pkg) by extension 'ros'
[0.330s] DEBUG:colcon.colcon_core.package_identification:Package 'src/my_py_pkg' with type 'ros.ament_python' and name 'my_py_pkg'
[0.330s] Level 1:colcon.colcon_core.package_discovery:discover_packages(recursive) using defaults
[0.330s] Level 1:colcon.colcon_core.package_discovery:discover_packages(ignore) discover
[0.330s] Level 1:colcon.colcon_core.package_discovery:discover_packages(ignore) using defaults
[0.330s] Level 1:colcon.colcon_core.package_discovery:discover_packages(path) discover
[0.331s] Level 1:colcon.colcon_core.package_discovery:discover_packages(path) using defaults
[0.364s] Level 1:colcon.colcon_core.package_discovery:discover_packages(prefix_path) check parameters
[0.365s] Level 1:colcon.colcon_core.package_discovery:discover_packages(prefix_path) discover
[0.368s] DEBUG:colcon.colcon_installed_package_information.package_discovery:Found 2 installed packages in /home/redi/ros2_ws/install
[0.371s] DEBUG:colcon.colcon_installed_package_information.package_discovery:Found 256 installed packages in /opt/ros/foxy
[0.373s] Level 1:colcon.colcon_core.package_discovery:discover_packages(prefix_path) using defaults
[0.522s] Level 5:colcon.colcon_core.verb:set package 'my_cpp_pkg' build argument 'cmake_args' from command line to 'None'
[0.522s] Level 5:colcon.colcon_core.verb:set package 'my_cpp_pkg' build argument 'cmake_target' from command line to 'None'
[0.523s] Level 5:colcon.colcon_core.verb:set package 'my_cpp_pkg' build argument 'cmake_target_skip_unavailable' from command line to 'False'
[0.523s] Level 5:colcon.colcon_core.verb:set package 'my_cpp_pkg' build argument 'cmake_clean_cache' from command line to 'False'
[0.523s] Level 5:colcon.colcon_core.verb:set package 'my_cpp_pkg' build argument 'cmake_clean_first' from command line to 'False'
[0.523s] Level 5:colcon.colcon_core.verb:set package 'my_cpp_pkg' build argument 'cmake_force_configure' from command line to 'False'
[0.523s] Level 5:colcon.colcon_core.verb:set package 'my_cpp_pkg' build argument 'ament_cmake_args' from command line to 'None'
[0.523s] Level 5:colcon.colcon_core.verb:set package 'my_cpp_pkg' build argument 'catkin_cmake_args' from command line to 'None'
[0.523s] Level 5:colcon.colcon_core.verb:set package 'my_cpp_pkg' build argument 'catkin_skip_building_tests' from command line to 'False'
[0.523s] DEBUG:colcon.colcon_core.verb:Building package 'my_cpp_pkg' with the following arguments: {'ament_cmake_args': None, 'build_base': '/home/redi/ros2_ws/build/my_cpp_pkg', 'catkin_cmake_args': None, 'catkin_skip_building_tests': False, 'cmake_args': None, 'cmake_clean_cache': False, 'cmake_clean_first': False, 'cmake_force_configure': False, 'cmake_target': None, 'cmake_target_skip_unavailable': False, 'install_base': '/home/redi/ros2_ws/install/my_cpp_pkg', 'merge_install': False, 'path': '/home/redi/ros2_ws/src/my_cpp_pkg', 'symlink_install': False, 'test_result_base': None}
[0.524s] Level 5:colcon.colcon_core.verb:set package 'my_py_pkg' build argument 'cmake_args' from command line to 'None'
[0.524s] Level 5:colcon.colcon_core.verb:set package 'my_py_pkg' build argument 'cmake_target' from command line to 'None'
[0.524s] Level 5:colcon.colcon_core.verb:set package 'my_py_pkg' build argument 'cmake_target_skip_unavailable' from command line to 'False'
[0.524s] Level 5:colcon.colcon_core.verb:set package 'my_py_pkg' build argument 'cmake_clean_cache' from command line to 'False'
[0.524s] Level 5:colcon.colcon_core.verb:set package 'my_py_pkg' build argument 'cmake_clean_first' from command line to 'False'
[0.524s] Level 5:colcon.colcon_core.verb:set package 'my_py_pkg' build argument 'cmake_force_configure' from command line to 'False'
[0.525s] Level 5:colcon.colcon_core.verb:set package 'my_py_pkg' build argument 'ament_cmake_args' from command line to 'None'
[0.525s] Level 5:colcon.colcon_core.verb:set package 'my_py_pkg' build argument 'catkin_cmake_args' from command line to 'None'
[0.525s] Level 5:colcon.colcon_core.verb:set package 'my_py_pkg' build argument 'catkin_skip_building_tests' from command line to 'False'
[0.525s] DEBUG:colcon.colcon_core.verb:Building package 'my_py_pkg' with the following arguments: {'ament_cmake_args': None, 'build_base': '/home/redi/ros2_ws/build/my_py_pkg', 'catkin_cmake_args': None, 'catkin_skip_building_tests': False, 'cmake_args': None, 'cmake_clean_cache': False, 'cmake_clean_first': False, 'cmake_force_configure': False, 'cmake_target': None, 'cmake_target_skip_unavailable': False, 'install_base': '/home/redi/ros2_ws/install/my_py_pkg', 'merge_install': False, 'path': '/home/redi/ros2_ws/src/my_py_pkg', 'symlink_install': False, 'test_result_base': None}
[0.525s] INFO:colcon.colcon_core.executor:Executing jobs using 'parallel' executor
[0.528s] DEBUG:colcon.colcon_parallel_executor.executor.parallel:run_until_complete
[0.529s] INFO:colcon.colcon_ros.task.ament_cmake.build:Building ROS package in '/home/redi/ros2_ws/src/my_cpp_pkg' with build type 'ament_cmake'
[0.529s] INFO:colcon.colcon_cmake.task.cmake.build:Building CMake package in '/home/redi/ros2_ws/src/my_cpp_pkg'
[0.535s] INFO:colcon.colcon_core.plugin_system:Skipping extension 'colcon_core.shell.bat': Not used on non-Windows systems
[0.535s] INFO:colcon.colcon_core.shell:Skip shell extension 'powershell' for command environment: Not usable outside of PowerShell
[0.536s] DEBUG:colcon.colcon_core.shell:Skip shell extension 'dsv' for command environment
[0.544s] INFO:colcon.colcon_ros.task.ament_python.build:Building ROS package in '/home/redi/ros2_ws/src/my_py_pkg' with build type 'ament_python'
[0.544s] Level 1:colcon.colcon_core.shell:create_environment_hook('my_py_pkg', 'ament_prefix_path')
[0.546s] INFO:colcon.colcon_core.shell:Creating environment hook '/home/redi/ros2_ws/install/my_py_pkg/share/my_py_pkg/hook/ament_prefix_path.ps1'
[0.548s] INFO:colcon.colcon_core.shell:Creating environment descriptor '/home/redi/ros2_ws/install/my_py_pkg/share/my_py_pkg/hook/ament_prefix_path.dsv'
[0.549s] INFO:colcon.colcon_core.shell:Creating environment hook '/home/redi/ros2_ws/install/my_py_pkg/share/my_py_pkg/hook/ament_prefix_path.sh'
[0.550s] INFO:colcon.colcon_core.shell:Skip shell extension 'powershell' for command environment: Not usable outside of PowerShell
[0.550s] DEBUG:colcon.colcon_core.shell:Skip shell extension 'dsv' for command environment
[0.571s] DEBUG:colcon.colcon_core.event_handler.log_command:Invoking command in '/home/redi/ros2_ws/build/my_cpp_pkg': CMAKE_PREFIX_PATH=${CMAKE_PREFIX_PATH}:/home/redi/ros2_ws/install/my_py_pkg:/opt/ros/foxy /usr/bin/cmake --build /home/redi/ros2_ws/build/my_cpp_pkg -- -j8 -l8
[1.011s] INFO:colcon.colcon_core.task.python.build:Building Python package in '/home/redi/ros2_ws/src/my_py_pkg'
[1.013s] INFO:colcon.colcon_core.shell:Skip shell extension 'powershell' for command environment: Not usable outside of PowerShell
[1.013s] DEBUG:colcon.colcon_core.shell:Skip shell extension 'dsv' for command environment
[1.694s] DEBUG:colcon.colcon_core.event_handler.log_command:Invoking command in '/home/redi/ros2_ws/src/my_py_pkg': PYTHONPATH=/home/redi/ros2_ws/install/my_py_pkg/lib/python3.8/site-packages:${PYTHONPATH} /usr/bin/python3 setup.py egg_info --egg-base ../../build/my_py_pkg build --build-base /home/redi/ros2_ws/build/my_py_pkg/build install --prefix /home/redi/ros2_ws/install/my_py_pkg --record /home/redi/ros2_ws/build/my_py_pkg/install.log --single-version-externally-managed
[2.197s] DEBUG:colcon.colcon_core.event_handler.log_command:Invoked command in '/home/redi/ros2_ws/src/my_py_pkg' returned '0': PYTHONPATH=/home/redi/ros2_ws/install/my_py_pkg/lib/python3.8/site-packages:${PYTHONPATH} /usr/bin/python3 setup.py egg_info --egg-base ../../build/my_py_pkg build --build-base /home/redi/ros2_ws/build/my_py_pkg/build install --prefix /home/redi/ros2_ws/install/my_py_pkg --record /home/redi/ros2_ws/build/my_py_pkg/install.log --single-version-externally-managed
[2.204s] Level 1:colcon.colcon_core.environment:checking '/home/redi/ros2_ws/install/my_py_pkg' for CMake module files
[2.204s] Level 1:colcon.colcon_core.environment:checking '/home/redi/ros2_ws/install/my_py_pkg' for CMake config files
[2.206s] Level 1:colcon.colcon_core.environment:checking '/home/redi/ros2_ws/install/my_py_pkg/lib'
[2.206s] Level 1:colcon.colcon_core.environment:checking '/home/redi/ros2_ws/install/my_py_pkg/bin'
[2.206s] Level 1:colcon.colcon_core.environment:checking '/home/redi/ros2_ws/install/my_py_pkg/lib/pkgconfig/my_py_pkg.pc'
[2.207s] Level 1:colcon.colcon_core.environment:checking '/home/redi/ros2_ws/install/my_py_pkg/lib/python3.8/site-packages'
[2.207s] Level 1:colcon.colcon_core.shell:create_environment_hook('my_py_pkg', 'pythonpath')
[2.208s] INFO:colcon.colcon_core.shell:Creating environment hook '/home/redi/ros2_ws/install/my_py_pkg/share/my_py_pkg/hook/pythonpath.ps1'
[2.209s] INFO:colcon.colcon_core.shell:Creating environment descriptor '/home/redi/ros2_ws/install/my_py_pkg/share/my_py_pkg/hook/pythonpath.dsv'
[2.209s] INFO:colcon.colcon_core.shell:Creating environment hook '/home/redi/ros2_ws/install/my_py_pkg/share/my_py_pkg/hook/pythonpath.sh'
[2.210s] Level 1:colcon.colcon_core.environment:checking '/home/redi/ros2_ws/install/my_py_pkg/bin'
[2.210s] Level 1:colcon.colcon_core.environment:create_environment_scripts_only(my_py_pkg)
[2.211s] INFO:colcon.colcon_core.shell:Creating package script '/home/redi/ros2_ws/install/my_py_pkg/share/my_py_pkg/package.ps1'
[2.213s] INFO:colcon.colcon_core.shell:Creating package descriptor '/home/redi/ros2_ws/install/my_py_pkg/share/my_py_pkg/package.dsv'
[2.214s] INFO:colcon.colcon_core.shell:Creating package script '/home/redi/ros2_ws/install/my_py_pkg/share/my_py_pkg/package.sh'
[2.215s] INFO:colcon.colcon_core.shell:Creating package script '/home/redi/ros2_ws/install/my_py_pkg/share/my_py_pkg/package.bash'
[2.216s] INFO:colcon.colcon_core.shell:Creating package script '/home/redi/ros2_ws/install/my_py_pkg/share/my_py_pkg/package.zsh'
[2.217s] Level 1:colcon.colcon_core.environment:create_file_with_runtime_dependencies(/home/redi/ros2_ws/install/my_py_pkg/share/colcon-core/packages/my_py_pkg)
[5.594s] DEBUG:colcon.colcon_core.event_handler.log_command:Invoked command in '/home/redi/ros2_ws/build/my_cpp_pkg' returned '2': CMAKE_PREFIX_PATH=${CMAKE_PREFIX_PATH}:/home/redi/ros2_ws/install/my_py_pkg:/opt/ros/foxy /usr/bin/cmake --build /home/redi/ros2_ws/build/my_cpp_pkg -- -j8 -l8
[5.673s] Level 1:colcon.colcon_core.environment:create_environment_scripts_only(my_cpp_pkg)
[5.674s] Level 1:colcon.colcon_core.environment:checking '/home/redi/ros2_ws/install/my_cpp_pkg' for CMake module files
[5.675s] Level 1:colcon.colcon_core.environment:checking '/home/redi/ros2_ws/install/my_cpp_pkg' for CMake config files
[5.676s] Level 1:colcon.colcon_core.shell:create_environment_hook('my_cpp_pkg', 'cmake_prefix_path')
[5.677s] INFO:colcon.colcon_core.shell:Creating environment hook '/home/redi/ros2_ws/install/my_cpp_pkg/share/my_cpp_pkg/hook/cmake_prefix_path.ps1'
[5.678s] INFO:colcon.colcon_core.shell:Creating environment descriptor '/home/redi/ros2_ws/install/my_cpp_pkg/share/my_cpp_pkg/hook/cmake_prefix_path.dsv'
[5.678s] INFO:colcon.colcon_core.shell:Creating environment hook '/home/redi/ros2_ws/install/my_cpp_pkg/share/my_cpp_pkg/hook/cmake_prefix_path.sh'
[5.679s] Level 1:colcon.colcon_core.environment:checking '/home/redi/ros2_ws/install/my_cpp_pkg/lib'
[5.679s] Level 1:colcon.colcon_core.environment:checking '/home/redi/ros2_ws/install/my_cpp_pkg/bin'
[5.679s] Level 1:colcon.colcon_core.environment:checking '/home/redi/ros2_ws/install/my_cpp_pkg/lib/pkgconfig/my_cpp_pkg.pc'
[5.680s] Level 1:colcon.colcon_core.environment:checking '/home/redi/ros2_ws/install/my_cpp_pkg/lib/python3.8/site-packages'
[5.680s] Level 1:colcon.colcon_core.environment:checking '/home/redi/ros2_ws/install/my_cpp_pkg/bin'
[5.681s] INFO:colcon.colcon_core.shell:Creating package script '/home/redi/ros2_ws/install/my_cpp_pkg/share/my_cpp_pkg/package.ps1'
[5.682s] INFO:colcon.colcon_core.shell:Creating package descriptor '/home/redi/ros2_ws/install/my_cpp_pkg/share/my_cpp_pkg/package.dsv'
[5.683s] INFO:colcon.colcon_core.shell:Creating package script '/home/redi/ros2_ws/install/my_cpp_pkg/share/my_cpp_pkg/package.sh'
[5.683s] INFO:colcon.colcon_core.shell:Creating package script '/home/redi/ros2_ws/install/my_cpp_pkg/share/my_cpp_pkg/package.bash'
[5.684s] INFO:colcon.colcon_core.shell:Creating package script '/home/redi/ros2_ws/install/my_cpp_pkg/share/my_cpp_pkg/package.zsh'
[5.685s] Level 1:colcon.colcon_core.environment:create_file_with_runtime_dependencies(/home/redi/ros2_ws/install/my_cpp_pkg/share/colcon-core/packages/my_cpp_pkg)
[5.695s] DEBUG:colcon.colcon_parallel_executor.executor.parallel:closing loop
[5.696s] DEBUG:colcon.colcon_parallel_executor.executor.parallel:loop closed
[5.696s] DEBUG:colcon.colcon_parallel_executor.executor.parallel:run_until_complete finished with '2'
[5.696s] DEBUG:colcon.colcon_core.event_reactor:joining thread
[5.706s] INFO:colcon.colcon_core.plugin_system:Skipping extension 'colcon_notification.desktop_notification.terminal_notifier': Not used on non-Darwin systems
[5.706s] INFO:colcon.colcon_core.plugin_system:Skipping extension 'colcon_notification.desktop_notification.win32': Not used on non-Windows systems
[5.707s] INFO:colcon.colcon_notification.desktop_notification:Sending desktop notification using 'notify2'
[5.731s] DEBUG:colcon.colcon_core.event_reactor:joined thread
[5.732s] INFO:colcon.colcon_core.shell:Creating prefix script '/home/redi/ros2_ws/install/local_setup.ps1'
[5.734s] INFO:colcon.colcon_core.shell:Creating prefix util module '/home/redi/ros2_ws/install/_local_setup_util_ps1.py'
[5.736s] INFO:colcon.colcon_core.shell:Creating prefix chain script '/home/redi/ros2_ws/install/setup.ps1'
[5.738s] INFO:colcon.colcon_core.shell:Creating prefix script '/home/redi/ros2_ws/install/local_setup.sh'
[5.739s] INFO:colcon.colcon_core.shell:Creating prefix util module '/home/redi/ros2_ws/install/_local_setup_util_sh.py'
[5.740s] INFO:colcon.colcon_core.shell:Creating prefix chain script '/home/redi/ros2_ws/install/setup.sh'
[5.742s] INFO:colcon.colcon_core.shell:Creating prefix script '/home/redi/ros2_ws/install/local_setup.bash'
[5.743s] INFO:colcon.colcon_core.shell:Creating prefix chain script '/home/redi/ros2_ws/install/setup.bash'
[5.745s] INFO:colcon.colcon_core.shell:Creating prefix script '/home/redi/ros2_ws/install/local_setup.zsh'
[5.745s] INFO:colcon.colcon_core.shell:Creating prefix chain script '/home/redi/ros2_ws/install/setup.zsh'
