[0.022s] Invoking command in '/home/redi/ros2_ws/build/my_robot_interfaces': CMAKE_PREFIX_PATH=${CMAKE_PREFIX_PATH}:/home/redi/ros2_ws/install/my_py_pkg:/opt/ros/foxy /usr/bin/cmake --build /home/redi/ros2_ws/build/my_robot_interfaces -- -j8 -l8
[0.054s] -- Found ament_cmake: 0.9.9 (/opt/ros/foxy/share/ament_cmake/cmake)
[0.076s] -- Found PythonInterp: /usr/bin/python3 (found suitable version "3.8.10", minimum required is "3") 
[0.077s] -- Using PYTHON_EXECUTABLE: /usr/bin/python3
[0.241s] -- Found rosidl_default_generators: 1.0.1 (/opt/ros/foxy/share/rosidl_default_generators/cmake)
[0.244s] -- Using all available rosidl_typesupport_c: rosidl_typesupport_fastrtps_c;rosidl_typesupport_introspection_c
[0.248s] -- Found rosidl_adapter: 1.2.1 (/opt/ros/foxy/share/rosidl_adapter/cmake)
[0.376s] -- Using all available rosidl_typesupport_cpp: rosidl_typesupport_fastrtps_cpp;rosidl_typesupport_introspection_cpp
[0.419s] -- Found PythonInterp: /usr/bin/python3 (found version "3.8.10") 
[0.653s] CMake Error at /opt/ros/foxy/share/rosidl_adapter/cmake/rosidl_adapt_interfaces.cmake:60 (message):
[0.653s]   execute_process(/usr/bin/python3 -m rosidl_adapter --package-name
[0.653s]   my_robot_interfaces --arguments-file
[0.653s]   /home/redi/ros2_ws/build/my_robot_interfaces/rosidl_adapter__arguments__my_robot_interfaces.json
[0.654s]   --output-dir
[0.654s]   /home/redi/ros2_ws/build/my_robot_interfaces/rosidl_adapter/my_robot_interfaces
[0.654s]   --output-file
[0.654s]   /home/redi/ros2_ws/build/my_robot_interfaces/rosidl_adapter/my_robot_interfaces.idls)
[0.654s]   returned error code 1:
[0.654s] 
[0.654s]   Error processing 'bool Success' of 'my_robot_interfaces/SetLed_Response':
[0.654s]   ''Success' is an invalid field name.  It should have the pattern
[0.654s]   '^(?!.*__)(?!.*_$)[a-z][a-z0-9_]*$''
[0.654s] 
[0.654s]   Traceback (most recent call last):
[0.654s] 
[0.654s]     File "/usr/lib/python3.8/runpy.py", line 194, in _run_module_as_main
[0.655s]       return _run_code(code, main_globals, None,
[0.655s]     File "/usr/lib/python3.8/runpy.py", line 87, in _run_code
[0.655s]       exec(code, run_globals)
[0.655s]     File "/opt/ros/foxy/lib/python3.8/site-packages/rosidl_adapter/__main__.py", line 19, in <module>
[0.655s]       sys.exit(main())
[0.655s]     File "/opt/ros/foxy/lib/python3.8/site-packages/rosidl_adapter/main.py", line 53, in main
[0.655s]       abs_idl_file = convert_to_idl(
[0.655s]     File "/opt/ros/foxy/lib/python3.8/site-packages/rosidl_adapter/__init__.py", line 24, in convert_to_idl
[0.655s]       return convert_srv_to_idl(
[0.655s]     File "/opt/ros/foxy/lib/python3.8/site-packages/rosidl_adapter/srv/__init__.py", line 28, in convert_srv_to_idl
[0.655s]       srv = parse_service_string(package_name, input_file.stem, content)
[0.656s]     File "/opt/ros/foxy/lib/python3.8/site-packages/rosidl_adapter/parser.py", line 856, in parse_service_string
[0.656s]       response_message = parse_message_string(
[0.656s]     File "/opt/ros/foxy/lib/python3.8/site-packages/rosidl_adapter/parser.py", line 515, in parse_message_string
[0.656s]       fields.append(Field(
[0.656s]     File "/opt/ros/foxy/lib/python3.8/site-packages/rosidl_adapter/parser.py", line 353, in __init__
[0.656s]       raise NameError(
[0.656s] 
[0.656s]   NameError: 'Success' is an invalid field name.  It should have the pattern
[0.656s]   '^(?!.*__)(?!.*_$)[a-z][a-z0-9_]*$'
[0.656s] 
[0.656s] Call Stack (most recent call first):
[0.656s]   /opt/ros/foxy/share/rosidl_cmake/cmake/rosidl_generate_interfaces.cmake:130 (rosidl_adapt_interfaces)
[0.656s]   CMakeLists.txt:17 (rosidl_generate_interfaces)
[0.657s] 
[0.657s] 
[0.657s] -- Configuring incomplete, errors occurred!
[0.657s] See also "/home/redi/ros2_ws/build/my_robot_interfaces/CMakeFiles/CMakeOutput.log".
[0.661s] make: *** [Makefile:988: cmake_check_build_system] Error 1
[0.663s] Invoked command in '/home/redi/ros2_ws/build/my_robot_interfaces' returned '2': CMAKE_PREFIX_PATH=${CMAKE_PREFIX_PATH}:/home/redi/ros2_ws/install/my_py_pkg:/opt/ros/foxy /usr/bin/cmake --build /home/redi/ros2_ws/build/my_robot_interfaces -- -j8 -l8
